[0.021s] Invoking command in '/home/yu/colcon_ws/build/ebimu': CMAKE_PREFIX_PATH=/home/yu/colcon_ws/install/humanoid_interfaces:/home/yu/ros2_ws/install/serial_test:/home/yu/ros2_ws/src/install/serial_test:/home/yu/colcon_ws/install/tune_walk:/home/yu/colcon_ws/install/robocup_vision25:/home/yu/colcon_ws/install/ocam_ros2:/home/yu/colcon_ws/install/master_jo:/home/yu/colcon_ws/install/ik_walk:/home/yu/colcon_ws/install/human_pj_vision:/home/yu/colcon_ws/install/ebimu:/home/yu/colcon_ws/install/dynamixel_rdk_ros:/home/yu/colcon_ws/install/dynamixel_rdk_msgs:/home/yu/ros2_ws/install/python_parameter_tutorial:/opt/ros/humble /usr/bin/cmake --build /home/yu/colcon_ws/build/ebimu -- -j8 -l8
[0.089s] [100%] Built target ebimu
[0.117s] Invoked command in '/home/yu/colcon_ws/build/ebimu' returned '0': CMAKE_PREFIX_PATH=/home/yu/colcon_ws/install/humanoid_interfaces:/home/yu/ros2_ws/install/serial_test:/home/yu/ros2_ws/src/install/serial_test:/home/yu/colcon_ws/install/tune_walk:/home/yu/colcon_ws/install/robocup_vision25:/home/yu/colcon_ws/install/ocam_ros2:/home/yu/colcon_ws/install/master_jo:/home/yu/colcon_ws/install/ik_walk:/home/yu/colcon_ws/install/human_pj_vision:/home/yu/colcon_ws/install/ebimu:/home/yu/colcon_ws/install/dynamixel_rdk_ros:/home/yu/colcon_ws/install/dynamixel_rdk_msgs:/home/yu/ros2_ws/install/python_parameter_tutorial:/opt/ros/humble /usr/bin/cmake --build /home/yu/colcon_ws/build/ebimu -- -j8 -l8
[0.117s] Invoking command in '/home/yu/colcon_ws/build/ebimu': CMAKE_PREFIX_PATH=/home/yu/colcon_ws/install/humanoid_interfaces:/home/yu/ros2_ws/install/serial_test:/home/yu/ros2_ws/src/install/serial_test:/home/yu/colcon_ws/install/tune_walk:/home/yu/colcon_ws/install/robocup_vision25:/home/yu/colcon_ws/install/ocam_ros2:/home/yu/colcon_ws/install/master_jo:/home/yu/colcon_ws/install/ik_walk:/home/yu/colcon_ws/install/human_pj_vision:/home/yu/colcon_ws/install/ebimu:/home/yu/colcon_ws/install/dynamixel_rdk_ros:/home/yu/colcon_ws/install/dynamixel_rdk_msgs:/home/yu/ros2_ws/install/python_parameter_tutorial:/opt/ros/humble /usr/bin/cmake --install /home/yu/colcon_ws/build/ebimu
[0.129s] -- Install configuration: ""
[0.129s] -- Up-to-date: /home/yu/colcon_ws/install/ebimu/lib/ebimu/ebimu
[0.129s] -- Up-to-date: /home/yu/colcon_ws/install/ebimu/share/ebimu//launch
[0.129s] -- Up-to-date: /home/yu/colcon_ws/install/ebimu/share/ebimu//launch/e2box_imu_9dofv4.launch.py
[0.129s] -- Up-to-date: /home/yu/colcon_ws/install/ebimu/lib/ebimu/ebimu
[0.129s] -- Up-to-date: /home/yu/colcon_ws/install/ebimu/share/ament_index/resource_index/package_run_dependencies/ebimu
[0.129s] -- Up-to-date: /home/yu/colcon_ws/install/ebimu/share/ament_index/resource_index/parent_prefix_path/ebimu
[0.129s] -- Up-to-date: /home/yu/colcon_ws/install/ebimu/share/ebimu/environment/ament_prefix_path.sh
[0.129s] -- Up-to-date: /home/yu/colcon_ws/install/ebimu/share/ebimu/environment/ament_prefix_path.dsv
[0.129s] -- Up-to-date: /home/yu/colcon_ws/install/ebimu/share/ebimu/environment/path.sh
[0.129s] -- Up-to-date: /home/yu/colcon_ws/install/ebimu/share/ebimu/environment/path.dsv
[0.129s] -- Up-to-date: /home/yu/colcon_ws/install/ebimu/share/ebimu/local_setup.bash
[0.129s] -- Up-to-date: /home/yu/colcon_ws/install/ebimu/share/ebimu/local_setup.sh
[0.129s] -- Up-to-date: /home/yu/colcon_ws/install/ebimu/share/ebimu/local_setup.zsh
[0.134s] -- Up-to-date: /home/yu/colcon_ws/install/ebimu/share/ebimu/local_setup.dsv
[0.134s] -- Installing: /home/yu/colcon_ws/install/ebimu/share/ebimu/package.dsv
[0.134s] -- Up-to-date: /home/yu/colcon_ws/install/ebimu/share/ament_index/resource_index/packages/ebimu
[0.134s] -- Up-to-date: /home/yu/colcon_ws/install/ebimu/share/ebimu/cmake/ebimuConfig.cmake
[0.134s] -- Up-to-date: /home/yu/colcon_ws/install/ebimu/share/ebimu/cmake/ebimuConfig-version.cmake
[0.134s] -- Up-to-date: /home/yu/colcon_ws/install/ebimu/share/ebimu/package.xml
[0.142s] Invoked command in '/home/yu/colcon_ws/build/ebimu' returned '0': CMAKE_PREFIX_PATH=/home/yu/colcon_ws/install/humanoid_interfaces:/home/yu/ros2_ws/install/serial_test:/home/yu/ros2_ws/src/install/serial_test:/home/yu/colcon_ws/install/tune_walk:/home/yu/colcon_ws/install/robocup_vision25:/home/yu/colcon_ws/install/ocam_ros2:/home/yu/colcon_ws/install/master_jo:/home/yu/colcon_ws/install/ik_walk:/home/yu/colcon_ws/install/human_pj_vision:/home/yu/colcon_ws/install/ebimu:/home/yu/colcon_ws/install/dynamixel_rdk_ros:/home/yu/colcon_ws/install/dynamixel_rdk_msgs:/home/yu/ros2_ws/install/python_parameter_tutorial:/opt/ros/humble /usr/bin/cmake --install /home/yu/colcon_ws/build/ebimu
