[0.011s] Invoking command in '/home/yu/colcon_ws/build/master_jo': CMAKE_PREFIX_PATH=${CMAKE_PREFIX_PATH}:/home/yu/ros2_ws/install/python_parameter_tutorial:/opt/ros/humble /usr/bin/cmake /home/yu/colcon_ws/src/master_jo -DCMAKE_INSTALL_PREFIX=/home/yu/colcon_ws/install/master_jo
[0.049s] -- The C compiler identification is GNU 11.4.0
[0.083s] -- The CXX compiler identification is GNU 11.4.0
[0.092s] -- Detecting C compiler ABI info
[0.151s] -- Detecting C compiler ABI info - done
[0.154s] -- Check for working C compiler: /usr/bin/cc - skipped
[0.159s] -- Detecting C compile features
[0.159s] -- Detecting C compile features - done
[0.159s] -- Detecting CXX compiler ABI info
[0.220s] -- Detecting CXX compiler ABI info - done
[0.223s] -- Check for working CXX compiler: /usr/bin/c++ - skipped
[0.223s] -- Detecting CXX compile features
[0.223s] -- Detecting CXX compile features - done
[0.228s] -- Found ament_cmake: 1.3.12 (/opt/ros/humble/share/ament_cmake/cmake)
[0.322s] -- Found Python3: /usr/bin/python3 (found version "3.10.12") found components: Interpreter 
[0.379s] -- Found rclcpp_lifecycle: 16.0.14 (/opt/ros/humble/share/rclcpp_lifecycle/cmake)
[0.402s] -- Found rosidl_generator_c: 3.1.7 (/opt/ros/humble/share/rosidl_generator_c/cmake)
[0.406s] -- Found rosidl_adapter: 3.1.7 (/opt/ros/humble/share/rosidl_adapter/cmake)
[0.415s] -- Found rosidl_generator_cpp: 3.1.7 (/opt/ros/humble/share/rosidl_generator_cpp/cmake)
[0.421s] -- Using all available rosidl_typesupport_c: rosidl_typesupport_fastrtps_c;rosidl_typesupport_introspection_c
[0.435s] -- Using all available rosidl_typesupport_cpp: rosidl_typesupport_fastrtps_cpp;rosidl_typesupport_introspection_cpp
[0.458s] -- Found rmw_implementation_cmake: 6.1.2 (/opt/ros/humble/share/rmw_implementation_cmake/cmake)
[0.458s] -- Found rmw_fastrtps_cpp: 6.2.8 (/opt/ros/humble/share/rmw_fastrtps_cpp/cmake)
[0.524s] -- Found OpenSSL: /usr/lib/x86_64-linux-gnu/libcrypto.so (found version "3.0.2")  
[0.540s] -- Found FastRTPS: /opt/ros/humble/include  
[0.572s] -- Using RMW implementation 'rmw_fastrtps_cpp' as default
[0.586s] -- Looking for pthread.h
[0.666s] -- Looking for pthread.h - found
[0.667s] -- Performing Test CMAKE_HAVE_LIBC_PTHREAD
[0.733s] -- Performing Test CMAKE_HAVE_LIBC_PTHREAD - Success
[0.734s] -- Found Threads: TRUE  
[0.781s] -- Configuring incomplete, errors occurred!
[0.781s] See also "/home/yu/colcon_ws/build/master_jo/CMakeFiles/CMakeOutput.log".
[0.781s] [31mCMake Error at CMakeLists.txt:22 (find_package):
[0.781s]   By not providing "Findhumanoid_interfaces.cmake" in CMAKE_MODULE_PATH this
[0.781s]   project has asked CMake to find a package configuration file provided by
[0.781s]   "humanoid_interfaces", but CMake did not find one.
[0.781s] 
[0.781s]   Could not find a package configuration file provided by
[0.781s]   "humanoid_interfaces" with any of the following names:
[0.781s] 
[0.781s]     humanoid_interfacesConfig.cmake
[0.781s]     humanoid_interfaces-config.cmake
[0.781s] 
[0.781s]   Add the installation prefix of "humanoid_interfaces" to CMAKE_PREFIX_PATH
[0.781s]   or set "humanoid_interfaces_DIR" to a directory containing one of the above
[0.781s]   files.  If "humanoid_interfaces" provides a separate development package or
[0.781s]   SDK, be sure it has been installed.
[0.781s] 
[0.781s] [0m
[0.786s] Invoked command in '/home/yu/colcon_ws/build/master_jo' returned '1': CMAKE_PREFIX_PATH=${CMAKE_PREFIX_PATH}:/home/yu/ros2_ws/install/python_parameter_tutorial:/opt/ros/humble /usr/bin/cmake /home/yu/colcon_ws/src/master_jo -DCMAKE_INSTALL_PREFIX=/home/yu/colcon_ws/install/master_jo
