[0.011s] Invoking command in '/home/yu/colcon_ws/build/robocup_vision25': CMAKE_PREFIX_PATH=${CMAKE_PREFIX_PATH}:/home/yu/ros2_ws/install/python_parameter_tutorial:/opt/ros/humble /usr/bin/cmake /home/yu/colcon_ws/src/robocup_vision25 -DCMAKE_INSTALL_PREFIX=/home/yu/colcon_ws/install/robocup_vision25
[0.054s] -- The C compiler identification is GNU 11.4.0
[0.089s] -- The CXX compiler identification is GNU 11.4.0
[0.096s] -- Detecting C compiler ABI info
[0.149s] -- Detecting C compiler ABI info - done
[0.159s] -- Check for working C compiler: /usr/bin/cc - skipped
[0.159s] -- Detecting C compile features
[0.159s] -- Detecting C compile features - done
[0.161s] -- Detecting CXX compiler ABI info
[0.214s] -- Detecting CXX compiler ABI info - done
[0.220s] -- Check for working CXX compiler: /usr/bin/c++ - skipped
[0.220s] -- Detecting CXX compile features
[0.220s] -- Detecting CXX compile features - done
[0.220s] -- Found ament_cmake: 1.3.12 (/opt/ros/humble/share/ament_cmake/cmake)
[0.326s] -- Found Python3: /usr/bin/python3 (found version "3.10.12") found components: Interpreter 
[0.389s] -- Found rclpy: 3.3.17 (/opt/ros/humble/share/rclpy/cmake)
[0.389s] -- Found rclcpp: 16.0.14 (/opt/ros/humble/share/rclcpp/cmake)
[0.414s] -- Found rosidl_generator_c: 3.1.7 (/opt/ros/humble/share/rosidl_generator_c/cmake)
[0.417s] -- Found rosidl_adapter: 3.1.7 (/opt/ros/humble/share/rosidl_adapter/cmake)
[0.425s] -- Found rosidl_generator_cpp: 3.1.7 (/opt/ros/humble/share/rosidl_generator_cpp/cmake)
[0.435s] -- Using all available rosidl_typesupport_c: rosidl_typesupport_fastrtps_c;rosidl_typesupport_introspection_c
[0.442s] -- Using all available rosidl_typesupport_cpp: rosidl_typesupport_fastrtps_cpp;rosidl_typesupport_introspection_cpp
[0.469s] -- Found rmw_implementation_cmake: 6.1.2 (/opt/ros/humble/share/rmw_implementation_cmake/cmake)
[0.471s] -- Found rmw_fastrtps_cpp: 6.2.8 (/opt/ros/humble/share/rmw_fastrtps_cpp/cmake)
[0.537s] -- Found OpenSSL: /usr/lib/x86_64-linux-gnu/libcrypto.so (found version "3.0.2")  
[0.557s] -- Found FastRTPS: /opt/ros/humble/include  
[0.591s] -- Using RMW implementation 'rmw_fastrtps_cpp' as default
[0.603s] -- Looking for pthread.h
[0.678s] -- Looking for pthread.h - found
[0.678s] -- Performing Test CMAKE_HAVE_LIBC_PTHREAD
[0.734s] -- Performing Test CMAKE_HAVE_LIBC_PTHREAD - Success
[0.734s] -- Found Threads: TRUE  
[0.762s] -- Found cv_bridge: 3.2.1 (/opt/ros/humble/share/cv_bridge/cmake)
[0.788s] -- Found image_transport: 3.1.12 (/opt/ros/humble/share/image_transport/cmake)
[0.802s] -- Found camera_info_manager: 3.1.12 (/opt/ros/humble/share/camera_info_manager/cmake)
[0.810s] -- Found OpenCV: /usr/local (found version "4.13.0") 
[0.818s] -- Found Boost: /usr/lib/x86_64-linux-gnu/cmake/Boost-1.74.0/BoostConfig.cmake (found version "1.74.0") found components: system thread 
[0.824s] -- Configuring incomplete, errors occurred!
[0.824s] See also "/home/yu/colcon_ws/build/robocup_vision25/CMakeFiles/CMakeOutput.log".
[0.827s] [31mCMake Error at CMakeLists.txt:19 (find_package):
[0.827s]   By not providing "Findhumanoid_interfaces.cmake" in CMAKE_MODULE_PATH this
[0.827s]   project has asked CMake to find a package configuration file provided by
[0.827s]   "humanoid_interfaces", but CMake did not find one.
[0.827s] 
[0.827s]   Could not find a package configuration file provided by
[0.827s]   "humanoid_interfaces" with any of the following names:
[0.827s] 
[0.827s]     humanoid_interfacesConfig.cmake
[0.827s]     humanoid_interfaces-config.cmake
[0.827s] 
[0.827s]   Add the installation prefix of "humanoid_interfaces" to CMAKE_PREFIX_PATH
[0.827s]   or set "humanoid_interfaces_DIR" to a directory containing one of the above
[0.827s]   files.  If "humanoid_interfaces" provides a separate development package or
[0.827s]   SDK, be sure it has been installed.
[0.827s] 
[0.827s] [0m
