-- Found ament_cmake: 1.3.12 (/opt/ros/humble/share/ament_cmake/cmake)
-- Override CMake install command with custom implementation using symlinks instead of copying resources
-- Found std_msgs: 4.9.0 (/opt/ros/humble/share/std_msgs/cmake)
-- Found rosidl_generator_c: 3.1.7 (/opt/ros/humble/share/rosidl_generator_c/cmake)
-- Found rosidl_adapter: 3.1.7 (/opt/ros/humble/share/rosidl_adapter/cmake)
-- Found rosidl_generator_cpp: 3.1.7 (/opt/ros/humble/share/rosidl_generator_cpp/cmake)
-- Using all available rosidl_typesupport_c: rosidl_typesupport_fastrtps_c;rosidl_typesupport_introspection_c
-- Using all available rosidl_typesupport_cpp: rosidl_typesupport_fastrtps_cpp;rosidl_typesupport_introspection_cpp
-- Found geometry_msgs: 4.9.0 (/opt/ros/humble/share/geometry_msgs/cmake)
-- Found rosidl_default_generators: 1.2.0 (/opt/ros/humble/share/rosidl_default_generators/cmake)
-- Found ament_cmake_ros: 0.10.0 (/opt/ros/humble/share/ament_cmake_ros/cmake)
-- Using all available rosidl_typesupport_c: rosidl_typesupport_fastrtps_c;rosidl_typesupport_introspection_c
-- Using all available rosidl_typesupport_cpp: rosidl_typesupport_fastrtps_cpp;rosidl_typesupport_introspection_cpp
-- Found python_cmake_module: 0.10.0 (/opt/ros/humble/share/python_cmake_module/cmake)
-- Using PYTHON_EXECUTABLE: /usr/bin/python3
-- Using PYTHON_INCLUDE_DIRS: /usr/include/python3.10
-- Using PYTHON_LIBRARIES: /usr/lib/x86_64-linux-gnu/libpython3.10.so
-- Found ament_lint_auto: 0.12.14 (/opt/ros/humble/share/ament_lint_auto/cmake)
-- Added test 'lint_cmake' to check CMake code style
-- Added test 'xmllint' to check XML markup files
-- Configuring done
-- Generating done
-- Build files have been written to: /home/yu/colcon_ws/build/humanoid_interfaces
[35m[1mConsolidate compiler generated dependencies of target humanoid_interfaces__rosidl_generator_c[0m
[  0%] Built target humanoid_interfaces__cpp
[ 12%] Built target humanoid_interfaces__rosidl_generator_c
[ 12%] Built target ament_cmake_python_symlink_humanoid_interfaces
[35m[1mConsolidate compiler generated dependencies of target humanoid_interfaces__rosidl_typesupport_fastrtps_cpp[0m
[35m[1mConsolidate compiler generated dependencies of target humanoid_interfaces__rosidl_typesupport_introspection_c[0m
[35m[1mConsolidate compiler generated dependencies of target humanoid_interfaces__rosidl_typesupport_cpp[0m
[35m[1mConsolidate compiler generated dependencies of target humanoid_interfaces__rosidl_typesupport_introspection_cpp[0m
[35m[1mConsolidate compiler generated dependencies of target humanoid_interfaces__rosidl_typesupport_fastrtps_c[0m
[35m[1mConsolidate compiler generated dependencies of target humanoid_interfaces__rosidl_typesupport_c[0m
[ 25%] Built target humanoid_interfaces__rosidl_typesupport_introspection_c
[ 37%] Built target humanoid_interfaces__rosidl_typesupport_cpp
[ 58%] Built target humanoid_interfaces__rosidl_typesupport_c
[ 61%] Built target humanoid_interfaces__rosidl_typesupport_fastrtps_c
[ 73%] Built target humanoid_interfaces__rosidl_typesupport_fastrtps_cpp
[ 86%] Built target humanoid_interfaces__rosidl_typesupport_introspection_cpp
[ 86%] Built target humanoid_interfaces
[ 86%] Built target humanoid_interfaces__py
[35m[1mConsolidate compiler generated dependencies of target humanoid_interfaces__rosidl_generator_py[0m
[ 98%] Built target humanoid_interfaces__rosidl_generator_py
[35m[1mConsolidate compiler generated dependencies of target humanoid_interfaces__rosidl_typesupport_fastrtps_c__pyext[0m
[35m[1mConsolidate compiler generated dependencies of target humanoid_interfaces__rosidl_typesupport_c__pyext[0m
[35m[1mConsolidate compiler generated dependencies of target humanoid_interfaces__rosidl_typesupport_introspection_c__pyext[0m
[ 99%] Built target humanoid_interfaces__rosidl_typesupport_fastrtps_c__pyext
[ 99%] Built target humanoid_interfaces__rosidl_typesupport_introspection_c__pyext
[100%] Built target humanoid_interfaces__rosidl_typesupport_c__pyext
running egg_info
writing humanoid_interfaces.egg-info/PKG-INFO
writing dependency_links to humanoid_interfaces.egg-info/dependency_links.txt
writing top-level names to humanoid_interfaces.egg-info/top_level.txt
reading manifest file 'humanoid_interfaces.egg-info/SOURCES.txt'
writing manifest file 'humanoid_interfaces.egg-info/SOURCES.txt'
[100%] Built target ament_cmake_python_build_humanoid_interfaces_egg
-- Install configuration: ""
-- Execute custom install script
-- Up-to-date symlink: /home/yu/colcon_ws/install/humanoid_interfaces/share/ament_index/resource_index/rosidl_interfaces/humanoid_interfaces
-- Up-to-date symlink: /home/yu/colcon_ws/install/humanoid_interfaces/include/humanoid_interfaces/humanoid_interfaces/msg/cp_walk.h
-- Up-to-date symlink: /home/yu/colcon_ws/install/humanoid_interfaces/include/humanoid_interfaces/humanoid_interfaces/msg/detail/cp_walk__functions.h
-- Up-to-date symlink: /home/yu/colcon_ws/install/humanoid_interfaces/include/humanoid_interfaces/humanoid_interfaces/msg/detail/cp_walk__struct.h
-- Up-to-date symlink: /home/yu/colcon_ws/install/humanoid_interfaces/include/humanoid_interfaces/humanoid_interfaces/msg/detail/cp_walk__type_support.h
-- Up-to-date symlink: /home/yu/colcon_ws/install/humanoid_interfaces/include/humanoid_interfaces/humanoid_interfaces/msg/detail/gamecontroldata__functions.h
-- Up-to-date symlink: /home/yu/colcon_ws/install/humanoid_interfaces/include/humanoid_interfaces/humanoid_interfaces/msg/detail/gamecontroldata__struct.h
-- Up-to-date symlink: /home/yu/colcon_ws/install/humanoid_interfaces/include/humanoid_interfaces/humanoid_interfaces/msg/detail/gamecontroldata__type_support.h
-- Up-to-date symlink: /home/yu/colcon_ws/install/humanoid_interfaces/include/humanoid_interfaces/humanoid_interfaces/msg/detail/gamecontrolreturndata__functions.h
-- Up-to-date symlink: /home/yu/colcon_ws/install/humanoid_interfaces/include/humanoid_interfaces/humanoid_interfaces/msg/detail/gamecontrolreturndata__struct.h
-- Up-to-date symlink: /home/yu/colcon_ws/install/humanoid_interfaces/include/humanoid_interfaces/humanoid_interfaces/msg/detail/gamecontrolreturndata__type_support.h
-- Up-to-date symlink: /home/yu/colcon_ws/install/humanoid_interfaces/include/humanoid_interfaces/humanoid_interfaces/msg/detail/ik_angle_sim_msg__functions.h
-- Up-to-date symlink: /home/yu/colcon_ws/install/humanoid_interfaces/include/humanoid_interfaces/humanoid_interfaces/msg/detail/ik_angle_sim_msg__struct.h
-- Up-to-date symlink: /home/yu/colcon_ws/install/humanoid_interfaces/include/humanoid_interfaces/humanoid_interfaces/msg/detail/ik_angle_sim_msg__type_support.h
-- Up-to-date symlink: /home/yu/colcon_ws/install/humanoid_interfaces/include/humanoid_interfaces/humanoid_interfaces/msg/detail/ik_com_msg__functions.h
-- Up-to-date symlink: /home/yu/colcon_ws/install/humanoid_interfaces/include/humanoid_interfaces/humanoid_interfaces/msg/detail/ik_com_msg__struct.h
-- Up-to-date symlink: /home/yu/colcon_ws/install/humanoid_interfaces/include/humanoid_interfaces/humanoid_interfaces/msg/detail/ik_com_msg__type_support.h
-- Up-to-date symlink: /home/yu/colcon_ws/install/humanoid_interfaces/include/humanoid_interfaces/humanoid_interfaces/msg/detail/ik_coord_msg__functions.h
-- Up-to-date symlink: /home/yu/colcon_ws/install/humanoid_interfaces/include/humanoid_interfaces/humanoid_interfaces/msg/detail/ik_coord_msg__struct.h
-- Up-to-date symlink: /home/yu/colcon_ws/install/humanoid_interfaces/include/humanoid_interfaces/humanoid_interfaces/msg/detail/ik_coord_msg__type_support.h
-- Up-to-date symlink: /home/yu/colcon_ws/install/humanoid_interfaces/include/humanoid_interfaces/humanoid_interfaces/msg/detail/ik_end_msg__functions.h
-- Up-to-date symlink: /home/yu/colcon_ws/install/humanoid_interfaces/include/humanoid_interfaces/humanoid_interfaces/msg/detail/ik_end_msg__struct.h
-- Up-to-date symlink: /home/yu/colcon_ws/install/humanoid_interfaces/include/humanoid_interfaces/humanoid_interfaces/msg/detail/ik_end_msg__type_support.h
-- Up-to-date symlink: /home/yu/colcon_ws/install/humanoid_interfaces/include/humanoid_interfaces/humanoid_interfaces/msg/detail/ik_ltc_msg__functions.h
-- Up-to-date symlink: /home/yu/colcon_ws/install/humanoid_interfaces/include/humanoid_interfaces/humanoid_interfaces/msg/detail/ik_ltc_msg__struct.h
-- Up-to-date symlink: /home/yu/colcon_ws/install/humanoid_interfaces/include/humanoid_interfaces/humanoid_interfaces/msg/detail/ik_ltc_msg__type_support.h
-- Up-to-date symlink: /home/yu/colcon_ws/install/humanoid_interfaces/include/humanoid_interfaces/humanoid_interfaces/msg/detail/ik_pattern_msg__functions.h
-- Up-to-date symlink: /home/yu/colcon_ws/install/humanoid_interfaces/include/humanoid_interfaces/humanoid_interfaces/msg/detail/ik_pattern_msg__struct.h
-- Up-to-date symlink: /home/yu/colcon_ws/install/humanoid_interfaces/include/humanoid_interfaces/humanoid_interfaces/msg/detail/ik_pattern_msg__type_support.h
-- Up-to-date symlink: /home/yu/colcon_ws/install/humanoid_interfaces/include/humanoid_interfaces/humanoid_interfaces/msg/detail/imu_msg__functions.h
-- Up-to-date symlink: /home/yu/colcon_ws/install/humanoid_interfaces/include/humanoid_interfaces/humanoid_interfaces/msg/detail/imu_msg__struct.h
-- Up-to-date symlink: /home/yu/colcon_ws/install/humanoid_interfaces/include/humanoid_interfaces/humanoid_interfaces/msg/detail/imu_msg__type_support.h
-- Up-to-date symlink: /home/yu/colcon_ws/install/humanoid_interfaces/include/humanoid_interfaces/humanoid_interfaces/msg/detail/lc_msgs__functions.h
-- Up-to-date symlink: /home/yu/colcon_ws/install/humanoid_interfaces/include/humanoid_interfaces/humanoid_interfaces/msg/detail/lc_msgs__struct.h
-- Up-to-date symlink: /home/yu/colcon_ws/install/humanoid_interfaces/include/humanoid_interfaces/humanoid_interfaces/msg/detail/lc_msgs__type_support.h
-- Up-to-date symlink: /home/yu/colcon_ws/install/humanoid_interfaces/include/humanoid_interfaces/humanoid_interfaces/msg/detail/master2_ik_msg__functions.h
-- Up-to-date symlink: /home/yu/colcon_ws/install/humanoid_interfaces/include/humanoid_interfaces/humanoid_interfaces/msg/detail/master2_ik_msg__struct.h
-- Up-to-date symlink: /home/yu/colcon_ws/install/humanoid_interfaces/include/humanoid_interfaces/humanoid_interfaces/msg/detail/master2_ik_msg__type_support.h
-- Up-to-date symlink: /home/yu/colcon_ws/install/humanoid_interfaces/include/humanoid_interfaces/humanoid_interfaces/msg/detail/master2localization25__functions.h
-- Up-to-date symlink: /home/yu/colcon_ws/install/humanoid_interfaces/include/humanoid_interfaces/humanoid_interfaces/msg/detail/master2localization25__struct.h
-- Up-to-date symlink: /home/yu/colcon_ws/install/humanoid_interfaces/include/humanoid_interfaces/humanoid_interfaces/msg/detail/master2localization25__type_support.h
-- Up-to-date symlink: /home/yu/colcon_ws/install/humanoid_interfaces/include/humanoid_interfaces/humanoid_interfaces/msg/detail/master2udp__functions.h
-- Up-to-date symlink: /home/yu/colcon_ws/install/humanoid_interfaces/include/humanoid_interfaces/humanoid_interfaces/msg/detail/master2udp__struct.h
-- Up-to-date symlink: /home/yu/colcon_ws/install/humanoid_interfaces/include/humanoid_interfaces/humanoid_interfaces/msg/detail/master2udp__type_support.h
-- Up-to-date symlink: /home/yu/colcon_ws/install/humanoid_interfaces/include/humanoid_interfaces/humanoid_interfaces/msg/detail/master2vision25__functions.h
-- Up-to-date symlink: /home/yu/colcon_ws/install/humanoid_interfaces/include/humanoid_interfaces/humanoid_interfaces/msg/detail/master2vision25__struct.h
-- Up-to-date symlink: /home/yu/colcon_ws/install/humanoid_interfaces/include/humanoid_interfaces/humanoid_interfaces/msg/detail/master2vision25__type_support.h
-- Up-to-date symlink: /home/yu/colcon_ws/install/humanoid_interfaces/include/humanoid_interfaces/humanoid_interfaces/msg/detail/motion_operator__functions.h
-- Up-to-date symlink: /home/yu/colcon_ws/install/humanoid_interfaces/include/humanoid_interfaces/humanoid_interfaces/msg/detail/motion_operator__struct.h
-- Up-to-date symlink: /home/yu/colcon_ws/install/humanoid_interfaces/include/humanoid_interfaces/humanoid_interfaces/msg/detail/motion_operator__type_support.h
-- Up-to-date symlink: /home/yu/colcon_ws/install/humanoid_interfaces/include/humanoid_interfaces/humanoid_interfaces/msg/detail/motionend__functions.h
-- Up-to-date symlink: /home/yu/colcon_ws/install/humanoid_interfaces/include/humanoid_interfaces/humanoid_interfaces/msg/detail/motionend__struct.h
-- Up-to-date symlink: /home/yu/colcon_ws/install/humanoid_interfaces/include/humanoid_interfaces/humanoid_interfaces/msg/detail/motionend__type_support.h
-- Up-to-date symlink: /home/yu/colcon_ws/install/humanoid_interfaces/include/humanoid_interfaces/humanoid_interfaces/msg/detail/motionnum__functions.h
-- Up-to-date symlink: /home/yu/colcon_ws/install/humanoid_interfaces/include/humanoid_interfaces/humanoid_interfaces/msg/detail/motionnum__struct.h
-- Up-to-date symlink: /home/yu/colcon_ws/install/humanoid_interfaces/include/humanoid_interfaces/humanoid_interfaces/msg/detail/motionnum__type_support.h
-- Up-to-date symlink: /home/yu/colcon_ws/install/humanoid_interfaces/include/humanoid_interfaces/humanoid_interfaces/msg/detail/motor_msg__functions.h
-- Up-to-date symlink: /home/yu/colcon_ws/install/humanoid_interfaces/include/humanoid_interfaces/humanoid_interfaces/msg/detail/motor_msg__struct.h
-- Up-to-date symlink: /home/yu/colcon_ws/install/humanoid_interfaces/include/humanoid_interfaces/humanoid_interfaces/msg/detail/motor_msg__type_support.h
-- Up-to-date symlink: /home/yu/colcon_ws/install/humanoid_interfaces/include/humanoid_interfaces/humanoid_interfaces/msg/detail/pidtuning__functions.h
-- Up-to-date symlink: /home/yu/colcon_ws/install/humanoid_interfaces/include/humanoid_interfaces/humanoid_interfaces/msg/detail/pidtuning__struct.h
-- Up-to-date symlink: /home/yu/colcon_ws/install/humanoid_interfaces/include/humanoid_interfaces/humanoid_interfaces/msg/detail/pidtuning__type_support.h
-- Up-to-date symlink: /home/yu/colcon_ws/install/humanoid_interfaces/include/humanoid_interfaces/humanoid_interfaces/msg/detail/robocupcontroller__functions.h
-- Up-to-date symlink: /home/yu/colcon_ws/install/humanoid_interfaces/include/humanoid_interfaces/humanoid_interfaces/msg/detail/robocupcontroller__struct.h
-- Up-to-date symlink: /home/yu/colcon_ws/install/humanoid_interfaces/include/humanoid_interfaces/humanoid_interfaces/msg/detail/robocupcontroller__type_support.h
-- Up-to-date symlink: /home/yu/colcon_ws/install/humanoid_interfaces/include/humanoid_interfaces/humanoid_interfaces/msg/detail/robocuplocalization25__functions.h
-- Up-to-date symlink: /home/yu/colcon_ws/install/humanoid_interfaces/include/humanoid_interfaces/humanoid_interfaces/msg/detail/robocuplocalization25__struct.h
-- Up-to-date symlink: /home/yu/colcon_ws/install/humanoid_interfaces/include/humanoid_interfaces/humanoid_interfaces/msg/detail/robocuplocalization25__type_support.h
-- Up-to-date symlink: /home/yu/colcon_ws/install/humanoid_interfaces/include/humanoid_interfaces/humanoid_interfaces/msg/detail/robocupvision25__functions.h
-- Up-to-date symlink: /home/yu/colcon_ws/install/humanoid_interfaces/include/humanoid_interfaces/humanoid_interfaces/msg/detail/robocupvision25__struct.h
-- Up-to-date symlink: /home/yu/colcon_ws/install/humanoid_interfaces/include/humanoid_interfaces/humanoid_interfaces/msg/detail/robocupvision25__type_support.h
-- Up-to-date symlink: /home/yu/colcon_ws/install/humanoid_interfaces/include/humanoid_interfaces/humanoid_interfaces/msg/detail/robocupvision25feature__functions.h
-- Up-to-date symlink: /home/yu/colcon_ws/install/humanoid_interfaces/include/humanoid_interfaces/humanoid_interfaces/msg/detail/robocupvision25feature__struct.h
-- Up-to-date symlink: /home/yu/colcon_ws/install/humanoid_interfaces/include/humanoid_interfaces/humanoid_interfaces/msg/detail/robocupvision25feature__type_support.h
-- Up-to-date symlink: /home/yu/colcon_ws/install/humanoid_interfaces/include/humanoid_interfaces/humanoid_interfaces/msg/detail/tune2_ik_msg__functions.h
-- Up-to-date symlink: /home/yu/colcon_ws/install/humanoid_interfaces/include/humanoid_interfaces/humanoid_interfaces/msg/detail/tune2_ik_msg__struct.h
-- Up-to-date symlink: /home/yu/colcon_ws/install/humanoid_interfaces/include/humanoid_interfaces/humanoid_interfaces/msg/detail/tune2_ik_msg__type_support.h
-- Up-to-date symlink: /home/yu/colcon_ws/install/humanoid_interfaces/include/humanoid_interfaces/humanoid_interfaces/msg/detail/udp2master__functions.h
-- Up-to-date symlink: /home/yu/colcon_ws/install/humanoid_interfaces/include/humanoid_interfaces/humanoid_interfaces/msg/detail/udp2master__struct.h
-- Up-to-date symlink: /home/yu/colcon_ws/install/humanoid_interfaces/include/humanoid_interfaces/humanoid_interfaces/msg/detail/udp2master__type_support.h
-- Up-to-date symlink: /home/yu/colcon_ws/install/humanoid_interfaces/include/humanoid_interfaces/humanoid_interfaces/msg/detail/zmp_msg__functions.h
-- Up-to-date symlink: /home/yu/colcon_ws/install/humanoid_interfaces/include/humanoid_interfaces/humanoid_interfaces/msg/detail/zmp_msg__struct.h
-- Up-to-date symlink: /home/yu/colcon_ws/install/humanoid_interfaces/include/humanoid_interfaces/humanoid_interfaces/msg/detail/zmp_msg__type_support.h
-- Up-to-date symlink: /home/yu/colcon_ws/install/humanoid_interfaces/include/humanoid_interfaces/humanoid_interfaces/msg/gamecontroldata.h
-- Up-to-date symlink: /home/yu/colcon_ws/install/humanoid_interfaces/include/humanoid_interfaces/humanoid_interfaces/msg/gamecontrolreturndata.h
-- Up-to-date symlink: /home/yu/colcon_ws/install/humanoid_interfaces/include/humanoid_interfaces/humanoid_interfaces/msg/ik_angle_sim_msg.h
-- Up-to-date symlink: /home/yu/colcon_ws/install/humanoid_interfaces/include/humanoid_interfaces/humanoid_interfaces/msg/ik_com_msg.h
-- Up-to-date symlink: /home/yu/colcon_ws/install/humanoid_interfaces/include/humanoid_interfaces/humanoid_interfaces/msg/ik_coord_msg.h
-- Up-to-date symlink: /home/yu/colcon_ws/install/humanoid_interfaces/include/humanoid_interfaces/humanoid_interfaces/msg/ik_end_msg.h
-- Up-to-date symlink: /home/yu/colcon_ws/install/humanoid_interfaces/include/humanoid_interfaces/humanoid_interfaces/msg/ik_ltc_msg.h
-- Up-to-date symlink: /home/yu/colcon_ws/install/humanoid_interfaces/include/humanoid_interfaces/humanoid_interfaces/msg/ik_pattern_msg.h
-- Up-to-date symlink: /home/yu/colcon_ws/install/humanoid_interfaces/include/humanoid_interfaces/humanoid_interfaces/msg/imu_msg.h
-- Up-to-date symlink: /home/yu/colcon_ws/install/humanoid_interfaces/include/humanoid_interfaces/humanoid_interfaces/msg/lc_msgs.h
-- Up-to-date symlink: /home/yu/colcon_ws/install/humanoid_interfaces/include/humanoid_interfaces/humanoid_interfaces/msg/master2_ik_msg.h
-- Up-to-date symlink: /home/yu/colcon_ws/install/humanoid_interfaces/include/humanoid_interfaces/humanoid_interfaces/msg/master2localization25.h
-- Up-to-date symlink: /home/yu/colcon_ws/install/humanoid_interfaces/include/humanoid_interfaces/humanoid_interfaces/msg/master2udp.h
-- Up-to-date symlink: /home/yu/colcon_ws/install/humanoid_interfaces/include/humanoid_interfaces/humanoid_interfaces/msg/master2vision25.h
-- Up-to-date symlink: /home/yu/colcon_ws/install/humanoid_interfaces/include/humanoid_interfaces/humanoid_interfaces/msg/motion_operator.h
-- Up-to-date symlink: /home/yu/colcon_ws/install/humanoid_interfaces/include/humanoid_interfaces/humanoid_interfaces/msg/motionend.h
-- Up-to-date symlink: /home/yu/colcon_ws/install/humanoid_interfaces/include/humanoid_interfaces/humanoid_interfaces/msg/motionnum.h
-- Up-to-date symlink: /home/yu/colcon_ws/install/humanoid_interfaces/include/humanoid_interfaces/humanoid_interfaces/msg/motor_msg.h
-- Up-to-date symlink: /home/yu/colcon_ws/install/humanoid_interfaces/include/humanoid_interfaces/humanoid_interfaces/msg/pidtuning.h
-- Up-to-date symlink: /home/yu/colcon_ws/install/humanoid_interfaces/include/humanoid_interfaces/humanoid_interfaces/msg/robocupcontroller.h
-- Up-to-date symlink: /home/yu/colcon_ws/install/humanoid_interfaces/include/humanoid_interfaces/humanoid_interfaces/msg/robocuplocalization25.h
-- Up-to-date symlink: /home/yu/colcon_ws/install/humanoid_interfaces/include/humanoid_interfaces/humanoid_interfaces/msg/robocupvision25.h
-- Up-to-date symlink: /home/yu/colcon_ws/install/humanoid_interfaces/include/humanoid_interfaces/humanoid_interfaces/msg/robocupvision25feature.h
-- Up-to-date symlink: /home/yu/colcon_ws/install/humanoid_interfaces/include/humanoid_interfaces/humanoid_interfaces/msg/rosidl_generator_c__visibility_control.h
-- Up-to-date symlink: /home/yu/colcon_ws/install/humanoid_interfaces/include/humanoid_interfaces/humanoid_interfaces/msg/tune2_ik_msg.h
-- Up-to-date symlink: /home/yu/colcon_ws/install/humanoid_interfaces/include/humanoid_interfaces/humanoid_interfaces/msg/udp2master.h
-- Up-to-date symlink: /home/yu/colcon_ws/install/humanoid_interfaces/include/humanoid_interfaces/humanoid_interfaces/msg/zmp_msg.h
-- Up-to-date symlink: /home/yu/colcon_ws/install/humanoid_interfaces/share/humanoid_interfaces/environment/library_path.sh
-- Up-to-date symlink: /home/yu/colcon_ws/install/humanoid_interfaces/share/humanoid_interfaces/environment/library_path.dsv
-- Up-to-date symlink: /home/yu/colcon_ws/install/humanoid_interfaces/include/humanoid_interfaces/humanoid_interfaces/msg/detail/cp_walk__rosidl_typesupport_fastrtps_c.h
-- Up-to-date symlink: /home/yu/colcon_ws/install/humanoid_interfaces/include/humanoid_interfaces/humanoid_interfaces/msg/detail/gamecontroldata__rosidl_typesupport_fastrtps_c.h
-- Up-to-date symlink: /home/yu/colcon_ws/install/humanoid_interfaces/include/humanoid_interfaces/humanoid_interfaces/msg/detail/gamecontrolreturndata__rosidl_typesupport_fastrtps_c.h
-- Up-to-date symlink: /home/yu/colcon_ws/install/humanoid_interfaces/include/humanoid_interfaces/humanoid_interfaces/msg/detail/ik_angle_sim_msg__rosidl_typesupport_fastrtps_c.h
-- Up-to-date symlink: /home/yu/colcon_ws/install/humanoid_interfaces/include/humanoid_interfaces/humanoid_interfaces/msg/detail/ik_com_msg__rosidl_typesupport_fastrtps_c.h
-- Up-to-date symlink: /home/yu/colcon_ws/install/humanoid_interfaces/include/humanoid_interfaces/humanoid_interfaces/msg/detail/ik_coord_msg__rosidl_typesupport_fastrtps_c.h
-- Up-to-date symlink: /home/yu/colcon_ws/install/humanoid_interfaces/include/humanoid_interfaces/humanoid_interfaces/msg/detail/ik_end_msg__rosidl_typesupport_fastrtps_c.h
-- Up-to-date symlink: /home/yu/colcon_ws/install/humanoid_interfaces/include/humanoid_interfaces/humanoid_interfaces/msg/detail/ik_ltc_msg__rosidl_typesupport_fastrtps_c.h
-- Up-to-date symlink: /home/yu/colcon_ws/install/humanoid_interfaces/include/humanoid_interfaces/humanoid_interfaces/msg/detail/ik_pattern_msg__rosidl_typesupport_fastrtps_c.h
-- Up-to-date symlink: /home/yu/colcon_ws/install/humanoid_interfaces/include/humanoid_interfaces/humanoid_interfaces/msg/detail/imu_msg__rosidl_typesupport_fastrtps_c.h
-- Up-to-date symlink: /home/yu/colcon_ws/install/humanoid_interfaces/include/humanoid_interfaces/humanoid_interfaces/msg/detail/lc_msgs__rosidl_typesupport_fastrtps_c.h
-- Up-to-date symlink: /home/yu/colcon_ws/install/humanoid_interfaces/include/humanoid_interfaces/humanoid_interfaces/msg/detail/master2_ik_msg__rosidl_typesupport_fastrtps_c.h
-- Up-to-date symlink: /home/yu/colcon_ws/install/humanoid_interfaces/include/humanoid_interfaces/humanoid_interfaces/msg/detail/master2localization25__rosidl_typesupport_fastrtps_c.h
-- Up-to-date symlink: /home/yu/colcon_ws/install/humanoid_interfaces/include/humanoid_interfaces/humanoid_interfaces/msg/detail/master2udp__rosidl_typesupport_fastrtps_c.h
-- Up-to-date symlink: /home/yu/colcon_ws/install/humanoid_interfaces/include/humanoid_interfaces/humanoid_interfaces/msg/detail/master2vision25__rosidl_typesupport_fastrtps_c.h
-- Up-to-date symlink: /home/yu/colcon_ws/install/humanoid_interfaces/include/humanoid_interfaces/humanoid_interfaces/msg/detail/motion_operator__rosidl_typesupport_fastrtps_c.h
-- Up-to-date symlink: /home/yu/colcon_ws/install/humanoid_interfaces/include/humanoid_interfaces/humanoid_interfaces/msg/detail/motionend__rosidl_typesupport_fastrtps_c.h
-- Up-to-date symlink: /home/yu/colcon_ws/install/humanoid_interfaces/include/humanoid_interfaces/humanoid_interfaces/msg/detail/motionnum__rosidl_typesupport_fastrtps_c.h
-- Up-to-date symlink: /home/yu/colcon_ws/install/humanoid_interfaces/include/humanoid_interfaces/humanoid_interfaces/msg/detail/motor_msg__rosidl_typesupport_fastrtps_c.h
-- Up-to-date symlink: /home/yu/colcon_ws/install/humanoid_interfaces/include/humanoid_interfaces/humanoid_interfaces/msg/detail/pidtuning__rosidl_typesupport_fastrtps_c.h
-- Up-to-date symlink: /home/yu/colcon_ws/install/humanoid_interfaces/include/humanoid_interfaces/humanoid_interfaces/msg/detail/robocupcontroller__rosidl_typesupport_fastrtps_c.h
-- Up-to-date symlink: /home/yu/colcon_ws/install/humanoid_interfaces/include/humanoid_interfaces/humanoid_interfaces/msg/detail/robocuplocalization25__rosidl_typesupport_fastrtps_c.h
-- Up-to-date symlink: /home/yu/colcon_ws/install/humanoid_interfaces/include/humanoid_interfaces/humanoid_interfaces/msg/detail/robocupvision25__rosidl_typesupport_fastrtps_c.h
-- Up-to-date symlink: /home/yu/colcon_ws/install/humanoid_interfaces/include/humanoid_interfaces/humanoid_interfaces/msg/detail/robocupvision25feature__rosidl_typesupport_fastrtps_c.h
-- Up-to-date symlink: /home/yu/colcon_ws/install/humanoid_interfaces/include/humanoid_interfaces/humanoid_interfaces/msg/detail/tune2_ik_msg__rosidl_typesupport_fastrtps_c.h
-- Up-to-date symlink: /home/yu/colcon_ws/install/humanoid_interfaces/include/humanoid_interfaces/humanoid_interfaces/msg/detail/udp2master__rosidl_typesupport_fastrtps_c.h
-- Up-to-date symlink: /home/yu/colcon_ws/install/humanoid_interfaces/include/humanoid_interfaces/humanoid_interfaces/msg/detail/zmp_msg__rosidl_typesupport_fastrtps_c.h
-- Up-to-date symlink: /home/yu/colcon_ws/install/humanoid_interfaces/include/humanoid_interfaces/humanoid_interfaces/msg/rosidl_typesupport_fastrtps_c__visibility_control.h
-- Up-to-date symlink: /home/yu/colcon_ws/install/humanoid_interfaces/include/humanoid_interfaces/humanoid_interfaces/msg/cp_walk.hpp
-- Up-to-date symlink: /home/yu/colcon_ws/install/humanoid_interfaces/include/humanoid_interfaces/humanoid_interfaces/msg/detail/cp_walk__builder.hpp
-- Up-to-date symlink: /home/yu/colcon_ws/install/humanoid_interfaces/include/humanoid_interfaces/humanoid_interfaces/msg/detail/cp_walk__struct.hpp
-- Up-to-date symlink: /home/yu/colcon_ws/install/humanoid_interfaces/include/humanoid_interfaces/humanoid_interfaces/msg/detail/cp_walk__traits.hpp
-- Up-to-date symlink: /home/yu/colcon_ws/install/humanoid_interfaces/include/humanoid_interfaces/humanoid_interfaces/msg/detail/cp_walk__type_support.hpp
-- Up-to-date symlink: /home/yu/colcon_ws/install/humanoid_interfaces/include/humanoid_interfaces/humanoid_interfaces/msg/detail/gamecontroldata__builder.hpp
-- Up-to-date symlink: /home/yu/colcon_ws/install/humanoid_interfaces/include/humanoid_interfaces/humanoid_interfaces/msg/detail/gamecontroldata__struct.hpp
-- Up-to-date symlink: /home/yu/colcon_ws/install/humanoid_interfaces/include/humanoid_interfaces/humanoid_interfaces/msg/detail/gamecontroldata__traits.hpp
-- Up-to-date symlink: /home/yu/colcon_ws/install/humanoid_interfaces/include/humanoid_interfaces/humanoid_interfaces/msg/detail/gamecontroldata__type_support.hpp
-- Up-to-date symlink: /home/yu/colcon_ws/install/humanoid_interfaces/include/humanoid_interfaces/humanoid_interfaces/msg/detail/gamecontrolreturndata__builder.hpp
-- Up-to-date symlink: /home/yu/colcon_ws/install/humanoid_interfaces/include/humanoid_interfaces/humanoid_interfaces/msg/detail/gamecontrolreturndata__struct.hpp
-- Up-to-date symlink: /home/yu/colcon_ws/install/humanoid_interfaces/include/humanoid_interfaces/humanoid_interfaces/msg/detail/gamecontrolreturndata__traits.hpp
-- Up-to-date symlink: /home/yu/colcon_ws/install/humanoid_interfaces/include/humanoid_interfaces/humanoid_interfaces/msg/detail/gamecontrolreturndata__type_support.hpp
-- Up-to-date symlink: /home/yu/colcon_ws/install/humanoid_interfaces/include/humanoid_interfaces/humanoid_interfaces/msg/detail/ik_angle_sim_msg__builder.hpp
-- Up-to-date symlink: /home/yu/colcon_ws/install/humanoid_interfaces/include/humanoid_interfaces/humanoid_interfaces/msg/detail/ik_angle_sim_msg__struct.hpp
-- Up-to-date symlink: /home/yu/colcon_ws/install/humanoid_interfaces/include/humanoid_interfaces/humanoid_interfaces/msg/detail/ik_angle_sim_msg__traits.hpp
-- Up-to-date symlink: /home/yu/colcon_ws/install/humanoid_interfaces/include/humanoid_interfaces/humanoid_interfaces/msg/detail/ik_angle_sim_msg__type_support.hpp
-- Up-to-date symlink: /home/yu/colcon_ws/install/humanoid_interfaces/include/humanoid_interfaces/humanoid_interfaces/msg/detail/ik_com_msg__builder.hpp
-- Up-to-date symlink: /home/yu/colcon_ws/install/humanoid_interfaces/include/humanoid_interfaces/humanoid_interfaces/msg/detail/ik_com_msg__struct.hpp
-- Up-to-date symlink: /home/yu/colcon_ws/install/humanoid_interfaces/include/humanoid_interfaces/humanoid_interfaces/msg/detail/ik_com_msg__traits.hpp
-- Up-to-date symlink: /home/yu/colcon_ws/install/humanoid_interfaces/include/humanoid_interfaces/humanoid_interfaces/msg/detail/ik_com_msg__type_support.hpp
-- Up-to-date symlink: /home/yu/colcon_ws/install/humanoid_interfaces/include/humanoid_interfaces/humanoid_interfaces/msg/detail/ik_coord_msg__builder.hpp
-- Up-to-date symlink: /home/yu/colcon_ws/install/humanoid_interfaces/include/humanoid_interfaces/humanoid_interfaces/msg/detail/ik_coord_msg__struct.hpp
-- Up-to-date symlink: /home/yu/colcon_ws/install/humanoid_interfaces/include/humanoid_interfaces/humanoid_interfaces/msg/detail/ik_coord_msg__traits.hpp
-- Up-to-date symlink: /home/yu/colcon_ws/install/humanoid_interfaces/include/humanoid_interfaces/humanoid_interfaces/msg/detail/ik_coord_msg__type_support.hpp
-- Up-to-date symlink: /home/yu/colcon_ws/install/humanoid_interfaces/include/humanoid_interfaces/humanoid_interfaces/msg/detail/ik_end_msg__builder.hpp
-- Up-to-date symlink: /home/yu/colcon_ws/install/humanoid_interfaces/include/humanoid_interfaces/humanoid_interfaces/msg/detail/ik_end_msg__struct.hpp
-- Up-to-date symlink: /home/yu/colcon_ws/install/humanoid_interfaces/include/humanoid_interfaces/humanoid_interfaces/msg/detail/ik_end_msg__traits.hpp
-- Up-to-date symlink: /home/yu/colcon_ws/install/humanoid_interfaces/include/humanoid_interfaces/humanoid_interfaces/msg/detail/ik_end_msg__type_support.hpp
-- Up-to-date symlink: /home/yu/colcon_ws/install/humanoid_interfaces/include/humanoid_interfaces/humanoid_interfaces/msg/detail/ik_ltc_msg__builder.hpp
-- Up-to-date symlink: /home/yu/colcon_ws/install/humanoid_interfaces/include/humanoid_interfaces/humanoid_interfaces/msg/detail/ik_ltc_msg__struct.hpp
-- Up-to-date symlink: /home/yu/colcon_ws/install/humanoid_interfaces/include/humanoid_interfaces/humanoid_interfaces/msg/detail/ik_ltc_msg__traits.hpp
-- Up-to-date symlink: /home/yu/colcon_ws/install/humanoid_interfaces/include/humanoid_interfaces/humanoid_interfaces/msg/detail/ik_ltc_msg__type_support.hpp
-- Up-to-date symlink: /home/yu/colcon_ws/install/humanoid_interfaces/include/humanoid_interfaces/humanoid_interfaces/msg/detail/ik_pattern_msg__builder.hpp
-- Up-to-date symlink: /home/yu/colcon_ws/install/humanoid_interfaces/include/humanoid_interfaces/humanoid_interfaces/msg/detail/ik_pattern_msg__struct.hpp
-- Up-to-date symlink: /home/yu/colcon_ws/install/humanoid_interfaces/include/humanoid_interfaces/humanoid_interfaces/msg/detail/ik_pattern_msg__traits.hpp
-- Up-to-date symlink: /home/yu/colcon_ws/install/humanoid_interfaces/include/humanoid_interfaces/humanoid_interfaces/msg/detail/ik_pattern_msg__type_support.hpp
-- Up-to-date symlink: /home/yu/colcon_ws/install/humanoid_interfaces/include/humanoid_interfaces/humanoid_interfaces/msg/detail/imu_msg__builder.hpp
-- Up-to-date symlink: /home/yu/colcon_ws/install/humanoid_interfaces/include/humanoid_interfaces/humanoid_interfaces/msg/detail/imu_msg__struct.hpp
-- Up-to-date symlink: /home/yu/colcon_ws/install/humanoid_interfaces/include/humanoid_interfaces/humanoid_interfaces/msg/detail/imu_msg__traits.hpp
-- Up-to-date symlink: /home/yu/colcon_ws/install/humanoid_interfaces/include/humanoid_interfaces/humanoid_interfaces/msg/detail/imu_msg__type_support.hpp
-- Up-to-date symlink: /home/yu/colcon_ws/install/humanoid_interfaces/include/humanoid_interfaces/humanoid_interfaces/msg/detail/lc_msgs__builder.hpp
-- Up-to-date symlink: /home/yu/colcon_ws/install/humanoid_interfaces/include/humanoid_interfaces/humanoid_interfaces/msg/detail/lc_msgs__struct.hpp
-- Up-to-date symlink: /home/yu/colcon_ws/install/humanoid_interfaces/include/humanoid_interfaces/humanoid_interfaces/msg/detail/lc_msgs__traits.hpp
-- Up-to-date symlink: /home/yu/colcon_ws/install/humanoid_interfaces/include/humanoid_interfaces/humanoid_interfaces/msg/detail/lc_msgs__type_support.hpp
-- Up-to-date symlink: /home/yu/colcon_ws/install/humanoid_interfaces/include/humanoid_interfaces/humanoid_interfaces/msg/detail/master2_ik_msg__builder.hpp
-- Up-to-date symlink: /home/yu/colcon_ws/install/humanoid_interfaces/include/humanoid_interfaces/humanoid_interfaces/msg/detail/master2_ik_msg__struct.hpp
-- Up-to-date symlink: /home/yu/colcon_ws/install/humanoid_interfaces/include/humanoid_interfaces/humanoid_interfaces/msg/detail/master2_ik_msg__traits.hpp
-- Up-to-date symlink: /home/yu/colcon_ws/install/humanoid_interfaces/include/humanoid_interfaces/humanoid_interfaces/msg/detail/master2_ik_msg__type_support.hpp
-- Up-to-date symlink: /home/yu/colcon_ws/install/humanoid_interfaces/include/humanoid_interfaces/humanoid_interfaces/msg/detail/master2localization25__builder.hpp
-- Up-to-date symlink: /home/yu/colcon_ws/install/humanoid_interfaces/include/humanoid_interfaces/humanoid_interfaces/msg/detail/master2localization25__struct.hpp
-- Up-to-date symlink: /home/yu/colcon_ws/install/humanoid_interfaces/include/humanoid_interfaces/humanoid_interfaces/msg/detail/master2localization25__traits.hpp
-- Up-to-date symlink: /home/yu/colcon_ws/install/humanoid_interfaces/include/humanoid_interfaces/humanoid_interfaces/msg/detail/master2localization25__type_support.hpp
-- Up-to-date symlink: /home/yu/colcon_ws/install/humanoid_interfaces/include/humanoid_interfaces/humanoid_interfaces/msg/detail/master2udp__builder.hpp
-- Up-to-date symlink: /home/yu/colcon_ws/install/humanoid_interfaces/include/humanoid_interfaces/humanoid_interfaces/msg/detail/master2udp__struct.hpp
-- Up-to-date symlink: /home/yu/colcon_ws/install/humanoid_interfaces/include/humanoid_interfaces/humanoid_interfaces/msg/detail/master2udp__traits.hpp
-- Up-to-date symlink: /home/yu/colcon_ws/install/humanoid_interfaces/include/humanoid_interfaces/humanoid_interfaces/msg/detail/master2udp__type_support.hpp
-- Up-to-date symlink: /home/yu/colcon_ws/install/humanoid_interfaces/include/humanoid_interfaces/humanoid_interfaces/msg/detail/master2vision25__builder.hpp
-- Up-to-date symlink: /home/yu/colcon_ws/install/humanoid_interfaces/include/humanoid_interfaces/humanoid_interfaces/msg/detail/master2vision25__struct.hpp
-- Up-to-date symlink: /home/yu/colcon_ws/install/humanoid_interfaces/include/humanoid_interfaces/humanoid_interfaces/msg/detail/master2vision25__traits.hpp
-- Up-to-date symlink: /home/yu/colcon_ws/install/humanoid_interfaces/include/humanoid_interfaces/humanoid_interfaces/msg/detail/master2vision25__type_support.hpp
-- Up-to-date symlink: /home/yu/colcon_ws/install/humanoid_interfaces/include/humanoid_interfaces/humanoid_interfaces/msg/detail/motion_operator__builder.hpp
-- Up-to-date symlink: /home/yu/colcon_ws/install/humanoid_interfaces/include/humanoid_interfaces/humanoid_interfaces/msg/detail/motion_operator__struct.hpp
-- Up-to-date symlink: /home/yu/colcon_ws/install/humanoid_interfaces/include/humanoid_interfaces/humanoid_interfaces/msg/detail/motion_operator__traits.hpp
-- Up-to-date symlink: /home/yu/colcon_ws/install/humanoid_interfaces/include/humanoid_interfaces/humanoid_interfaces/msg/detail/motion_operator__type_support.hpp
-- Up-to-date symlink: /home/yu/colcon_ws/install/humanoid_interfaces/include/humanoid_interfaces/humanoid_interfaces/msg/detail/motionend__builder.hpp
-- Up-to-date symlink: /home/yu/colcon_ws/install/humanoid_interfaces/include/humanoid_interfaces/humanoid_interfaces/msg/detail/motionend__struct.hpp
-- Up-to-date symlink: /home/yu/colcon_ws/install/humanoid_interfaces/include/humanoid_interfaces/humanoid_interfaces/msg/detail/motionend__traits.hpp
-- Up-to-date symlink: /home/yu/colcon_ws/install/humanoid_interfaces/include/humanoid_interfaces/humanoid_interfaces/msg/detail/motionend__type_support.hpp
-- Up-to-date symlink: /home/yu/colcon_ws/install/humanoid_interfaces/include/humanoid_interfaces/humanoid_interfaces/msg/detail/motionnum__builder.hpp
-- Up-to-date symlink: /home/yu/colcon_ws/install/humanoid_interfaces/include/humanoid_interfaces/humanoid_interfaces/msg/detail/motionnum__struct.hpp
-- Up-to-date symlink: /home/yu/colcon_ws/install/humanoid_interfaces/include/humanoid_interfaces/humanoid_interfaces/msg/detail/motionnum__traits.hpp
-- Up-to-date symlink: /home/yu/colcon_ws/install/humanoid_interfaces/include/humanoid_interfaces/humanoid_interfaces/msg/detail/motionnum__type_support.hpp
-- Up-to-date symlink: /home/yu/colcon_ws/install/humanoid_interfaces/include/humanoid_interfaces/humanoid_interfaces/msg/detail/motor_msg__builder.hpp
-- Up-to-date symlink: /home/yu/colcon_ws/install/humanoid_interfaces/include/humanoid_interfaces/humanoid_interfaces/msg/detail/motor_msg__struct.hpp
-- Up-to-date symlink: /home/yu/colcon_ws/install/humanoid_interfaces/include/humanoid_interfaces/humanoid_interfaces/msg/detail/motor_msg__traits.hpp
-- Up-to-date symlink: /home/yu/colcon_ws/install/humanoid_interfaces/include/humanoid_interfaces/humanoid_interfaces/msg/detail/motor_msg__type_support.hpp
-- Up-to-date symlink: /home/yu/colcon_ws/install/humanoid_interfaces/include/humanoid_interfaces/humanoid_interfaces/msg/detail/pidtuning__builder.hpp
-- Up-to-date symlink: /home/yu/colcon_ws/install/humanoid_interfaces/include/humanoid_interfaces/humanoid_interfaces/msg/detail/pidtuning__struct.hpp
-- Up-to-date symlink: /home/yu/colcon_ws/install/humanoid_interfaces/include/humanoid_interfaces/humanoid_interfaces/msg/detail/pidtuning__traits.hpp
-- Up-to-date symlink: /home/yu/colcon_ws/install/humanoid_interfaces/include/humanoid_interfaces/humanoid_interfaces/msg/detail/pidtuning__type_support.hpp
-- Up-to-date symlink: /home/yu/colcon_ws/install/humanoid_interfaces/include/humanoid_interfaces/humanoid_interfaces/msg/detail/robocupcontroller__builder.hpp
-- Up-to-date symlink: /home/yu/colcon_ws/install/humanoid_interfaces/include/humanoid_interfaces/humanoid_interfaces/msg/detail/robocupcontroller__struct.hpp
-- Up-to-date symlink: /home/yu/colcon_ws/install/humanoid_interfaces/include/humanoid_interfaces/humanoid_interfaces/msg/detail/robocupcontroller__traits.hpp
-- Up-to-date symlink: /home/yu/colcon_ws/install/humanoid_interfaces/include/humanoid_interfaces/humanoid_interfaces/msg/detail/robocupcontroller__type_support.hpp
-- Up-to-date symlink: /home/yu/colcon_ws/install/humanoid_interfaces/include/humanoid_interfaces/humanoid_interfaces/msg/detail/robocuplocalization25__builder.hpp
-- Up-to-date symlink: /home/yu/colcon_ws/install/humanoid_interfaces/include/humanoid_interfaces/humanoid_interfaces/msg/detail/robocuplocalization25__struct.hpp
-- Up-to-date symlink: /home/yu/colcon_ws/install/humanoid_interfaces/include/humanoid_interfaces/humanoid_interfaces/msg/detail/robocuplocalization25__traits.hpp
-- Up-to-date symlink: /home/yu/colcon_ws/install/humanoid_interfaces/include/humanoid_interfaces/humanoid_interfaces/msg/detail/robocuplocalization25__type_support.hpp
-- Up-to-date symlink: /home/yu/colcon_ws/install/humanoid_interfaces/include/humanoid_interfaces/humanoid_interfaces/msg/detail/robocupvision25__builder.hpp
-- Up-to-date symlink: /home/yu/colcon_ws/install/humanoid_interfaces/include/humanoid_interfaces/humanoid_interfaces/msg/detail/robocupvision25__struct.hpp
-- Up-to-date symlink: /home/yu/colcon_ws/install/humanoid_interfaces/include/humanoid_interfaces/humanoid_interfaces/msg/detail/robocupvision25__traits.hpp
-- Up-to-date symlink: /home/yu/colcon_ws/install/humanoid_interfaces/include/humanoid_interfaces/humanoid_interfaces/msg/detail/robocupvision25__type_support.hpp
-- Up-to-date symlink: /home/yu/colcon_ws/install/humanoid_interfaces/include/humanoid_interfaces/humanoid_interfaces/msg/detail/robocupvision25feature__builder.hpp
-- Up-to-date symlink: /home/yu/colcon_ws/install/humanoid_interfaces/include/humanoid_interfaces/humanoid_interfaces/msg/detail/robocupvision25feature__struct.hpp
-- Up-to-date symlink: /home/yu/colcon_ws/install/humanoid_interfaces/include/humanoid_interfaces/humanoid_interfaces/msg/detail/robocupvision25feature__traits.hpp
-- Up-to-date symlink: /home/yu/colcon_ws/install/humanoid_interfaces/include/humanoid_interfaces/humanoid_interfaces/msg/detail/robocupvision25feature__type_support.hpp
-- Up-to-date symlink: /home/yu/colcon_ws/install/humanoid_interfaces/include/humanoid_interfaces/humanoid_interfaces/msg/detail/tune2_ik_msg__builder.hpp
-- Up-to-date symlink: /home/yu/colcon_ws/install/humanoid_interfaces/include/humanoid_interfaces/humanoid_interfaces/msg/detail/tune2_ik_msg__struct.hpp
-- Up-to-date symlink: /home/yu/colcon_ws/install/humanoid_interfaces/include/humanoid_interfaces/humanoid_interfaces/msg/detail/tune2_ik_msg__traits.hpp
-- Up-to-date symlink: /home/yu/colcon_ws/install/humanoid_interfaces/include/humanoid_interfaces/humanoid_interfaces/msg/detail/tune2_ik_msg__type_support.hpp
-- Up-to-date symlink: /home/yu/colcon_ws/install/humanoid_interfaces/include/humanoid_interfaces/humanoid_interfaces/msg/detail/udp2master__builder.hpp
-- Up-to-date symlink: /home/yu/colcon_ws/install/humanoid_interfaces/include/humanoid_interfaces/humanoid_interfaces/msg/detail/udp2master__struct.hpp
-- Up-to-date symlink: /home/yu/colcon_ws/install/humanoid_interfaces/include/humanoid_interfaces/humanoid_interfaces/msg/detail/udp2master__traits.hpp
-- Up-to-date symlink: /home/yu/colcon_ws/install/humanoid_interfaces/include/humanoid_interfaces/humanoid_interfaces/msg/detail/udp2master__type_support.hpp
-- Up-to-date symlink: /home/yu/colcon_ws/install/humanoid_interfaces/include/humanoid_interfaces/humanoid_interfaces/msg/detail/zmp_msg__builder.hpp
-- Up-to-date symlink: /home/yu/colcon_ws/install/humanoid_interfaces/include/humanoid_interfaces/humanoid_interfaces/msg/detail/zmp_msg__struct.hpp
-- Up-to-date symlink: /home/yu/colcon_ws/install/humanoid_interfaces/include/humanoid_interfaces/humanoid_interfaces/msg/detail/zmp_msg__traits.hpp
-- Up-to-date symlink: /home/yu/colcon_ws/install/humanoid_interfaces/include/humanoid_interfaces/humanoid_interfaces/msg/detail/zmp_msg__type_support.hpp
-- Up-to-date symlink: /home/yu/colcon_ws/install/humanoid_interfaces/include/humanoid_interfaces/humanoid_interfaces/msg/gamecontroldata.hpp
-- Up-to-date symlink: /home/yu/colcon_ws/install/humanoid_interfaces/include/humanoid_interfaces/humanoid_interfaces/msg/gamecontrolreturndata.hpp
-- Up-to-date symlink: /home/yu/colcon_ws/install/humanoid_interfaces/include/humanoid_interfaces/humanoid_interfaces/msg/ik_angle_sim_msg.hpp
-- Up-to-date symlink: /home/yu/colcon_ws/install/humanoid_interfaces/include/humanoid_interfaces/humanoid_interfaces/msg/ik_com_msg.hpp
-- Up-to-date symlink: /home/yu/colcon_ws/install/humanoid_interfaces/include/humanoid_interfaces/humanoid_interfaces/msg/ik_coord_msg.hpp
-- Up-to-date symlink: /home/yu/colcon_ws/install/humanoid_interfaces/include/humanoid_interfaces/humanoid_interfaces/msg/ik_end_msg.hpp
-- Up-to-date symlink: /home/yu/colcon_ws/install/humanoid_interfaces/include/humanoid_interfaces/humanoid_interfaces/msg/ik_ltc_msg.hpp
-- Up-to-date symlink: /home/yu/colcon_ws/install/humanoid_interfaces/include/humanoid_interfaces/humanoid_interfaces/msg/ik_pattern_msg.hpp
-- Up-to-date symlink: /home/yu/colcon_ws/install/humanoid_interfaces/include/humanoid_interfaces/humanoid_interfaces/msg/imu_msg.hpp
-- Up-to-date symlink: /home/yu/colcon_ws/install/humanoid_interfaces/include/humanoid_interfaces/humanoid_interfaces/msg/lc_msgs.hpp
-- Up-to-date symlink: /home/yu/colcon_ws/install/humanoid_interfaces/include/humanoid_interfaces/humanoid_interfaces/msg/master2_ik_msg.hpp
-- Up-to-date symlink: /home/yu/colcon_ws/install/humanoid_interfaces/include/humanoid_interfaces/humanoid_interfaces/msg/master2localization25.hpp
-- Up-to-date symlink: /home/yu/colcon_ws/install/humanoid_interfaces/include/humanoid_interfaces/humanoid_interfaces/msg/master2udp.hpp
-- Up-to-date symlink: /home/yu/colcon_ws/install/humanoid_interfaces/include/humanoid_interfaces/humanoid_interfaces/msg/master2vision25.hpp
-- Up-to-date symlink: /home/yu/colcon_ws/install/humanoid_interfaces/include/humanoid_interfaces/humanoid_interfaces/msg/motion_operator.hpp
-- Up-to-date symlink: /home/yu/colcon_ws/install/humanoid_interfaces/include/humanoid_interfaces/humanoid_interfaces/msg/motionend.hpp
-- Up-to-date symlink: /home/yu/colcon_ws/install/humanoid_interfaces/include/humanoid_interfaces/humanoid_interfaces/msg/motionnum.hpp
-- Up-to-date symlink: /home/yu/colcon_ws/install/humanoid_interfaces/include/humanoid_interfaces/humanoid_interfaces/msg/motor_msg.hpp
-- Up-to-date symlink: /home/yu/colcon_ws/install/humanoid_interfaces/include/humanoid_interfaces/humanoid_interfaces/msg/pidtuning.hpp
-- Up-to-date symlink: /home/yu/colcon_ws/install/humanoid_interfaces/include/humanoid_interfaces/humanoid_interfaces/msg/robocupcontroller.hpp
-- Up-to-date symlink: /home/yu/colcon_ws/install/humanoid_interfaces/include/humanoid_interfaces/humanoid_interfaces/msg/robocuplocalization25.hpp
-- Up-to-date symlink: /home/yu/colcon_ws/install/humanoid_interfaces/include/humanoid_interfaces/humanoid_interfaces/msg/robocupvision25.hpp
-- Up-to-date symlink: /home/yu/colcon_ws/install/humanoid_interfaces/include/humanoid_interfaces/humanoid_interfaces/msg/robocupvision25feature.hpp
-- Up-to-date symlink: /home/yu/colcon_ws/install/humanoid_interfaces/include/humanoid_interfaces/humanoid_interfaces/msg/rosidl_generator_cpp__visibility_control.hpp
-- Up-to-date symlink: /home/yu/colcon_ws/install/humanoid_interfaces/include/humanoid_interfaces/humanoid_interfaces/msg/tune2_ik_msg.hpp
-- Up-to-date symlink: /home/yu/colcon_ws/install/humanoid_interfaces/include/humanoid_interfaces/humanoid_interfaces/msg/udp2master.hpp
-- Up-to-date symlink: /home/yu/colcon_ws/install/humanoid_interfaces/include/humanoid_interfaces/humanoid_interfaces/msg/zmp_msg.hpp
-- Up-to-date symlink: /home/yu/colcon_ws/install/humanoid_interfaces/include/humanoid_interfaces/humanoid_interfaces/msg/detail/cp_walk__rosidl_typesupport_fastrtps_cpp.hpp
-- Up-to-date symlink: /home/yu/colcon_ws/install/humanoid_interfaces/include/humanoid_interfaces/humanoid_interfaces/msg/detail/gamecontroldata__rosidl_typesupport_fastrtps_cpp.hpp
-- Up-to-date symlink: /home/yu/colcon_ws/install/humanoid_interfaces/include/humanoid_interfaces/humanoid_interfaces/msg/detail/gamecontrolreturndata__rosidl_typesupport_fastrtps_cpp.hpp
-- Up-to-date symlink: /home/yu/colcon_ws/install/humanoid_interfaces/include/humanoid_interfaces/humanoid_interfaces/msg/detail/ik_angle_sim_msg__rosidl_typesupport_fastrtps_cpp.hpp
-- Up-to-date symlink: /home/yu/colcon_ws/install/humanoid_interfaces/include/humanoid_interfaces/humanoid_interfaces/msg/detail/ik_com_msg__rosidl_typesupport_fastrtps_cpp.hpp
-- Up-to-date symlink: /home/yu/colcon_ws/install/humanoid_interfaces/include/humanoid_interfaces/humanoid_interfaces/msg/detail/ik_coord_msg__rosidl_typesupport_fastrtps_cpp.hpp
-- Up-to-date symlink: /home/yu/colcon_ws/install/humanoid_interfaces/include/humanoid_interfaces/humanoid_interfaces/msg/detail/ik_end_msg__rosidl_typesupport_fastrtps_cpp.hpp
-- Up-to-date symlink: /home/yu/colcon_ws/install/humanoid_interfaces/include/humanoid_interfaces/humanoid_interfaces/msg/detail/ik_ltc_msg__rosidl_typesupport_fastrtps_cpp.hpp
-- Up-to-date symlink: /home/yu/colcon_ws/install/humanoid_interfaces/include/humanoid_interfaces/humanoid_interfaces/msg/detail/ik_pattern_msg__rosidl_typesupport_fastrtps_cpp.hpp
-- Up-to-date symlink: /home/yu/colcon_ws/install/humanoid_interfaces/include/humanoid_interfaces/humanoid_interfaces/msg/detail/imu_msg__rosidl_typesupport_fastrtps_cpp.hpp
-- Up-to-date symlink: /home/yu/colcon_ws/install/humanoid_interfaces/include/humanoid_interfaces/humanoid_interfaces/msg/detail/lc_msgs__rosidl_typesupport_fastrtps_cpp.hpp
-- Up-to-date symlink: /home/yu/colcon_ws/install/humanoid_interfaces/include/humanoid_interfaces/humanoid_interfaces/msg/detail/master2_ik_msg__rosidl_typesupport_fastrtps_cpp.hpp
-- Up-to-date symlink: /home/yu/colcon_ws/install/humanoid_interfaces/include/humanoid_interfaces/humanoid_interfaces/msg/detail/master2localization25__rosidl_typesupport_fastrtps_cpp.hpp
-- Up-to-date symlink: /home/yu/colcon_ws/install/humanoid_interfaces/include/humanoid_interfaces/humanoid_interfaces/msg/detail/master2udp__rosidl_typesupport_fastrtps_cpp.hpp
-- Up-to-date symlink: /home/yu/colcon_ws/install/humanoid_interfaces/include/humanoid_interfaces/humanoid_interfaces/msg/detail/master2vision25__rosidl_typesupport_fastrtps_cpp.hpp
-- Up-to-date symlink: /home/yu/colcon_ws/install/humanoid_interfaces/include/humanoid_interfaces/humanoid_interfaces/msg/detail/motion_operator__rosidl_typesupport_fastrtps_cpp.hpp
-- Up-to-date symlink: /home/yu/colcon_ws/install/humanoid_interfaces/include/humanoid_interfaces/humanoid_interfaces/msg/detail/motionend__rosidl_typesupport_fastrtps_cpp.hpp
-- Up-to-date symlink: /home/yu/colcon_ws/install/humanoid_interfaces/include/humanoid_interfaces/humanoid_interfaces/msg/detail/motionnum__rosidl_typesupport_fastrtps_cpp.hpp
-- Up-to-date symlink: /home/yu/colcon_ws/install/humanoid_interfaces/include/humanoid_interfaces/humanoid_interfaces/msg/detail/motor_msg__rosidl_typesupport_fastrtps_cpp.hpp
-- Up-to-date symlink: /home/yu/colcon_ws/install/humanoid_interfaces/include/humanoid_interfaces/humanoid_interfaces/msg/detail/pidtuning__rosidl_typesupport_fastrtps_cpp.hpp
-- Up-to-date symlink: /home/yu/colcon_ws/install/humanoid_interfaces/include/humanoid_interfaces/humanoid_interfaces/msg/detail/robocupcontroller__rosidl_typesupport_fastrtps_cpp.hpp
-- Up-to-date symlink: /home/yu/colcon_ws/install/humanoid_interfaces/include/humanoid_interfaces/humanoid_interfaces/msg/detail/robocuplocalization25__rosidl_typesupport_fastrtps_cpp.hpp
-- Up-to-date symlink: /home/yu/colcon_ws/install/humanoid_interfaces/include/humanoid_interfaces/humanoid_interfaces/msg/detail/robocupvision25__rosidl_typesupport_fastrtps_cpp.hpp
-- Up-to-date symlink: /home/yu/colcon_ws/install/humanoid_interfaces/include/humanoid_interfaces/humanoid_interfaces/msg/detail/robocupvision25feature__rosidl_typesupport_fastrtps_cpp.hpp
-- Up-to-date symlink: /home/yu/colcon_ws/install/humanoid_interfaces/include/humanoid_interfaces/humanoid_interfaces/msg/detail/tune2_ik_msg__rosidl_typesupport_fastrtps_cpp.hpp
-- Up-to-date symlink: /home/yu/colcon_ws/install/humanoid_interfaces/include/humanoid_interfaces/humanoid_interfaces/msg/detail/udp2master__rosidl_typesupport_fastrtps_cpp.hpp
-- Up-to-date symlink: /home/yu/colcon_ws/install/humanoid_interfaces/include/humanoid_interfaces/humanoid_interfaces/msg/detail/zmp_msg__rosidl_typesupport_fastrtps_cpp.hpp
-- Up-to-date symlink: /home/yu/colcon_ws/install/humanoid_interfaces/include/humanoid_interfaces/humanoid_interfaces/msg/rosidl_typesupport_fastrtps_cpp__visibility_control.h
-- Up-to-date symlink: /home/yu/colcon_ws/install/humanoid_interfaces/include/humanoid_interfaces/humanoid_interfaces/msg/detail/cp_walk__rosidl_typesupport_introspection_c.h
-- Up-to-date symlink: /home/yu/colcon_ws/install/humanoid_interfaces/include/humanoid_interfaces/humanoid_interfaces/msg/detail/gamecontroldata__rosidl_typesupport_introspection_c.h
-- Up-to-date symlink: /home/yu/colcon_ws/install/humanoid_interfaces/include/humanoid_interfaces/humanoid_interfaces/msg/detail/gamecontrolreturndata__rosidl_typesupport_introspection_c.h
-- Up-to-date symlink: /home/yu/colcon_ws/install/humanoid_interfaces/include/humanoid_interfaces/humanoid_interfaces/msg/detail/ik_angle_sim_msg__rosidl_typesupport_introspection_c.h
-- Up-to-date symlink: /home/yu/colcon_ws/install/humanoid_interfaces/include/humanoid_interfaces/humanoid_interfaces/msg/detail/ik_com_msg__rosidl_typesupport_introspection_c.h
-- Up-to-date symlink: /home/yu/colcon_ws/install/humanoid_interfaces/include/humanoid_interfaces/humanoid_interfaces/msg/detail/ik_coord_msg__rosidl_typesupport_introspection_c.h
-- Up-to-date symlink: /home/yu/colcon_ws/install/humanoid_interfaces/include/humanoid_interfaces/humanoid_interfaces/msg/detail/ik_end_msg__rosidl_typesupport_introspection_c.h
-- Up-to-date symlink: /home/yu/colcon_ws/install/humanoid_interfaces/include/humanoid_interfaces/humanoid_interfaces/msg/detail/ik_ltc_msg__rosidl_typesupport_introspection_c.h
-- Up-to-date symlink: /home/yu/colcon_ws/install/humanoid_interfaces/include/humanoid_interfaces/humanoid_interfaces/msg/detail/ik_pattern_msg__rosidl_typesupport_introspection_c.h
-- Up-to-date symlink: /home/yu/colcon_ws/install/humanoid_interfaces/include/humanoid_interfaces/humanoid_interfaces/msg/detail/imu_msg__rosidl_typesupport_introspection_c.h
-- Up-to-date symlink: /home/yu/colcon_ws/install/humanoid_interfaces/include/humanoid_interfaces/humanoid_interfaces/msg/detail/lc_msgs__rosidl_typesupport_introspection_c.h
-- Up-to-date symlink: /home/yu/colcon_ws/install/humanoid_interfaces/include/humanoid_interfaces/humanoid_interfaces/msg/detail/master2_ik_msg__rosidl_typesupport_introspection_c.h
-- Up-to-date symlink: /home/yu/colcon_ws/install/humanoid_interfaces/include/humanoid_interfaces/humanoid_interfaces/msg/detail/master2localization25__rosidl_typesupport_introspection_c.h
-- Up-to-date symlink: /home/yu/colcon_ws/install/humanoid_interfaces/include/humanoid_interfaces/humanoid_interfaces/msg/detail/master2udp__rosidl_typesupport_introspection_c.h
-- Up-to-date symlink: /home/yu/colcon_ws/install/humanoid_interfaces/include/humanoid_interfaces/humanoid_interfaces/msg/detail/master2vision25__rosidl_typesupport_introspection_c.h
-- Up-to-date symlink: /home/yu/colcon_ws/install/humanoid_interfaces/include/humanoid_interfaces/humanoid_interfaces/msg/detail/motion_operator__rosidl_typesupport_introspection_c.h
-- Up-to-date symlink: /home/yu/colcon_ws/install/humanoid_interfaces/include/humanoid_interfaces/humanoid_interfaces/msg/detail/motionend__rosidl_typesupport_introspection_c.h
-- Up-to-date symlink: /home/yu/colcon_ws/install/humanoid_interfaces/include/humanoid_interfaces/humanoid_interfaces/msg/detail/motionnum__rosidl_typesupport_introspection_c.h
-- Up-to-date symlink: /home/yu/colcon_ws/install/humanoid_interfaces/include/humanoid_interfaces/humanoid_interfaces/msg/detail/motor_msg__rosidl_typesupport_introspection_c.h
-- Up-to-date symlink: /home/yu/colcon_ws/install/humanoid_interfaces/include/humanoid_interfaces/humanoid_interfaces/msg/detail/pidtuning__rosidl_typesupport_introspection_c.h
-- Up-to-date symlink: /home/yu/colcon_ws/install/humanoid_interfaces/include/humanoid_interfaces/humanoid_interfaces/msg/detail/robocupcontroller__rosidl_typesupport_introspection_c.h
-- Up-to-date symlink: /home/yu/colcon_ws/install/humanoid_interfaces/include/humanoid_interfaces/humanoid_interfaces/msg/detail/robocuplocalization25__rosidl_typesupport_introspection_c.h
-- Up-to-date symlink: /home/yu/colcon_ws/install/humanoid_interfaces/include/humanoid_interfaces/humanoid_interfaces/msg/detail/robocupvision25__rosidl_typesupport_introspection_c.h
-- Up-to-date symlink: /home/yu/colcon_ws/install/humanoid_interfaces/include/humanoid_interfaces/humanoid_interfaces/msg/detail/robocupvision25feature__rosidl_typesupport_introspection_c.h
-- Up-to-date symlink: /home/yu/colcon_ws/install/humanoid_interfaces/include/humanoid_interfaces/humanoid_interfaces/msg/detail/tune2_ik_msg__rosidl_typesupport_introspection_c.h
-- Up-to-date symlink: /home/yu/colcon_ws/install/humanoid_interfaces/include/humanoid_interfaces/humanoid_interfaces/msg/detail/udp2master__rosidl_typesupport_introspection_c.h
-- Up-to-date symlink: /home/yu/colcon_ws/install/humanoid_interfaces/include/humanoid_interfaces/humanoid_interfaces/msg/detail/zmp_msg__rosidl_typesupport_introspection_c.h
-- Up-to-date symlink: /home/yu/colcon_ws/install/humanoid_interfaces/include/humanoid_interfaces/humanoid_interfaces/msg/rosidl_typesupport_introspection_c__visibility_control.h
-- Up-to-date symlink: /home/yu/colcon_ws/install/humanoid_interfaces/include/humanoid_interfaces/humanoid_interfaces/msg/detail/cp_walk__rosidl_typesupport_introspection_cpp.hpp
-- Up-to-date symlink: /home/yu/colcon_ws/install/humanoid_interfaces/include/humanoid_interfaces/humanoid_interfaces/msg/detail/gamecontroldata__rosidl_typesupport_introspection_cpp.hpp
-- Up-to-date symlink: /home/yu/colcon_ws/install/humanoid_interfaces/include/humanoid_interfaces/humanoid_interfaces/msg/detail/gamecontrolreturndata__rosidl_typesupport_introspection_cpp.hpp
-- Up-to-date symlink: /home/yu/colcon_ws/install/humanoid_interfaces/include/humanoid_interfaces/humanoid_interfaces/msg/detail/ik_angle_sim_msg__rosidl_typesupport_introspection_cpp.hpp
-- Up-to-date symlink: /home/yu/colcon_ws/install/humanoid_interfaces/include/humanoid_interfaces/humanoid_interfaces/msg/detail/ik_com_msg__rosidl_typesupport_introspection_cpp.hpp
-- Up-to-date symlink: /home/yu/colcon_ws/install/humanoid_interfaces/include/humanoid_interfaces/humanoid_interfaces/msg/detail/ik_coord_msg__rosidl_typesupport_introspection_cpp.hpp
-- Up-to-date symlink: /home/yu/colcon_ws/install/humanoid_interfaces/include/humanoid_interfaces/humanoid_interfaces/msg/detail/ik_end_msg__rosidl_typesupport_introspection_cpp.hpp
-- Up-to-date symlink: /home/yu/colcon_ws/install/humanoid_interfaces/include/humanoid_interfaces/humanoid_interfaces/msg/detail/ik_ltc_msg__rosidl_typesupport_introspection_cpp.hpp
-- Up-to-date symlink: /home/yu/colcon_ws/install/humanoid_interfaces/include/humanoid_interfaces/humanoid_interfaces/msg/detail/ik_pattern_msg__rosidl_typesupport_introspection_cpp.hpp
-- Up-to-date symlink: /home/yu/colcon_ws/install/humanoid_interfaces/include/humanoid_interfaces/humanoid_interfaces/msg/detail/imu_msg__rosidl_typesupport_introspection_cpp.hpp
-- Up-to-date symlink: /home/yu/colcon_ws/install/humanoid_interfaces/include/humanoid_interfaces/humanoid_interfaces/msg/detail/lc_msgs__rosidl_typesupport_introspection_cpp.hpp
-- Up-to-date symlink: /home/yu/colcon_ws/install/humanoid_interfaces/include/humanoid_interfaces/humanoid_interfaces/msg/detail/master2_ik_msg__rosidl_typesupport_introspection_cpp.hpp
-- Up-to-date symlink: /home/yu/colcon_ws/install/humanoid_interfaces/include/humanoid_interfaces/humanoid_interfaces/msg/detail/master2localization25__rosidl_typesupport_introspection_cpp.hpp
-- Up-to-date symlink: /home/yu/colcon_ws/install/humanoid_interfaces/include/humanoid_interfaces/humanoid_interfaces/msg/detail/master2udp__rosidl_typesupport_introspection_cpp.hpp
-- Up-to-date symlink: /home/yu/colcon_ws/install/humanoid_interfaces/include/humanoid_interfaces/humanoid_interfaces/msg/detail/master2vision25__rosidl_typesupport_introspection_cpp.hpp
-- Up-to-date symlink: /home/yu/colcon_ws/install/humanoid_interfaces/include/humanoid_interfaces/humanoid_interfaces/msg/detail/motion_operator__rosidl_typesupport_introspection_cpp.hpp
-- Up-to-date symlink: /home/yu/colcon_ws/install/humanoid_interfaces/include/humanoid_interfaces/humanoid_interfaces/msg/detail/motionend__rosidl_typesupport_introspection_cpp.hpp
-- Up-to-date symlink: /home/yu/colcon_ws/install/humanoid_interfaces/include/humanoid_interfaces/humanoid_interfaces/msg/detail/motionnum__rosidl_typesupport_introspection_cpp.hpp
-- Up-to-date symlink: /home/yu/colcon_ws/install/humanoid_interfaces/include/humanoid_interfaces/humanoid_interfaces/msg/detail/motor_msg__rosidl_typesupport_introspection_cpp.hpp
-- Up-to-date symlink: /home/yu/colcon_ws/install/humanoid_interfaces/include/humanoid_interfaces/humanoid_interfaces/msg/detail/pidtuning__rosidl_typesupport_introspection_cpp.hpp
-- Up-to-date symlink: /home/yu/colcon_ws/install/humanoid_interfaces/include/humanoid_interfaces/humanoid_interfaces/msg/detail/robocupcontroller__rosidl_typesupport_introspection_cpp.hpp
-- Up-to-date symlink: /home/yu/colcon_ws/install/humanoid_interfaces/include/humanoid_interfaces/humanoid_interfaces/msg/detail/robocuplocalization25__rosidl_typesupport_introspection_cpp.hpp
-- Up-to-date symlink: /home/yu/colcon_ws/install/humanoid_interfaces/include/humanoid_interfaces/humanoid_interfaces/msg/detail/robocupvision25__rosidl_typesupport_introspection_cpp.hpp
-- Up-to-date symlink: /home/yu/colcon_ws/install/humanoid_interfaces/include/humanoid_interfaces/humanoid_interfaces/msg/detail/robocupvision25feature__rosidl_typesupport_introspection_cpp.hpp
-- Up-to-date symlink: /home/yu/colcon_ws/install/humanoid_interfaces/include/humanoid_interfaces/humanoid_interfaces/msg/detail/tune2_ik_msg__rosidl_typesupport_introspection_cpp.hpp
-- Up-to-date symlink: /home/yu/colcon_ws/install/humanoid_interfaces/include/humanoid_interfaces/humanoid_interfaces/msg/detail/udp2master__rosidl_typesupport_introspection_cpp.hpp
-- Up-to-date symlink: /home/yu/colcon_ws/install/humanoid_interfaces/include/humanoid_interfaces/humanoid_interfaces/msg/detail/zmp_msg__rosidl_typesupport_introspection_cpp.hpp
-- Up-to-date symlink: /home/yu/colcon_ws/install/humanoid_interfaces/share/humanoid_interfaces/environment/pythonpath.sh
-- Up-to-date symlink: /home/yu/colcon_ws/install/humanoid_interfaces/share/humanoid_interfaces/environment/pythonpath.dsv
-- Up-to-date symlink: /home/yu/colcon_ws/install/humanoid_interfaces/local/lib/python3.10/dist-packages/humanoid_interfaces-0.0.0-py3.10.egg-info/PKG-INFO
-- Up-to-date symlink: /home/yu/colcon_ws/install/humanoid_interfaces/local/lib/python3.10/dist-packages/humanoid_interfaces-0.0.0-py3.10.egg-info/SOURCES.txt
-- Up-to-date symlink: /home/yu/colcon_ws/install/humanoid_interfaces/local/lib/python3.10/dist-packages/humanoid_interfaces-0.0.0-py3.10.egg-info/dependency_links.txt
-- Up-to-date symlink: /home/yu/colcon_ws/install/humanoid_interfaces/local/lib/python3.10/dist-packages/humanoid_interfaces-0.0.0-py3.10.egg-info/top_level.txt
-- Up-to-date symlink: /home/yu/colcon_ws/install/humanoid_interfaces/local/lib/python3.10/dist-packages/humanoid_interfaces/__init__.py
-- Up-to-date symlink: /home/yu/colcon_ws/install/humanoid_interfaces/local/lib/python3.10/dist-packages/humanoid_interfaces/_humanoid_interfaces_s.ep.rosidl_typesupport_c.c
-- Up-to-date symlink: /home/yu/colcon_ws/install/humanoid_interfaces/local/lib/python3.10/dist-packages/humanoid_interfaces/_humanoid_interfaces_s.ep.rosidl_typesupport_fastrtps_c.c
-- Up-to-date symlink: /home/yu/colcon_ws/install/humanoid_interfaces/local/lib/python3.10/dist-packages/humanoid_interfaces/_humanoid_interfaces_s.ep.rosidl_typesupport_introspection_c.c
-- Up-to-date symlink: /home/yu/colcon_ws/install/humanoid_interfaces/local/lib/python3.10/dist-packages/humanoid_interfaces/humanoid_interfaces_s__rosidl_typesupport_c.cpython-310-x86_64-linux-gnu.so
-- Up-to-date symlink: /home/yu/colcon_ws/install/humanoid_interfaces/local/lib/python3.10/dist-packages/humanoid_interfaces/humanoid_interfaces_s__rosidl_typesupport_fastrtps_c.cpython-310-x86_64-linux-gnu.so
-- Up-to-date symlink: /home/yu/colcon_ws/install/humanoid_interfaces/local/lib/python3.10/dist-packages/humanoid_interfaces/humanoid_interfaces_s__rosidl_typesupport_introspection_c.cpython-310-x86_64-linux-gnu.so
-- Up-to-date symlink: /home/yu/colcon_ws/install/humanoid_interfaces/local/lib/python3.10/dist-packages/humanoid_interfaces/libhumanoid_interfaces__rosidl_generator_py.so
-- Up-to-date symlink: /home/yu/colcon_ws/install/humanoid_interfaces/local/lib/python3.10/dist-packages/humanoid_interfaces/msg/__init__.py
-- Up-to-date symlink: /home/yu/colcon_ws/install/humanoid_interfaces/local/lib/python3.10/dist-packages/humanoid_interfaces/msg/_cp_walk.py
-- Up-to-date symlink: /home/yu/colcon_ws/install/humanoid_interfaces/local/lib/python3.10/dist-packages/humanoid_interfaces/msg/_cp_walk_s.c
-- Up-to-date symlink: /home/yu/colcon_ws/install/humanoid_interfaces/local/lib/python3.10/dist-packages/humanoid_interfaces/msg/_gamecontroldata.py
-- Up-to-date symlink: /home/yu/colcon_ws/install/humanoid_interfaces/local/lib/python3.10/dist-packages/humanoid_interfaces/msg/_gamecontroldata_s.c
-- Up-to-date symlink: /home/yu/colcon_ws/install/humanoid_interfaces/local/lib/python3.10/dist-packages/humanoid_interfaces/msg/_gamecontrolreturndata.py
-- Up-to-date symlink: /home/yu/colcon_ws/install/humanoid_interfaces/local/lib/python3.10/dist-packages/humanoid_interfaces/msg/_gamecontrolreturndata_s.c
-- Up-to-date symlink: /home/yu/colcon_ws/install/humanoid_interfaces/local/lib/python3.10/dist-packages/humanoid_interfaces/msg/_ik_angle_sim_msg.py
-- Up-to-date symlink: /home/yu/colcon_ws/install/humanoid_interfaces/local/lib/python3.10/dist-packages/humanoid_interfaces/msg/_ik_angle_sim_msg_s.c
-- Up-to-date symlink: /home/yu/colcon_ws/install/humanoid_interfaces/local/lib/python3.10/dist-packages/humanoid_interfaces/msg/_ik_com_msg.py
-- Up-to-date symlink: /home/yu/colcon_ws/install/humanoid_interfaces/local/lib/python3.10/dist-packages/humanoid_interfaces/msg/_ik_com_msg_s.c
-- Up-to-date symlink: /home/yu/colcon_ws/install/humanoid_interfaces/local/lib/python3.10/dist-packages/humanoid_interfaces/msg/_ik_coord_msg.py
-- Up-to-date symlink: /home/yu/colcon_ws/install/humanoid_interfaces/local/lib/python3.10/dist-packages/humanoid_interfaces/msg/_ik_coord_msg_s.c
-- Up-to-date symlink: /home/yu/colcon_ws/install/humanoid_interfaces/local/lib/python3.10/dist-packages/humanoid_interfaces/msg/_ik_end_msg.py
-- Up-to-date symlink: /home/yu/colcon_ws/install/humanoid_interfaces/local/lib/python3.10/dist-packages/humanoid_interfaces/msg/_ik_end_msg_s.c
-- Up-to-date symlink: /home/yu/colcon_ws/install/humanoid_interfaces/local/lib/python3.10/dist-packages/humanoid_interfaces/msg/_ik_ltc_msg.py
-- Up-to-date symlink: /home/yu/colcon_ws/install/humanoid_interfaces/local/lib/python3.10/dist-packages/humanoid_interfaces/msg/_ik_ltc_msg_s.c
-- Up-to-date symlink: /home/yu/colcon_ws/install/humanoid_interfaces/local/lib/python3.10/dist-packages/humanoid_interfaces/msg/_ik_pattern_msg.py
-- Up-to-date symlink: /home/yu/colcon_ws/install/humanoid_interfaces/local/lib/python3.10/dist-packages/humanoid_interfaces/msg/_ik_pattern_msg_s.c
-- Up-to-date symlink: /home/yu/colcon_ws/install/humanoid_interfaces/local/lib/python3.10/dist-packages/humanoid_interfaces/msg/_imu_msg.py
-- Up-to-date symlink: /home/yu/colcon_ws/install/humanoid_interfaces/local/lib/python3.10/dist-packages/humanoid_interfaces/msg/_imu_msg_s.c
-- Up-to-date symlink: /home/yu/colcon_ws/install/humanoid_interfaces/local/lib/python3.10/dist-packages/humanoid_interfaces/msg/_lc_msgs.py
-- Up-to-date symlink: /home/yu/colcon_ws/install/humanoid_interfaces/local/lib/python3.10/dist-packages/humanoid_interfaces/msg/_lc_msgs_s.c
-- Up-to-date symlink: /home/yu/colcon_ws/install/humanoid_interfaces/local/lib/python3.10/dist-packages/humanoid_interfaces/msg/_master2_ik_msg.py
-- Up-to-date symlink: /home/yu/colcon_ws/install/humanoid_interfaces/local/lib/python3.10/dist-packages/humanoid_interfaces/msg/_master2_ik_msg_s.c
-- Up-to-date symlink: /home/yu/colcon_ws/install/humanoid_interfaces/local/lib/python3.10/dist-packages/humanoid_interfaces/msg/_master2localization25.py
-- Up-to-date symlink: /home/yu/colcon_ws/install/humanoid_interfaces/local/lib/python3.10/dist-packages/humanoid_interfaces/msg/_master2localization25_s.c
-- Up-to-date symlink: /home/yu/colcon_ws/install/humanoid_interfaces/local/lib/python3.10/dist-packages/humanoid_interfaces/msg/_master2udp.py
-- Up-to-date symlink: /home/yu/colcon_ws/install/humanoid_interfaces/local/lib/python3.10/dist-packages/humanoid_interfaces/msg/_master2udp_s.c
-- Up-to-date symlink: /home/yu/colcon_ws/install/humanoid_interfaces/local/lib/python3.10/dist-packages/humanoid_interfaces/msg/_master2vision25.py
-- Up-to-date symlink: /home/yu/colcon_ws/install/humanoid_interfaces/local/lib/python3.10/dist-packages/humanoid_interfaces/msg/_master2vision25_s.c
-- Up-to-date symlink: /home/yu/colcon_ws/install/humanoid_interfaces/local/lib/python3.10/dist-packages/humanoid_interfaces/msg/_motion_operator.py
-- Up-to-date symlink: /home/yu/colcon_ws/install/humanoid_interfaces/local/lib/python3.10/dist-packages/humanoid_interfaces/msg/_motion_operator_s.c
-- Up-to-date symlink: /home/yu/colcon_ws/install/humanoid_interfaces/local/lib/python3.10/dist-packages/humanoid_interfaces/msg/_motionend.py
-- Up-to-date symlink: /home/yu/colcon_ws/install/humanoid_interfaces/local/lib/python3.10/dist-packages/humanoid_interfaces/msg/_motionend_s.c
-- Up-to-date symlink: /home/yu/colcon_ws/install/humanoid_interfaces/local/lib/python3.10/dist-packages/humanoid_interfaces/msg/_motionnum.py
-- Up-to-date symlink: /home/yu/colcon_ws/install/humanoid_interfaces/local/lib/python3.10/dist-packages/humanoid_interfaces/msg/_motionnum_s.c
-- Up-to-date symlink: /home/yu/colcon_ws/install/humanoid_interfaces/local/lib/python3.10/dist-packages/humanoid_interfaces/msg/_motor_msg.py
-- Up-to-date symlink: /home/yu/colcon_ws/install/humanoid_interfaces/local/lib/python3.10/dist-packages/humanoid_interfaces/msg/_motor_msg_s.c
-- Up-to-date symlink: /home/yu/colcon_ws/install/humanoid_interfaces/local/lib/python3.10/dist-packages/humanoid_interfaces/msg/_pidtuning.py
-- Up-to-date symlink: /home/yu/colcon_ws/install/humanoid_interfaces/local/lib/python3.10/dist-packages/humanoid_interfaces/msg/_pidtuning_s.c
-- Up-to-date symlink: /home/yu/colcon_ws/install/humanoid_interfaces/local/lib/python3.10/dist-packages/humanoid_interfaces/msg/_robocupcontroller.py
-- Up-to-date symlink: /home/yu/colcon_ws/install/humanoid_interfaces/local/lib/python3.10/dist-packages/humanoid_interfaces/msg/_robocupcontroller_s.c
-- Up-to-date symlink: /home/yu/colcon_ws/install/humanoid_interfaces/local/lib/python3.10/dist-packages/humanoid_interfaces/msg/_robocuplocalization25.py
-- Up-to-date symlink: /home/yu/colcon_ws/install/humanoid_interfaces/local/lib/python3.10/dist-packages/humanoid_interfaces/msg/_robocuplocalization25_s.c
-- Up-to-date symlink: /home/yu/colcon_ws/install/humanoid_interfaces/local/lib/python3.10/dist-packages/humanoid_interfaces/msg/_robocupvision25.py
-- Up-to-date symlink: /home/yu/colcon_ws/install/humanoid_interfaces/local/lib/python3.10/dist-packages/humanoid_interfaces/msg/_robocupvision25_s.c
-- Up-to-date symlink: /home/yu/colcon_ws/install/humanoid_interfaces/local/lib/python3.10/dist-packages/humanoid_interfaces/msg/_robocupvision25feature.py
-- Up-to-date symlink: /home/yu/colcon_ws/install/humanoid_interfaces/local/lib/python3.10/dist-packages/humanoid_interfaces/msg/_robocupvision25feature_s.c
-- Up-to-date symlink: /home/yu/colcon_ws/install/humanoid_interfaces/local/lib/python3.10/dist-packages/humanoid_interfaces/msg/_tune2_ik_msg.py
-- Up-to-date symlink: /home/yu/colcon_ws/install/humanoid_interfaces/local/lib/python3.10/dist-packages/humanoid_interfaces/msg/_tune2_ik_msg_s.c
-- Up-to-date symlink: /home/yu/colcon_ws/install/humanoid_interfaces/local/lib/python3.10/dist-packages/humanoid_interfaces/msg/_udp2master.py
-- Up-to-date symlink: /home/yu/colcon_ws/install/humanoid_interfaces/local/lib/python3.10/dist-packages/humanoid_interfaces/msg/_udp2master_s.c
-- Up-to-date symlink: /home/yu/colcon_ws/install/humanoid_interfaces/local/lib/python3.10/dist-packages/humanoid_interfaces/msg/_zmp_msg.py
-- Up-to-date symlink: /home/yu/colcon_ws/install/humanoid_interfaces/local/lib/python3.10/dist-packages/humanoid_interfaces/msg/_zmp_msg_s.c
-- Up-to-date symlink: /home/yu/colcon_ws/install/humanoid_interfaces/local/lib/python3.10/dist-packages/humanoid_interfaces/humanoid_interfaces_s__rosidl_typesupport_fastrtps_c.cpython-310-x86_64-linux-gnu.so
-- Up-to-date symlink: /home/yu/colcon_ws/install/humanoid_interfaces/local/lib/python3.10/dist-packages/humanoid_interfaces/humanoid_interfaces_s__rosidl_typesupport_introspection_c.cpython-310-x86_64-linux-gnu.so
-- Up-to-date symlink: /home/yu/colcon_ws/install/humanoid_interfaces/local/lib/python3.10/dist-packages/humanoid_interfaces/humanoid_interfaces_s__rosidl_typesupport_c.cpython-310-x86_64-linux-gnu.so
-- Up-to-date symlink: /home/yu/colcon_ws/install/humanoid_interfaces/share/humanoid_interfaces/msg/IkAngleSimMsg.idl
-- Up-to-date symlink: /home/yu/colcon_ws/install/humanoid_interfaces/share/humanoid_interfaces/msg/IkComMsg.idl
-- Up-to-date symlink: /home/yu/colcon_ws/install/humanoid_interfaces/share/humanoid_interfaces/msg/IkCoordMsg.idl
-- Up-to-date symlink: /home/yu/colcon_ws/install/humanoid_interfaces/share/humanoid_interfaces/msg/IkEndMsg.idl
-- Up-to-date symlink: /home/yu/colcon_ws/install/humanoid_interfaces/share/humanoid_interfaces/msg/IkLTCMsg.idl
-- Up-to-date symlink: /home/yu/colcon_ws/install/humanoid_interfaces/share/humanoid_interfaces/msg/IkPatternMsg.idl
-- Up-to-date symlink: /home/yu/colcon_ws/install/humanoid_interfaces/share/humanoid_interfaces/msg/CPWalk.idl
-- Up-to-date symlink: /home/yu/colcon_ws/install/humanoid_interfaces/share/humanoid_interfaces/msg/LCMsgs.idl
-- Up-to-date symlink: /home/yu/colcon_ws/install/humanoid_interfaces/share/humanoid_interfaces/msg/ImuMsg.idl
-- Up-to-date symlink: /home/yu/colcon_ws/install/humanoid_interfaces/share/humanoid_interfaces/msg/Master2IkMsg.idl
-- Up-to-date symlink: /home/yu/colcon_ws/install/humanoid_interfaces/share/humanoid_interfaces/msg/MotorMsg.idl
-- Up-to-date symlink: /home/yu/colcon_ws/install/humanoid_interfaces/share/humanoid_interfaces/msg/Tune2IkMsg.idl
-- Up-to-date symlink: /home/yu/colcon_ws/install/humanoid_interfaces/share/humanoid_interfaces/msg/ZmpMsg.idl
-- Up-to-date symlink: /home/yu/colcon_ws/install/humanoid_interfaces/share/humanoid_interfaces/msg/Robocupvision25.idl
-- Up-to-date symlink: /home/yu/colcon_ws/install/humanoid_interfaces/share/humanoid_interfaces/msg/Robocupvision25feature.idl
-- Up-to-date symlink: /home/yu/colcon_ws/install/humanoid_interfaces/share/humanoid_interfaces/msg/Master2vision25.idl
-- Up-to-date symlink: /home/yu/colcon_ws/install/humanoid_interfaces/share/humanoid_interfaces/msg/Robocuplocalization25.idl
-- Up-to-date symlink: /home/yu/colcon_ws/install/humanoid_interfaces/share/humanoid_interfaces/msg/Master2localization25.idl
-- Up-to-date symlink: /home/yu/colcon_ws/install/humanoid_interfaces/share/humanoid_interfaces/msg/Motionnum.idl
-- Up-to-date symlink: /home/yu/colcon_ws/install/humanoid_interfaces/share/humanoid_interfaces/msg/Motionend.idl
-- Up-to-date symlink: /home/yu/colcon_ws/install/humanoid_interfaces/share/humanoid_interfaces/msg/Master2udp.idl
-- Up-to-date symlink: /home/yu/colcon_ws/install/humanoid_interfaces/share/humanoid_interfaces/msg/Udp2master.idl
-- Up-to-date symlink: /home/yu/colcon_ws/install/humanoid_interfaces/share/humanoid_interfaces/msg/Gamecontroldata.idl
-- Up-to-date symlink: /home/yu/colcon_ws/install/humanoid_interfaces/share/humanoid_interfaces/msg/Gamecontrolreturndata.idl
-- Up-to-date symlink: /home/yu/colcon_ws/install/humanoid_interfaces/share/humanoid_interfaces/msg/Robocupcontroller.idl
-- Up-to-date symlink: /home/yu/colcon_ws/install/humanoid_interfaces/share/humanoid_interfaces/msg/MotionOperator.idl
-- Up-to-date symlink: /home/yu/colcon_ws/install/humanoid_interfaces/share/humanoid_interfaces/msg/Pidtuning.idl
-- Up-to-date symlink: /home/yu/colcon_ws/install/humanoid_interfaces/share/humanoid_interfaces/msg/IkAngleSimMsg.msg
-- Up-to-date symlink: /home/yu/colcon_ws/install/humanoid_interfaces/share/humanoid_interfaces/msg/IkComMsg.msg
-- Up-to-date symlink: /home/yu/colcon_ws/install/humanoid_interfaces/share/humanoid_interfaces/msg/IkCoordMsg.msg
-- Up-to-date symlink: /home/yu/colcon_ws/install/humanoid_interfaces/share/humanoid_interfaces/msg/IkEndMsg.msg
-- Up-to-date symlink: /home/yu/colcon_ws/install/humanoid_interfaces/share/humanoid_interfaces/msg/IkLTCMsg.msg
-- Up-to-date symlink: /home/yu/colcon_ws/install/humanoid_interfaces/share/humanoid_interfaces/msg/IkPatternMsg.msg
-- Up-to-date symlink: /home/yu/colcon_ws/install/humanoid_interfaces/share/humanoid_interfaces/msg/CPWalk.msg
-- Up-to-date symlink: /home/yu/colcon_ws/install/humanoid_interfaces/share/humanoid_interfaces/msg/LCMsgs.msg
-- Up-to-date symlink: /home/yu/colcon_ws/install/humanoid_interfaces/share/humanoid_interfaces/msg/ImuMsg.msg
-- Up-to-date symlink: /home/yu/colcon_ws/install/humanoid_interfaces/share/humanoid_interfaces/msg/Master2IkMsg.msg
-- Up-to-date symlink: /home/yu/colcon_ws/install/humanoid_interfaces/share/humanoid_interfaces/msg/MotorMsg.msg
-- Up-to-date symlink: /home/yu/colcon_ws/install/humanoid_interfaces/share/humanoid_interfaces/msg/Tune2IkMsg.msg
-- Up-to-date symlink: /home/yu/colcon_ws/install/humanoid_interfaces/share/humanoid_interfaces/msg/ZmpMsg.msg
-- Up-to-date symlink: /home/yu/colcon_ws/install/humanoid_interfaces/share/humanoid_interfaces/msg/Robocupvision25.msg
-- Up-to-date symlink: /home/yu/colcon_ws/install/humanoid_interfaces/share/humanoid_interfaces/msg/Robocupvision25feature.msg
-- Up-to-date symlink: /home/yu/colcon_ws/install/humanoid_interfaces/share/humanoid_interfaces/msg/Master2vision25.msg
-- Up-to-date symlink: /home/yu/colcon_ws/install/humanoid_interfaces/share/humanoid_interfaces/msg/Robocuplocalization25.msg
-- Up-to-date symlink: /home/yu/colcon_ws/install/humanoid_interfaces/share/humanoid_interfaces/msg/Master2localization25.msg
-- Up-to-date symlink: /home/yu/colcon_ws/install/humanoid_interfaces/share/humanoid_interfaces/msg/Motionnum.msg
-- Up-to-date symlink: /home/yu/colcon_ws/install/humanoid_interfaces/share/humanoid_interfaces/msg/Motionend.msg
-- Up-to-date symlink: /home/yu/colcon_ws/install/humanoid_interfaces/share/humanoid_interfaces/msg/Master2udp.msg
-- Up-to-date symlink: /home/yu/colcon_ws/install/humanoid_interfaces/share/humanoid_interfaces/msg/Udp2master.msg
-- Up-to-date symlink: /home/yu/colcon_ws/install/humanoid_interfaces/share/humanoid_interfaces/msg/Gamecontroldata.msg
-- Up-to-date symlink: /home/yu/colcon_ws/install/humanoid_interfaces/share/humanoid_interfaces/msg/Gamecontrolreturndata.msg
-- Up-to-date symlink: /home/yu/colcon_ws/install/humanoid_interfaces/share/humanoid_interfaces/msg/Robocupcontroller.msg
-- Up-to-date symlink: /home/yu/colcon_ws/install/humanoid_interfaces/share/humanoid_interfaces/msg/MotionOperator.msg
-- Up-to-date symlink: /home/yu/colcon_ws/install/humanoid_interfaces/share/humanoid_interfaces/msg/Pidtuning.msg
-- Up-to-date symlink: /home/yu/colcon_ws/install/humanoid_interfaces/share/ament_index/resource_index/package_run_dependencies/humanoid_interfaces
-- Up-to-date symlink: /home/yu/colcon_ws/install/humanoid_interfaces/share/ament_index/resource_index/parent_prefix_path/humanoid_interfaces
-- Up-to-date symlink: /home/yu/colcon_ws/install/humanoid_interfaces/share/humanoid_interfaces/environment/ament_prefix_path.sh
-- Up-to-date symlink: /home/yu/colcon_ws/install/humanoid_interfaces/share/humanoid_interfaces/environment/ament_prefix_path.dsv
-- Up-to-date symlink: /home/yu/colcon_ws/install/humanoid_interfaces/share/humanoid_interfaces/environment/path.sh
-- Up-to-date symlink: /home/yu/colcon_ws/install/humanoid_interfaces/share/humanoid_interfaces/environment/path.dsv
-- Up-to-date symlink: /home/yu/colcon_ws/install/humanoid_interfaces/share/humanoid_interfaces/local_setup.bash
-- Up-to-date symlink: /home/yu/colcon_ws/install/humanoid_interfaces/share/humanoid_interfaces/local_setup.sh
-- Up-to-date symlink: /home/yu/colcon_ws/install/humanoid_interfaces/share/humanoid_interfaces/local_setup.zsh
-- Up-to-date symlink: /home/yu/colcon_ws/install/humanoid_interfaces/share/humanoid_interfaces/local_setup.dsv
-- Symlinking: /home/yu/colcon_ws/install/humanoid_interfaces/share/humanoid_interfaces/package.dsv
-- Up-to-date symlink: /home/yu/colcon_ws/install/humanoid_interfaces/share/ament_index/resource_index/packages/humanoid_interfaces
-- Up-to-date symlink: /home/yu/colcon_ws/install/humanoid_interfaces/share/humanoid_interfaces/cmake/rosidl_cmake-extras.cmake
-- Up-to-date symlink: /home/yu/colcon_ws/install/humanoid_interfaces/share/humanoid_interfaces/cmake/ament_cmake_export_dependencies-extras.cmake
-- Up-to-date symlink: /home/yu/colcon_ws/install/humanoid_interfaces/share/humanoid_interfaces/cmake/ament_cmake_export_include_directories-extras.cmake
-- Up-to-date symlink: /home/yu/colcon_ws/install/humanoid_interfaces/share/humanoid_interfaces/cmake/ament_cmake_export_libraries-extras.cmake
-- Up-to-date symlink: /home/yu/colcon_ws/install/humanoid_interfaces/share/humanoid_interfaces/cmake/ament_cmake_export_targets-extras.cmake
-- Up-to-date symlink: /home/yu/colcon_ws/install/humanoid_interfaces/share/humanoid_interfaces/cmake/rosidl_cmake_export_typesupport_targets-extras.cmake
-- Up-to-date symlink: /home/yu/colcon_ws/install/humanoid_interfaces/share/humanoid_interfaces/cmake/rosidl_cmake_export_typesupport_libraries-extras.cmake
-- Up-to-date symlink: /home/yu/colcon_ws/install/humanoid_interfaces/share/humanoid_interfaces/cmake/humanoid_interfacesConfig.cmake
-- Up-to-date symlink: /home/yu/colcon_ws/install/humanoid_interfaces/share/humanoid_interfaces/cmake/humanoid_interfacesConfig-version.cmake
-- Up-to-date symlink: /home/yu/colcon_ws/install/humanoid_interfaces/share/humanoid_interfaces/package.xml
-- Up-to-date: /home/yu/colcon_ws/install/humanoid_interfaces/lib/libhumanoid_interfaces__rosidl_generator_c.so
-- Up-to-date: /home/yu/colcon_ws/install/humanoid_interfaces/lib/libhumanoid_interfaces__rosidl_typesupport_fastrtps_c.so
-- Up-to-date: /home/yu/colcon_ws/install/humanoid_interfaces/lib/libhumanoid_interfaces__rosidl_typesupport_fastrtps_cpp.so
-- Up-to-date: /home/yu/colcon_ws/install/humanoid_interfaces/lib/libhumanoid_interfaces__rosidl_typesupport_introspection_c.so
-- Up-to-date: /home/yu/colcon_ws/install/humanoid_interfaces/lib/libhumanoid_interfaces__rosidl_typesupport_c.so
-- Up-to-date: /home/yu/colcon_ws/install/humanoid_interfaces/lib/libhumanoid_interfaces__rosidl_typesupport_introspection_cpp.so
-- Up-to-date: /home/yu/colcon_ws/install/humanoid_interfaces/lib/libhumanoid_interfaces__rosidl_typesupport_cpp.so
Listing '/home/yu/colcon_ws/install/humanoid_interfaces/local/lib/python3.10/dist-packages/humanoid_interfaces'...
Compiling '/home/yu/colcon_ws/install/humanoid_interfaces/local/lib/python3.10/dist-packages/humanoid_interfaces/__init__.py'...
Listing '/home/yu/colcon_ws/install/humanoid_interfaces/local/lib/python3.10/dist-packages/humanoid_interfaces/msg'...
-- Up-to-date: /home/yu/colcon_ws/install/humanoid_interfaces/lib/libhumanoid_interfaces__rosidl_generator_py.so
-- Up-to-date: /home/yu/colcon_ws/install/humanoid_interfaces/share/humanoid_interfaces/cmake/export_humanoid_interfaces__rosidl_generator_cExport.cmake
-- Up-to-date: /home/yu/colcon_ws/install/humanoid_interfaces/share/humanoid_interfaces/cmake/export_humanoid_interfaces__rosidl_generator_cExport-noconfig.cmake
-- Up-to-date: /home/yu/colcon_ws/install/humanoid_interfaces/share/humanoid_interfaces/cmake/export_humanoid_interfaces__rosidl_typesupport_fastrtps_cExport.cmake
-- Up-to-date: /home/yu/colcon_ws/install/humanoid_interfaces/share/humanoid_interfaces/cmake/export_humanoid_interfaces__rosidl_typesupport_fastrtps_cExport-noconfig.cmake
-- Up-to-date: /home/yu/colcon_ws/install/humanoid_interfaces/share/humanoid_interfaces/cmake/export_humanoid_interfaces__rosidl_generator_cppExport.cmake
-- Up-to-date: /home/yu/colcon_ws/install/humanoid_interfaces/share/humanoid_interfaces/cmake/export_humanoid_interfaces__rosidl_typesupport_fastrtps_cppExport.cmake
-- Up-to-date: /home/yu/colcon_ws/install/humanoid_interfaces/share/humanoid_interfaces/cmake/export_humanoid_interfaces__rosidl_typesupport_fastrtps_cppExport-noconfig.cmake
-- Up-to-date: /home/yu/colcon_ws/install/humanoid_interfaces/share/humanoid_interfaces/cmake/humanoid_interfaces__rosidl_typesupport_introspection_cExport.cmake
-- Up-to-date: /home/yu/colcon_ws/install/humanoid_interfaces/share/humanoid_interfaces/cmake/humanoid_interfaces__rosidl_typesupport_introspection_cExport-noconfig.cmake
-- Up-to-date: /home/yu/colcon_ws/install/humanoid_interfaces/share/humanoid_interfaces/cmake/humanoid_interfaces__rosidl_typesupport_cExport.cmake
-- Up-to-date: /home/yu/colcon_ws/install/humanoid_interfaces/share/humanoid_interfaces/cmake/humanoid_interfaces__rosidl_typesupport_cExport-noconfig.cmake
-- Up-to-date: /home/yu/colcon_ws/install/humanoid_interfaces/share/humanoid_interfaces/cmake/humanoid_interfaces__rosidl_typesupport_introspection_cppExport.cmake
-- Up-to-date: /home/yu/colcon_ws/install/humanoid_interfaces/share/humanoid_interfaces/cmake/humanoid_interfaces__rosidl_typesupport_introspection_cppExport-noconfig.cmake
-- Up-to-date: /home/yu/colcon_ws/install/humanoid_interfaces/share/humanoid_interfaces/cmake/humanoid_interfaces__rosidl_typesupport_cppExport.cmake
-- Up-to-date: /home/yu/colcon_ws/install/humanoid_interfaces/share/humanoid_interfaces/cmake/humanoid_interfaces__rosidl_typesupport_cppExport-noconfig.cmake
-- Up-to-date: /home/yu/colcon_ws/install/humanoid_interfaces/share/humanoid_interfaces/cmake/export_humanoid_interfaces__rosidl_generator_pyExport.cmake
-- Up-to-date: /home/yu/colcon_ws/install/humanoid_interfaces/share/humanoid_interfaces/cmake/export_humanoid_interfaces__rosidl_generator_pyExport-noconfig.cmake
