[35m[1mConsolidate compiler generated dependencies of target ocam_ros2[0m
[100%] Built target ocam_ros2
-- Install configuration: ""
-- Installing: /home/yu/colcon_ws/install/ocam_ros2/lib/ocam_ros2/ocam_ros2
-- Set runtime path of "/home/yu/colcon_ws/install/ocam_ros2/lib/ocam_ros2/ocam_ros2" to ""
-- Installing: /home/yu/colcon_ws/install/ocam_ros2/share/ocam_ros2/config/camera.yaml
-- Installing: /home/yu/colcon_ws/install/ocam_ros2/share/ocam_ros2/launch
-- Installing: /home/yu/colcon_ws/install/ocam_ros2/share/ocam_ros2/launch/ocam_ros.launch.py
-- Installing: /home/yu/colcon_ws/install/ocam_ros2/share/ament_index/resource_index/package_run_dependencies/ocam_ros2
-- Installing: /home/yu/colcon_ws/install/ocam_ros2/share/ament_index/resource_index/parent_prefix_path/ocam_ros2
-- Installing: /home/yu/colcon_ws/install/ocam_ros2/share/ocam_ros2/environment/ament_prefix_path.sh
-- Installing: /home/yu/colcon_ws/install/ocam_ros2/share/ocam_ros2/environment/ament_prefix_path.dsv
-- Installing: /home/yu/colcon_ws/install/ocam_ros2/share/ocam_ros2/environment/path.sh
-- Installing: /home/yu/colcon_ws/install/ocam_ros2/share/ocam_ros2/environment/path.dsv
-- Installing: /home/yu/colcon_ws/install/ocam_ros2/share/ocam_ros2/local_setup.bash
-- Installing: /home/yu/colcon_ws/install/ocam_ros2/share/ocam_ros2/local_setup.sh
-- Installing: /home/yu/colcon_ws/install/ocam_ros2/share/ocam_ros2/local_setup.zsh
-- Installing: /home/yu/colcon_ws/install/ocam_ros2/share/ocam_ros2/local_setup.dsv
-- Installing: /home/yu/colcon_ws/install/ocam_ros2/share/ocam_ros2/package.dsv
-- Installing: /home/yu/colcon_ws/install/ocam_ros2/share/ament_index/resource_index/packages/ocam_ros2
-- Installing: /home/yu/colcon_ws/install/ocam_ros2/share/ocam_ros2/cmake/ocam_ros2Config.cmake
-- Installing: /home/yu/colcon_ws/install/ocam_ros2/share/ocam_ros2/cmake/ocam_ros2Config-version.cmake
-- Installing: /home/yu/colcon_ws/install/ocam_ros2/share/ocam_ros2/package.xml
