-- Found ament_cmake: 1.3.12 (/opt/ros/humble/share/ament_cmake/cmake)
-- Found rclpy: 3.3.17 (/opt/ros/humble/share/rclpy/cmake)
-- Found rclcpp: 16.0.14 (/opt/ros/humble/share/rclcpp/cmake)
-- Found rosidl_generator_c: 3.1.7 (/opt/ros/humble/share/rosidl_generator_c/cmake)
-- Found rosidl_adapter: 3.1.7 (/opt/ros/humble/share/rosidl_adapter/cmake)
-- Found rosidl_generator_cpp: 3.1.7 (/opt/ros/humble/share/rosidl_generator_cpp/cmake)
-- Using all available rosidl_typesupport_c: rosidl_typesupport_fastrtps_c;rosidl_typesupport_introspection_c
-- Using all available rosidl_typesupport_cpp: rosidl_typesupport_fastrtps_cpp;rosidl_typesupport_introspection_cpp
-- Found rmw_implementation_cmake: 6.1.2 (/opt/ros/humble/share/rmw_implementation_cmake/cmake)
-- Found rmw_fastrtps_cpp: 6.2.8 (/opt/ros/humble/share/rmw_fastrtps_cpp/cmake)
-- Using RMW implementation 'rmw_fastrtps_cpp' as default
-- Found cv_bridge: 3.2.1 (/opt/ros/humble/share/cv_bridge/cmake)
-- Found image_transport: 3.1.12 (/opt/ros/humble/share/image_transport/cmake)
-- Found camera_info_manager: 3.1.12 (/opt/ros/humble/share/camera_info_manager/cmake)
-- Found humanoid_interfaces: 0.0.0 (/home/yu/colcon_ws/install/humanoid_interfaces/share/humanoid_interfaces/cmake)
-- Configuring incomplete, errors occurred!
See also "/home/yu/colcon_ws/build/robocup_vision25/CMakeFiles/CMakeOutput.log".
[31mCMake Error at CMakeLists.txt:20 (find_package):
  By not providing "Finddynamixel_rdk_msgs.cmake" in CMAKE_MODULE_PATH this
  project has asked CMake to find a package configuration file provided by
  "dynamixel_rdk_msgs", but CMake did not find one.

  Could not find a package configuration file provided by
  "dynamixel_rdk_msgs" with any of the following names:

    dynamixel_rdk_msgsConfig.cmake
    dynamixel_rdk_msgs-config.cmake

  Add the installation prefix of "dynamixel_rdk_msgs" to CMAKE_PREFIX_PATH or
  set "dynamixel_rdk_msgs_DIR" to a directory containing one of the above
  files.  If "dynamixel_rdk_msgs" provides a separate development package or
  SDK, be sure it has been installed.

[0m
