[0.023s] Invoking command in '/home/yu/colcon_ws/build/robocup_vision25': CMAKE_PREFIX_PATH=${CMAKE_PREFIX_PATH}:/home/yu/ros2_ws/install/python_parameter_tutorial:/opt/ros/humble /usr/bin/cmake /home/yu/colcon_ws/src/robocup_vision25 -DCMAKE_INSTALL_PREFIX=/home/yu/colcon_ws/install/robocup_vision25
[0.030s] -- Found ament_cmake: 1.3.12 (/opt/ros/humble/share/ament_cmake/cmake)
[0.164s] -- Found rclpy: 3.3.17 (/opt/ros/humble/share/rclpy/cmake)
[0.164s] -- Found rclcpp: 16.0.14 (/opt/ros/humble/share/rclcpp/cmake)
[0.191s] -- Found rosidl_generator_c: 3.1.7 (/opt/ros/humble/share/rosidl_generator_c/cmake)
[0.191s] -- Found rosidl_adapter: 3.1.7 (/opt/ros/humble/share/rosidl_adapter/cmake)
[0.202s] -- Found rosidl_generator_cpp: 3.1.7 (/opt/ros/humble/share/rosidl_generator_cpp/cmake)
[0.222s] -- Using all available rosidl_typesupport_c: rosidl_typesupport_fastrtps_c;rosidl_typesupport_introspection_c
[0.234s] -- Using all available rosidl_typesupport_cpp: rosidl_typesupport_fastrtps_cpp;rosidl_typesupport_introspection_cpp
[0.268s] -- Found rmw_implementation_cmake: 6.1.2 (/opt/ros/humble/share/rmw_implementation_cmake/cmake)
[0.268s] -- Found rmw_fastrtps_cpp: 6.2.8 (/opt/ros/humble/share/rmw_fastrtps_cpp/cmake)
[0.365s] -- Using RMW implementation 'rmw_fastrtps_cpp' as default
[0.402s] -- Found cv_bridge: 3.2.1 (/opt/ros/humble/share/cv_bridge/cmake)
[0.431s] -- Found image_transport: 3.1.12 (/opt/ros/humble/share/image_transport/cmake)
[0.447s] -- Found camera_info_manager: 3.1.12 (/opt/ros/humble/share/camera_info_manager/cmake)
[0.466s] -- Found humanoid_interfaces: 0.0.0 (/home/yu/colcon_ws/install/humanoid_interfaces/share/humanoid_interfaces/cmake)
[0.492s] -- Configuring incomplete, errors occurred!
[0.492s] See also "/home/yu/colcon_ws/build/robocup_vision25/CMakeFiles/CMakeOutput.log".
[0.495s] [31mCMake Error at CMakeLists.txt:20 (find_package):
[0.495s]   By not providing "Finddynamixel_rdk_msgs.cmake" in CMAKE_MODULE_PATH this
[0.495s]   project has asked CMake to find a package configuration file provided by
[0.495s]   "dynamixel_rdk_msgs", but CMake did not find one.
[0.495s] 
[0.495s]   Could not find a package configuration file provided by
[0.495s]   "dynamixel_rdk_msgs" with any of the following names:
[0.495s] 
[0.495s]     dynamixel_rdk_msgsConfig.cmake
[0.495s]     dynamixel_rdk_msgs-config.cmake
[0.495s] 
[0.495s]   Add the installation prefix of "dynamixel_rdk_msgs" to CMAKE_PREFIX_PATH or
[0.495s]   set "dynamixel_rdk_msgs_DIR" to a directory containing one of the above
[0.496s]   files.  If "dynamixel_rdk_msgs" provides a separate development package or
[0.496s]   SDK, be sure it has been installed.
[0.496s] 
[0.496s] [0m
[0.504s] Invoked command in '/home/yu/colcon_ws/build/robocup_vision25' returned '1': CMAKE_PREFIX_PATH=${CMAKE_PREFIX_PATH}:/home/yu/ros2_ws/install/python_parameter_tutorial:/opt/ros/humble /usr/bin/cmake /home/yu/colcon_ws/src/robocup_vision25 -DCMAKE_INSTALL_PREFIX=/home/yu/colcon_ws/install/robocup_vision25
