[0.051s] DEBUG:colcon:Command line arguments: ['/usr/bin/colcon', 'build', '--symlink-install', '--packages-select', 'humanoid_interfaces', 'dynamixel_rdk_msgs']
[0.051s] DEBUG:colcon:Parsed command line arguments: Namespace(log_base=None, log_level=None, verb_name='build', build_base='build', install_base='install', merge_install=False, symlink_install=True, test_result_base=None, continue_on_error=False, executor='parallel', parallel_workers=8, event_handlers=None, ignore_user_meta=False, metas=['./colcon.meta'], base_paths=['.'], packages_ignore=None, packages_ignore_regex=None, paths=None, packages_up_to=None, packages_up_to_regex=None, packages_above=None, packages_above_and_dependencies=None, packages_above_depth=None, packages_select_by_dep=None, packages_skip_by_dep=None, packages_skip_up_to=None, packages_select_build_failed=False, packages_skip_build_finished=False, packages_select_test_failures=False, packages_skip_test_passed=False, packages_select=['humanoid_interfaces', 'dynamixel_rdk_msgs'], packages_skip=None, packages_select_regex=None, packages_skip_regex=None, packages_start=None, packages_end=None, allow_overriding=[], cmake_args=None, cmake_target=None, cmake_target_skip_unavailable=False, cmake_clean_cache=False, cmake_clean_first=False, cmake_force_configure=False, ament_cmake_args=None, catkin_cmake_args=None, catkin_skip_building_tests=False, mixin_files=None, mixin=None, verb_parser=<colcon_mixin.mixin.mixin_argument.MixinArgumentDecorator object at 0x70ca30ffe920>, verb_extension=<colcon_core.verb.build.BuildVerb object at 0x70ca30ffe470>, main=<bound method BuildVerb.main of <colcon_core.verb.build.BuildVerb object at 0x70ca30ffe470>>, mixin_verb=('build',))
[0.118s] Level 1:colcon.colcon_core.package_discovery:discover_packages(colcon_meta) check parameters
[0.118s] Level 1:colcon.colcon_core.package_discovery:discover_packages(recursive) check parameters
[0.118s] Level 1:colcon.colcon_core.package_discovery:discover_packages(ignore) check parameters
[0.118s] Level 1:colcon.colcon_core.package_discovery:discover_packages(path) check parameters
[0.118s] Level 1:colcon.colcon_core.package_discovery:discover_packages(colcon_meta) discover
[0.118s] Level 1:colcon.colcon_core.package_discovery:discover_packages(recursive) discover
[0.118s] INFO:colcon.colcon_core.package_discovery:Crawling recursively for packages in '/home/yu/colcon_ws'
[0.118s] Level 1:colcon.colcon_core.package_identification:_identify(.) by extensions ['ignore', 'ignore_ament_install']
[0.119s] Level 1:colcon.colcon_core.package_identification:_identify(.) by extension 'ignore'
[0.119s] Level 1:colcon.colcon_core.package_identification:_identify(.) by extension 'ignore_ament_install'
[0.119s] Level 1:colcon.colcon_core.package_identification:_identify(.) by extensions ['colcon_pkg']
[0.119s] Level 1:colcon.colcon_core.package_identification:_identify(.) by extension 'colcon_pkg'
[0.119s] Level 1:colcon.colcon_core.package_identification:_identify(.) by extensions ['colcon_meta']
[0.119s] Level 1:colcon.colcon_core.package_identification:_identify(.) by extension 'colcon_meta'
[0.119s] Level 1:colcon.colcon_core.package_identification:_identify(.) by extensions ['ros']
[0.119s] Level 1:colcon.colcon_core.package_identification:_identify(.) by extension 'ros'
[0.124s] Level 1:colcon.colcon_core.package_identification:_identify(.) by extensions ['cmake', 'python']
[0.124s] Level 1:colcon.colcon_core.package_identification:_identify(.) by extension 'cmake'
[0.124s] Level 1:colcon.colcon_core.package_identification:_identify(.) by extension 'python'
[0.124s] Level 1:colcon.colcon_core.package_identification:_identify(.) by extensions ['python_setup_py']
[0.124s] Level 1:colcon.colcon_core.package_identification:_identify(.) by extension 'python_setup_py'
[0.124s] Level 1:colcon.colcon_core.package_identification:_identify(build) by extensions ['ignore', 'ignore_ament_install']
[0.124s] Level 1:colcon.colcon_core.package_identification:_identify(build) by extension 'ignore'
[0.124s] Level 1:colcon.colcon_core.package_identification:_identify(build) ignored
[0.124s] Level 1:colcon.colcon_core.package_identification:_identify(install) by extensions ['ignore', 'ignore_ament_install']
[0.124s] Level 1:colcon.colcon_core.package_identification:_identify(install) by extension 'ignore'
[0.124s] Level 1:colcon.colcon_core.package_identification:_identify(install) ignored
[0.124s] Level 1:colcon.colcon_core.package_identification:_identify(log) by extensions ['ignore', 'ignore_ament_install']
[0.124s] Level 1:colcon.colcon_core.package_identification:_identify(log) by extension 'ignore'
[0.124s] Level 1:colcon.colcon_core.package_identification:_identify(log) ignored
[0.124s] Level 1:colcon.colcon_core.package_identification:_identify(src) by extensions ['ignore', 'ignore_ament_install']
[0.124s] Level 1:colcon.colcon_core.package_identification:_identify(src) by extension 'ignore'
[0.124s] Level 1:colcon.colcon_core.package_identification:_identify(src) by extension 'ignore_ament_install'
[0.124s] Level 1:colcon.colcon_core.package_identification:_identify(src) by extensions ['colcon_pkg']
[0.124s] Level 1:colcon.colcon_core.package_identification:_identify(src) by extension 'colcon_pkg'
[0.124s] Level 1:colcon.colcon_core.package_identification:_identify(src) by extensions ['colcon_meta']
[0.124s] Level 1:colcon.colcon_core.package_identification:_identify(src) by extension 'colcon_meta'
[0.124s] Level 1:colcon.colcon_core.package_identification:_identify(src) by extensions ['ros']
[0.124s] Level 1:colcon.colcon_core.package_identification:_identify(src) by extension 'ros'
[0.124s] Level 1:colcon.colcon_core.package_identification:_identify(src) by extensions ['cmake', 'python']
[0.124s] Level 1:colcon.colcon_core.package_identification:_identify(src) by extension 'cmake'
[0.124s] Level 1:colcon.colcon_core.package_identification:_identify(src) by extension 'python'
[0.124s] Level 1:colcon.colcon_core.package_identification:_identify(src) by extensions ['python_setup_py']
[0.124s] Level 1:colcon.colcon_core.package_identification:_identify(src) by extension 'python_setup_py'
[0.124s] Level 1:colcon.colcon_core.package_identification:_identify(src/dynamixel_rdk) by extensions ['ignore', 'ignore_ament_install']
[0.124s] Level 1:colcon.colcon_core.package_identification:_identify(src/dynamixel_rdk) by extension 'ignore'
[0.124s] Level 1:colcon.colcon_core.package_identification:_identify(src/dynamixel_rdk) by extension 'ignore_ament_install'
[0.124s] Level 1:colcon.colcon_core.package_identification:_identify(src/dynamixel_rdk) by extensions ['colcon_pkg']
[0.124s] Level 1:colcon.colcon_core.package_identification:_identify(src/dynamixel_rdk) by extension 'colcon_pkg'
[0.124s] Level 1:colcon.colcon_core.package_identification:_identify(src/dynamixel_rdk) by extensions ['colcon_meta']
[0.124s] Level 1:colcon.colcon_core.package_identification:_identify(src/dynamixel_rdk) by extension 'colcon_meta'
[0.124s] Level 1:colcon.colcon_core.package_identification:_identify(src/dynamixel_rdk) by extensions ['ros']
[0.124s] Level 1:colcon.colcon_core.package_identification:_identify(src/dynamixel_rdk) by extension 'ros'
[0.124s] Level 1:colcon.colcon_core.package_identification:_identify(src/dynamixel_rdk) by extensions ['cmake', 'python']
[0.124s] Level 1:colcon.colcon_core.package_identification:_identify(src/dynamixel_rdk) by extension 'cmake'
[0.124s] Level 1:colcon.colcon_core.package_identification:_identify(src/dynamixel_rdk) by extension 'python'
[0.124s] Level 1:colcon.colcon_core.package_identification:_identify(src/dynamixel_rdk) by extensions ['python_setup_py']
[0.125s] Level 1:colcon.colcon_core.package_identification:_identify(src/dynamixel_rdk) by extension 'python_setup_py'
[0.125s] Level 1:colcon.colcon_core.package_identification:_identify(src/dynamixel_rdk/dynamixel-RDK) by extensions ['ignore', 'ignore_ament_install']
[0.125s] Level 1:colcon.colcon_core.package_identification:_identify(src/dynamixel_rdk/dynamixel-RDK) by extension 'ignore'
[0.125s] Level 1:colcon.colcon_core.package_identification:_identify(src/dynamixel_rdk/dynamixel-RDK) by extension 'ignore_ament_install'
[0.125s] Level 1:colcon.colcon_core.package_identification:_identify(src/dynamixel_rdk/dynamixel-RDK) by extensions ['colcon_pkg']
[0.125s] Level 1:colcon.colcon_core.package_identification:_identify(src/dynamixel_rdk/dynamixel-RDK) by extension 'colcon_pkg'
[0.125s] Level 1:colcon.colcon_core.package_identification:_identify(src/dynamixel_rdk/dynamixel-RDK) by extensions ['colcon_meta']
[0.125s] Level 1:colcon.colcon_core.package_identification:_identify(src/dynamixel_rdk/dynamixel-RDK) by extension 'colcon_meta'
[0.125s] Level 1:colcon.colcon_core.package_identification:_identify(src/dynamixel_rdk/dynamixel-RDK) by extensions ['ros']
[0.125s] Level 1:colcon.colcon_core.package_identification:_identify(src/dynamixel_rdk/dynamixel-RDK) by extension 'ros'
[0.125s] Level 1:colcon.colcon_core.package_identification:_identify(src/dynamixel_rdk/dynamixel-RDK) by extensions ['cmake', 'python']
[0.125s] Level 1:colcon.colcon_core.package_identification:_identify(src/dynamixel_rdk/dynamixel-RDK) by extension 'cmake'
[0.125s] Level 1:colcon.colcon_core.package_identification:_identify(src/dynamixel_rdk/dynamixel-RDK) by extension 'python'
[0.125s] Level 1:colcon.colcon_core.package_identification:_identify(src/dynamixel_rdk/dynamixel-RDK) by extensions ['python_setup_py']
[0.125s] Level 1:colcon.colcon_core.package_identification:_identify(src/dynamixel_rdk/dynamixel-RDK) by extension 'python_setup_py'
[0.125s] Level 1:colcon.colcon_core.package_identification:_identify(src/dynamixel_rdk/dynamixel-RDK/docs) by extensions ['ignore', 'ignore_ament_install']
[0.125s] Level 1:colcon.colcon_core.package_identification:_identify(src/dynamixel_rdk/dynamixel-RDK/docs) by extension 'ignore'
[0.125s] Level 1:colcon.colcon_core.package_identification:_identify(src/dynamixel_rdk/dynamixel-RDK/docs) by extension 'ignore_ament_install'
[0.125s] Level 1:colcon.colcon_core.package_identification:_identify(src/dynamixel_rdk/dynamixel-RDK/docs) by extensions ['colcon_pkg']
[0.125s] Level 1:colcon.colcon_core.package_identification:_identify(src/dynamixel_rdk/dynamixel-RDK/docs) by extension 'colcon_pkg'
[0.125s] Level 1:colcon.colcon_core.package_identification:_identify(src/dynamixel_rdk/dynamixel-RDK/docs) by extensions ['colcon_meta']
[0.125s] Level 1:colcon.colcon_core.package_identification:_identify(src/dynamixel_rdk/dynamixel-RDK/docs) by extension 'colcon_meta'
[0.125s] Level 1:colcon.colcon_core.package_identification:_identify(src/dynamixel_rdk/dynamixel-RDK/docs) by extensions ['ros']
[0.125s] Level 1:colcon.colcon_core.package_identification:_identify(src/dynamixel_rdk/dynamixel-RDK/docs) by extension 'ros'
[0.125s] Level 1:colcon.colcon_core.package_identification:_identify(src/dynamixel_rdk/dynamixel-RDK/docs) by extensions ['cmake', 'python']
[0.125s] Level 1:colcon.colcon_core.package_identification:_identify(src/dynamixel_rdk/dynamixel-RDK/docs) by extension 'cmake'
[0.125s] Level 1:colcon.colcon_core.package_identification:_identify(src/dynamixel_rdk/dynamixel-RDK/docs) by extension 'python'
[0.125s] Level 1:colcon.colcon_core.package_identification:_identify(src/dynamixel_rdk/dynamixel-RDK/docs) by extensions ['python_setup_py']
[0.125s] Level 1:colcon.colcon_core.package_identification:_identify(src/dynamixel_rdk/dynamixel-RDK/docs) by extension 'python_setup_py'
[0.125s] Level 1:colcon.colcon_core.package_identification:_identify(src/dynamixel_rdk/dynamixel-RDK/docs/images) by extensions ['ignore', 'ignore_ament_install']
[0.125s] Level 1:colcon.colcon_core.package_identification:_identify(src/dynamixel_rdk/dynamixel-RDK/docs/images) by extension 'ignore'
[0.125s] Level 1:colcon.colcon_core.package_identification:_identify(src/dynamixel_rdk/dynamixel-RDK/docs/images) by extension 'ignore_ament_install'
[0.125s] Level 1:colcon.colcon_core.package_identification:_identify(src/dynamixel_rdk/dynamixel-RDK/docs/images) by extensions ['colcon_pkg']
[0.125s] Level 1:colcon.colcon_core.package_identification:_identify(src/dynamixel_rdk/dynamixel-RDK/docs/images) by extension 'colcon_pkg'
[0.125s] Level 1:colcon.colcon_core.package_identification:_identify(src/dynamixel_rdk/dynamixel-RDK/docs/images) by extensions ['colcon_meta']
[0.125s] Level 1:colcon.colcon_core.package_identification:_identify(src/dynamixel_rdk/dynamixel-RDK/docs/images) by extension 'colcon_meta'
[0.125s] Level 1:colcon.colcon_core.package_identification:_identify(src/dynamixel_rdk/dynamixel-RDK/docs/images) by extensions ['ros']
[0.125s] Level 1:colcon.colcon_core.package_identification:_identify(src/dynamixel_rdk/dynamixel-RDK/docs/images) by extension 'ros'
[0.125s] Level 1:colcon.colcon_core.package_identification:_identify(src/dynamixel_rdk/dynamixel-RDK/docs/images) by extensions ['cmake', 'python']
[0.125s] Level 1:colcon.colcon_core.package_identification:_identify(src/dynamixel_rdk/dynamixel-RDK/docs/images) by extension 'cmake'
[0.125s] Level 1:colcon.colcon_core.package_identification:_identify(src/dynamixel_rdk/dynamixel-RDK/docs/images) by extension 'python'
[0.125s] Level 1:colcon.colcon_core.package_identification:_identify(src/dynamixel_rdk/dynamixel-RDK/docs/images) by extensions ['python_setup_py']
[0.125s] Level 1:colcon.colcon_core.package_identification:_identify(src/dynamixel_rdk/dynamixel-RDK/docs/images) by extension 'python_setup_py'
[0.125s] Level 1:colcon.colcon_core.package_identification:_identify(src/dynamixel_rdk/dynamixel-RDK/dynamixel_rdk_msgs) by extensions ['ignore', 'ignore_ament_install']
[0.125s] Level 1:colcon.colcon_core.package_identification:_identify(src/dynamixel_rdk/dynamixel-RDK/dynamixel_rdk_msgs) by extension 'ignore'
[0.125s] Level 1:colcon.colcon_core.package_identification:_identify(src/dynamixel_rdk/dynamixel-RDK/dynamixel_rdk_msgs) by extension 'ignore_ament_install'
[0.125s] Level 1:colcon.colcon_core.package_identification:_identify(src/dynamixel_rdk/dynamixel-RDK/dynamixel_rdk_msgs) by extensions ['colcon_pkg']
[0.125s] Level 1:colcon.colcon_core.package_identification:_identify(src/dynamixel_rdk/dynamixel-RDK/dynamixel_rdk_msgs) by extension 'colcon_pkg'
[0.125s] Level 1:colcon.colcon_core.package_identification:_identify(src/dynamixel_rdk/dynamixel-RDK/dynamixel_rdk_msgs) by extensions ['colcon_meta']
[0.125s] Level 1:colcon.colcon_core.package_identification:_identify(src/dynamixel_rdk/dynamixel-RDK/dynamixel_rdk_msgs) by extension 'colcon_meta'
[0.125s] Level 1:colcon.colcon_core.package_identification:_identify(src/dynamixel_rdk/dynamixel-RDK/dynamixel_rdk_msgs) by extensions ['ros']
[0.125s] Level 1:colcon.colcon_core.package_identification:_identify(src/dynamixel_rdk/dynamixel-RDK/dynamixel_rdk_msgs) by extension 'ros'
[0.127s] DEBUG:colcon.colcon_core.package_identification:Package 'src/dynamixel_rdk/dynamixel-RDK/dynamixel_rdk_msgs' with type 'ros.ament_cmake' and name 'dynamixel_rdk_msgs'
[0.127s] Level 1:colcon.colcon_core.package_identification:_identify(src/dynamixel_rdk/dynamixel-RDK/dynamixel_rdk_ros) by extensions ['ignore', 'ignore_ament_install']
[0.127s] Level 1:colcon.colcon_core.package_identification:_identify(src/dynamixel_rdk/dynamixel-RDK/dynamixel_rdk_ros) by extension 'ignore'
[0.127s] Level 1:colcon.colcon_core.package_identification:_identify(src/dynamixel_rdk/dynamixel-RDK/dynamixel_rdk_ros) by extension 'ignore_ament_install'
[0.127s] Level 1:colcon.colcon_core.package_identification:_identify(src/dynamixel_rdk/dynamixel-RDK/dynamixel_rdk_ros) by extensions ['colcon_pkg']
[0.127s] Level 1:colcon.colcon_core.package_identification:_identify(src/dynamixel_rdk/dynamixel-RDK/dynamixel_rdk_ros) by extension 'colcon_pkg'
[0.127s] Level 1:colcon.colcon_core.package_identification:_identify(src/dynamixel_rdk/dynamixel-RDK/dynamixel_rdk_ros) by extensions ['colcon_meta']
[0.127s] Level 1:colcon.colcon_core.package_identification:_identify(src/dynamixel_rdk/dynamixel-RDK/dynamixel_rdk_ros) by extension 'colcon_meta'
[0.127s] Level 1:colcon.colcon_core.package_identification:_identify(src/dynamixel_rdk/dynamixel-RDK/dynamixel_rdk_ros) by extensions ['ros']
[0.127s] Level 1:colcon.colcon_core.package_identification:_identify(src/dynamixel_rdk/dynamixel-RDK/dynamixel_rdk_ros) by extension 'ros'
[0.127s] DEBUG:colcon.colcon_core.package_identification:Package 'src/dynamixel_rdk/dynamixel-RDK/dynamixel_rdk_ros' with type 'ros.ament_cmake' and name 'dynamixel_rdk_ros'
[0.127s] Level 1:colcon.colcon_core.package_identification:_identify(src/ebimu) by extensions ['ignore', 'ignore_ament_install']
[0.127s] Level 1:colcon.colcon_core.package_identification:_identify(src/ebimu) by extension 'ignore'
[0.127s] Level 1:colcon.colcon_core.package_identification:_identify(src/ebimu) by extension 'ignore_ament_install'
[0.127s] Level 1:colcon.colcon_core.package_identification:_identify(src/ebimu) by extensions ['colcon_pkg']
[0.127s] Level 1:colcon.colcon_core.package_identification:_identify(src/ebimu) by extension 'colcon_pkg'
[0.127s] Level 1:colcon.colcon_core.package_identification:_identify(src/ebimu) by extensions ['colcon_meta']
[0.127s] Level 1:colcon.colcon_core.package_identification:_identify(src/ebimu) by extension 'colcon_meta'
[0.127s] Level 1:colcon.colcon_core.package_identification:_identify(src/ebimu) by extensions ['ros']
[0.127s] Level 1:colcon.colcon_core.package_identification:_identify(src/ebimu) by extension 'ros'
[0.128s] DEBUG:colcon.colcon_core.package_identification:Package 'src/ebimu' with type 'ros.ament_cmake' and name 'ebimu'
[0.128s] Level 1:colcon.colcon_core.package_identification:_identify(src/humanoid_interfaces) by extensions ['ignore', 'ignore_ament_install']
[0.128s] Level 1:colcon.colcon_core.package_identification:_identify(src/humanoid_interfaces) by extension 'ignore'
[0.128s] Level 1:colcon.colcon_core.package_identification:_identify(src/humanoid_interfaces) by extension 'ignore_ament_install'
[0.128s] Level 1:colcon.colcon_core.package_identification:_identify(src/humanoid_interfaces) by extensions ['colcon_pkg']
[0.128s] Level 1:colcon.colcon_core.package_identification:_identify(src/humanoid_interfaces) by extension 'colcon_pkg'
[0.128s] Level 1:colcon.colcon_core.package_identification:_identify(src/humanoid_interfaces) by extensions ['colcon_meta']
[0.128s] Level 1:colcon.colcon_core.package_identification:_identify(src/humanoid_interfaces) by extension 'colcon_meta'
[0.128s] Level 1:colcon.colcon_core.package_identification:_identify(src/humanoid_interfaces) by extensions ['ros']
[0.128s] Level 1:colcon.colcon_core.package_identification:_identify(src/humanoid_interfaces) by extension 'ros'
[0.128s] DEBUG:colcon.colcon_core.package_identification:Package 'src/humanoid_interfaces' with type 'ros.ament_cmake' and name 'humanoid_interfaces'
[0.128s] Level 1:colcon.colcon_core.package_identification:_identify(src/ik_walk) by extensions ['ignore', 'ignore_ament_install']
[0.128s] Level 1:colcon.colcon_core.package_identification:_identify(src/ik_walk) by extension 'ignore'
[0.128s] Level 1:colcon.colcon_core.package_identification:_identify(src/ik_walk) by extension 'ignore_ament_install'
[0.128s] Level 1:colcon.colcon_core.package_identification:_identify(src/ik_walk) by extensions ['colcon_pkg']
[0.128s] Level 1:colcon.colcon_core.package_identification:_identify(src/ik_walk) by extension 'colcon_pkg'
[0.128s] Level 1:colcon.colcon_core.package_identification:_identify(src/ik_walk) by extensions ['colcon_meta']
[0.128s] Level 1:colcon.colcon_core.package_identification:_identify(src/ik_walk) by extension 'colcon_meta'
[0.128s] Level 1:colcon.colcon_core.package_identification:_identify(src/ik_walk) by extensions ['ros']
[0.128s] Level 1:colcon.colcon_core.package_identification:_identify(src/ik_walk) by extension 'ros'
[0.129s] DEBUG:colcon.colcon_core.package_identification:Package 'src/ik_walk' with type 'ros.ament_cmake' and name 'ik_walk'
[0.129s] Level 1:colcon.colcon_core.package_identification:_identify(src/ocam_ros2) by extensions ['ignore', 'ignore_ament_install']
[0.129s] Level 1:colcon.colcon_core.package_identification:_identify(src/ocam_ros2) by extension 'ignore'
[0.129s] Level 1:colcon.colcon_core.package_identification:_identify(src/ocam_ros2) by extension 'ignore_ament_install'
[0.129s] Level 1:colcon.colcon_core.package_identification:_identify(src/ocam_ros2) by extensions ['colcon_pkg']
[0.129s] Level 1:colcon.colcon_core.package_identification:_identify(src/ocam_ros2) by extension 'colcon_pkg'
[0.129s] Level 1:colcon.colcon_core.package_identification:_identify(src/ocam_ros2) by extensions ['colcon_meta']
[0.129s] Level 1:colcon.colcon_core.package_identification:_identify(src/ocam_ros2) by extension 'colcon_meta'
[0.129s] Level 1:colcon.colcon_core.package_identification:_identify(src/ocam_ros2) by extensions ['ros']
[0.129s] Level 1:colcon.colcon_core.package_identification:_identify(src/ocam_ros2) by extension 'ros'
[0.129s] DEBUG:colcon.colcon_core.package_identification:Package 'src/ocam_ros2' with type 'ros.ament_cmake' and name 'ocam_ros2'
[0.129s] Level 1:colcon.colcon_core.package_identification:_identify(src/robocup_master25) by extensions ['ignore', 'ignore_ament_install']
[0.129s] Level 1:colcon.colcon_core.package_identification:_identify(src/robocup_master25) by extension 'ignore'
[0.129s] Level 1:colcon.colcon_core.package_identification:_identify(src/robocup_master25) by extension 'ignore_ament_install'
[0.129s] Level 1:colcon.colcon_core.package_identification:_identify(src/robocup_master25) by extensions ['colcon_pkg']
[0.129s] Level 1:colcon.colcon_core.package_identification:_identify(src/robocup_master25) by extension 'colcon_pkg'
[0.129s] Level 1:colcon.colcon_core.package_identification:_identify(src/robocup_master25) by extensions ['colcon_meta']
[0.129s] Level 1:colcon.colcon_core.package_identification:_identify(src/robocup_master25) by extension 'colcon_meta'
[0.129s] Level 1:colcon.colcon_core.package_identification:_identify(src/robocup_master25) by extensions ['ros']
[0.129s] Level 1:colcon.colcon_core.package_identification:_identify(src/robocup_master25) by extension 'ros'
[0.130s] DEBUG:colcon.colcon_core.package_identification:Package 'src/robocup_master25' with type 'ros.ament_cmake' and name 'robocup_master25'
[0.130s] Level 1:colcon.colcon_core.package_identification:_identify(src/robocup_vision25) by extensions ['ignore', 'ignore_ament_install']
[0.130s] Level 1:colcon.colcon_core.package_identification:_identify(src/robocup_vision25) by extension 'ignore'
[0.130s] Level 1:colcon.colcon_core.package_identification:_identify(src/robocup_vision25) by extension 'ignore_ament_install'
[0.130s] Level 1:colcon.colcon_core.package_identification:_identify(src/robocup_vision25) by extensions ['colcon_pkg']
[0.130s] Level 1:colcon.colcon_core.package_identification:_identify(src/robocup_vision25) by extension 'colcon_pkg'
[0.130s] Level 1:colcon.colcon_core.package_identification:_identify(src/robocup_vision25) by extensions ['colcon_meta']
[0.130s] Level 1:colcon.colcon_core.package_identification:_identify(src/robocup_vision25) by extension 'colcon_meta'
[0.130s] Level 1:colcon.colcon_core.package_identification:_identify(src/robocup_vision25) by extensions ['ros']
[0.130s] Level 1:colcon.colcon_core.package_identification:_identify(src/robocup_vision25) by extension 'ros'
[0.130s] DEBUG:colcon.colcon_core.package_identification:Package 'src/robocup_vision25' with type 'ros.ament_cmake' and name 'robocup_vision25'
[0.130s] Level 1:colcon.colcon_core.package_identification:_identify(src/tune_walk) by extensions ['ignore', 'ignore_ament_install']
[0.130s] Level 1:colcon.colcon_core.package_identification:_identify(src/tune_walk) by extension 'ignore'
[0.130s] Level 1:colcon.colcon_core.package_identification:_identify(src/tune_walk) by extension 'ignore_ament_install'
[0.130s] Level 1:colcon.colcon_core.package_identification:_identify(src/tune_walk) by extensions ['colcon_pkg']
[0.130s] Level 1:colcon.colcon_core.package_identification:_identify(src/tune_walk) by extension 'colcon_pkg'
[0.130s] Level 1:colcon.colcon_core.package_identification:_identify(src/tune_walk) by extensions ['colcon_meta']
[0.130s] Level 1:colcon.colcon_core.package_identification:_identify(src/tune_walk) by extension 'colcon_meta'
[0.130s] Level 1:colcon.colcon_core.package_identification:_identify(src/tune_walk) by extensions ['ros']
[0.130s] Level 1:colcon.colcon_core.package_identification:_identify(src/tune_walk) by extension 'ros'
[0.131s] DEBUG:colcon.colcon_core.package_identification:Package 'src/tune_walk' with type 'ros.ament_cmake' and name 'tune_walk'
[0.131s] Level 1:colcon.colcon_core.package_discovery:discover_packages(recursive) using defaults
[0.131s] Level 1:colcon.colcon_core.package_discovery:discover_packages(ignore) discover
[0.131s] Level 1:colcon.colcon_core.package_discovery:discover_packages(ignore) using defaults
[0.131s] Level 1:colcon.colcon_core.package_discovery:discover_packages(path) discover
[0.131s] Level 1:colcon.colcon_core.package_discovery:discover_packages(path) using defaults
[0.146s] INFO:colcon.colcon_core.package_selection:Skipping not selected package 'ocam_ros2' in 'src/ocam_ros2'
[0.146s] INFO:colcon.colcon_core.package_selection:Skipping not selected package 'robocup_master25' in 'src/robocup_master25'
[0.146s] INFO:colcon.colcon_core.package_selection:Skipping not selected package 'robocup_vision25' in 'src/robocup_vision25'
[0.146s] INFO:colcon.colcon_core.package_selection:Skipping not selected package 'dynamixel_rdk_ros' in 'src/dynamixel_rdk/dynamixel-RDK/dynamixel_rdk_ros'
[0.146s] INFO:colcon.colcon_core.package_selection:Skipping not selected package 'ebimu' in 'src/ebimu'
[0.146s] INFO:colcon.colcon_core.package_selection:Skipping not selected package 'tune_walk' in 'src/tune_walk'
[0.146s] INFO:colcon.colcon_core.package_selection:Skipping not selected package 'ik_walk' in 'src/ik_walk'
[0.146s] Level 1:colcon.colcon_core.package_discovery:discover_packages(prefix_path) check parameters
[0.146s] Level 1:colcon.colcon_core.package_discovery:discover_packages(prefix_path) discover
[0.147s] WARNING:colcon.colcon_ros.prefix_path.ament:The path '/home/yu/colcon_ws/install/humanoid_interfaces' in the environment variable AMENT_PREFIX_PATH doesn't exist
[0.147s] WARNING:colcon.colcon_ros.prefix_path.catkin:The path '/home/yu/colcon_ws/install/humanoid_interfaces' in the environment variable CMAKE_PREFIX_PATH doesn't exist
[0.147s] DEBUG:colcon.colcon_installed_package_information.package_discovery:Found 0 installed packages in /home/yu/colcon_ws/install
[0.147s] DEBUG:colcon.colcon_installed_package_information.package_discovery:Found 3 installed packages in /home/yu/ros2_ws/install
[0.147s] DEBUG:colcon.colcon_installed_package_information.package_discovery:Found 2 installed packages in /home/yu/ros2_ws/src/install
[0.148s] DEBUG:colcon.colcon_installed_package_information.package_discovery:Found 300 installed packages in /opt/ros/humble
[0.149s] Level 1:colcon.colcon_core.package_discovery:discover_packages(prefix_path) using defaults
[0.165s] Level 5:colcon.colcon_core.verb:set package 'dynamixel_rdk_msgs' build argument 'cmake_args' from command line to 'None'
[0.165s] Level 5:colcon.colcon_core.verb:set package 'dynamixel_rdk_msgs' build argument 'cmake_target' from command line to 'None'
[0.165s] Level 5:colcon.colcon_core.verb:set package 'dynamixel_rdk_msgs' build argument 'cmake_target_skip_unavailable' from command line to 'False'
[0.165s] Level 5:colcon.colcon_core.verb:set package 'dynamixel_rdk_msgs' build argument 'cmake_clean_cache' from command line to 'False'
[0.165s] Level 5:colcon.colcon_core.verb:set package 'dynamixel_rdk_msgs' build argument 'cmake_clean_first' from command line to 'False'
[0.165s] Level 5:colcon.colcon_core.verb:set package 'dynamixel_rdk_msgs' build argument 'cmake_force_configure' from command line to 'False'
[0.165s] Level 5:colcon.colcon_core.verb:set package 'dynamixel_rdk_msgs' build argument 'ament_cmake_args' from command line to 'None'
[0.165s] Level 5:colcon.colcon_core.verb:set package 'dynamixel_rdk_msgs' build argument 'catkin_cmake_args' from command line to 'None'
[0.165s] Level 5:colcon.colcon_core.verb:set package 'dynamixel_rdk_msgs' build argument 'catkin_skip_building_tests' from command line to 'False'
[0.165s] DEBUG:colcon.colcon_core.verb:Building package 'dynamixel_rdk_msgs' with the following arguments: {'ament_cmake_args': None, 'build_base': '/home/yu/colcon_ws/build/dynamixel_rdk_msgs', 'catkin_cmake_args': None, 'catkin_skip_building_tests': False, 'cmake_args': None, 'cmake_clean_cache': False, 'cmake_clean_first': False, 'cmake_force_configure': False, 'cmake_target': None, 'cmake_target_skip_unavailable': False, 'install_base': '/home/yu/colcon_ws/install/dynamixel_rdk_msgs', 'merge_install': False, 'path': '/home/yu/colcon_ws/src/dynamixel_rdk/dynamixel-RDK/dynamixel_rdk_msgs', 'symlink_install': True, 'test_result_base': None}
[0.165s] Level 5:colcon.colcon_core.verb:set package 'humanoid_interfaces' build argument 'cmake_args' from command line to 'None'
[0.165s] Level 5:colcon.colcon_core.verb:set package 'humanoid_interfaces' build argument 'cmake_target' from command line to 'None'
[0.165s] Level 5:colcon.colcon_core.verb:set package 'humanoid_interfaces' build argument 'cmake_target_skip_unavailable' from command line to 'False'
[0.165s] Level 5:colcon.colcon_core.verb:set package 'humanoid_interfaces' build argument 'cmake_clean_cache' from command line to 'False'
[0.165s] Level 5:colcon.colcon_core.verb:set package 'humanoid_interfaces' build argument 'cmake_clean_first' from command line to 'False'
[0.165s] Level 5:colcon.colcon_core.verb:set package 'humanoid_interfaces' build argument 'cmake_force_configure' from command line to 'False'
[0.165s] Level 5:colcon.colcon_core.verb:set package 'humanoid_interfaces' build argument 'ament_cmake_args' from command line to 'None'
[0.166s] Level 5:colcon.colcon_core.verb:set package 'humanoid_interfaces' build argument 'catkin_cmake_args' from command line to 'None'
[0.166s] Level 5:colcon.colcon_core.verb:set package 'humanoid_interfaces' build argument 'catkin_skip_building_tests' from command line to 'False'
[0.166s] DEBUG:colcon.colcon_core.verb:Building package 'humanoid_interfaces' with the following arguments: {'ament_cmake_args': None, 'build_base': '/home/yu/colcon_ws/build/humanoid_interfaces', 'catkin_cmake_args': None, 'catkin_skip_building_tests': False, 'cmake_args': None, 'cmake_clean_cache': False, 'cmake_clean_first': False, 'cmake_force_configure': False, 'cmake_target': None, 'cmake_target_skip_unavailable': False, 'install_base': '/home/yu/colcon_ws/install/humanoid_interfaces', 'merge_install': False, 'path': '/home/yu/colcon_ws/src/humanoid_interfaces', 'symlink_install': True, 'test_result_base': None}
[0.166s] INFO:colcon.colcon_core.executor:Executing jobs using 'parallel' executor
[0.166s] DEBUG:colcon.colcon_parallel_executor.executor.parallel:run_until_complete
[0.167s] INFO:colcon.colcon_ros.task.ament_cmake.build:Building ROS package in '/home/yu/colcon_ws/src/dynamixel_rdk/dynamixel-RDK/dynamixel_rdk_msgs' with build type 'ament_cmake'
[0.167s] INFO:colcon.colcon_cmake.task.cmake.build:Building CMake package in '/home/yu/colcon_ws/src/dynamixel_rdk/dynamixel-RDK/dynamixel_rdk_msgs'
[0.168s] INFO:colcon.colcon_core.plugin_system:Skipping extension 'colcon_core.shell.bat': Not used on non-Windows systems
[0.168s] INFO:colcon.colcon_core.shell:Skip shell extension 'powershell' for command environment: Not usable outside of PowerShell
[0.168s] DEBUG:colcon.colcon_core.shell:Skip shell extension 'dsv' for command environment
[0.169s] INFO:colcon.colcon_ros.task.ament_cmake.build:Building ROS package in '/home/yu/colcon_ws/src/humanoid_interfaces' with build type 'ament_cmake'
[0.170s] INFO:colcon.colcon_cmake.task.cmake.build:Building CMake package in '/home/yu/colcon_ws/src/humanoid_interfaces'
[0.170s] INFO:colcon.colcon_core.shell:Skip shell extension 'powershell' for command environment: Not usable outside of PowerShell
[0.170s] DEBUG:colcon.colcon_core.shell:Skip shell extension 'dsv' for command environment
[0.174s] DEBUG:colcon.colcon_core.event_handler.log_command:Invoking command in '/home/yu/colcon_ws/build/dynamixel_rdk_msgs': CMAKE_PREFIX_PATH=${CMAKE_PREFIX_PATH}:/home/yu/ros2_ws/install/python_parameter_tutorial:/opt/ros/humble /usr/bin/cmake /home/yu/colcon_ws/src/dynamixel_rdk/dynamixel-RDK/dynamixel_rdk_msgs -DAMENT_CMAKE_SYMLINK_INSTALL=1 -DCMAKE_INSTALL_PREFIX=/home/yu/colcon_ws/install/dynamixel_rdk_msgs
[0.176s] DEBUG:colcon.colcon_core.event_handler.log_command:Invoking command in '/home/yu/colcon_ws/build/humanoid_interfaces': CMAKE_PREFIX_PATH=${CMAKE_PREFIX_PATH}:/home/yu/ros2_ws/install/python_parameter_tutorial:/opt/ros/humble /usr/bin/cmake /home/yu/colcon_ws/src/humanoid_interfaces -DAMENT_CMAKE_SYMLINK_INSTALL=1 -DCMAKE_INSTALL_PREFIX=/home/yu/colcon_ws/install/humanoid_interfaces
[1.056s] DEBUG:colcon.colcon_core.event_handler.log_command:Invoked command in '/home/yu/colcon_ws/build/dynamixel_rdk_msgs' returned '0': CMAKE_PREFIX_PATH=${CMAKE_PREFIX_PATH}:/home/yu/ros2_ws/install/python_parameter_tutorial:/opt/ros/humble /usr/bin/cmake /home/yu/colcon_ws/src/dynamixel_rdk/dynamixel-RDK/dynamixel_rdk_msgs -DAMENT_CMAKE_SYMLINK_INSTALL=1 -DCMAKE_INSTALL_PREFIX=/home/yu/colcon_ws/install/dynamixel_rdk_msgs
[1.056s] DEBUG:colcon.colcon_core.event_handler.log_command:Invoking command in '/home/yu/colcon_ws/build/dynamixel_rdk_msgs': CMAKE_PREFIX_PATH=${CMAKE_PREFIX_PATH}:/home/yu/ros2_ws/install/python_parameter_tutorial:/opt/ros/humble /usr/bin/cmake --build /home/yu/colcon_ws/build/dynamixel_rdk_msgs -- -j8 -l8
[1.221s] DEBUG:colcon.colcon_core.event_handler.log_command:Invoked command in '/home/yu/colcon_ws/build/humanoid_interfaces' returned '0': CMAKE_PREFIX_PATH=${CMAKE_PREFIX_PATH}:/home/yu/ros2_ws/install/python_parameter_tutorial:/opt/ros/humble /usr/bin/cmake /home/yu/colcon_ws/src/humanoid_interfaces -DAMENT_CMAKE_SYMLINK_INSTALL=1 -DCMAKE_INSTALL_PREFIX=/home/yu/colcon_ws/install/humanoid_interfaces
[1.222s] DEBUG:colcon.colcon_core.event_handler.log_command:Invoking command in '/home/yu/colcon_ws/build/humanoid_interfaces': CMAKE_PREFIX_PATH=${CMAKE_PREFIX_PATH}:/home/yu/ros2_ws/install/python_parameter_tutorial:/opt/ros/humble /usr/bin/cmake --build /home/yu/colcon_ws/build/humanoid_interfaces -- -j8 -l8
[4.070s] DEBUG:colcon.colcon_core.event_handler.log_command:Invoked command in '/home/yu/colcon_ws/build/dynamixel_rdk_msgs' returned '0': CMAKE_PREFIX_PATH=${CMAKE_PREFIX_PATH}:/home/yu/ros2_ws/install/python_parameter_tutorial:/opt/ros/humble /usr/bin/cmake --build /home/yu/colcon_ws/build/dynamixel_rdk_msgs -- -j8 -l8
[4.089s] DEBUG:colcon.colcon_core.event_handler.log_command:Invoking command in '/home/yu/colcon_ws/build/dynamixel_rdk_msgs': CMAKE_PREFIX_PATH=${CMAKE_PREFIX_PATH}:/home/yu/ros2_ws/install/python_parameter_tutorial:/opt/ros/humble /usr/bin/cmake --install /home/yu/colcon_ws/build/dynamixel_rdk_msgs
[5.263s] Level 1:colcon.colcon_core.environment:create_environment_scripts_only(dynamixel_rdk_msgs)
[5.265s] Level 1:colcon.colcon_core.environment:checking '/home/yu/colcon_ws/install/dynamixel_rdk_msgs' for CMake module files
[5.268s] Level 1:colcon.colcon_core.environment:checking '/home/yu/colcon_ws/install/dynamixel_rdk_msgs' for CMake config files
[5.268s] Level 1:colcon.colcon_core.shell:create_environment_hook('dynamixel_rdk_msgs', 'cmake_prefix_path')
[5.268s] INFO:colcon.colcon_core.shell:Creating environment hook '/home/yu/colcon_ws/install/dynamixel_rdk_msgs/share/dynamixel_rdk_msgs/hook/cmake_prefix_path.ps1'
[5.271s] INFO:colcon.colcon_core.shell:Creating environment descriptor '/home/yu/colcon_ws/install/dynamixel_rdk_msgs/share/dynamixel_rdk_msgs/hook/cmake_prefix_path.dsv'
[5.272s] INFO:colcon.colcon_core.shell:Creating environment hook '/home/yu/colcon_ws/install/dynamixel_rdk_msgs/share/dynamixel_rdk_msgs/hook/cmake_prefix_path.sh'
[5.272s] Level 1:colcon.colcon_core.environment:checking '/home/yu/colcon_ws/install/dynamixel_rdk_msgs/lib'
[5.272s] Level 1:colcon.colcon_core.shell:create_environment_hook('dynamixel_rdk_msgs', 'ld_library_path_lib')
[5.274s] INFO:colcon.colcon_core.shell:Creating environment hook '/home/yu/colcon_ws/install/dynamixel_rdk_msgs/share/dynamixel_rdk_msgs/hook/ld_library_path_lib.ps1'
[5.274s] INFO:colcon.colcon_core.shell:Creating environment descriptor '/home/yu/colcon_ws/install/dynamixel_rdk_msgs/share/dynamixel_rdk_msgs/hook/ld_library_path_lib.dsv'
[5.274s] INFO:colcon.colcon_core.shell:Creating environment hook '/home/yu/colcon_ws/install/dynamixel_rdk_msgs/share/dynamixel_rdk_msgs/hook/ld_library_path_lib.sh'
[5.275s] DEBUG:colcon.colcon_core.event_handler.log_command:Invoked command in '/home/yu/colcon_ws/build/dynamixel_rdk_msgs' returned '0': CMAKE_PREFIX_PATH=${CMAKE_PREFIX_PATH}:/home/yu/ros2_ws/install/python_parameter_tutorial:/opt/ros/humble /usr/bin/cmake --install /home/yu/colcon_ws/build/dynamixel_rdk_msgs
[5.275s] Level 1:colcon.colcon_core.environment:checking '/home/yu/colcon_ws/install/dynamixel_rdk_msgs/bin'
[5.275s] Level 1:colcon.colcon_core.environment:checking '/home/yu/colcon_ws/install/dynamixel_rdk_msgs/lib/pkgconfig/dynamixel_rdk_msgs.pc'
[5.277s] Level 1:colcon.colcon_core.environment:checking '/home/yu/colcon_ws/install/dynamixel_rdk_msgs/lib/python3.10/site-packages'
[5.277s] Level 1:colcon.colcon_core.environment:checking '/home/yu/colcon_ws/install/dynamixel_rdk_msgs/bin'
[5.277s] INFO:colcon.colcon_core.shell:Creating package script '/home/yu/colcon_ws/install/dynamixel_rdk_msgs/share/dynamixel_rdk_msgs/package.ps1'
[5.278s] INFO:colcon.colcon_core.shell:Creating package descriptor '/home/yu/colcon_ws/install/dynamixel_rdk_msgs/share/dynamixel_rdk_msgs/package.dsv'
[5.280s] INFO:colcon.colcon_core.shell:Creating package script '/home/yu/colcon_ws/install/dynamixel_rdk_msgs/share/dynamixel_rdk_msgs/package.sh'
[5.280s] INFO:colcon.colcon_core.shell:Creating package script '/home/yu/colcon_ws/install/dynamixel_rdk_msgs/share/dynamixel_rdk_msgs/package.bash'
[5.281s] INFO:colcon.colcon_core.shell:Creating package script '/home/yu/colcon_ws/install/dynamixel_rdk_msgs/share/dynamixel_rdk_msgs/package.zsh'
[5.281s] Level 1:colcon.colcon_core.environment:create_file_with_runtime_dependencies(/home/yu/colcon_ws/install/dynamixel_rdk_msgs/share/colcon-core/packages/dynamixel_rdk_msgs)
[5.282s] Level 1:colcon.colcon_core.environment:create_environment_scripts_only(dynamixel_rdk_msgs)
[5.284s] Level 1:colcon.colcon_core.environment:checking '/home/yu/colcon_ws/install/dynamixel_rdk_msgs' for CMake module files
[5.284s] Level 1:colcon.colcon_core.environment:checking '/home/yu/colcon_ws/install/dynamixel_rdk_msgs' for CMake config files
[5.284s] Level 1:colcon.colcon_core.shell:create_environment_hook('dynamixel_rdk_msgs', 'cmake_prefix_path')
[5.284s] INFO:colcon.colcon_core.shell:Creating environment hook '/home/yu/colcon_ws/install/dynamixel_rdk_msgs/share/dynamixel_rdk_msgs/hook/cmake_prefix_path.ps1'
[5.286s] INFO:colcon.colcon_core.shell:Creating environment descriptor '/home/yu/colcon_ws/install/dynamixel_rdk_msgs/share/dynamixel_rdk_msgs/hook/cmake_prefix_path.dsv'
[5.286s] INFO:colcon.colcon_core.shell:Creating environment hook '/home/yu/colcon_ws/install/dynamixel_rdk_msgs/share/dynamixel_rdk_msgs/hook/cmake_prefix_path.sh'
[5.286s] Level 1:colcon.colcon_core.environment:checking '/home/yu/colcon_ws/install/dynamixel_rdk_msgs/lib'
[5.286s] Level 1:colcon.colcon_core.shell:create_environment_hook('dynamixel_rdk_msgs', 'ld_library_path_lib')
[5.287s] INFO:colcon.colcon_core.shell:Creating environment hook '/home/yu/colcon_ws/install/dynamixel_rdk_msgs/share/dynamixel_rdk_msgs/hook/ld_library_path_lib.ps1'
[5.287s] INFO:colcon.colcon_core.shell:Creating environment descriptor '/home/yu/colcon_ws/install/dynamixel_rdk_msgs/share/dynamixel_rdk_msgs/hook/ld_library_path_lib.dsv'
[5.288s] INFO:colcon.colcon_core.shell:Creating environment hook '/home/yu/colcon_ws/install/dynamixel_rdk_msgs/share/dynamixel_rdk_msgs/hook/ld_library_path_lib.sh'
[5.288s] Level 1:colcon.colcon_core.environment:checking '/home/yu/colcon_ws/install/dynamixel_rdk_msgs/bin'
[5.288s] Level 1:colcon.colcon_core.environment:checking '/home/yu/colcon_ws/install/dynamixel_rdk_msgs/lib/pkgconfig/dynamixel_rdk_msgs.pc'
[5.288s] Level 1:colcon.colcon_core.environment:checking '/home/yu/colcon_ws/install/dynamixel_rdk_msgs/lib/python3.10/site-packages'
[5.288s] Level 1:colcon.colcon_core.environment:checking '/home/yu/colcon_ws/install/dynamixel_rdk_msgs/bin'
[5.288s] INFO:colcon.colcon_core.shell:Creating package script '/home/yu/colcon_ws/install/dynamixel_rdk_msgs/share/dynamixel_rdk_msgs/package.ps1'
[5.289s] INFO:colcon.colcon_core.shell:Creating package descriptor '/home/yu/colcon_ws/install/dynamixel_rdk_msgs/share/dynamixel_rdk_msgs/package.dsv'
[5.289s] INFO:colcon.colcon_core.shell:Creating package script '/home/yu/colcon_ws/install/dynamixel_rdk_msgs/share/dynamixel_rdk_msgs/package.sh'
[5.290s] INFO:colcon.colcon_core.shell:Creating package script '/home/yu/colcon_ws/install/dynamixel_rdk_msgs/share/dynamixel_rdk_msgs/package.bash'
[5.290s] INFO:colcon.colcon_core.shell:Creating package script '/home/yu/colcon_ws/install/dynamixel_rdk_msgs/share/dynamixel_rdk_msgs/package.zsh'
[5.290s] Level 1:colcon.colcon_core.environment:create_file_with_runtime_dependencies(/home/yu/colcon_ws/install/dynamixel_rdk_msgs/share/colcon-core/packages/dynamixel_rdk_msgs)
[10.410s] DEBUG:colcon.colcon_core.event_handler.log_command:Invoked command in '/home/yu/colcon_ws/build/humanoid_interfaces' returned '0': CMAKE_PREFIX_PATH=${CMAKE_PREFIX_PATH}:/home/yu/ros2_ws/install/python_parameter_tutorial:/opt/ros/humble /usr/bin/cmake --build /home/yu/colcon_ws/build/humanoid_interfaces -- -j8 -l8
[10.411s] DEBUG:colcon.colcon_core.event_handler.log_command:Invoking command in '/home/yu/colcon_ws/build/humanoid_interfaces': CMAKE_PREFIX_PATH=${CMAKE_PREFIX_PATH}:/home/yu/ros2_ws/install/python_parameter_tutorial:/opt/ros/humble /usr/bin/cmake --install /home/yu/colcon_ws/build/humanoid_interfaces
[12.790s] Level 1:colcon.colcon_core.environment:create_environment_scripts_only(humanoid_interfaces)
[12.791s] Level 1:colcon.colcon_core.environment:checking '/home/yu/colcon_ws/install/humanoid_interfaces' for CMake module files
[12.791s] Level 1:colcon.colcon_core.environment:checking '/home/yu/colcon_ws/install/humanoid_interfaces' for CMake config files
[12.791s] Level 1:colcon.colcon_core.shell:create_environment_hook('humanoid_interfaces', 'cmake_prefix_path')
[12.791s] INFO:colcon.colcon_core.shell:Creating environment hook '/home/yu/colcon_ws/install/humanoid_interfaces/share/humanoid_interfaces/hook/cmake_prefix_path.ps1'
[12.791s] INFO:colcon.colcon_core.shell:Creating environment descriptor '/home/yu/colcon_ws/install/humanoid_interfaces/share/humanoid_interfaces/hook/cmake_prefix_path.dsv'
[12.791s] INFO:colcon.colcon_core.shell:Creating environment hook '/home/yu/colcon_ws/install/humanoid_interfaces/share/humanoid_interfaces/hook/cmake_prefix_path.sh'
[12.792s] Level 1:colcon.colcon_core.environment:checking '/home/yu/colcon_ws/install/humanoid_interfaces/lib'
[12.792s] Level 1:colcon.colcon_core.shell:create_environment_hook('humanoid_interfaces', 'ld_library_path_lib')
[12.792s] INFO:colcon.colcon_core.shell:Creating environment hook '/home/yu/colcon_ws/install/humanoid_interfaces/share/humanoid_interfaces/hook/ld_library_path_lib.ps1'
[12.792s] INFO:colcon.colcon_core.shell:Creating environment descriptor '/home/yu/colcon_ws/install/humanoid_interfaces/share/humanoid_interfaces/hook/ld_library_path_lib.dsv'
[12.792s] INFO:colcon.colcon_core.shell:Creating environment hook '/home/yu/colcon_ws/install/humanoid_interfaces/share/humanoid_interfaces/hook/ld_library_path_lib.sh'
[12.793s] DEBUG:colcon.colcon_core.event_handler.log_command:Invoked command in '/home/yu/colcon_ws/build/humanoid_interfaces' returned '0': CMAKE_PREFIX_PATH=${CMAKE_PREFIX_PATH}:/home/yu/ros2_ws/install/python_parameter_tutorial:/opt/ros/humble /usr/bin/cmake --install /home/yu/colcon_ws/build/humanoid_interfaces
[12.795s] Level 1:colcon.colcon_core.environment:checking '/home/yu/colcon_ws/install/humanoid_interfaces/bin'
[12.795s] Level 1:colcon.colcon_core.environment:checking '/home/yu/colcon_ws/install/humanoid_interfaces/lib/pkgconfig/humanoid_interfaces.pc'
[12.795s] Level 1:colcon.colcon_core.environment:checking '/home/yu/colcon_ws/install/humanoid_interfaces/lib/python3.10/site-packages'
[12.795s] Level 1:colcon.colcon_core.environment:checking '/home/yu/colcon_ws/install/humanoid_interfaces/bin'
[12.795s] INFO:colcon.colcon_core.shell:Creating package script '/home/yu/colcon_ws/install/humanoid_interfaces/share/humanoid_interfaces/package.ps1'
[12.795s] INFO:colcon.colcon_core.shell:Creating package descriptor '/home/yu/colcon_ws/install/humanoid_interfaces/share/humanoid_interfaces/package.dsv'
[12.795s] INFO:colcon.colcon_core.shell:Creating package script '/home/yu/colcon_ws/install/humanoid_interfaces/share/humanoid_interfaces/package.sh'
[12.796s] INFO:colcon.colcon_core.shell:Creating package script '/home/yu/colcon_ws/install/humanoid_interfaces/share/humanoid_interfaces/package.bash'
[12.796s] INFO:colcon.colcon_core.shell:Creating package script '/home/yu/colcon_ws/install/humanoid_interfaces/share/humanoid_interfaces/package.zsh'
[12.796s] Level 1:colcon.colcon_core.environment:create_file_with_runtime_dependencies(/home/yu/colcon_ws/install/humanoid_interfaces/share/colcon-core/packages/humanoid_interfaces)
[12.796s] Level 1:colcon.colcon_core.environment:create_environment_scripts_only(humanoid_interfaces)
[12.796s] Level 1:colcon.colcon_core.environment:checking '/home/yu/colcon_ws/install/humanoid_interfaces' for CMake module files
[12.796s] Level 1:colcon.colcon_core.environment:checking '/home/yu/colcon_ws/install/humanoid_interfaces' for CMake config files
[12.796s] Level 1:colcon.colcon_core.shell:create_environment_hook('humanoid_interfaces', 'cmake_prefix_path')
[12.797s] INFO:colcon.colcon_core.shell:Creating environment hook '/home/yu/colcon_ws/install/humanoid_interfaces/share/humanoid_interfaces/hook/cmake_prefix_path.ps1'
[12.797s] INFO:colcon.colcon_core.shell:Creating environment descriptor '/home/yu/colcon_ws/install/humanoid_interfaces/share/humanoid_interfaces/hook/cmake_prefix_path.dsv'
[12.797s] INFO:colcon.colcon_core.shell:Creating environment hook '/home/yu/colcon_ws/install/humanoid_interfaces/share/humanoid_interfaces/hook/cmake_prefix_path.sh'
[12.797s] Level 1:colcon.colcon_core.environment:checking '/home/yu/colcon_ws/install/humanoid_interfaces/lib'
[12.797s] Level 1:colcon.colcon_core.shell:create_environment_hook('humanoid_interfaces', 'ld_library_path_lib')
[12.797s] INFO:colcon.colcon_core.shell:Creating environment hook '/home/yu/colcon_ws/install/humanoid_interfaces/share/humanoid_interfaces/hook/ld_library_path_lib.ps1'
[12.797s] INFO:colcon.colcon_core.shell:Creating environment descriptor '/home/yu/colcon_ws/install/humanoid_interfaces/share/humanoid_interfaces/hook/ld_library_path_lib.dsv'
[12.797s] INFO:colcon.colcon_core.shell:Creating environment hook '/home/yu/colcon_ws/install/humanoid_interfaces/share/humanoid_interfaces/hook/ld_library_path_lib.sh'
[12.798s] Level 1:colcon.colcon_core.environment:checking '/home/yu/colcon_ws/install/humanoid_interfaces/bin'
[12.798s] Level 1:colcon.colcon_core.environment:checking '/home/yu/colcon_ws/install/humanoid_interfaces/lib/pkgconfig/humanoid_interfaces.pc'
[12.798s] Level 1:colcon.colcon_core.environment:checking '/home/yu/colcon_ws/install/humanoid_interfaces/lib/python3.10/site-packages'
[12.798s] Level 1:colcon.colcon_core.environment:checking '/home/yu/colcon_ws/install/humanoid_interfaces/bin'
[12.798s] INFO:colcon.colcon_core.shell:Creating package script '/home/yu/colcon_ws/install/humanoid_interfaces/share/humanoid_interfaces/package.ps1'
[12.798s] INFO:colcon.colcon_core.shell:Creating package descriptor '/home/yu/colcon_ws/install/humanoid_interfaces/share/humanoid_interfaces/package.dsv'
[12.798s] INFO:colcon.colcon_core.shell:Creating package script '/home/yu/colcon_ws/install/humanoid_interfaces/share/humanoid_interfaces/package.sh'
[12.799s] INFO:colcon.colcon_core.shell:Creating package script '/home/yu/colcon_ws/install/humanoid_interfaces/share/humanoid_interfaces/package.bash'
[12.799s] INFO:colcon.colcon_core.shell:Creating package script '/home/yu/colcon_ws/install/humanoid_interfaces/share/humanoid_interfaces/package.zsh'
[12.799s] Level 1:colcon.colcon_core.environment:create_file_with_runtime_dependencies(/home/yu/colcon_ws/install/humanoid_interfaces/share/colcon-core/packages/humanoid_interfaces)
[12.800s] DEBUG:colcon.colcon_parallel_executor.executor.parallel:closing loop
[12.800s] DEBUG:colcon.colcon_parallel_executor.executor.parallel:loop closed
[12.800s] DEBUG:colcon.colcon_parallel_executor.executor.parallel:run_until_complete finished with '0'
[12.800s] DEBUG:colcon.colcon_core.event_reactor:joining thread
[12.802s] INFO:colcon.colcon_core.plugin_system:Skipping extension 'colcon_notification.desktop_notification.terminal_notifier': Not used on non-Darwin systems
[12.803s] INFO:colcon.colcon_core.plugin_system:Skipping extension 'colcon_notification.desktop_notification.win32': Not used on non-Windows systems
[12.803s] INFO:colcon.colcon_notification.desktop_notification:Sending desktop notification using 'notify2'
[12.809s] DEBUG:colcon.colcon_core.event_reactor:joined thread
[12.809s] INFO:colcon.colcon_core.shell:Creating prefix script '/home/yu/colcon_ws/install/local_setup.ps1'
[12.810s] INFO:colcon.colcon_core.shell:Creating prefix util module '/home/yu/colcon_ws/install/_local_setup_util_ps1.py'
[12.811s] INFO:colcon.colcon_core.shell:Creating prefix chain script '/home/yu/colcon_ws/install/setup.ps1'
[12.812s] INFO:colcon.colcon_core.shell:Creating prefix script '/home/yu/colcon_ws/install/local_setup.sh'
[12.813s] INFO:colcon.colcon_core.shell:Creating prefix util module '/home/yu/colcon_ws/install/_local_setup_util_sh.py'
[12.813s] INFO:colcon.colcon_core.shell:Creating prefix chain script '/home/yu/colcon_ws/install/setup.sh'
[12.814s] INFO:colcon.colcon_core.shell:Creating prefix script '/home/yu/colcon_ws/install/local_setup.bash'
[12.814s] INFO:colcon.colcon_core.shell:Creating prefix chain script '/home/yu/colcon_ws/install/setup.bash'
[12.814s] INFO:colcon.colcon_core.shell:Creating prefix script '/home/yu/colcon_ws/install/local_setup.zsh'
[12.814s] INFO:colcon.colcon_core.shell:Creating prefix chain script '/home/yu/colcon_ws/install/setup.zsh'
