[0.026s] Invoking command in '/home/yu/colcon_ws/build/robocup_vision25': CMAKE_PREFIX_PATH=${CMAKE_PREFIX_PATH}:/home/yu/ros2_ws/install/python_parameter_tutorial:/opt/ros/humble /usr/bin/cmake --build /home/yu/colcon_ws/build/robocup_vision25 -- -j8 -l8
[0.085s] [35m[1mConsolidate compiler generated dependencies of target robocup_vision25_node[0m
[0.113s] [100%] Built target robocup_vision25_node
[0.138s] Invoked command in '/home/yu/colcon_ws/build/robocup_vision25' returned '0': CMAKE_PREFIX_PATH=${CMAKE_PREFIX_PATH}:/home/yu/ros2_ws/install/python_parameter_tutorial:/opt/ros/humble /usr/bin/cmake --build /home/yu/colcon_ws/build/robocup_vision25 -- -j8 -l8
[0.142s] Invoking command in '/home/yu/colcon_ws/build/robocup_vision25': CMAKE_PREFIX_PATH=${CMAKE_PREFIX_PATH}:/home/yu/ros2_ws/install/python_parameter_tutorial:/opt/ros/humble /usr/bin/cmake --install /home/yu/colcon_ws/build/robocup_vision25
[0.145s] -- Install configuration: ""
[0.145s] -- Up-to-date: /home/yu/colcon_ws/install/robocup_vision25/lib/robocup_vision25/robocup_vision25_node
[0.145s] -- Up-to-date: /home/yu/colcon_ws/install/robocup_vision25/share/ament_index/resource_index/package_run_dependencies/robocup_vision25
[0.145s] -- Up-to-date: /home/yu/colcon_ws/install/robocup_vision25/share/ament_index/resource_index/parent_prefix_path/robocup_vision25
[0.145s] -- Up-to-date: /home/yu/colcon_ws/install/robocup_vision25/share/robocup_vision25/environment/ament_prefix_path.sh
[0.145s] -- Up-to-date: /home/yu/colcon_ws/install/robocup_vision25/share/robocup_vision25/environment/ament_prefix_path.dsv
[0.145s] -- Up-to-date: /home/yu/colcon_ws/install/robocup_vision25/share/robocup_vision25/environment/path.sh
[0.145s] -- Up-to-date: /home/yu/colcon_ws/install/robocup_vision25/share/robocup_vision25/environment/path.dsv
[0.145s] -- Up-to-date: /home/yu/colcon_ws/install/robocup_vision25/share/robocup_vision25/local_setup.bash
[0.145s] -- Up-to-date: /home/yu/colcon_ws/install/robocup_vision25/share/robocup_vision25/local_setup.sh
[0.145s] -- Up-to-date: /home/yu/colcon_ws/install/robocup_vision25/share/robocup_vision25/local_setup.zsh
[0.145s] -- Up-to-date: /home/yu/colcon_ws/install/robocup_vision25/share/robocup_vision25/local_setup.dsv
[0.145s] -- Installing: /home/yu/colcon_ws/install/robocup_vision25/share/robocup_vision25/package.dsv
[0.145s] -- Up-to-date: /home/yu/colcon_ws/install/robocup_vision25/share/ament_index/resource_index/packages/robocup_vision25
[0.148s] -- Up-to-date: /home/yu/colcon_ws/install/robocup_vision25/share/robocup_vision25/cmake/robocup_vision25Config.cmake
[0.148s] -- Up-to-date: /home/yu/colcon_ws/install/robocup_vision25/share/robocup_vision25/cmake/robocup_vision25Config-version.cmake
[0.148s] -- Up-to-date: /home/yu/colcon_ws/install/robocup_vision25/share/robocup_vision25/package.xml
[0.163s] Invoked command in '/home/yu/colcon_ws/build/robocup_vision25' returned '0': CMAKE_PREFIX_PATH=${CMAKE_PREFIX_PATH}:/home/yu/ros2_ws/install/python_parameter_tutorial:/opt/ros/humble /usr/bin/cmake --install /home/yu/colcon_ws/build/robocup_vision25
