[0.023s] Invoking command in '/home/yu/colcon_ws/build/robocup_vision25': CMAKE_PREFIX_PATH=${CMAKE_PREFIX_PATH}:/home/yu/ros2_ws/install/python_parameter_tutorial:/opt/ros/humble /usr/bin/cmake /home/yu/colcon_ws/src/robocup_vision25 -DCMAKE_INSTALL_PREFIX=/home/yu/colcon_ws/install/robocup_vision25
[0.030s] -- Found ament_cmake: 1.3.12 (/opt/ros/humble/share/ament_cmake/cmake)
[0.141s] -- Override CMake install command with custom implementation using symlinks instead of copying resources
[0.153s] -- Found rclpy: 3.3.17 (/opt/ros/humble/share/rclpy/cmake)
[0.154s] -- Found rclcpp: 16.0.14 (/opt/ros/humble/share/rclcpp/cmake)
[0.188s] -- Found rosidl_generator_c: 3.1.7 (/opt/ros/humble/share/rosidl_generator_c/cmake)
[0.189s] -- Found rosidl_adapter: 3.1.7 (/opt/ros/humble/share/rosidl_adapter/cmake)
[0.192s] -- Found rosidl_generator_cpp: 3.1.7 (/opt/ros/humble/share/rosidl_generator_cpp/cmake)
[0.198s] -- Using all available rosidl_typesupport_c: rosidl_typesupport_fastrtps_c;rosidl_typesupport_introspection_c
[0.208s] -- Using all available rosidl_typesupport_cpp: rosidl_typesupport_fastrtps_cpp;rosidl_typesupport_introspection_cpp
[0.225s] -- Found rmw_implementation_cmake: 6.1.2 (/opt/ros/humble/share/rmw_implementation_cmake/cmake)
[0.225s] -- Found rmw_fastrtps_cpp: 6.2.8 (/opt/ros/humble/share/rmw_fastrtps_cpp/cmake)
[0.286s] -- Using RMW implementation 'rmw_fastrtps_cpp' as default
[0.311s] -- Found cv_bridge: 3.2.1 (/opt/ros/humble/share/cv_bridge/cmake)
[0.332s] -- Found image_transport: 3.1.12 (/opt/ros/humble/share/image_transport/cmake)
[0.342s] -- Found camera_info_manager: 3.1.12 (/opt/ros/humble/share/camera_info_manager/cmake)
[0.356s] -- Found humanoid_interfaces: 0.0.0 (/home/yu/colcon_ws/install/humanoid_interfaces/share/humanoid_interfaces/cmake)
[0.361s] -- Found dynamixel_rdk_msgs: 0.0.1 (/home/yu/colcon_ws/install/dynamixel_rdk_msgs/share/dynamixel_rdk_msgs/cmake)
[0.372s] -- Found ament_lint_auto: 0.12.14 (/opt/ros/humble/share/ament_lint_auto/cmake)
[0.432s] -- Added test 'cppcheck' to perform static code analysis on C / C++ code
[0.432s] -- Configured cppcheck include dirs: /home/yu/colcon_ws/src/robocup_vision25/include
[0.432s] -- Configured cppcheck exclude dirs and/or files: 
[0.432s] -- Added test 'flake8' to check Python code syntax and style conventions
[0.432s] -- Added test 'lint_cmake' to check CMake code style
[0.432s] -- Added test 'pep257' to check Python code against some of the docstring style conventions in PEP 257
[0.433s] -- Added test 'uncrustify' to check C / C++ code style
[0.434s] -- Configured uncrustify additional arguments: 
[0.434s] -- Added test 'xmllint' to check XML markup files
[0.434s] -- Configuring done
[0.454s] -- Generating done
[0.458s] -- Build files have been written to: /home/yu/colcon_ws/build/robocup_vision25
[0.463s] Invoked command in '/home/yu/colcon_ws/build/robocup_vision25' returned '0': CMAKE_PREFIX_PATH=${CMAKE_PREFIX_PATH}:/home/yu/ros2_ws/install/python_parameter_tutorial:/opt/ros/humble /usr/bin/cmake /home/yu/colcon_ws/src/robocup_vision25 -DCMAKE_INSTALL_PREFIX=/home/yu/colcon_ws/install/robocup_vision25
[0.464s] Invoking command in '/home/yu/colcon_ws/build/robocup_vision25': CMAKE_PREFIX_PATH=${CMAKE_PREFIX_PATH}:/home/yu/ros2_ws/install/python_parameter_tutorial:/opt/ros/humble /usr/bin/cmake --build /home/yu/colcon_ws/build/robocup_vision25 -- -j8 -l8
[0.498s] [35m[1mConsolidate compiler generated dependencies of target robocup_vision25[0m
[0.518s] [100%] Built target robocup_vision25
[0.536s] Invoked command in '/home/yu/colcon_ws/build/robocup_vision25' returned '0': CMAKE_PREFIX_PATH=${CMAKE_PREFIX_PATH}:/home/yu/ros2_ws/install/python_parameter_tutorial:/opt/ros/humble /usr/bin/cmake --build /home/yu/colcon_ws/build/robocup_vision25 -- -j8 -l8
[0.537s] Invoking command in '/home/yu/colcon_ws/build/robocup_vision25': CMAKE_PREFIX_PATH=${CMAKE_PREFIX_PATH}:/home/yu/ros2_ws/install/python_parameter_tutorial:/opt/ros/humble /usr/bin/cmake --install /home/yu/colcon_ws/build/robocup_vision25
[0.545s] -- Install configuration: ""
[0.545s] -- Execute custom install script
[0.546s] -- Up-to-date symlink: /home/yu/colcon_ws/install/robocup_vision25/lib/robocup_vision25/robocup_vision25
[0.546s] -- Up-to-date symlink: /home/yu/colcon_ws/install/robocup_vision25/share/robocup_vision25/launch/robocup_vision25_launch.py
[0.546s] -- Up-to-date symlink: /home/yu/colcon_ws/install/robocup_vision25/share/ament_index/resource_index/package_run_dependencies/robocup_vision25
[0.546s] -- Up-to-date symlink: /home/yu/colcon_ws/install/robocup_vision25/share/ament_index/resource_index/parent_prefix_path/robocup_vision25
[0.546s] -- Up-to-date symlink: /home/yu/colcon_ws/install/robocup_vision25/share/robocup_vision25/environment/ament_prefix_path.sh
[0.546s] -- Up-to-date symlink: /home/yu/colcon_ws/install/robocup_vision25/share/robocup_vision25/environment/ament_prefix_path.dsv
[0.547s] -- Up-to-date symlink: /home/yu/colcon_ws/install/robocup_vision25/share/robocup_vision25/environment/path.sh
[0.547s] -- Up-to-date symlink: /home/yu/colcon_ws/install/robocup_vision25/share/robocup_vision25/environment/path.dsv
[0.547s] -- Up-to-date symlink: /home/yu/colcon_ws/install/robocup_vision25/share/robocup_vision25/local_setup.bash
[0.547s] -- Up-to-date symlink: /home/yu/colcon_ws/install/robocup_vision25/share/robocup_vision25/local_setup.sh
[0.547s] -- Up-to-date symlink: /home/yu/colcon_ws/install/robocup_vision25/share/robocup_vision25/local_setup.zsh
[0.547s] -- Up-to-date symlink: /home/yu/colcon_ws/install/robocup_vision25/share/robocup_vision25/local_setup.dsv
[0.547s] -- Symlinking: /home/yu/colcon_ws/install/robocup_vision25/share/robocup_vision25/package.dsv
[0.556s] -- Up-to-date symlink: /home/yu/colcon_ws/install/robocup_vision25/share/ament_index/resource_index/packages/robocup_vision25
[0.556s] -- Up-to-date symlink: /home/yu/colcon_ws/install/robocup_vision25/share/robocup_vision25/cmake/robocup_vision25Config.cmake
[0.556s] -- Up-to-date symlink: /home/yu/colcon_ws/install/robocup_vision25/share/robocup_vision25/cmake/robocup_vision25Config-version.cmake
[0.556s] -- Up-to-date symlink: /home/yu/colcon_ws/install/robocup_vision25/share/robocup_vision25/package.xml
[0.559s] Invoked command in '/home/yu/colcon_ws/build/robocup_vision25' returned '0': CMAKE_PREFIX_PATH=${CMAKE_PREFIX_PATH}:/home/yu/ros2_ws/install/python_parameter_tutorial:/opt/ros/humble /usr/bin/cmake --install /home/yu/colcon_ws/build/robocup_vision25
