[0.007s] Invoking command in '/home/yu/colcon_ws/build/dynamixel_rdk_ros': AMENT_PREFIX_PATH=/home/yu/colcon_ws/install/dynamixel_rdk_msgs:${AMENT_PREFIX_PATH} CMAKE_PREFIX_PATH=/home/yu/colcon_ws/install/dynamixel_rdk_msgs:/home/yu/colcon_ws/install/humanoid_interfaces:/home/yu/ros2_ws/install/serial_test:/home/yu/ros2_ws/src/install/serial_test:/home/yu/ros2_ws/install/python_parameter_tutorial:/opt/ros/humble LD_LIBRARY_PATH=/home/yu/colcon_ws/install/dynamixel_rdk_msgs/lib:${LD_LIBRARY_PATH} PYTHONPATH=/home/yu/colcon_ws/install/dynamixel_rdk_msgs/local/lib/python3.10/dist-packages:${PYTHONPATH} /usr/bin/cmake /home/yu/colcon_ws/src/dynamixel_rdk/dynamixel-RDK/dynamixel_rdk_ros -DCMAKE_INSTALL_PREFIX=/home/yu/colcon_ws/install/dynamixel_rdk_ros
[0.042s] -- The C compiler identification is GNU 11.4.0
[0.085s] -- The CXX compiler identification is GNU 11.4.0
[0.090s] -- Detecting C compiler ABI info
[0.138s] -- Detecting C compiler ABI info - done
[0.143s] -- Check for working C compiler: /usr/bin/cc - skipped
[0.143s] -- Detecting C compile features
[0.144s] -- Detecting C compile features - done
[0.145s] -- Detecting CXX compiler ABI info
[0.222s] -- Detecting CXX compiler ABI info - done
[0.228s] -- Check for working CXX compiler: /usr/bin/c++ - skipped
[0.228s] -- Detecting CXX compile features
[0.228s] -- Detecting CXX compile features - done
[0.230s] -- Found ament_cmake_auto: 1.3.12 (/opt/ros/humble/share/ament_cmake_auto/cmake)
[0.337s] -- Found Python3: /usr/bin/python3 (found version "3.10.12") found components: Interpreter 
[0.454s] -- Found rosidl_generator_c: 3.1.7 (/opt/ros/humble/share/rosidl_generator_c/cmake)
[0.456s] -- Found rosidl_adapter: 3.1.7 (/opt/ros/humble/share/rosidl_adapter/cmake)
[0.460s] -- Found rosidl_generator_cpp: 3.1.7 (/opt/ros/humble/share/rosidl_generator_cpp/cmake)
[0.466s] -- Using all available rosidl_typesupport_c: rosidl_typesupport_fastrtps_c;rosidl_typesupport_introspection_c
[0.474s] -- Using all available rosidl_typesupport_cpp: rosidl_typesupport_fastrtps_cpp;rosidl_typesupport_introspection_cpp
[0.496s] -- Found rmw_implementation_cmake: 6.1.2 (/opt/ros/humble/share/rmw_implementation_cmake/cmake)
[0.497s] -- Found rmw_fastrtps_cpp: 6.2.8 (/opt/ros/humble/share/rmw_fastrtps_cpp/cmake)
[0.562s] -- Found OpenSSL: /usr/lib/x86_64-linux-gnu/libcrypto.so (found version "3.0.2")  
[0.577s] -- Found FastRTPS: /opt/ros/humble/include  
[0.600s] -- Using RMW implementation 'rmw_fastrtps_cpp' as default
[0.604s] -- Looking for pthread.h
[0.651s] -- Looking for pthread.h - found
[0.651s] -- Performing Test CMAKE_HAVE_LIBC_PTHREAD
[0.708s] -- Performing Test CMAKE_HAVE_LIBC_PTHREAD - Success
[0.708s] -- Found Threads: TRUE  
[0.742s] -- Found rclcpp_lifecycle: 16.0.14 (/opt/ros/humble/share/rclcpp_lifecycle/cmake)
[0.754s] -- Configuring done
[0.759s] -- Generating done
[0.761s] -- Build files have been written to: /home/yu/colcon_ws/build/dynamixel_rdk_ros
[0.773s] Invoked command in '/home/yu/colcon_ws/build/dynamixel_rdk_ros' returned '0': AMENT_PREFIX_PATH=/home/yu/colcon_ws/install/dynamixel_rdk_msgs:${AMENT_PREFIX_PATH} CMAKE_PREFIX_PATH=/home/yu/colcon_ws/install/dynamixel_rdk_msgs:/home/yu/colcon_ws/install/humanoid_interfaces:/home/yu/ros2_ws/install/serial_test:/home/yu/ros2_ws/src/install/serial_test:/home/yu/ros2_ws/install/python_parameter_tutorial:/opt/ros/humble LD_LIBRARY_PATH=/home/yu/colcon_ws/install/dynamixel_rdk_msgs/lib:${LD_LIBRARY_PATH} PYTHONPATH=/home/yu/colcon_ws/install/dynamixel_rdk_msgs/local/lib/python3.10/dist-packages:${PYTHONPATH} /usr/bin/cmake /home/yu/colcon_ws/src/dynamixel_rdk/dynamixel-RDK/dynamixel_rdk_ros -DCMAKE_INSTALL_PREFIX=/home/yu/colcon_ws/install/dynamixel_rdk_ros
[0.774s] Invoking command in '/home/yu/colcon_ws/build/dynamixel_rdk_ros': AMENT_PREFIX_PATH=/home/yu/colcon_ws/install/dynamixel_rdk_msgs:${AMENT_PREFIX_PATH} CMAKE_PREFIX_PATH=/home/yu/colcon_ws/install/dynamixel_rdk_msgs:/home/yu/colcon_ws/install/humanoid_interfaces:/home/yu/ros2_ws/install/serial_test:/home/yu/ros2_ws/src/install/serial_test:/home/yu/ros2_ws/install/python_parameter_tutorial:/opt/ros/humble LD_LIBRARY_PATH=/home/yu/colcon_ws/install/dynamixel_rdk_msgs/lib:${LD_LIBRARY_PATH} PYTHONPATH=/home/yu/colcon_ws/install/dynamixel_rdk_msgs/local/lib/python3.10/dist-packages:${PYTHONPATH} /usr/bin/cmake --build /home/yu/colcon_ws/build/dynamixel_rdk_ros -- -j8 -l8
[0.816s] [ 25%] [32mBuilding CXX object CMakeFiles/dynamixel_rdk_node.dir/src/dynamixel_rdk_node.cpp.o[0m
[0.816s] [ 75%] [32mBuilding CXX object CMakeFiles/dynamixel_rdk_node.dir/src/dynamixel_ctrl.cpp.o[0m
[0.816s] [ 75%] [32mBuilding CXX object CMakeFiles/dynamixel_rdk_node.dir/src/dynamixel.cpp.o[0m
[1.280s] [01m[K/home/yu/colcon_ws/src/dynamixel_rdk/dynamixel-RDK/dynamixel_rdk_ros/src/dynamixel.cpp:[m[K In member function ‘[01m[Kbool dynamixel_rdk_ros::Dynamixel::get_dynamixel_status(dynamixel::GroupSyncRead&)[m[K’:
[1.280s] [01m[K/home/yu/colcon_ws/src/dynamixel_rdk/dynamixel-RDK/dynamixel_rdk_ros/src/dynamixel.cpp:133:7:[m[K [01;35m[Kwarning: [m[Kunused variable ‘[01m[Kerror_status_int[m[K’ [[01;35m[K]8;;https://gcc.gnu.org/onlinedocs/gcc/Warning-Options.html#index-Wunused-variable-Wunused-variable]8;;[m[K]
[1.280s]   133 |   int [01;35m[Kerror_status_int[m[K = static_cast<int>(error_status);
[1.280s]       |       [01;35m[K^~~~~~~~~~~~~~~~[m[K
[1.354s] [01m[K/home/yu/colcon_ws/src/dynamixel_rdk/dynamixel-RDK/dynamixel_rdk_ros/src/dynamixel_ctrl.cpp:[m[K In member function ‘[01m[Kbool dynamixel_rdk_ros::DynamixelCtrl::read_dynamixel_status()[m[K’:
[1.354s] [01m[K/home/yu/colcon_ws/src/dynamixel_rdk/dynamixel-RDK/dynamixel_rdk_ros/src/dynamixel_ctrl.cpp:337:17:[m[K [01;35m[Kwarning: [m[Kunused variable ‘[01m[Kdynamixel[m[K’ [[01;35m[K]8;;https://gcc.gnu.org/onlinedocs/gcc/Warning-Options.html#index-Wunused-variable-Wunused-variable]8;;[m[K]
[1.354s]   337 |     for (auto & [01;35m[Kdynamixel[m[K : dynamixels) {
[1.354s]       |                 [01;35m[K^~~~~~~~~[m[K
[12.011s] [100%] [32m[1mLinking CXX executable dynamixel_rdk_node[0m
[12.301s] [100%] Built target dynamixel_rdk_node
[12.313s] Invoked command in '/home/yu/colcon_ws/build/dynamixel_rdk_ros' returned '0': AMENT_PREFIX_PATH=/home/yu/colcon_ws/install/dynamixel_rdk_msgs:${AMENT_PREFIX_PATH} CMAKE_PREFIX_PATH=/home/yu/colcon_ws/install/dynamixel_rdk_msgs:/home/yu/colcon_ws/install/humanoid_interfaces:/home/yu/ros2_ws/install/serial_test:/home/yu/ros2_ws/src/install/serial_test:/home/yu/ros2_ws/install/python_parameter_tutorial:/opt/ros/humble LD_LIBRARY_PATH=/home/yu/colcon_ws/install/dynamixel_rdk_msgs/lib:${LD_LIBRARY_PATH} PYTHONPATH=/home/yu/colcon_ws/install/dynamixel_rdk_msgs/local/lib/python3.10/dist-packages:${PYTHONPATH} /usr/bin/cmake --build /home/yu/colcon_ws/build/dynamixel_rdk_ros -- -j8 -l8
[12.315s] Invoking command in '/home/yu/colcon_ws/build/dynamixel_rdk_ros': AMENT_PREFIX_PATH=/home/yu/colcon_ws/install/dynamixel_rdk_msgs:${AMENT_PREFIX_PATH} CMAKE_PREFIX_PATH=/home/yu/colcon_ws/install/dynamixel_rdk_msgs:/home/yu/colcon_ws/install/humanoid_interfaces:/home/yu/ros2_ws/install/serial_test:/home/yu/ros2_ws/src/install/serial_test:/home/yu/ros2_ws/install/python_parameter_tutorial:/opt/ros/humble LD_LIBRARY_PATH=/home/yu/colcon_ws/install/dynamixel_rdk_msgs/lib:${LD_LIBRARY_PATH} PYTHONPATH=/home/yu/colcon_ws/install/dynamixel_rdk_msgs/local/lib/python3.10/dist-packages:${PYTHONPATH} /usr/bin/cmake --install /home/yu/colcon_ws/build/dynamixel_rdk_ros
[12.322s] -- Install configuration: ""
[12.322s] -- Installing: /home/yu/colcon_ws/install/dynamixel_rdk_ros/share/dynamixel_rdk_ros//config
[12.322s] -- Installing: /home/yu/colcon_ws/install/dynamixel_rdk_ros/share/dynamixel_rdk_ros//config/dynamixel.yaml
[12.322s] -- Installing: /home/yu/colcon_ws/install/dynamixel_rdk_ros/share/dynamixel_rdk_ros//launch
[12.322s] -- Installing: /home/yu/colcon_ws/install/dynamixel_rdk_ros/share/dynamixel_rdk_ros//launch/dynamixel_rdk.launch.py
[12.322s] -- Installing: /home/yu/colcon_ws/install/dynamixel_rdk_ros/lib/dynamixel_rdk_ros/dynamixel_rdk_node
[12.322s] -- Set runtime path of "/home/yu/colcon_ws/install/dynamixel_rdk_ros/lib/dynamixel_rdk_ros/dynamixel_rdk_node" to ""
[12.322s] -- Installing: /home/yu/colcon_ws/install/dynamixel_rdk_ros/share/ament_index/resource_index/package_run_dependencies/dynamixel_rdk_ros
[12.322s] -- Installing: /home/yu/colcon_ws/install/dynamixel_rdk_ros/share/ament_index/resource_index/parent_prefix_path/dynamixel_rdk_ros
[12.322s] -- Installing: /home/yu/colcon_ws/install/dynamixel_rdk_ros/share/dynamixel_rdk_ros/environment/ament_prefix_path.sh
[12.322s] -- Installing: /home/yu/colcon_ws/install/dynamixel_rdk_ros/share/dynamixel_rdk_ros/environment/ament_prefix_path.dsv
[12.322s] -- Installing: /home/yu/colcon_ws/install/dynamixel_rdk_ros/share/dynamixel_rdk_ros/environment/path.sh
[12.322s] -- Installing: /home/yu/colcon_ws/install/dynamixel_rdk_ros/share/dynamixel_rdk_ros/environment/path.dsv
[12.322s] -- Installing: /home/yu/colcon_ws/install/dynamixel_rdk_ros/share/dynamixel_rdk_ros/local_setup.bash
[12.322s] -- Installing: /home/yu/colcon_ws/install/dynamixel_rdk_ros/share/dynamixel_rdk_ros/local_setup.sh
[12.322s] -- Installing: /home/yu/colcon_ws/install/dynamixel_rdk_ros/share/dynamixel_rdk_ros/local_setup.zsh
[12.322s] -- Installing: /home/yu/colcon_ws/install/dynamixel_rdk_ros/share/dynamixel_rdk_ros/local_setup.dsv
[12.322s] -- Installing: /home/yu/colcon_ws/install/dynamixel_rdk_ros/share/dynamixel_rdk_ros/package.dsv
[12.322s] -- Installing: /home/yu/colcon_ws/install/dynamixel_rdk_ros/share/ament_index/resource_index/packages/dynamixel_rdk_ros
[12.322s] -- Installing: /home/yu/colcon_ws/install/dynamixel_rdk_ros/share/dynamixel_rdk_ros/cmake/dynamixel_rdk_rosConfig.cmake
[12.322s] -- Installing: /home/yu/colcon_ws/install/dynamixel_rdk_ros/share/dynamixel_rdk_ros/cmake/dynamixel_rdk_rosConfig-version.cmake
[12.322s] -- Installing: /home/yu/colcon_ws/install/dynamixel_rdk_ros/share/dynamixel_rdk_ros/package.xml
[12.326s] Invoked command in '/home/yu/colcon_ws/build/dynamixel_rdk_ros' returned '0': AMENT_PREFIX_PATH=/home/yu/colcon_ws/install/dynamixel_rdk_msgs:${AMENT_PREFIX_PATH} CMAKE_PREFIX_PATH=/home/yu/colcon_ws/install/dynamixel_rdk_msgs:/home/yu/colcon_ws/install/humanoid_interfaces:/home/yu/ros2_ws/install/serial_test:/home/yu/ros2_ws/src/install/serial_test:/home/yu/ros2_ws/install/python_parameter_tutorial:/opt/ros/humble LD_LIBRARY_PATH=/home/yu/colcon_ws/install/dynamixel_rdk_msgs/lib:${LD_LIBRARY_PATH} PYTHONPATH=/home/yu/colcon_ws/install/dynamixel_rdk_msgs/local/lib/python3.10/dist-packages:${PYTHONPATH} /usr/bin/cmake --install /home/yu/colcon_ws/build/dynamixel_rdk_ros
