[0.014s] Invoking command in '/home/yu/colcon_ws/build/tune_walk': CMAKE_PREFIX_PATH=/home/yu/colcon_ws/install/humanoid_interfaces:/home/yu/colcon_ws/install/tune_walk:/home/yu/colcon_ws/install/robocup_vision25:/home/yu/colcon_ws/install/ocam_ros2:/home/yu/colcon_ws/install/master_jo:/home/yu/colcon_ws/install/ik_walk:/home/yu/colcon_ws/install/ebimu:/home/yu/colcon_ws/install/dynamixel_rdk_ros:/home/yu/colcon_ws/install/dynamixel_rdk_msgs:/home/yu/ros2_ws/install/serial_test:/home/yu/ros2_ws/src/install/serial_test:/home/yu/ros2_ws/install/python_parameter_tutorial:/opt/ros/humble LD_LIBRARY_PATH=/home/yu/colcon_ws/install/humanoid_interfaces/lib:/home/yu/colcon_ws/install/dynamixel_rdk_msgs/lib:/opt/ros/humble/opt/rviz_ogre_vendor/lib:/opt/ros/humble/lib/x86_64-linux-gnu:/opt/ros/humble/lib /usr/bin/cmake --build /home/yu/colcon_ws/build/tune_walk -- -j8 -l8
[0.070s] [100%] Built target tune_walk
[0.081s] Invoked command in '/home/yu/colcon_ws/build/tune_walk' returned '0': CMAKE_PREFIX_PATH=/home/yu/colcon_ws/install/humanoid_interfaces:/home/yu/colcon_ws/install/tune_walk:/home/yu/colcon_ws/install/robocup_vision25:/home/yu/colcon_ws/install/ocam_ros2:/home/yu/colcon_ws/install/master_jo:/home/yu/colcon_ws/install/ik_walk:/home/yu/colcon_ws/install/ebimu:/home/yu/colcon_ws/install/dynamixel_rdk_ros:/home/yu/colcon_ws/install/dynamixel_rdk_msgs:/home/yu/ros2_ws/install/serial_test:/home/yu/ros2_ws/src/install/serial_test:/home/yu/ros2_ws/install/python_parameter_tutorial:/opt/ros/humble LD_LIBRARY_PATH=/home/yu/colcon_ws/install/humanoid_interfaces/lib:/home/yu/colcon_ws/install/dynamixel_rdk_msgs/lib:/opt/ros/humble/opt/rviz_ogre_vendor/lib:/opt/ros/humble/lib/x86_64-linux-gnu:/opt/ros/humble/lib /usr/bin/cmake --build /home/yu/colcon_ws/build/tune_walk -- -j8 -l8
[0.081s] Invoking command in '/home/yu/colcon_ws/build/tune_walk': CMAKE_PREFIX_PATH=/home/yu/colcon_ws/install/humanoid_interfaces:/home/yu/colcon_ws/install/tune_walk:/home/yu/colcon_ws/install/robocup_vision25:/home/yu/colcon_ws/install/ocam_ros2:/home/yu/colcon_ws/install/master_jo:/home/yu/colcon_ws/install/ik_walk:/home/yu/colcon_ws/install/ebimu:/home/yu/colcon_ws/install/dynamixel_rdk_ros:/home/yu/colcon_ws/install/dynamixel_rdk_msgs:/home/yu/ros2_ws/install/serial_test:/home/yu/ros2_ws/src/install/serial_test:/home/yu/ros2_ws/install/python_parameter_tutorial:/opt/ros/humble LD_LIBRARY_PATH=/home/yu/colcon_ws/install/humanoid_interfaces/lib:/home/yu/colcon_ws/install/dynamixel_rdk_msgs/lib:/opt/ros/humble/opt/rviz_ogre_vendor/lib:/opt/ros/humble/lib/x86_64-linux-gnu:/opt/ros/humble/lib /usr/bin/cmake --install /home/yu/colcon_ws/build/tune_walk
[0.091s] -- Install configuration: ""
[0.091s] -- Up-to-date: /home/yu/colcon_ws/install/tune_walk/lib/tune_walk/tune_walk
[0.091s] -- Up-to-date: /home/yu/colcon_ws/install/tune_walk/share/ament_index/resource_index/package_run_dependencies/tune_walk
[0.092s] -- Up-to-date: /home/yu/colcon_ws/install/tune_walk/share/ament_index/resource_index/parent_prefix_path/tune_walk
[0.092s] -- Up-to-date: /home/yu/colcon_ws/install/tune_walk/share/tune_walk/environment/ament_prefix_path.sh
[0.092s] -- Up-to-date: /home/yu/colcon_ws/install/tune_walk/share/tune_walk/environment/ament_prefix_path.dsv
[0.092s] -- Up-to-date: /home/yu/colcon_ws/install/tune_walk/share/tune_walk/environment/path.sh
[0.092s] -- Up-to-date: /home/yu/colcon_ws/install/tune_walk/share/tune_walk/environment/path.dsv
[0.092s] -- Up-to-date: /home/yu/colcon_ws/install/tune_walk/share/tune_walk/local_setup.bash
[0.092s] -- Up-to-date: /home/yu/colcon_ws/install/tune_walk/share/tune_walk/local_setup.sh
[0.092s] -- Up-to-date: /home/yu/colcon_ws/install/tune_walk/share/tune_walk/local_setup.zsh
[0.092s] -- Up-to-date: /home/yu/colcon_ws/install/tune_walk/share/tune_walk/local_setup.dsv
[0.092s] -- Installing: /home/yu/colcon_ws/install/tune_walk/share/tune_walk/package.dsv
[0.092s] -- Up-to-date: /home/yu/colcon_ws/install/tune_walk/share/ament_index/resource_index/packages/tune_walk
[0.092s] -- Up-to-date: /home/yu/colcon_ws/install/tune_walk/share/tune_walk/cmake/tune_walkConfig.cmake
[0.092s] -- Up-to-date: /home/yu/colcon_ws/install/tune_walk/share/tune_walk/cmake/tune_walkConfig-version.cmake
[0.092s] -- Up-to-date: /home/yu/colcon_ws/install/tune_walk/share/tune_walk/package.xml
[0.102s] Invoked command in '/home/yu/colcon_ws/build/tune_walk' returned '0': CMAKE_PREFIX_PATH=/home/yu/colcon_ws/install/humanoid_interfaces:/home/yu/colcon_ws/install/tune_walk:/home/yu/colcon_ws/install/robocup_vision25:/home/yu/colcon_ws/install/ocam_ros2:/home/yu/colcon_ws/install/master_jo:/home/yu/colcon_ws/install/ik_walk:/home/yu/colcon_ws/install/ebimu:/home/yu/colcon_ws/install/dynamixel_rdk_ros:/home/yu/colcon_ws/install/dynamixel_rdk_msgs:/home/yu/ros2_ws/install/serial_test:/home/yu/ros2_ws/src/install/serial_test:/home/yu/ros2_ws/install/python_parameter_tutorial:/opt/ros/humble LD_LIBRARY_PATH=/home/yu/colcon_ws/install/humanoid_interfaces/lib:/home/yu/colcon_ws/install/dynamixel_rdk_msgs/lib:/opt/ros/humble/opt/rviz_ogre_vendor/lib:/opt/ros/humble/lib/x86_64-linux-gnu:/opt/ros/humble/lib /usr/bin/cmake --install /home/yu/colcon_ws/build/tune_walk
