[0.020s] Invoking command in '/home/yu/colcon_ws/build/robocup_vision25': CMAKE_PREFIX_PATH=${CMAKE_PREFIX_PATH}:/home/yu/ros2_ws/install/python_parameter_tutorial:/opt/ros/humble /usr/bin/cmake --build /home/yu/colcon_ws/build/robocup_vision25 -- -j8 -l8
[0.041s] -- Found ament_cmake: 1.3.12 (/opt/ros/humble/share/ament_cmake/cmake)
[0.170s] -- Found rclpy: 3.3.17 (/opt/ros/humble/share/rclpy/cmake)
[0.170s] -- Found rclcpp: 16.0.14 (/opt/ros/humble/share/rclcpp/cmake)
[0.188s] -- Found rosidl_generator_c: 3.1.7 (/opt/ros/humble/share/rosidl_generator_c/cmake)
[0.192s] -- Found rosidl_adapter: 3.1.7 (/opt/ros/humble/share/rosidl_adapter/cmake)
[0.193s] -- Found rosidl_generator_cpp: 3.1.7 (/opt/ros/humble/share/rosidl_generator_cpp/cmake)
[0.198s] -- Using all available rosidl_typesupport_c: rosidl_typesupport_fastrtps_c;rosidl_typesupport_introspection_c
[0.207s] -- Using all available rosidl_typesupport_cpp: rosidl_typesupport_fastrtps_cpp;rosidl_typesupport_introspection_cpp
[0.223s] -- Found rmw_implementation_cmake: 6.1.2 (/opt/ros/humble/share/rmw_implementation_cmake/cmake)
[0.224s] -- Found rmw_fastrtps_cpp: 6.2.8 (/opt/ros/humble/share/rmw_fastrtps_cpp/cmake)
[0.291s] -- Using RMW implementation 'rmw_fastrtps_cpp' as default
[0.328s] -- Found cv_bridge: 3.2.1 (/opt/ros/humble/share/cv_bridge/cmake)
[0.334s] -- Found image_transport: 3.1.12 (/opt/ros/humble/share/image_transport/cmake)
[0.346s] -- Found camera_info_manager: 3.1.12 (/opt/ros/humble/share/camera_info_manager/cmake)
[0.356s] -- Found humanoid_interfaces: 0.0.0 (/home/yu/colcon_ws/install/humanoid_interfaces/share/humanoid_interfaces/cmake)
[0.407s] -- Configuring done
[0.459s] -- Generating done
[0.463s] -- Build files have been written to: /home/yu/colcon_ws/build/robocup_vision25
[0.498s] [ 50%] [32mBuilding CXX object CMakeFiles/robocup_vision25_node.dir/src/robocup_vision25.cpp.o[0m
[4.813s] [100%] [32m[1mLinking CXX executable robocup_vision25_node[0m
[5.724s] /usr/bin/ld: warning: libopencv_imgproc.so.4.5d, needed by /opt/ros/humble/lib/libcv_bridge.so, may conflict with libopencv_imgproc.so.413
[5.724s] /usr/bin/ld: warning: libopencv_core.so.4.5d, needed by /opt/ros/humble/lib/libcv_bridge.so, may conflict with libopencv_core.so.413
[6.078s] [100%] Built target robocup_vision25_node
[6.091s] Invoked command in '/home/yu/colcon_ws/build/robocup_vision25' returned '0': CMAKE_PREFIX_PATH=${CMAKE_PREFIX_PATH}:/home/yu/ros2_ws/install/python_parameter_tutorial:/opt/ros/humble /usr/bin/cmake --build /home/yu/colcon_ws/build/robocup_vision25 -- -j8 -l8
[6.093s] Invoking command in '/home/yu/colcon_ws/build/robocup_vision25': CMAKE_PREFIX_PATH=${CMAKE_PREFIX_PATH}:/home/yu/ros2_ws/install/python_parameter_tutorial:/opt/ros/humble /usr/bin/cmake --install /home/yu/colcon_ws/build/robocup_vision25
[6.098s] -- Install configuration: ""
[6.098s] -- Installing: /home/yu/colcon_ws/install/robocup_vision25/lib/robocup_vision25/robocup_vision25_node
[6.099s] -- Set runtime path of "/home/yu/colcon_ws/install/robocup_vision25/lib/robocup_vision25/robocup_vision25_node" to ""
[6.099s] -- Up-to-date: /home/yu/colcon_ws/install/robocup_vision25/share/ament_index/resource_index/package_run_dependencies/robocup_vision25
[6.099s] -- Up-to-date: /home/yu/colcon_ws/install/robocup_vision25/share/ament_index/resource_index/parent_prefix_path/robocup_vision25
[6.099s] -- Up-to-date: /home/yu/colcon_ws/install/robocup_vision25/share/robocup_vision25/environment/ament_prefix_path.sh
[6.099s] -- Installing: /home/yu/colcon_ws/install/robocup_vision25/share/robocup_vision25/environment/ament_prefix_path.dsv
[6.099s] -- Up-to-date: /home/yu/colcon_ws/install/robocup_vision25/share/robocup_vision25/environment/path.sh
[6.099s] -- Installing: /home/yu/colcon_ws/install/robocup_vision25/share/robocup_vision25/environment/path.dsv
[6.099s] -- Up-to-date: /home/yu/colcon_ws/install/robocup_vision25/share/robocup_vision25/local_setup.bash
[6.099s] -- Up-to-date: /home/yu/colcon_ws/install/robocup_vision25/share/robocup_vision25/local_setup.sh
[6.099s] -- Up-to-date: /home/yu/colcon_ws/install/robocup_vision25/share/robocup_vision25/local_setup.zsh
[6.099s] -- Installing: /home/yu/colcon_ws/install/robocup_vision25/share/robocup_vision25/local_setup.dsv
[6.099s] -- Installing: /home/yu/colcon_ws/install/robocup_vision25/share/robocup_vision25/package.dsv
[6.099s] -- Up-to-date: /home/yu/colcon_ws/install/robocup_vision25/share/ament_index/resource_index/packages/robocup_vision25
[6.099s] -- Up-to-date: /home/yu/colcon_ws/install/robocup_vision25/share/robocup_vision25/cmake/robocup_vision25Config.cmake
[6.099s] -- Up-to-date: /home/yu/colcon_ws/install/robocup_vision25/share/robocup_vision25/cmake/robocup_vision25Config-version.cmake
[6.099s] -- Up-to-date: /home/yu/colcon_ws/install/robocup_vision25/share/robocup_vision25/package.xml
[6.102s] Invoked command in '/home/yu/colcon_ws/build/robocup_vision25' returned '0': CMAKE_PREFIX_PATH=${CMAKE_PREFIX_PATH}:/home/yu/ros2_ws/install/python_parameter_tutorial:/opt/ros/humble /usr/bin/cmake --install /home/yu/colcon_ws/build/robocup_vision25
