[0.011s] Invoking command in '/home/yu/colcon_ws/build/master_jo': CMAKE_PREFIX_PATH=${CMAKE_PREFIX_PATH}:/home/yu/ros2_ws/install/python_parameter_tutorial:/opt/ros/humble /usr/bin/cmake /home/yu/colcon_ws/src/master_jo -DCMAKE_INSTALL_PREFIX=/home/yu/colcon_ws/install/master_jo
[0.023s] -- Found ament_cmake: 1.3.12 (/opt/ros/humble/share/ament_cmake/cmake)
[0.118s] -- Override CMake install command with custom implementation using symlinks instead of copying resources
[0.123s] -- Found rclcpp_lifecycle: 16.0.14 (/opt/ros/humble/share/rclcpp_lifecycle/cmake)
[0.138s] -- Found rosidl_generator_c: 3.1.7 (/opt/ros/humble/share/rosidl_generator_c/cmake)
[0.139s] -- Found rosidl_adapter: 3.1.7 (/opt/ros/humble/share/rosidl_adapter/cmake)
[0.145s] -- Found rosidl_generator_cpp: 3.1.7 (/opt/ros/humble/share/rosidl_generator_cpp/cmake)
[0.150s] -- Using all available rosidl_typesupport_c: rosidl_typesupport_fastrtps_c;rosidl_typesupport_introspection_c
[0.159s] -- Using all available rosidl_typesupport_cpp: rosidl_typesupport_fastrtps_cpp;rosidl_typesupport_introspection_cpp
[0.179s] -- Found rmw_implementation_cmake: 6.1.2 (/opt/ros/humble/share/rmw_implementation_cmake/cmake)
[0.180s] -- Found rmw_fastrtps_cpp: 6.2.8 (/opt/ros/humble/share/rmw_fastrtps_cpp/cmake)
[0.252s] -- Using RMW implementation 'rmw_fastrtps_cpp' as default
[0.284s] -- Found humanoid_interfaces: 0.0.0 (/home/yu/colcon_ws/install/humanoid_interfaces/share/humanoid_interfaces/cmake)
[0.298s] -- Found ament_lint_auto: 0.12.14 (/opt/ros/humble/share/ament_lint_auto/cmake)
[0.341s] -- Added test 'cppcheck' to perform static code analysis on C / C++ code
[0.341s] -- Configured cppcheck include dirs: /home/yu/colcon_ws/src/master_jo/include
[0.341s] -- Configured cppcheck exclude dirs and/or files: 
[0.341s] -- Added test 'flake8' to check Python code syntax and style conventions
[0.341s] -- Added test 'lint_cmake' to check CMake code style
[0.341s] -- Added test 'pep257' to check Python code against some of the docstring style conventions in PEP 257
[0.341s] -- Added test 'uncrustify' to check C / C++ code style
[0.341s] -- Configured uncrustify additional arguments: 
[0.341s] -- Added test 'xmllint' to check XML markup files
[0.341s] -- Configuring done
[0.358s] -- Generating done
[0.360s] -- Build files have been written to: /home/yu/colcon_ws/build/master_jo
[0.369s] Invoked command in '/home/yu/colcon_ws/build/master_jo' returned '0': CMAKE_PREFIX_PATH=${CMAKE_PREFIX_PATH}:/home/yu/ros2_ws/install/python_parameter_tutorial:/opt/ros/humble /usr/bin/cmake /home/yu/colcon_ws/src/master_jo -DCMAKE_INSTALL_PREFIX=/home/yu/colcon_ws/install/master_jo
[0.370s] Invoking command in '/home/yu/colcon_ws/build/master_jo': CMAKE_PREFIX_PATH=${CMAKE_PREFIX_PATH}:/home/yu/ros2_ws/install/python_parameter_tutorial:/opt/ros/humble /usr/bin/cmake --build /home/yu/colcon_ws/build/master_jo -- -j8 -l8
[0.394s] [35m[1mConsolidate compiler generated dependencies of target master_jo_node[0m
[0.408s] [100%] Built target master_jo_node
[0.416s] Invoked command in '/home/yu/colcon_ws/build/master_jo' returned '0': CMAKE_PREFIX_PATH=${CMAKE_PREFIX_PATH}:/home/yu/ros2_ws/install/python_parameter_tutorial:/opt/ros/humble /usr/bin/cmake --build /home/yu/colcon_ws/build/master_jo -- -j8 -l8
[0.420s] Invoking command in '/home/yu/colcon_ws/build/master_jo': CMAKE_PREFIX_PATH=${CMAKE_PREFIX_PATH}:/home/yu/ros2_ws/install/python_parameter_tutorial:/opt/ros/humble /usr/bin/cmake --install /home/yu/colcon_ws/build/master_jo
[0.421s] -- Install configuration: ""
[0.422s] -- Execute custom install script
[0.422s] -- Up-to-date symlink: /home/yu/colcon_ws/install/master_jo/share/master_jo//config/params.yaml
[0.422s] -- Up-to-date symlink: /home/yu/colcon_ws/install/master_jo/share/master_jo//launch/master_jo.launch.py
[0.422s] -- Up-to-date symlink: /home/yu/colcon_ws/install/master_jo/lib/master_jo/master_jo_node
[0.422s] -- Up-to-date symlink: /home/yu/colcon_ws/install/master_jo/share/ament_index/resource_index/package_run_dependencies/master_jo
[0.422s] -- Up-to-date symlink: /home/yu/colcon_ws/install/master_jo/share/ament_index/resource_index/parent_prefix_path/master_jo
[0.423s] -- Up-to-date symlink: /home/yu/colcon_ws/install/master_jo/share/master_jo/environment/ament_prefix_path.sh
[0.423s] -- Up-to-date symlink: /home/yu/colcon_ws/install/master_jo/share/master_jo/environment/ament_prefix_path.dsv
[0.423s] -- Up-to-date symlink: /home/yu/colcon_ws/install/master_jo/share/master_jo/environment/path.sh
[0.423s] -- Up-to-date symlink: /home/yu/colcon_ws/install/master_jo/share/master_jo/environment/path.dsv
[0.423s] -- Up-to-date symlink: /home/yu/colcon_ws/install/master_jo/share/master_jo/local_setup.bash
[0.423s] -- Up-to-date symlink: /home/yu/colcon_ws/install/master_jo/share/master_jo/local_setup.sh
[0.423s] -- Up-to-date symlink: /home/yu/colcon_ws/install/master_jo/share/master_jo/local_setup.zsh
[0.423s] -- Up-to-date symlink: /home/yu/colcon_ws/install/master_jo/share/master_jo/local_setup.dsv
[0.425s] -- Symlinking: /home/yu/colcon_ws/install/master_jo/share/master_jo/package.dsv
[0.433s] -- Up-to-date symlink: /home/yu/colcon_ws/install/master_jo/share/ament_index/resource_index/packages/master_jo
[0.433s] -- Up-to-date symlink: /home/yu/colcon_ws/install/master_jo/share/master_jo/cmake/master_joConfig.cmake
[0.433s] -- Up-to-date symlink: /home/yu/colcon_ws/install/master_jo/share/master_jo/cmake/master_joConfig-version.cmake
[0.433s] -- Up-to-date symlink: /home/yu/colcon_ws/install/master_jo/share/master_jo/package.xml
[0.436s] Invoked command in '/home/yu/colcon_ws/build/master_jo' returned '0': CMAKE_PREFIX_PATH=${CMAKE_PREFIX_PATH}:/home/yu/ros2_ws/install/python_parameter_tutorial:/opt/ros/humble /usr/bin/cmake --install /home/yu/colcon_ws/build/master_jo
