-- Found ament_cmake: 1.3.12 (/opt/ros/humble/share/ament_cmake/cmake)
-- Override CMake install command with custom implementation using symlinks instead of copying resources
-- Found rclpy: 3.3.17 (/opt/ros/humble/share/rclpy/cmake)
-- Found rclcpp: 16.0.14 (/opt/ros/humble/share/rclcpp/cmake)
-- Found rosidl_generator_c: 3.1.7 (/opt/ros/humble/share/rosidl_generator_c/cmake)
-- Found rosidl_adapter: 3.1.7 (/opt/ros/humble/share/rosidl_adapter/cmake)
-- Found rosidl_generator_cpp: 3.1.7 (/opt/ros/humble/share/rosidl_generator_cpp/cmake)
-- Using all available rosidl_typesupport_c: rosidl_typesupport_fastrtps_c;rosidl_typesupport_introspection_c
-- Using all available rosidl_typesupport_cpp: rosidl_typesupport_fastrtps_cpp;rosidl_typesupport_introspection_cpp
-- Found rmw_implementation_cmake: 6.1.2 (/opt/ros/humble/share/rmw_implementation_cmake/cmake)
-- Found rmw_fastrtps_cpp: 6.2.8 (/opt/ros/humble/share/rmw_fastrtps_cpp/cmake)
-- Using RMW implementation 'rmw_fastrtps_cpp' as default
-- Found cv_bridge: 3.2.1 (/opt/ros/humble/share/cv_bridge/cmake)
-- Found image_transport: 3.1.12 (/opt/ros/humble/share/image_transport/cmake)
-- Found camera_info_manager: 3.1.12 (/opt/ros/humble/share/camera_info_manager/cmake)
-- Found humanoid_interfaces: 0.0.0 (/home/yu/colcon_ws/install/humanoid_interfaces/share/humanoid_interfaces/cmake)
-- Found dynamixel_rdk_msgs: 0.0.1 (/home/yu/colcon_ws/install/dynamixel_rdk_msgs/share/dynamixel_rdk_msgs/cmake)
-- Found ament_lint_auto: 0.12.14 (/opt/ros/humble/share/ament_lint_auto/cmake)
-- Added test 'cppcheck' to perform static code analysis on C / C++ code
-- Configured cppcheck include dirs: /home/yu/colcon_ws/src/robocup_vision25/include
-- Configured cppcheck exclude dirs and/or files: 
-- Added test 'flake8' to check Python code syntax and style conventions
-- Added test 'lint_cmake' to check CMake code style
-- Added test 'pep257' to check Python code against some of the docstring style conventions in PEP 257
-- Added test 'uncrustify' to check C / C++ code style
-- Configured uncrustify additional arguments: 
-- Added test 'xmllint' to check XML markup files
-- Configuring done
-- Generating done
-- Build files have been written to: /home/yu/colcon_ws/build/robocup_vision25
[35m[1mConsolidate compiler generated dependencies of target robocup_vision25[0m
[ 50%] [32mBuilding CXX object CMakeFiles/robocup_vision25.dir/src/robocup_vision25.cpp.o[0m
[100%] [32m[1mLinking CXX executable robocup_vision25[0m
/usr/bin/ld: warning: libopencv_imgproc.so.4.5d, needed by /opt/ros/humble/lib/libcv_bridge.so, may conflict with libopencv_imgproc.so.413
/usr/bin/ld: warning: libopencv_core.so.4.5d, needed by /opt/ros/humble/lib/libcv_bridge.so, may conflict with libopencv_core.so.413
[100%] Built target robocup_vision25
-- Install configuration: ""
-- Execute custom install script
-- Symlinking: /home/yu/colcon_ws/install/robocup_vision25/lib/robocup_vision25/robocup_vision25
-- Symlinking: /home/yu/colcon_ws/install/robocup_vision25/share/robocup_vision25/launch/robocup_vision25_launch.py
-- Symlinking: /home/yu/colcon_ws/install/robocup_vision25/share/ament_index/resource_index/package_run_dependencies/robocup_vision25
-- Symlinking: /home/yu/colcon_ws/install/robocup_vision25/share/ament_index/resource_index/parent_prefix_path/robocup_vision25
-- Symlinking: /home/yu/colcon_ws/install/robocup_vision25/share/robocup_vision25/environment/ament_prefix_path.sh
-- Symlinking: /home/yu/colcon_ws/install/robocup_vision25/share/robocup_vision25/environment/ament_prefix_path.dsv
-- Symlinking: /home/yu/colcon_ws/install/robocup_vision25/share/robocup_vision25/environment/path.sh
-- Symlinking: /home/yu/colcon_ws/install/robocup_vision25/share/robocup_vision25/environment/path.dsv
-- Symlinking: /home/yu/colcon_ws/install/robocup_vision25/share/robocup_vision25/local_setup.bash
-- Symlinking: /home/yu/colcon_ws/install/robocup_vision25/share/robocup_vision25/local_setup.sh
-- Symlinking: /home/yu/colcon_ws/install/robocup_vision25/share/robocup_vision25/local_setup.zsh
-- Symlinking: /home/yu/colcon_ws/install/robocup_vision25/share/robocup_vision25/local_setup.dsv
-- Symlinking: /home/yu/colcon_ws/install/robocup_vision25/share/robocup_vision25/package.dsv
-- Symlinking: /home/yu/colcon_ws/install/robocup_vision25/share/ament_index/resource_index/packages/robocup_vision25
-- Symlinking: /home/yu/colcon_ws/install/robocup_vision25/share/robocup_vision25/cmake/robocup_vision25Config.cmake
-- Symlinking: /home/yu/colcon_ws/install/robocup_vision25/share/robocup_vision25/cmake/robocup_vision25Config-version.cmake
-- Symlinking: /home/yu/colcon_ws/install/robocup_vision25/share/robocup_vision25/package.xml
