[0.006s] Invoking command in '/home/yu/colcon_ws/build/robocup_vision25': CMAKE_PREFIX_PATH=${CMAKE_PREFIX_PATH}:/home/yu/ros2_ws/install/python_parameter_tutorial:/opt/ros/humble /usr/bin/cmake /home/yu/colcon_ws/src/robocup_vision25 -DAMENT_CMAKE_SYMLINK_INSTALL=1 -DCMAKE_INSTALL_PREFIX=/home/yu/colcon_ws/install/robocup_vision25
[0.012s] -- Found ament_cmake: 1.3.12 (/opt/ros/humble/share/ament_cmake/cmake)
[0.079s] -- Override CMake install command with custom implementation using symlinks instead of copying resources
[0.082s] -- Found rclpy: 3.3.17 (/opt/ros/humble/share/rclpy/cmake)
[0.082s] -- Found rclcpp: 16.0.14 (/opt/ros/humble/share/rclcpp/cmake)
[0.098s] -- Found rosidl_generator_c: 3.1.7 (/opt/ros/humble/share/rosidl_generator_c/cmake)
[0.099s] -- Found rosidl_adapter: 3.1.7 (/opt/ros/humble/share/rosidl_adapter/cmake)
[0.102s] -- Found rosidl_generator_cpp: 3.1.7 (/opt/ros/humble/share/rosidl_generator_cpp/cmake)
[0.106s] -- Using all available rosidl_typesupport_c: rosidl_typesupport_fastrtps_c;rosidl_typesupport_introspection_c
[0.112s] -- Using all available rosidl_typesupport_cpp: rosidl_typesupport_fastrtps_cpp;rosidl_typesupport_introspection_cpp
[0.128s] -- Found rmw_implementation_cmake: 6.1.2 (/opt/ros/humble/share/rmw_implementation_cmake/cmake)
[0.128s] -- Found rmw_fastrtps_cpp: 6.2.8 (/opt/ros/humble/share/rmw_fastrtps_cpp/cmake)
[0.181s] -- Using RMW implementation 'rmw_fastrtps_cpp' as default
[0.204s] -- Found cv_bridge: 3.2.1 (/opt/ros/humble/share/cv_bridge/cmake)
[0.222s] -- Found image_transport: 3.1.12 (/opt/ros/humble/share/image_transport/cmake)
[0.232s] -- Found camera_info_manager: 3.1.12 (/opt/ros/humble/share/camera_info_manager/cmake)
[0.242s] -- Found humanoid_interfaces: 0.0.0 (/home/yu/colcon_ws/install/humanoid_interfaces/share/humanoid_interfaces/cmake)
[0.249s] -- Found dynamixel_rdk_msgs: 0.0.1 (/home/yu/colcon_ws/install/dynamixel_rdk_msgs/share/dynamixel_rdk_msgs/cmake)
[0.257s] -- Found ament_lint_auto: 0.12.14 (/opt/ros/humble/share/ament_lint_auto/cmake)
[0.294s] -- Added test 'cppcheck' to perform static code analysis on C / C++ code
[0.294s] -- Configured cppcheck include dirs: /home/yu/colcon_ws/src/robocup_vision25/include
[0.294s] -- Configured cppcheck exclude dirs and/or files: 
[0.294s] -- Added test 'flake8' to check Python code syntax and style conventions
[0.295s] -- Added test 'lint_cmake' to check CMake code style
[0.295s] -- Added test 'pep257' to check Python code against some of the docstring style conventions in PEP 257
[0.295s] -- Added test 'uncrustify' to check C / C++ code style
[0.295s] -- Configured uncrustify additional arguments: 
[0.296s] -- Added test 'xmllint' to check XML markup files
[0.296s] -- Configuring done
[0.315s] -- Generating done
[0.318s] -- Build files have been written to: /home/yu/colcon_ws/build/robocup_vision25
[0.322s] Invoked command in '/home/yu/colcon_ws/build/robocup_vision25' returned '0': CMAKE_PREFIX_PATH=${CMAKE_PREFIX_PATH}:/home/yu/ros2_ws/install/python_parameter_tutorial:/opt/ros/humble /usr/bin/cmake /home/yu/colcon_ws/src/robocup_vision25 -DAMENT_CMAKE_SYMLINK_INSTALL=1 -DCMAKE_INSTALL_PREFIX=/home/yu/colcon_ws/install/robocup_vision25
[0.324s] Invoking command in '/home/yu/colcon_ws/build/robocup_vision25': CMAKE_PREFIX_PATH=${CMAKE_PREFIX_PATH}:/home/yu/ros2_ws/install/python_parameter_tutorial:/opt/ros/humble /usr/bin/cmake --build /home/yu/colcon_ws/build/robocup_vision25 -- -j8 -l8
[0.350s] [35m[1mConsolidate compiler generated dependencies of target robocup_vision25[0m
[0.362s] [ 50%] [32mBuilding CXX object CMakeFiles/robocup_vision25.dir/src/robocup_vision25.cpp.o[0m
[4.479s] [100%] [32m[1mLinking CXX executable robocup_vision25[0m
[4.818s] /usr/bin/ld: warning: libopencv_imgproc.so.4.5d, needed by /opt/ros/humble/lib/libcv_bridge.so, may conflict with libopencv_imgproc.so.413
[4.819s] /usr/bin/ld: warning: libopencv_core.so.4.5d, needed by /opt/ros/humble/lib/libcv_bridge.so, may conflict with libopencv_core.so.413
[5.107s] [100%] Built target robocup_vision25
[5.119s] Invoked command in '/home/yu/colcon_ws/build/robocup_vision25' returned '0': CMAKE_PREFIX_PATH=${CMAKE_PREFIX_PATH}:/home/yu/ros2_ws/install/python_parameter_tutorial:/opt/ros/humble /usr/bin/cmake --build /home/yu/colcon_ws/build/robocup_vision25 -- -j8 -l8
[5.125s] Invoking command in '/home/yu/colcon_ws/build/robocup_vision25': CMAKE_PREFIX_PATH=${CMAKE_PREFIX_PATH}:/home/yu/ros2_ws/install/python_parameter_tutorial:/opt/ros/humble /usr/bin/cmake --install /home/yu/colcon_ws/build/robocup_vision25
[5.129s] -- Install configuration: ""
[5.129s] -- Execute custom install script
[5.129s] -- Symlinking: /home/yu/colcon_ws/install/robocup_vision25/lib/robocup_vision25/robocup_vision25
[5.135s] -- Symlinking: /home/yu/colcon_ws/install/robocup_vision25/share/robocup_vision25/launch/robocup_vision25_launch.py
[5.139s] -- Symlinking: /home/yu/colcon_ws/install/robocup_vision25/share/ament_index/resource_index/package_run_dependencies/robocup_vision25
[5.144s] -- Symlinking: /home/yu/colcon_ws/install/robocup_vision25/share/ament_index/resource_index/parent_prefix_path/robocup_vision25
[5.149s] -- Symlinking: /home/yu/colcon_ws/install/robocup_vision25/share/robocup_vision25/environment/ament_prefix_path.sh
[5.154s] -- Symlinking: /home/yu/colcon_ws/install/robocup_vision25/share/robocup_vision25/environment/ament_prefix_path.dsv
[5.160s] -- Symlinking: /home/yu/colcon_ws/install/robocup_vision25/share/robocup_vision25/environment/path.sh
[5.166s] -- Symlinking: /home/yu/colcon_ws/install/robocup_vision25/share/robocup_vision25/environment/path.dsv
[5.170s] -- Symlinking: /home/yu/colcon_ws/install/robocup_vision25/share/robocup_vision25/local_setup.bash
[5.176s] -- Symlinking: /home/yu/colcon_ws/install/robocup_vision25/share/robocup_vision25/local_setup.sh
[5.181s] -- Symlinking: /home/yu/colcon_ws/install/robocup_vision25/share/robocup_vision25/local_setup.zsh
[5.186s] -- Symlinking: /home/yu/colcon_ws/install/robocup_vision25/share/robocup_vision25/local_setup.dsv
[5.190s] -- Symlinking: /home/yu/colcon_ws/install/robocup_vision25/share/robocup_vision25/package.dsv
[5.197s] -- Symlinking: /home/yu/colcon_ws/install/robocup_vision25/share/ament_index/resource_index/packages/robocup_vision25
[5.201s] -- Symlinking: /home/yu/colcon_ws/install/robocup_vision25/share/robocup_vision25/cmake/robocup_vision25Config.cmake
[5.206s] -- Symlinking: /home/yu/colcon_ws/install/robocup_vision25/share/robocup_vision25/cmake/robocup_vision25Config-version.cmake
[5.211s] -- Symlinking: /home/yu/colcon_ws/install/robocup_vision25/share/robocup_vision25/package.xml
[5.216s] Invoked command in '/home/yu/colcon_ws/build/robocup_vision25' returned '0': CMAKE_PREFIX_PATH=${CMAKE_PREFIX_PATH}:/home/yu/ros2_ws/install/python_parameter_tutorial:/opt/ros/humble /usr/bin/cmake --install /home/yu/colcon_ws/build/robocup_vision25
