[0.019s] Invoking command in '/home/yu/colcon_ws/build/master_jo': CMAKE_PREFIX_PATH=${CMAKE_PREFIX_PATH}:/home/yu/ros2_ws/install/python_parameter_tutorial:/opt/ros/humble /usr/bin/cmake --build /home/yu/colcon_ws/build/master_jo -- -j8 -l8
[0.080s] [100%] Built target master_jo_node
[0.109s] Invoked command in '/home/yu/colcon_ws/build/master_jo' returned '0': CMAKE_PREFIX_PATH=${CMAKE_PREFIX_PATH}:/home/yu/ros2_ws/install/python_parameter_tutorial:/opt/ros/humble /usr/bin/cmake --build /home/yu/colcon_ws/build/master_jo -- -j8 -l8
[0.126s] Invoking command in '/home/yu/colcon_ws/build/master_jo': CMAKE_PREFIX_PATH=${CMAKE_PREFIX_PATH}:/home/yu/ros2_ws/install/python_parameter_tutorial:/opt/ros/humble /usr/bin/cmake --install /home/yu/colcon_ws/build/master_jo
[0.136s] -- Install configuration: ""
[0.136s] -- Up-to-date: /home/yu/colcon_ws/install/master_jo/share/master_jo//config
[0.136s] -- Up-to-date: /home/yu/colcon_ws/install/master_jo/share/master_jo//config/params.yaml
[0.136s] -- Up-to-date: /home/yu/colcon_ws/install/master_jo/share/master_jo//launch
[0.136s] -- Up-to-date: /home/yu/colcon_ws/install/master_jo/share/master_jo//launch/master_jo.launch.py
[0.136s] -- Up-to-date: /home/yu/colcon_ws/install/master_jo/lib/master_jo/master_jo_node
[0.136s] -- Up-to-date: /home/yu/colcon_ws/install/master_jo/share/ament_index/resource_index/package_run_dependencies/master_jo
[0.137s] -- Up-to-date: /home/yu/colcon_ws/install/master_jo/share/ament_index/resource_index/parent_prefix_path/master_jo
[0.137s] -- Up-to-date: /home/yu/colcon_ws/install/master_jo/share/master_jo/environment/ament_prefix_path.sh
[0.138s] -- Up-to-date: /home/yu/colcon_ws/install/master_jo/share/master_jo/environment/ament_prefix_path.dsv
[0.138s] -- Up-to-date: /home/yu/colcon_ws/install/master_jo/share/master_jo/environment/path.sh
[0.138s] -- Up-to-date: /home/yu/colcon_ws/install/master_jo/share/master_jo/environment/path.dsv
[0.138s] -- Up-to-date: /home/yu/colcon_ws/install/master_jo/share/master_jo/local_setup.bash
[0.138s] -- Up-to-date: /home/yu/colcon_ws/install/master_jo/share/master_jo/local_setup.sh
[0.138s] -- Up-to-date: /home/yu/colcon_ws/install/master_jo/share/master_jo/local_setup.zsh
[0.138s] -- Up-to-date: /home/yu/colcon_ws/install/master_jo/share/master_jo/local_setup.dsv
[0.138s] -- Installing: /home/yu/colcon_ws/install/master_jo/share/master_jo/package.dsv
[0.138s] -- Up-to-date: /home/yu/colcon_ws/install/master_jo/share/ament_index/resource_index/packages/master_jo
[0.138s] -- Up-to-date: /home/yu/colcon_ws/install/master_jo/share/master_jo/cmake/master_joConfig.cmake
[0.138s] -- Up-to-date: /home/yu/colcon_ws/install/master_jo/share/master_jo/cmake/master_joConfig-version.cmake
[0.138s] -- Up-to-date: /home/yu/colcon_ws/install/master_jo/share/master_jo/package.xml
[0.138s] Invoked command in '/home/yu/colcon_ws/build/master_jo' returned '0': CMAKE_PREFIX_PATH=${CMAKE_PREFIX_PATH}:/home/yu/ros2_ws/install/python_parameter_tutorial:/opt/ros/humble /usr/bin/cmake --install /home/yu/colcon_ws/build/master_jo
