[0.007s] Invoking command in '/home/yu/colcon_ws/build/dynamixel_rdk_msgs': CMAKE_PREFIX_PATH=${CMAKE_PREFIX_PATH}:/home/yu/ros2_ws/install/python_parameter_tutorial:/opt/ros/humble /usr/bin/cmake /home/yu/colcon_ws/src/dynamixel_rdk/dynamixel-RDK/dynamixel_rdk_msgs -DAMENT_CMAKE_SYMLINK_INSTALL=1 -DCMAKE_INSTALL_PREFIX=/home/yu/colcon_ws/install/dynamixel_rdk_msgs
[0.038s] -- The C compiler identification is GNU 11.4.0
[0.068s] -- The CXX compiler identification is GNU 11.4.0
[0.073s] -- Detecting C compiler ABI info
[0.114s] -- Detecting C compiler ABI info - done
[0.117s] -- Check for working C compiler: /usr/bin/cc - skipped
[0.118s] -- Detecting C compile features
[0.118s] -- Detecting C compile features - done
[0.120s] -- Detecting CXX compiler ABI info
[0.163s] -- Detecting CXX compiler ABI info - done
[0.167s] -- Check for working CXX compiler: /usr/bin/c++ - skipped
[0.167s] -- Detecting CXX compile features
[0.167s] -- Detecting CXX compile features - done
[0.168s] -- Found ament_cmake: 1.3.12 (/opt/ros/humble/share/ament_cmake/cmake)
[0.249s] -- Found Python3: /usr/bin/python3 (found version "3.10.12") found components: Interpreter 
[0.281s] -- Override CMake install command with custom implementation using symlinks instead of copying resources
[0.293s] -- Found rosidl_default_generators: 1.2.0 (/opt/ros/humble/share/rosidl_default_generators/cmake)
[0.294s] -- Using all available rosidl_typesupport_c: rosidl_typesupport_fastrtps_c;rosidl_typesupport_introspection_c
[0.297s] -- Found rosidl_adapter: 3.1.7 (/opt/ros/humble/share/rosidl_adapter/cmake)
[0.315s] -- Using all available rosidl_typesupport_cpp: rosidl_typesupport_fastrtps_cpp;rosidl_typesupport_introspection_cpp
[0.330s] -- Found std_msgs: 4.9.0 (/opt/ros/humble/share/std_msgs/cmake)
[0.494s] -- Found ament_cmake_ros: 0.10.0 (/opt/ros/humble/share/ament_cmake_ros/cmake)
[0.617s] -- Using all available rosidl_typesupport_c: rosidl_typesupport_fastrtps_c;rosidl_typesupport_introspection_c
[0.780s] -- Using all available rosidl_typesupport_cpp: rosidl_typesupport_fastrtps_cpp;rosidl_typesupport_introspection_cpp
[0.791s] -- Found PythonInterp: /usr/bin/python3 (found suitable version "3.10.12", minimum required is "3.6") 
[0.792s] -- Found python_cmake_module: 0.10.0 (/opt/ros/humble/share/python_cmake_module/cmake)
[0.809s] -- Found PythonLibs: /usr/lib/x86_64-linux-gnu/libpython3.10.so (found suitable version "3.10.12", minimum required is "3.5") 
[0.809s] -- Using PYTHON_EXECUTABLE: /usr/bin/python3
[0.809s] -- Using PYTHON_INCLUDE_DIRS: /usr/include/python3.10
[0.809s] -- Using PYTHON_LIBRARIES: /usr/lib/x86_64-linux-gnu/libpython3.10.so
[0.821s] -- Found PythonExtra: .so  
[0.850s] -- Found ament_lint_auto: 0.12.14 (/opt/ros/humble/share/ament_lint_auto/cmake)
[0.860s] -- Added test 'copyright' to check source files copyright and LICENSE
[0.860s] -- Added test 'lint_cmake' to check CMake code style
[0.861s] -- Added test 'xmllint' to check XML markup files
[0.862s] -- Configuring done
[0.881s] -- Generating done
[0.883s] -- Build files have been written to: /home/yu/colcon_ws/build/dynamixel_rdk_msgs
[0.888s] Invoked command in '/home/yu/colcon_ws/build/dynamixel_rdk_msgs' returned '0': CMAKE_PREFIX_PATH=${CMAKE_PREFIX_PATH}:/home/yu/ros2_ws/install/python_parameter_tutorial:/opt/ros/humble /usr/bin/cmake /home/yu/colcon_ws/src/dynamixel_rdk/dynamixel-RDK/dynamixel_rdk_msgs -DAMENT_CMAKE_SYMLINK_INSTALL=1 -DCMAKE_INSTALL_PREFIX=/home/yu/colcon_ws/install/dynamixel_rdk_msgs
[0.889s] Invoking command in '/home/yu/colcon_ws/build/dynamixel_rdk_msgs': CMAKE_PREFIX_PATH=${CMAKE_PREFIX_PATH}:/home/yu/ros2_ws/install/python_parameter_tutorial:/opt/ros/humble /usr/bin/cmake --build /home/yu/colcon_ws/build/dynamixel_rdk_msgs -- -j8 -l8
[0.911s] [  1%] [34m[1mGenerating C code for ROS interfaces[0m
[0.919s] [  3%] [34m[1mGenerating C++ code for ROS interfaces[0m
[0.926s] [  3%] Built target ament_cmake_python_symlink_dynamixel_rdk_msgs
[1.046s] running egg_info
[1.046s] creating dynamixel_rdk_msgs.egg-info
[1.046s] writing dynamixel_rdk_msgs.egg-info/PKG-INFO
[1.046s] writing dependency_links to dynamixel_rdk_msgs.egg-info/dependency_links.txt
[1.046s] writing top-level names to dynamixel_rdk_msgs.egg-info/top_level.txt
[1.046s] writing manifest file 'dynamixel_rdk_msgs.egg-info/SOURCES.txt'
[1.048s] reading manifest file 'dynamixel_rdk_msgs.egg-info/SOURCES.txt'
[1.048s] writing manifest file 'dynamixel_rdk_msgs.egg-info/SOURCES.txt'
[1.062s] [  3%] Built target ament_cmake_python_build_dynamixel_rdk_msgs_egg
[1.224s] [  3%] Built target dynamixel_rdk_msgs__cpp
[1.224s] [  9%] [32mBuilding C object CMakeFiles/dynamixel_rdk_msgs__rosidl_generator_c.dir/rosidl_generator_c/dynamixel_rdk_msgs/msg/detail/dynamixel_msgs__functions.c.o[0m
[1.224s] [  9%] [32mBuilding C object CMakeFiles/dynamixel_rdk_msgs__rosidl_generator_c.dir/rosidl_generator_c/dynamixel_rdk_msgs/msg/detail/dynamixel_status_msgs__functions.c.o[0m
[1.226s] [  9%] [32mBuilding C object CMakeFiles/dynamixel_rdk_msgs__rosidl_generator_c.dir/rosidl_generator_c/dynamixel_rdk_msgs/msg/detail/dynamixel_control_msgs__functions.c.o[0m
[1.234s] [ 10%] [32mBuilding C object CMakeFiles/dynamixel_rdk_msgs__rosidl_generator_c.dir/rosidl_generator_c/dynamixel_rdk_msgs/msg/detail/dynamixel_bulk_read_msgs__functions.c.o[0m
[1.238s] [ 12%] [34m[1mGenerating C++ introspection for ROS interfaces[0m
[1.239s] [ 14%] [34m[1mGenerating C++ type support dispatch for ROS interfaces[0m
[1.239s] [ 16%] [34m[1mGenerating C++ type support for eProsima Fast-RTPS[0m
[1.306s] [ 18%] [32m[1mLinking C shared library libdynamixel_rdk_msgs__rosidl_generator_c.so[0m
[1.357s] [ 18%] Built target dynamixel_rdk_msgs__rosidl_generator_c
[1.371s] [ 20%] [34m[1mGenerating C type support for eProsima Fast-RTPS[0m
[1.374s] [ 21%] [34m[1mGenerating C type support dispatch for ROS interfaces[0m
[1.378s] [ 23%] [34m[1mGenerating C introspection for ROS interfaces[0m
[1.543s] [ 25%] [32mBuilding CXX object CMakeFiles/dynamixel_rdk_msgs__rosidl_typesupport_cpp.dir/rosidl_typesupport_cpp/dynamixel_rdk_msgs/msg/dynamixel_msgs__type_support.cpp.o[0m
[1.550s] [ 29%] [32mBuilding CXX object CMakeFiles/dynamixel_rdk_msgs__rosidl_typesupport_cpp.dir/rosidl_typesupport_cpp/dynamixel_rdk_msgs/msg/dynamixel_control_msgs__type_support.cpp.o[0m
[1.552s] [ 29%] [32mBuilding CXX object CMakeFiles/dynamixel_rdk_msgs__rosidl_typesupport_cpp.dir/rosidl_typesupport_cpp/dynamixel_rdk_msgs/msg/dynamixel_status_msgs__type_support.cpp.o[0m
[1.638s] [ 30%] [32mBuilding CXX object CMakeFiles/dynamixel_rdk_msgs__rosidl_typesupport_fastrtps_cpp.dir/rosidl_typesupport_fastrtps_cpp/dynamixel_rdk_msgs/msg/detail/dds_fastrtps/dynamixel_msgs__type_support.cpp.o[0m
[1.768s] [ 32%] [32mBuilding CXX object CMakeFiles/dynamixel_rdk_msgs__rosidl_typesupport_c.dir/rosidl_typesupport_c/dynamixel_rdk_msgs/msg/dynamixel_msgs__type_support.cpp.o[0m
[1.768s] [ 34%] [32mBuilding CXX object CMakeFiles/dynamixel_rdk_msgs__rosidl_typesupport_introspection_cpp.dir/rosidl_typesupport_introspection_cpp/dynamixel_rdk_msgs/msg/detail/dynamixel_msgs__type_support.cpp.o[0m
[1.795s] [ 36%] [32mBuilding CXX object CMakeFiles/dynamixel_rdk_msgs__rosidl_typesupport_cpp.dir/rosidl_typesupport_cpp/dynamixel_rdk_msgs/msg/dynamixel_bulk_read_msgs__type_support.cpp.o[0m
[1.807s] [ 38%] [32mBuilding CXX object CMakeFiles/dynamixel_rdk_msgs__rosidl_typesupport_c.dir/rosidl_typesupport_c/dynamixel_rdk_msgs/msg/dynamixel_control_msgs__type_support.cpp.o[0m
[1.855s] [ 40%] [32mBuilding CXX object CMakeFiles/dynamixel_rdk_msgs__rosidl_typesupport_c.dir/rosidl_typesupport_c/dynamixel_rdk_msgs/msg/dynamixel_status_msgs__type_support.cpp.o[0m
[1.890s] [ 41%] [32mBuilding C object CMakeFiles/dynamixel_rdk_msgs__rosidl_typesupport_introspection_c.dir/rosidl_typesupport_introspection_c/dynamixel_rdk_msgs/msg/detail/dynamixel_msgs__type_support.c.o[0m
[1.908s] [ 43%] [32mBuilding CXX object CMakeFiles/dynamixel_rdk_msgs__rosidl_typesupport_c.dir/rosidl_typesupport_c/dynamixel_rdk_msgs/msg/dynamixel_bulk_read_msgs__type_support.cpp.o[0m
[1.919s] [ 45%] [32mBuilding CXX object CMakeFiles/dynamixel_rdk_msgs__rosidl_typesupport_introspection_cpp.dir/rosidl_typesupport_introspection_cpp/dynamixel_rdk_msgs/msg/detail/dynamixel_control_msgs__type_support.cpp.o[0m
[1.921s] [ 47%] [32mBuilding CXX object CMakeFiles/dynamixel_rdk_msgs__rosidl_typesupport_fastrtps_c.dir/rosidl_typesupport_fastrtps_c/dynamixel_rdk_msgs/msg/detail/dynamixel_msgs__type_support_c.cpp.o[0m
[1.933s] [ 49%] [32mBuilding C object CMakeFiles/dynamixel_rdk_msgs__rosidl_typesupport_introspection_c.dir/rosidl_typesupport_introspection_c/dynamixel_rdk_msgs/msg/detail/dynamixel_control_msgs__type_support.c.o[0m
[1.947s] [ 50%] [32mBuilding CXX object CMakeFiles/dynamixel_rdk_msgs__rosidl_typesupport_introspection_cpp.dir/rosidl_typesupport_introspection_cpp/dynamixel_rdk_msgs/msg/detail/dynamixel_status_msgs__type_support.cpp.o[0m
[1.975s] [ 52%] [32m[1mLinking CXX shared library libdynamixel_rdk_msgs__rosidl_typesupport_c.so[0m
[1.987s] [ 54%] [32mBuilding C object CMakeFiles/dynamixel_rdk_msgs__rosidl_typesupport_introspection_c.dir/rosidl_typesupport_introspection_c/dynamixel_rdk_msgs/msg/detail/dynamixel_status_msgs__type_support.c.o[0m
[2.020s] [ 56%] [32mBuilding CXX object CMakeFiles/dynamixel_rdk_msgs__rosidl_typesupport_introspection_cpp.dir/rosidl_typesupport_introspection_cpp/dynamixel_rdk_msgs/msg/detail/dynamixel_bulk_read_msgs__type_support.cpp.o[0m
[2.028s] [ 58%] [32m[1mLinking CXX shared library libdynamixel_rdk_msgs__rosidl_typesupport_cpp.so[0m
[2.030s] [ 58%] Built target dynamixel_rdk_msgs__rosidl_typesupport_c
[2.043s] [ 60%] [32mBuilding CXX object CMakeFiles/dynamixel_rdk_msgs__rosidl_typesupport_fastrtps_cpp.dir/rosidl_typesupport_fastrtps_cpp/dynamixel_rdk_msgs/msg/detail/dds_fastrtps/dynamixel_control_msgs__type_support.cpp.o[0m
[2.054s] [ 61%] [32mBuilding C object CMakeFiles/dynamixel_rdk_msgs__rosidl_typesupport_introspection_c.dir/rosidl_typesupport_introspection_c/dynamixel_rdk_msgs/msg/detail/dynamixel_bulk_read_msgs__type_support.c.o[0m
[2.092s] [ 61%] Built target dynamixel_rdk_msgs__rosidl_typesupport_cpp
[2.097s] [ 63%] [32mBuilding CXX object CMakeFiles/dynamixel_rdk_msgs__rosidl_typesupport_fastrtps_cpp.dir/rosidl_typesupport_fastrtps_cpp/dynamixel_rdk_msgs/msg/detail/dds_fastrtps/dynamixel_status_msgs__type_support.cpp.o[0m
[2.102s] [ 65%] [32mBuilding CXX object CMakeFiles/dynamixel_rdk_msgs__rosidl_typesupport_fastrtps_cpp.dir/rosidl_typesupport_fastrtps_cpp/dynamixel_rdk_msgs/msg/detail/dds_fastrtps/dynamixel_bulk_read_msgs__type_support.cpp.o[0m
[2.111s] [ 67%] [32m[1mLinking C shared library libdynamixel_rdk_msgs__rosidl_typesupport_introspection_c.so[0m
[2.163s] [ 67%] Built target dynamixel_rdk_msgs__rosidl_typesupport_introspection_c
[2.181s] [ 69%] [32mBuilding CXX object CMakeFiles/dynamixel_rdk_msgs__rosidl_typesupport_fastrtps_c.dir/rosidl_typesupport_fastrtps_c/dynamixel_rdk_msgs/msg/detail/dynamixel_control_msgs__type_support_c.cpp.o[0m
[2.224s] [ 70%] [32mBuilding CXX object CMakeFiles/dynamixel_rdk_msgs__rosidl_typesupport_fastrtps_c.dir/rosidl_typesupport_fastrtps_c/dynamixel_rdk_msgs/msg/detail/dynamixel_status_msgs__type_support_c.cpp.o[0m
[2.360s] [ 72%] [32mBuilding CXX object CMakeFiles/dynamixel_rdk_msgs__rosidl_typesupport_fastrtps_c.dir/rosidl_typesupport_fastrtps_c/dynamixel_rdk_msgs/msg/detail/dynamixel_bulk_read_msgs__type_support_c.cpp.o[0m
[2.422s] [ 74%] [32m[1mLinking CXX shared library libdynamixel_rdk_msgs__rosidl_typesupport_introspection_cpp.so[0m
[2.537s] [ 74%] Built target dynamixel_rdk_msgs__rosidl_typesupport_introspection_cpp
[2.605s] [ 76%] [32m[1mLinking CXX shared library libdynamixel_rdk_msgs__rosidl_typesupport_fastrtps_cpp.so[0m
[2.682s] [ 78%] [32m[1mLinking CXX shared library libdynamixel_rdk_msgs__rosidl_typesupport_fastrtps_c.so[0m
[2.698s] [ 78%] Built target dynamixel_rdk_msgs__rosidl_typesupport_fastrtps_cpp
[2.742s] [ 78%] Built target dynamixel_rdk_msgs__rosidl_typesupport_fastrtps_c
[2.756s] [ 78%] Built target dynamixel_rdk_msgs
[2.779s] [ 80%] [34m[1mGenerating Python code for ROS interfaces[0m
[3.369s] [ 80%] Built target dynamixel_rdk_msgs__py
[3.413s] [ 81%] [32mBuilding C object CMakeFiles/dynamixel_rdk_msgs__rosidl_generator_py.dir/rosidl_generator_py/dynamixel_rdk_msgs/msg/_dynamixel_msgs_s.c.o[0m
[3.415s] [ 83%] [32mBuilding C object CMakeFiles/dynamixel_rdk_msgs__rosidl_generator_py.dir/rosidl_generator_py/dynamixel_rdk_msgs/msg/_dynamixel_status_msgs_s.c.o[0m
[3.417s] [ 85%] [32mBuilding C object CMakeFiles/dynamixel_rdk_msgs__rosidl_generator_py.dir/rosidl_generator_py/dynamixel_rdk_msgs/msg/_dynamixel_bulk_read_msgs_s.c.o[0m
[3.420s] [ 87%] [32mBuilding C object CMakeFiles/dynamixel_rdk_msgs__rosidl_generator_py.dir/rosidl_generator_py/dynamixel_rdk_msgs/msg/_dynamixel_control_msgs_s.c.o[0m
[3.575s] [ 89%] [32m[1mLinking C shared library rosidl_generator_py/dynamixel_rdk_msgs/libdynamixel_rdk_msgs__rosidl_generator_py.so[0m
[3.622s] [ 89%] Built target dynamixel_rdk_msgs__rosidl_generator_py
[3.655s] [ 90%] [32mBuilding C object CMakeFiles/dynamixel_rdk_msgs__rosidl_typesupport_fastrtps_c__pyext.dir/rosidl_generator_py/dynamixel_rdk_msgs/_dynamixel_rdk_msgs_s.ep.rosidl_typesupport_fastrtps_c.c.o[0m
[3.656s] [ 92%] [32mBuilding C object CMakeFiles/dynamixel_rdk_msgs__rosidl_typesupport_c__pyext.dir/rosidl_generator_py/dynamixel_rdk_msgs/_dynamixel_rdk_msgs_s.ep.rosidl_typesupport_c.c.o[0m
[3.658s] [ 94%] [32mBuilding C object CMakeFiles/dynamixel_rdk_msgs__rosidl_typesupport_introspection_c__pyext.dir/rosidl_generator_py/dynamixel_rdk_msgs/_dynamixel_rdk_msgs_s.ep.rosidl_typesupport_introspection_c.c.o[0m
[3.733s] [ 96%] [32m[1mLinking C shared library rosidl_generator_py/dynamixel_rdk_msgs/dynamixel_rdk_msgs_s__rosidl_typesupport_introspection_c.cpython-310-x86_64-linux-gnu.so[0m
[3.756s] [ 98%] [32m[1mLinking C shared library rosidl_generator_py/dynamixel_rdk_msgs/dynamixel_rdk_msgs_s__rosidl_typesupport_fastrtps_c.cpython-310-x86_64-linux-gnu.so[0m
[3.792s] [ 98%] Built target dynamixel_rdk_msgs__rosidl_typesupport_introspection_c__pyext
[3.817s] [100%] [32m[1mLinking C shared library rosidl_generator_py/dynamixel_rdk_msgs/dynamixel_rdk_msgs_s__rosidl_typesupport_c.cpython-310-x86_64-linux-gnu.so[0m
[3.849s] [100%] Built target dynamixel_rdk_msgs__rosidl_typesupport_fastrtps_c__pyext
[3.888s] [100%] Built target dynamixel_rdk_msgs__rosidl_typesupport_c__pyext
[3.903s] Invoked command in '/home/yu/colcon_ws/build/dynamixel_rdk_msgs' returned '0': CMAKE_PREFIX_PATH=${CMAKE_PREFIX_PATH}:/home/yu/ros2_ws/install/python_parameter_tutorial:/opt/ros/humble /usr/bin/cmake --build /home/yu/colcon_ws/build/dynamixel_rdk_msgs -- -j8 -l8
[3.922s] Invoking command in '/home/yu/colcon_ws/build/dynamixel_rdk_msgs': CMAKE_PREFIX_PATH=${CMAKE_PREFIX_PATH}:/home/yu/ros2_ws/install/python_parameter_tutorial:/opt/ros/humble /usr/bin/cmake --install /home/yu/colcon_ws/build/dynamixel_rdk_msgs
[3.927s] -- Install configuration: ""
[3.928s] -- Execute custom install script
[3.928s] -- Symlinking: /home/yu/colcon_ws/install/dynamixel_rdk_msgs/share/ament_index/resource_index/rosidl_interfaces/dynamixel_rdk_msgs
[3.938s] -- Symlinking: /home/yu/colcon_ws/install/dynamixel_rdk_msgs/include/dynamixel_rdk_msgs/dynamixel_rdk_msgs/msg/detail/dynamixel_bulk_read_msgs__functions.h
[3.947s] -- Symlinking: /home/yu/colcon_ws/install/dynamixel_rdk_msgs/include/dynamixel_rdk_msgs/dynamixel_rdk_msgs/msg/detail/dynamixel_bulk_read_msgs__struct.h
[3.960s] -- Symlinking: /home/yu/colcon_ws/install/dynamixel_rdk_msgs/include/dynamixel_rdk_msgs/dynamixel_rdk_msgs/msg/detail/dynamixel_bulk_read_msgs__type_support.h
[3.967s] -- Symlinking: /home/yu/colcon_ws/install/dynamixel_rdk_msgs/include/dynamixel_rdk_msgs/dynamixel_rdk_msgs/msg/detail/dynamixel_control_msgs__functions.h
[3.982s] -- Symlinking: /home/yu/colcon_ws/install/dynamixel_rdk_msgs/include/dynamixel_rdk_msgs/dynamixel_rdk_msgs/msg/detail/dynamixel_control_msgs__struct.h
[3.984s] -- Symlinking: /home/yu/colcon_ws/install/dynamixel_rdk_msgs/include/dynamixel_rdk_msgs/dynamixel_rdk_msgs/msg/detail/dynamixel_control_msgs__type_support.h
[3.990s] -- Symlinking: /home/yu/colcon_ws/install/dynamixel_rdk_msgs/include/dynamixel_rdk_msgs/dynamixel_rdk_msgs/msg/detail/dynamixel_msgs__functions.h
[4.003s] -- Symlinking: /home/yu/colcon_ws/install/dynamixel_rdk_msgs/include/dynamixel_rdk_msgs/dynamixel_rdk_msgs/msg/detail/dynamixel_msgs__struct.h
[4.007s] -- Symlinking: /home/yu/colcon_ws/install/dynamixel_rdk_msgs/include/dynamixel_rdk_msgs/dynamixel_rdk_msgs/msg/detail/dynamixel_msgs__type_support.h
[4.025s] -- Symlinking: /home/yu/colcon_ws/install/dynamixel_rdk_msgs/include/dynamixel_rdk_msgs/dynamixel_rdk_msgs/msg/detail/dynamixel_status_msgs__functions.h
[4.042s] -- Symlinking: /home/yu/colcon_ws/install/dynamixel_rdk_msgs/include/dynamixel_rdk_msgs/dynamixel_rdk_msgs/msg/detail/dynamixel_status_msgs__struct.h
[4.045s] -- Symlinking: /home/yu/colcon_ws/install/dynamixel_rdk_msgs/include/dynamixel_rdk_msgs/dynamixel_rdk_msgs/msg/detail/dynamixel_status_msgs__type_support.h
[4.051s] -- Symlinking: /home/yu/colcon_ws/install/dynamixel_rdk_msgs/include/dynamixel_rdk_msgs/dynamixel_rdk_msgs/msg/dynamixel_bulk_read_msgs.h
[4.058s] -- Symlinking: /home/yu/colcon_ws/install/dynamixel_rdk_msgs/include/dynamixel_rdk_msgs/dynamixel_rdk_msgs/msg/dynamixel_control_msgs.h
[4.066s] -- Symlinking: /home/yu/colcon_ws/install/dynamixel_rdk_msgs/include/dynamixel_rdk_msgs/dynamixel_rdk_msgs/msg/dynamixel_msgs.h
[4.069s] -- Symlinking: /home/yu/colcon_ws/install/dynamixel_rdk_msgs/include/dynamixel_rdk_msgs/dynamixel_rdk_msgs/msg/dynamixel_status_msgs.h
[4.073s] -- Symlinking: /home/yu/colcon_ws/install/dynamixel_rdk_msgs/include/dynamixel_rdk_msgs/dynamixel_rdk_msgs/msg/rosidl_generator_c__visibility_control.h
[4.078s] -- Symlinking: /home/yu/colcon_ws/install/dynamixel_rdk_msgs/share/dynamixel_rdk_msgs/environment/library_path.sh
[4.084s] -- Symlinking: /home/yu/colcon_ws/install/dynamixel_rdk_msgs/share/dynamixel_rdk_msgs/environment/library_path.dsv
[4.097s] -- Symlinking: /home/yu/colcon_ws/install/dynamixel_rdk_msgs/include/dynamixel_rdk_msgs/dynamixel_rdk_msgs/msg/detail/dynamixel_bulk_read_msgs__rosidl_typesupport_fastrtps_c.h
[4.105s] -- Symlinking: /home/yu/colcon_ws/install/dynamixel_rdk_msgs/include/dynamixel_rdk_msgs/dynamixel_rdk_msgs/msg/detail/dynamixel_control_msgs__rosidl_typesupport_fastrtps_c.h
[4.116s] -- Symlinking: /home/yu/colcon_ws/install/dynamixel_rdk_msgs/include/dynamixel_rdk_msgs/dynamixel_rdk_msgs/msg/detail/dynamixel_msgs__rosidl_typesupport_fastrtps_c.h
[4.121s] -- Symlinking: /home/yu/colcon_ws/install/dynamixel_rdk_msgs/include/dynamixel_rdk_msgs/dynamixel_rdk_msgs/msg/detail/dynamixel_status_msgs__rosidl_typesupport_fastrtps_c.h
[4.128s] -- Symlinking: /home/yu/colcon_ws/install/dynamixel_rdk_msgs/include/dynamixel_rdk_msgs/dynamixel_rdk_msgs/msg/rosidl_typesupport_fastrtps_c__visibility_control.h
[4.145s] -- Symlinking: /home/yu/colcon_ws/install/dynamixel_rdk_msgs/include/dynamixel_rdk_msgs/dynamixel_rdk_msgs/msg/detail/dynamixel_bulk_read_msgs__rosidl_typesupport_introspection_c.h
[4.168s] -- Symlinking: /home/yu/colcon_ws/install/dynamixel_rdk_msgs/include/dynamixel_rdk_msgs/dynamixel_rdk_msgs/msg/detail/dynamixel_control_msgs__rosidl_typesupport_introspection_c.h
[4.171s] -- Symlinking: /home/yu/colcon_ws/install/dynamixel_rdk_msgs/include/dynamixel_rdk_msgs/dynamixel_rdk_msgs/msg/detail/dynamixel_msgs__rosidl_typesupport_introspection_c.h
[4.180s] -- Symlinking: /home/yu/colcon_ws/install/dynamixel_rdk_msgs/include/dynamixel_rdk_msgs/dynamixel_rdk_msgs/msg/detail/dynamixel_status_msgs__rosidl_typesupport_introspection_c.h
[4.188s] -- Symlinking: /home/yu/colcon_ws/install/dynamixel_rdk_msgs/include/dynamixel_rdk_msgs/dynamixel_rdk_msgs/msg/rosidl_typesupport_introspection_c__visibility_control.h
[4.196s] -- Symlinking: /home/yu/colcon_ws/install/dynamixel_rdk_msgs/include/dynamixel_rdk_msgs/dynamixel_rdk_msgs/msg/detail/dynamixel_bulk_read_msgs__builder.hpp
[4.204s] -- Symlinking: /home/yu/colcon_ws/install/dynamixel_rdk_msgs/include/dynamixel_rdk_msgs/dynamixel_rdk_msgs/msg/detail/dynamixel_bulk_read_msgs__struct.hpp
[4.222s] -- Symlinking: /home/yu/colcon_ws/install/dynamixel_rdk_msgs/include/dynamixel_rdk_msgs/dynamixel_rdk_msgs/msg/detail/dynamixel_bulk_read_msgs__traits.hpp
[4.229s] -- Symlinking: /home/yu/colcon_ws/install/dynamixel_rdk_msgs/include/dynamixel_rdk_msgs/dynamixel_rdk_msgs/msg/detail/dynamixel_bulk_read_msgs__type_support.hpp
[4.240s] -- Symlinking: /home/yu/colcon_ws/install/dynamixel_rdk_msgs/include/dynamixel_rdk_msgs/dynamixel_rdk_msgs/msg/detail/dynamixel_control_msgs__builder.hpp
[4.255s] -- Symlinking: /home/yu/colcon_ws/install/dynamixel_rdk_msgs/include/dynamixel_rdk_msgs/dynamixel_rdk_msgs/msg/detail/dynamixel_control_msgs__struct.hpp
[4.283s] -- Symlinking: /home/yu/colcon_ws/install/dynamixel_rdk_msgs/include/dynamixel_rdk_msgs/dynamixel_rdk_msgs/msg/detail/dynamixel_control_msgs__traits.hpp
[4.284s] -- Symlinking: /home/yu/colcon_ws/install/dynamixel_rdk_msgs/include/dynamixel_rdk_msgs/dynamixel_rdk_msgs/msg/detail/dynamixel_control_msgs__type_support.hpp
[4.293s] -- Symlinking: /home/yu/colcon_ws/install/dynamixel_rdk_msgs/include/dynamixel_rdk_msgs/dynamixel_rdk_msgs/msg/detail/dynamixel_msgs__builder.hpp
[4.305s] -- Symlinking: /home/yu/colcon_ws/install/dynamixel_rdk_msgs/include/dynamixel_rdk_msgs/dynamixel_rdk_msgs/msg/detail/dynamixel_msgs__struct.hpp
[4.317s] -- Symlinking: /home/yu/colcon_ws/install/dynamixel_rdk_msgs/include/dynamixel_rdk_msgs/dynamixel_rdk_msgs/msg/detail/dynamixel_msgs__traits.hpp
[4.325s] -- Symlinking: /home/yu/colcon_ws/install/dynamixel_rdk_msgs/include/dynamixel_rdk_msgs/dynamixel_rdk_msgs/msg/detail/dynamixel_msgs__type_support.hpp
[4.333s] -- Symlinking: /home/yu/colcon_ws/install/dynamixel_rdk_msgs/include/dynamixel_rdk_msgs/dynamixel_rdk_msgs/msg/detail/dynamixel_status_msgs__builder.hpp
[4.342s] -- Symlinking: /home/yu/colcon_ws/install/dynamixel_rdk_msgs/include/dynamixel_rdk_msgs/dynamixel_rdk_msgs/msg/detail/dynamixel_status_msgs__struct.hpp
[4.350s] -- Symlinking: /home/yu/colcon_ws/install/dynamixel_rdk_msgs/include/dynamixel_rdk_msgs/dynamixel_rdk_msgs/msg/detail/dynamixel_status_msgs__traits.hpp
[4.358s] -- Symlinking: /home/yu/colcon_ws/install/dynamixel_rdk_msgs/include/dynamixel_rdk_msgs/dynamixel_rdk_msgs/msg/detail/dynamixel_status_msgs__type_support.hpp
[4.369s] -- Symlinking: /home/yu/colcon_ws/install/dynamixel_rdk_msgs/include/dynamixel_rdk_msgs/dynamixel_rdk_msgs/msg/dynamixel_bulk_read_msgs.hpp
[4.376s] -- Symlinking: /home/yu/colcon_ws/install/dynamixel_rdk_msgs/include/dynamixel_rdk_msgs/dynamixel_rdk_msgs/msg/dynamixel_control_msgs.hpp
[4.391s] -- Symlinking: /home/yu/colcon_ws/install/dynamixel_rdk_msgs/include/dynamixel_rdk_msgs/dynamixel_rdk_msgs/msg/dynamixel_msgs.hpp
[4.404s] -- Symlinking: /home/yu/colcon_ws/install/dynamixel_rdk_msgs/include/dynamixel_rdk_msgs/dynamixel_rdk_msgs/msg/dynamixel_status_msgs.hpp
[4.410s] -- Symlinking: /home/yu/colcon_ws/install/dynamixel_rdk_msgs/include/dynamixel_rdk_msgs/dynamixel_rdk_msgs/msg/rosidl_generator_cpp__visibility_control.hpp
[4.419s] -- Symlinking: /home/yu/colcon_ws/install/dynamixel_rdk_msgs/include/dynamixel_rdk_msgs/dynamixel_rdk_msgs/msg/detail/dynamixel_bulk_read_msgs__rosidl_typesupport_fastrtps_cpp.hpp
[4.434s] -- Symlinking: /home/yu/colcon_ws/install/dynamixel_rdk_msgs/include/dynamixel_rdk_msgs/dynamixel_rdk_msgs/msg/detail/dynamixel_control_msgs__rosidl_typesupport_fastrtps_cpp.hpp
[4.453s] -- Symlinking: /home/yu/colcon_ws/install/dynamixel_rdk_msgs/include/dynamixel_rdk_msgs/dynamixel_rdk_msgs/msg/detail/dynamixel_msgs__rosidl_typesupport_fastrtps_cpp.hpp
[4.476s] -- Symlinking: /home/yu/colcon_ws/install/dynamixel_rdk_msgs/include/dynamixel_rdk_msgs/dynamixel_rdk_msgs/msg/detail/dynamixel_status_msgs__rosidl_typesupport_fastrtps_cpp.hpp
[4.491s] -- Symlinking: /home/yu/colcon_ws/install/dynamixel_rdk_msgs/include/dynamixel_rdk_msgs/dynamixel_rdk_msgs/msg/rosidl_typesupport_fastrtps_cpp__visibility_control.h
[4.505s] -- Symlinking: /home/yu/colcon_ws/install/dynamixel_rdk_msgs/include/dynamixel_rdk_msgs/dynamixel_rdk_msgs/msg/detail/dynamixel_bulk_read_msgs__rosidl_typesupport_introspection_cpp.hpp
[4.522s] -- Symlinking: /home/yu/colcon_ws/install/dynamixel_rdk_msgs/include/dynamixel_rdk_msgs/dynamixel_rdk_msgs/msg/detail/dynamixel_control_msgs__rosidl_typesupport_introspection_cpp.hpp
[4.541s] -- Symlinking: /home/yu/colcon_ws/install/dynamixel_rdk_msgs/include/dynamixel_rdk_msgs/dynamixel_rdk_msgs/msg/detail/dynamixel_msgs__rosidl_typesupport_introspection_cpp.hpp
[4.549s] -- Symlinking: /home/yu/colcon_ws/install/dynamixel_rdk_msgs/include/dynamixel_rdk_msgs/dynamixel_rdk_msgs/msg/detail/dynamixel_status_msgs__rosidl_typesupport_introspection_cpp.hpp
[4.559s] -- Symlinking: /home/yu/colcon_ws/install/dynamixel_rdk_msgs/share/dynamixel_rdk_msgs/environment/pythonpath.sh
[4.576s] -- Symlinking: /home/yu/colcon_ws/install/dynamixel_rdk_msgs/share/dynamixel_rdk_msgs/environment/pythonpath.dsv
[4.590s] -- Symlinking: /home/yu/colcon_ws/install/dynamixel_rdk_msgs/local/lib/python3.10/dist-packages/dynamixel_rdk_msgs-0.0.1-py3.10.egg-info/PKG-INFO
[4.603s] -- Symlinking: /home/yu/colcon_ws/install/dynamixel_rdk_msgs/local/lib/python3.10/dist-packages/dynamixel_rdk_msgs-0.0.1-py3.10.egg-info/SOURCES.txt
[4.615s] -- Symlinking: /home/yu/colcon_ws/install/dynamixel_rdk_msgs/local/lib/python3.10/dist-packages/dynamixel_rdk_msgs-0.0.1-py3.10.egg-info/dependency_links.txt
[4.622s] -- Symlinking: /home/yu/colcon_ws/install/dynamixel_rdk_msgs/local/lib/python3.10/dist-packages/dynamixel_rdk_msgs-0.0.1-py3.10.egg-info/top_level.txt
[4.633s] -- Symlinking: /home/yu/colcon_ws/install/dynamixel_rdk_msgs/local/lib/python3.10/dist-packages/dynamixel_rdk_msgs/__init__.py
[4.637s] -- Symlinking: /home/yu/colcon_ws/install/dynamixel_rdk_msgs/local/lib/python3.10/dist-packages/dynamixel_rdk_msgs/_dynamixel_rdk_msgs_s.ep.rosidl_typesupport_c.c
[4.643s] -- Symlinking: /home/yu/colcon_ws/install/dynamixel_rdk_msgs/local/lib/python3.10/dist-packages/dynamixel_rdk_msgs/_dynamixel_rdk_msgs_s.ep.rosidl_typesupport_fastrtps_c.c
[4.650s] -- Symlinking: /home/yu/colcon_ws/install/dynamixel_rdk_msgs/local/lib/python3.10/dist-packages/dynamixel_rdk_msgs/_dynamixel_rdk_msgs_s.ep.rosidl_typesupport_introspection_c.c
[4.660s] -- Symlinking: /home/yu/colcon_ws/install/dynamixel_rdk_msgs/local/lib/python3.10/dist-packages/dynamixel_rdk_msgs/dynamixel_rdk_msgs_s__rosidl_typesupport_c.cpython-310-x86_64-linux-gnu.so
[4.671s] -- Symlinking: /home/yu/colcon_ws/install/dynamixel_rdk_msgs/local/lib/python3.10/dist-packages/dynamixel_rdk_msgs/dynamixel_rdk_msgs_s__rosidl_typesupport_fastrtps_c.cpython-310-x86_64-linux-gnu.so
[4.681s] -- Symlinking: /home/yu/colcon_ws/install/dynamixel_rdk_msgs/local/lib/python3.10/dist-packages/dynamixel_rdk_msgs/dynamixel_rdk_msgs_s__rosidl_typesupport_introspection_c.cpython-310-x86_64-linux-gnu.so
[4.695s] -- Symlinking: /home/yu/colcon_ws/install/dynamixel_rdk_msgs/local/lib/python3.10/dist-packages/dynamixel_rdk_msgs/libdynamixel_rdk_msgs__rosidl_generator_py.so
[4.702s] -- Symlinking: /home/yu/colcon_ws/install/dynamixel_rdk_msgs/local/lib/python3.10/dist-packages/dynamixel_rdk_msgs/msg/__init__.py
[4.705s] -- Symlinking: /home/yu/colcon_ws/install/dynamixel_rdk_msgs/local/lib/python3.10/dist-packages/dynamixel_rdk_msgs/msg/_dynamixel_bulk_read_msgs.py
[4.714s] -- Symlinking: /home/yu/colcon_ws/install/dynamixel_rdk_msgs/local/lib/python3.10/dist-packages/dynamixel_rdk_msgs/msg/_dynamixel_bulk_read_msgs_s.c
[4.724s] -- Symlinking: /home/yu/colcon_ws/install/dynamixel_rdk_msgs/local/lib/python3.10/dist-packages/dynamixel_rdk_msgs/msg/_dynamixel_control_msgs.py
[4.730s] -- Symlinking: /home/yu/colcon_ws/install/dynamixel_rdk_msgs/local/lib/python3.10/dist-packages/dynamixel_rdk_msgs/msg/_dynamixel_control_msgs_s.c
[4.735s] -- Symlinking: /home/yu/colcon_ws/install/dynamixel_rdk_msgs/local/lib/python3.10/dist-packages/dynamixel_rdk_msgs/msg/_dynamixel_msgs.py
[4.743s] -- Symlinking: /home/yu/colcon_ws/install/dynamixel_rdk_msgs/local/lib/python3.10/dist-packages/dynamixel_rdk_msgs/msg/_dynamixel_msgs_s.c
[4.746s] -- Symlinking: /home/yu/colcon_ws/install/dynamixel_rdk_msgs/local/lib/python3.10/dist-packages/dynamixel_rdk_msgs/msg/_dynamixel_status_msgs.py
[4.759s] -- Symlinking: /home/yu/colcon_ws/install/dynamixel_rdk_msgs/local/lib/python3.10/dist-packages/dynamixel_rdk_msgs/msg/_dynamixel_status_msgs_s.c
[4.766s] -- Up-to-date symlink: /home/yu/colcon_ws/install/dynamixel_rdk_msgs/local/lib/python3.10/dist-packages/dynamixel_rdk_msgs/dynamixel_rdk_msgs_s__rosidl_typesupport_fastrtps_c.cpython-310-x86_64-linux-gnu.so
[4.766s] -- Up-to-date symlink: /home/yu/colcon_ws/install/dynamixel_rdk_msgs/local/lib/python3.10/dist-packages/dynamixel_rdk_msgs/dynamixel_rdk_msgs_s__rosidl_typesupport_introspection_c.cpython-310-x86_64-linux-gnu.so
[4.766s] -- Up-to-date symlink: /home/yu/colcon_ws/install/dynamixel_rdk_msgs/local/lib/python3.10/dist-packages/dynamixel_rdk_msgs/dynamixel_rdk_msgs_s__rosidl_typesupport_c.cpython-310-x86_64-linux-gnu.so
[4.766s] -- Symlinking: /home/yu/colcon_ws/install/dynamixel_rdk_msgs/share/dynamixel_rdk_msgs/msg/DynamixelMsgs.idl
[4.771s] -- Symlinking: /home/yu/colcon_ws/install/dynamixel_rdk_msgs/share/dynamixel_rdk_msgs/msg/DynamixelControlMsgs.idl
[4.789s] -- Symlinking: /home/yu/colcon_ws/install/dynamixel_rdk_msgs/share/dynamixel_rdk_msgs/msg/DynamixelStatusMsgs.idl
[4.789s] -- Symlinking: /home/yu/colcon_ws/install/dynamixel_rdk_msgs/share/dynamixel_rdk_msgs/msg/DynamixelBulkReadMsgs.idl
[4.799s] -- Symlinking: /home/yu/colcon_ws/install/dynamixel_rdk_msgs/share/dynamixel_rdk_msgs/msg/DynamixelMsgs.msg
[4.809s] -- Symlinking: /home/yu/colcon_ws/install/dynamixel_rdk_msgs/share/dynamixel_rdk_msgs/msg/DynamixelControlMsgs.msg
[4.820s] -- Symlinking: /home/yu/colcon_ws/install/dynamixel_rdk_msgs/share/dynamixel_rdk_msgs/msg/DynamixelStatusMsgs.msg
[4.831s] -- Symlinking: /home/yu/colcon_ws/install/dynamixel_rdk_msgs/share/dynamixel_rdk_msgs/msg/DynamixelBulkReadMsgs.msg
[4.841s] -- Symlinking: /home/yu/colcon_ws/install/dynamixel_rdk_msgs/share/ament_index/resource_index/package_run_dependencies/dynamixel_rdk_msgs
[4.850s] -- Symlinking: /home/yu/colcon_ws/install/dynamixel_rdk_msgs/share/ament_index/resource_index/parent_prefix_path/dynamixel_rdk_msgs
[4.854s] -- Symlinking: /home/yu/colcon_ws/install/dynamixel_rdk_msgs/share/dynamixel_rdk_msgs/environment/ament_prefix_path.sh
[4.859s] -- Symlinking: /home/yu/colcon_ws/install/dynamixel_rdk_msgs/share/dynamixel_rdk_msgs/environment/ament_prefix_path.dsv
[4.871s] -- Symlinking: /home/yu/colcon_ws/install/dynamixel_rdk_msgs/share/dynamixel_rdk_msgs/environment/path.sh
[4.874s] -- Symlinking: /home/yu/colcon_ws/install/dynamixel_rdk_msgs/share/dynamixel_rdk_msgs/environment/path.dsv
[4.879s] -- Symlinking: /home/yu/colcon_ws/install/dynamixel_rdk_msgs/share/dynamixel_rdk_msgs/local_setup.bash
[4.885s] -- Symlinking: /home/yu/colcon_ws/install/dynamixel_rdk_msgs/share/dynamixel_rdk_msgs/local_setup.sh
[4.897s] -- Symlinking: /home/yu/colcon_ws/install/dynamixel_rdk_msgs/share/dynamixel_rdk_msgs/local_setup.zsh
[4.907s] -- Symlinking: /home/yu/colcon_ws/install/dynamixel_rdk_msgs/share/dynamixel_rdk_msgs/local_setup.dsv
[4.914s] -- Symlinking: /home/yu/colcon_ws/install/dynamixel_rdk_msgs/share/dynamixel_rdk_msgs/package.dsv
[4.924s] -- Symlinking: /home/yu/colcon_ws/install/dynamixel_rdk_msgs/share/ament_index/resource_index/packages/dynamixel_rdk_msgs
[4.935s] -- Symlinking: /home/yu/colcon_ws/install/dynamixel_rdk_msgs/share/dynamixel_rdk_msgs/cmake/rosidl_cmake-extras.cmake
[4.942s] -- Symlinking: /home/yu/colcon_ws/install/dynamixel_rdk_msgs/share/dynamixel_rdk_msgs/cmake/ament_cmake_export_dependencies-extras.cmake
[4.950s] -- Symlinking: /home/yu/colcon_ws/install/dynamixel_rdk_msgs/share/dynamixel_rdk_msgs/cmake/ament_cmake_export_include_directories-extras.cmake
[4.962s] -- Symlinking: /home/yu/colcon_ws/install/dynamixel_rdk_msgs/share/dynamixel_rdk_msgs/cmake/ament_cmake_export_libraries-extras.cmake
[4.968s] -- Symlinking: /home/yu/colcon_ws/install/dynamixel_rdk_msgs/share/dynamixel_rdk_msgs/cmake/ament_cmake_export_targets-extras.cmake
[4.981s] -- Symlinking: /home/yu/colcon_ws/install/dynamixel_rdk_msgs/share/dynamixel_rdk_msgs/cmake/rosidl_cmake_export_typesupport_targets-extras.cmake
[4.989s] -- Symlinking: /home/yu/colcon_ws/install/dynamixel_rdk_msgs/share/dynamixel_rdk_msgs/cmake/rosidl_cmake_export_typesupport_libraries-extras.cmake
[5.000s] -- Symlinking: /home/yu/colcon_ws/install/dynamixel_rdk_msgs/share/dynamixel_rdk_msgs/cmake/dynamixel_rdk_msgsConfig.cmake
[5.010s] -- Symlinking: /home/yu/colcon_ws/install/dynamixel_rdk_msgs/share/dynamixel_rdk_msgs/cmake/dynamixel_rdk_msgsConfig-version.cmake
[5.024s] -- Symlinking: /home/yu/colcon_ws/install/dynamixel_rdk_msgs/share/dynamixel_rdk_msgs/package.xml
[5.037s] -- Installing: /home/yu/colcon_ws/install/dynamixel_rdk_msgs/lib/libdynamixel_rdk_msgs__rosidl_generator_c.so
[5.037s] -- Set runtime path of "/home/yu/colcon_ws/install/dynamixel_rdk_msgs/lib/libdynamixel_rdk_msgs__rosidl_generator_c.so" to ""
[5.038s] -- Installing: /home/yu/colcon_ws/install/dynamixel_rdk_msgs/lib/libdynamixel_rdk_msgs__rosidl_typesupport_fastrtps_c.so
[5.038s] -- Set runtime path of "/home/yu/colcon_ws/install/dynamixel_rdk_msgs/lib/libdynamixel_rdk_msgs__rosidl_typesupport_fastrtps_c.so" to ""
[5.038s] -- Installing: /home/yu/colcon_ws/install/dynamixel_rdk_msgs/lib/libdynamixel_rdk_msgs__rosidl_typesupport_introspection_c.so
[5.038s] -- Set runtime path of "/home/yu/colcon_ws/install/dynamixel_rdk_msgs/lib/libdynamixel_rdk_msgs__rosidl_typesupport_introspection_c.so" to ""
[5.038s] -- Installing: /home/yu/colcon_ws/install/dynamixel_rdk_msgs/lib/libdynamixel_rdk_msgs__rosidl_typesupport_c.so
[5.038s] -- Set runtime path of "/home/yu/colcon_ws/install/dynamixel_rdk_msgs/lib/libdynamixel_rdk_msgs__rosidl_typesupport_c.so" to ""
[5.038s] -- Installing: /home/yu/colcon_ws/install/dynamixel_rdk_msgs/lib/libdynamixel_rdk_msgs__rosidl_typesupport_fastrtps_cpp.so
[5.038s] -- Set runtime path of "/home/yu/colcon_ws/install/dynamixel_rdk_msgs/lib/libdynamixel_rdk_msgs__rosidl_typesupport_fastrtps_cpp.so" to ""
[5.038s] -- Installing: /home/yu/colcon_ws/install/dynamixel_rdk_msgs/lib/libdynamixel_rdk_msgs__rosidl_typesupport_introspection_cpp.so
[5.038s] -- Set runtime path of "/home/yu/colcon_ws/install/dynamixel_rdk_msgs/lib/libdynamixel_rdk_msgs__rosidl_typesupport_introspection_cpp.so" to ""
[5.038s] -- Installing: /home/yu/colcon_ws/install/dynamixel_rdk_msgs/lib/libdynamixel_rdk_msgs__rosidl_typesupport_cpp.so
[5.038s] -- Set runtime path of "/home/yu/colcon_ws/install/dynamixel_rdk_msgs/lib/libdynamixel_rdk_msgs__rosidl_typesupport_cpp.so" to ""
[5.088s] Listing '/home/yu/colcon_ws/install/dynamixel_rdk_msgs/local/lib/python3.10/dist-packages/dynamixel_rdk_msgs'...
[5.089s] Compiling '/home/yu/colcon_ws/install/dynamixel_rdk_msgs/local/lib/python3.10/dist-packages/dynamixel_rdk_msgs/__init__.py'...
[5.089s] Listing '/home/yu/colcon_ws/install/dynamixel_rdk_msgs/local/lib/python3.10/dist-packages/dynamixel_rdk_msgs/msg'...
[5.089s] Compiling '/home/yu/colcon_ws/install/dynamixel_rdk_msgs/local/lib/python3.10/dist-packages/dynamixel_rdk_msgs/msg/__init__.py'...
[5.089s] Compiling '/home/yu/colcon_ws/install/dynamixel_rdk_msgs/local/lib/python3.10/dist-packages/dynamixel_rdk_msgs/msg/_dynamixel_bulk_read_msgs.py'...
[5.089s] Compiling '/home/yu/colcon_ws/install/dynamixel_rdk_msgs/local/lib/python3.10/dist-packages/dynamixel_rdk_msgs/msg/_dynamixel_control_msgs.py'...
[5.089s] Compiling '/home/yu/colcon_ws/install/dynamixel_rdk_msgs/local/lib/python3.10/dist-packages/dynamixel_rdk_msgs/msg/_dynamixel_msgs.py'...
[5.089s] Compiling '/home/yu/colcon_ws/install/dynamixel_rdk_msgs/local/lib/python3.10/dist-packages/dynamixel_rdk_msgs/msg/_dynamixel_status_msgs.py'...
[5.089s] -- Installing: /home/yu/colcon_ws/install/dynamixel_rdk_msgs/lib/libdynamixel_rdk_msgs__rosidl_generator_py.so
[5.089s] -- Set runtime path of "/home/yu/colcon_ws/install/dynamixel_rdk_msgs/lib/libdynamixel_rdk_msgs__rosidl_generator_py.so" to ""
[5.089s] -- Installing: /home/yu/colcon_ws/install/dynamixel_rdk_msgs/share/dynamixel_rdk_msgs/cmake/export_dynamixel_rdk_msgs__rosidl_generator_cExport.cmake
[5.089s] -- Installing: /home/yu/colcon_ws/install/dynamixel_rdk_msgs/share/dynamixel_rdk_msgs/cmake/export_dynamixel_rdk_msgs__rosidl_generator_cExport-noconfig.cmake
[5.089s] -- Installing: /home/yu/colcon_ws/install/dynamixel_rdk_msgs/share/dynamixel_rdk_msgs/cmake/export_dynamixel_rdk_msgs__rosidl_typesupport_fastrtps_cExport.cmake
[5.090s] -- Installing: /home/yu/colcon_ws/install/dynamixel_rdk_msgs/share/dynamixel_rdk_msgs/cmake/export_dynamixel_rdk_msgs__rosidl_typesupport_fastrtps_cExport-noconfig.cmake
[5.090s] -- Installing: /home/yu/colcon_ws/install/dynamixel_rdk_msgs/share/dynamixel_rdk_msgs/cmake/dynamixel_rdk_msgs__rosidl_typesupport_introspection_cExport.cmake
[5.090s] -- Installing: /home/yu/colcon_ws/install/dynamixel_rdk_msgs/share/dynamixel_rdk_msgs/cmake/dynamixel_rdk_msgs__rosidl_typesupport_introspection_cExport-noconfig.cmake
[5.093s] -- Installing: /home/yu/colcon_ws/install/dynamixel_rdk_msgs/share/dynamixel_rdk_msgs/cmake/dynamixel_rdk_msgs__rosidl_typesupport_cExport.cmake
[5.094s] -- Installing: /home/yu/colcon_ws/install/dynamixel_rdk_msgs/share/dynamixel_rdk_msgs/cmake/dynamixel_rdk_msgs__rosidl_typesupport_cExport-noconfig.cmake
[5.094s] -- Installing: /home/yu/colcon_ws/install/dynamixel_rdk_msgs/share/dynamixel_rdk_msgs/cmake/export_dynamixel_rdk_msgs__rosidl_generator_cppExport.cmake
[5.095s] -- Installing: /home/yu/colcon_ws/install/dynamixel_rdk_msgs/share/dynamixel_rdk_msgs/cmake/export_dynamixel_rdk_msgs__rosidl_typesupport_fastrtps_cppExport.cmake
[5.096s] -- Installing: /home/yu/colcon_ws/install/dynamixel_rdk_msgs/share/dynamixel_rdk_msgs/cmake/export_dynamixel_rdk_msgs__rosidl_typesupport_fastrtps_cppExport-noconfig.cmake
[5.096s] -- Installing: /home/yu/colcon_ws/install/dynamixel_rdk_msgs/share/dynamixel_rdk_msgs/cmake/dynamixel_rdk_msgs__rosidl_typesupport_introspection_cppExport.cmake
[5.098s] -- Installing: /home/yu/colcon_ws/install/dynamixel_rdk_msgs/share/dynamixel_rdk_msgs/cmake/dynamixel_rdk_msgs__rosidl_typesupport_introspection_cppExport-noconfig.cmake
[5.104s] -- Installing: /home/yu/colcon_ws/install/dynamixel_rdk_msgs/share/dynamixel_rdk_msgs/cmake/dynamixel_rdk_msgs__rosidl_typesupport_cppExport.cmake
[5.104s] -- Installing: /home/yu/colcon_ws/install/dynamixel_rdk_msgs/share/dynamixel_rdk_msgs/cmake/dynamixel_rdk_msgs__rosidl_typesupport_cppExport-noconfig.cmake
[5.104s] -- Installing: /home/yu/colcon_ws/install/dynamixel_rdk_msgs/share/dynamixel_rdk_msgs/cmake/export_dynamixel_rdk_msgs__rosidl_generator_pyExport.cmake
[5.106s] -- Installing: /home/yu/colcon_ws/install/dynamixel_rdk_msgs/share/dynamixel_rdk_msgs/cmake/export_dynamixel_rdk_msgs__rosidl_generator_pyExport-noconfig.cmake
[5.107s] Invoked command in '/home/yu/colcon_ws/build/dynamixel_rdk_msgs' returned '0': CMAKE_PREFIX_PATH=${CMAKE_PREFIX_PATH}:/home/yu/ros2_ws/install/python_parameter_tutorial:/opt/ros/humble /usr/bin/cmake --install /home/yu/colcon_ws/build/dynamixel_rdk_msgs
