[  1%] [34m[1mGenerating C code for ROS interfaces[0m
[  3%] [34m[1mGenerating C++ code for ROS interfaces[0m
[  3%] Built target ament_cmake_python_copy_dynamixel_rdk_msgs
running egg_info
creating dynamixel_rdk_msgs.egg-info
writing dynamixel_rdk_msgs.egg-info/PKG-INFO
writing dependency_links to dynamixel_rdk_msgs.egg-info/dependency_links.txt
writing top-level names to dynamixel_rdk_msgs.egg-info/top_level.txt
writing manifest file 'dynamixel_rdk_msgs.egg-info/SOURCES.txt'
reading manifest file 'dynamixel_rdk_msgs.egg-info/SOURCES.txt'
writing manifest file 'dynamixel_rdk_msgs.egg-info/SOURCES.txt'
[  3%] Built target ament_cmake_python_build_dynamixel_rdk_msgs_egg
[  5%] [32mBuilding C object CMakeFiles/dynamixel_rdk_msgs__rosidl_generator_c.dir/rosidl_generator_c/dynamixel_rdk_msgs/msg/detail/dynamixel_bulk_read_msgs__functions.c.o[0m
[  7%] [32mBuilding C object CMakeFiles/dynamixel_rdk_msgs__rosidl_generator_c.dir/rosidl_generator_c/dynamixel_rdk_msgs/msg/detail/dynamixel_msgs__functions.c.o[0m
[  9%] [32mBuilding C object CMakeFiles/dynamixel_rdk_msgs__rosidl_generator_c.dir/rosidl_generator_c/dynamixel_rdk_msgs/msg/detail/dynamixel_status_msgs__functions.c.o[0m
[ 10%] [32mBuilding C object CMakeFiles/dynamixel_rdk_msgs__rosidl_generator_c.dir/rosidl_generator_c/dynamixel_rdk_msgs/msg/detail/dynamixel_control_msgs__functions.c.o[0m
[ 10%] Built target dynamixel_rdk_msgs__cpp
[ 12%] [34m[1mGenerating C++ type support for eProsima Fast-RTPS[0m
[ 14%] [34m[1mGenerating C++ type support dispatch for ROS interfaces[0m
[ 16%] [34m[1mGenerating C++ introspection for ROS interfaces[0m
[ 18%] [32m[1mLinking C shared library libdynamixel_rdk_msgs__rosidl_generator_c.so[0m
[ 18%] Built target dynamixel_rdk_msgs__rosidl_generator_c
[ 20%] [34m[1mGenerating C introspection for ROS interfaces[0m
[ 21%] [34m[1mGenerating C type support for eProsima Fast-RTPS[0m
[ 23%] [34m[1mGenerating C type support dispatch for ROS interfaces[0m
[ 25%] [32mBuilding CXX object CMakeFiles/dynamixel_rdk_msgs__rosidl_typesupport_introspection_cpp.dir/rosidl_typesupport_introspection_cpp/dynamixel_rdk_msgs/msg/detail/dynamixel_msgs__type_support.cpp.o[0m
[ 27%] [32mBuilding CXX object CMakeFiles/dynamixel_rdk_msgs__rosidl_typesupport_introspection_cpp.dir/rosidl_typesupport_introspection_cpp/dynamixel_rdk_msgs/msg/detail/dynamixel_control_msgs__type_support.cpp.o[0m
[ 29%] [32mBuilding CXX object CMakeFiles/dynamixel_rdk_msgs__rosidl_typesupport_introspection_cpp.dir/rosidl_typesupport_introspection_cpp/dynamixel_rdk_msgs/msg/detail/dynamixel_status_msgs__type_support.cpp.o[0m
[ 30%] [32mBuilding CXX object CMakeFiles/dynamixel_rdk_msgs__rosidl_typesupport_c.dir/rosidl_typesupport_c/dynamixel_rdk_msgs/msg/dynamixel_msgs__type_support.cpp.o[0m
[ 32%] [32mBuilding CXX object CMakeFiles/dynamixel_rdk_msgs__rosidl_typesupport_cpp.dir/rosidl_typesupport_cpp/dynamixel_rdk_msgs/msg/dynamixel_msgs__type_support.cpp.o[0m
[ 34%] [32mBuilding CXX object CMakeFiles/dynamixel_rdk_msgs__rosidl_typesupport_c.dir/rosidl_typesupport_c/dynamixel_rdk_msgs/msg/dynamixel_control_msgs__type_support.cpp.o[0m
[ 36%] [32mBuilding CXX object CMakeFiles/dynamixel_rdk_msgs__rosidl_typesupport_c.dir/rosidl_typesupport_c/dynamixel_rdk_msgs/msg/dynamixel_status_msgs__type_support.cpp.o[0m
[ 38%] [32mBuilding C object CMakeFiles/dynamixel_rdk_msgs__rosidl_typesupport_introspection_c.dir/rosidl_typesupport_introspection_c/dynamixel_rdk_msgs/msg/detail/dynamixel_msgs__type_support.c.o[0m
[ 40%] [32mBuilding CXX object CMakeFiles/dynamixel_rdk_msgs__rosidl_typesupport_c.dir/rosidl_typesupport_c/dynamixel_rdk_msgs/msg/dynamixel_bulk_read_msgs__type_support.cpp.o[0m
[ 41%] [32mBuilding C object CMakeFiles/dynamixel_rdk_msgs__rosidl_typesupport_introspection_c.dir/rosidl_typesupport_introspection_c/dynamixel_rdk_msgs/msg/detail/dynamixel_control_msgs__type_support.c.o[0m
[ 43%] [32m[1mLinking CXX shared library libdynamixel_rdk_msgs__rosidl_typesupport_c.so[0m
[ 45%] [32mBuilding C object CMakeFiles/dynamixel_rdk_msgs__rosidl_typesupport_introspection_c.dir/rosidl_typesupport_introspection_c/dynamixel_rdk_msgs/msg/detail/dynamixel_status_msgs__type_support.c.o[0m
[ 45%] Built target dynamixel_rdk_msgs__rosidl_typesupport_c
[ 47%] [32mBuilding C object CMakeFiles/dynamixel_rdk_msgs__rosidl_typesupport_introspection_c.dir/rosidl_typesupport_introspection_c/dynamixel_rdk_msgs/msg/detail/dynamixel_bulk_read_msgs__type_support.c.o[0m
[ 49%] [32mBuilding CXX object CMakeFiles/dynamixel_rdk_msgs__rosidl_typesupport_introspection_cpp.dir/rosidl_typesupport_introspection_cpp/dynamixel_rdk_msgs/msg/detail/dynamixel_bulk_read_msgs__type_support.cpp.o[0m
[ 50%] [32m[1mLinking C shared library libdynamixel_rdk_msgs__rosidl_typesupport_introspection_c.so[0m
[ 52%] [32mBuilding CXX object CMakeFiles/dynamixel_rdk_msgs__rosidl_typesupport_cpp.dir/rosidl_typesupport_cpp/dynamixel_rdk_msgs/msg/dynamixel_control_msgs__type_support.cpp.o[0m
[ 54%] [32mBuilding CXX object CMakeFiles/dynamixel_rdk_msgs__rosidl_typesupport_cpp.dir/rosidl_typesupport_cpp/dynamixel_rdk_msgs/msg/dynamixel_status_msgs__type_support.cpp.o[0m
[ 56%] [32mBuilding CXX object CMakeFiles/dynamixel_rdk_msgs__rosidl_typesupport_fastrtps_cpp.dir/rosidl_typesupport_fastrtps_cpp/dynamixel_rdk_msgs/msg/detail/dds_fastrtps/dynamixel_msgs__type_support.cpp.o[0m
[ 56%] Built target dynamixel_rdk_msgs__rosidl_typesupport_introspection_c
[ 58%] [32mBuilding CXX object CMakeFiles/dynamixel_rdk_msgs__rosidl_typesupport_cpp.dir/rosidl_typesupport_cpp/dynamixel_rdk_msgs/msg/dynamixel_bulk_read_msgs__type_support.cpp.o[0m
[ 60%] [32mBuilding CXX object CMakeFiles/dynamixel_rdk_msgs__rosidl_typesupport_fastrtps_cpp.dir/rosidl_typesupport_fastrtps_cpp/dynamixel_rdk_msgs/msg/detail/dds_fastrtps/dynamixel_control_msgs__type_support.cpp.o[0m
[ 61%] [32mBuilding CXX object CMakeFiles/dynamixel_rdk_msgs__rosidl_typesupport_fastrtps_c.dir/rosidl_typesupport_fastrtps_c/dynamixel_rdk_msgs/msg/detail/dynamixel_msgs__type_support_c.cpp.o[0m
[ 63%] [32mBuilding CXX object CMakeFiles/dynamixel_rdk_msgs__rosidl_typesupport_fastrtps_c.dir/rosidl_typesupport_fastrtps_c/dynamixel_rdk_msgs/msg/detail/dynamixel_control_msgs__type_support_c.cpp.o[0m
[ 65%] [32mBuilding CXX object CMakeFiles/dynamixel_rdk_msgs__rosidl_typesupport_fastrtps_c.dir/rosidl_typesupport_fastrtps_c/dynamixel_rdk_msgs/msg/detail/dynamixel_status_msgs__type_support_c.cpp.o[0m
[ 67%] [32mBuilding CXX object CMakeFiles/dynamixel_rdk_msgs__rosidl_typesupport_fastrtps_c.dir/rosidl_typesupport_fastrtps_c/dynamixel_rdk_msgs/msg/detail/dynamixel_bulk_read_msgs__type_support_c.cpp.o[0m
[ 69%] [32mBuilding CXX object CMakeFiles/dynamixel_rdk_msgs__rosidl_typesupport_fastrtps_cpp.dir/rosidl_typesupport_fastrtps_cpp/dynamixel_rdk_msgs/msg/detail/dds_fastrtps/dynamixel_status_msgs__type_support.cpp.o[0m
[ 70%] [32m[1mLinking CXX shared library libdynamixel_rdk_msgs__rosidl_typesupport_introspection_cpp.so[0m
[ 72%] [32mBuilding CXX object CMakeFiles/dynamixel_rdk_msgs__rosidl_typesupport_fastrtps_cpp.dir/rosidl_typesupport_fastrtps_cpp/dynamixel_rdk_msgs/msg/detail/dds_fastrtps/dynamixel_bulk_read_msgs__type_support.cpp.o[0m
[ 74%] [32m[1mLinking CXX shared library libdynamixel_rdk_msgs__rosidl_typesupport_cpp.so[0m
[ 74%] Built target dynamixel_rdk_msgs__rosidl_typesupport_cpp
[ 74%] Built target dynamixel_rdk_msgs__rosidl_typesupport_introspection_cpp
[ 76%] [32m[1mLinking CXX shared library libdynamixel_rdk_msgs__rosidl_typesupport_fastrtps_c.so[0m
[ 76%] Built target dynamixel_rdk_msgs__rosidl_typesupport_fastrtps_c
[ 78%] [32m[1mLinking CXX shared library libdynamixel_rdk_msgs__rosidl_typesupport_fastrtps_cpp.so[0m
[ 78%] Built target dynamixel_rdk_msgs__rosidl_typesupport_fastrtps_cpp
[ 78%] Built target dynamixel_rdk_msgs
[ 80%] [34m[1mGenerating Python code for ROS interfaces[0m
[ 80%] Built target dynamixel_rdk_msgs__py
[ 81%] [32mBuilding C object CMakeFiles/dynamixel_rdk_msgs__rosidl_generator_py.dir/rosidl_generator_py/dynamixel_rdk_msgs/msg/_dynamixel_control_msgs_s.c.o[0m
[ 83%] [32mBuilding C object CMakeFiles/dynamixel_rdk_msgs__rosidl_generator_py.dir/rosidl_generator_py/dynamixel_rdk_msgs/msg/_dynamixel_msgs_s.c.o[0m
[ 85%] [32mBuilding C object CMakeFiles/dynamixel_rdk_msgs__rosidl_generator_py.dir/rosidl_generator_py/dynamixel_rdk_msgs/msg/_dynamixel_status_msgs_s.c.o[0m
[ 87%] [32mBuilding C object CMakeFiles/dynamixel_rdk_msgs__rosidl_generator_py.dir/rosidl_generator_py/dynamixel_rdk_msgs/msg/_dynamixel_bulk_read_msgs_s.c.o[0m
[ 89%] [32m[1mLinking C shared library rosidl_generator_py/dynamixel_rdk_msgs/libdynamixel_rdk_msgs__rosidl_generator_py.so[0m
[ 89%] Built target dynamixel_rdk_msgs__rosidl_generator_py
[ 90%] [32mBuilding C object CMakeFiles/dynamixel_rdk_msgs__rosidl_typesupport_introspection_c__pyext.dir/rosidl_generator_py/dynamixel_rdk_msgs/_dynamixel_rdk_msgs_s.ep.rosidl_typesupport_introspection_c.c.o[0m
[ 92%] [32mBuilding C object CMakeFiles/dynamixel_rdk_msgs__rosidl_typesupport_fastrtps_c__pyext.dir/rosidl_generator_py/dynamixel_rdk_msgs/_dynamixel_rdk_msgs_s.ep.rosidl_typesupport_fastrtps_c.c.o[0m
[ 94%] [32mBuilding C object CMakeFiles/dynamixel_rdk_msgs__rosidl_typesupport_c__pyext.dir/rosidl_generator_py/dynamixel_rdk_msgs/_dynamixel_rdk_msgs_s.ep.rosidl_typesupport_c.c.o[0m
[ 96%] [32m[1mLinking C shared library rosidl_generator_py/dynamixel_rdk_msgs/dynamixel_rdk_msgs_s__rosidl_typesupport_introspection_c.cpython-310-x86_64-linux-gnu.so[0m
[ 98%] [32m[1mLinking C shared library rosidl_generator_py/dynamixel_rdk_msgs/dynamixel_rdk_msgs_s__rosidl_typesupport_fastrtps_c.cpython-310-x86_64-linux-gnu.so[0m
[100%] [32m[1mLinking C shared library rosidl_generator_py/dynamixel_rdk_msgs/dynamixel_rdk_msgs_s__rosidl_typesupport_c.cpython-310-x86_64-linux-gnu.so[0m
[100%] Built target dynamixel_rdk_msgs__rosidl_typesupport_introspection_c__pyext
[100%] Built target dynamixel_rdk_msgs__rosidl_typesupport_fastrtps_c__pyext
[100%] Built target dynamixel_rdk_msgs__rosidl_typesupport_c__pyext
