[35m[1mConsolidate compiler generated dependencies of target master_jo_node[0m
[100%] Built target master_jo_node
-- Install configuration: ""
-- Up-to-date: /home/yu/colcon_ws/install/master_jo/share/master_jo//config
-- Up-to-date: /home/yu/colcon_ws/install/master_jo/share/master_jo//config/params.yaml
-- Up-to-date: /home/yu/colcon_ws/install/master_jo/share/master_jo//launch
-- Up-to-date: /home/yu/colcon_ws/install/master_jo/share/master_jo//launch/master_jo.launch.py
-- Up-to-date: /home/yu/colcon_ws/install/master_jo/lib/master_jo/master_jo_node
-- Up-to-date: /home/yu/colcon_ws/install/master_jo/share/ament_index/resource_index/package_run_dependencies/master_jo
-- Up-to-date: /home/yu/colcon_ws/install/master_jo/share/ament_index/resource_index/parent_prefix_path/master_jo
-- Up-to-date: /home/yu/colcon_ws/install/master_jo/share/master_jo/environment/ament_prefix_path.sh
-- Up-to-date: /home/yu/colcon_ws/install/master_jo/share/master_jo/environment/ament_prefix_path.dsv
-- Up-to-date: /home/yu/colcon_ws/install/master_jo/share/master_jo/environment/path.sh
-- Up-to-date: /home/yu/colcon_ws/install/master_jo/share/master_jo/environment/path.dsv
-- Up-to-date: /home/yu/colcon_ws/install/master_jo/share/master_jo/local_setup.bash
-- Up-to-date: /home/yu/colcon_ws/install/master_jo/share/master_jo/local_setup.sh
-- Up-to-date: /home/yu/colcon_ws/install/master_jo/share/master_jo/local_setup.zsh
-- Up-to-date: /home/yu/colcon_ws/install/master_jo/share/master_jo/local_setup.dsv
-- Installing: /home/yu/colcon_ws/install/master_jo/share/master_jo/package.dsv
-- Up-to-date: /home/yu/colcon_ws/install/master_jo/share/ament_index/resource_index/packages/master_jo
-- Up-to-date: /home/yu/colcon_ws/install/master_jo/share/master_jo/cmake/master_joConfig.cmake
-- Up-to-date: /home/yu/colcon_ws/install/master_jo/share/master_jo/cmake/master_joConfig-version.cmake
-- Up-to-date: /home/yu/colcon_ws/install/master_jo/share/master_jo/package.xml
