[0.013s] Invoking command in '/home/yu/colcon_ws/build/humanoid_interfaces': CMAKE_PREFIX_PATH=${CMAKE_PREFIX_PATH}:/home/yu/ros2_ws/install/python_parameter_tutorial:/opt/ros/humble /usr/bin/cmake /home/yu/colcon_ws/src/humanoid_interfaces -DCMAKE_INSTALL_PREFIX=/home/yu/colcon_ws/install/humanoid_interfaces
[0.020s] -- Found ament_cmake: 1.3.12 (/opt/ros/humble/share/ament_cmake/cmake)
[0.102s] -- Override CMake install command with custom implementation using symlinks instead of copying resources
[0.108s] -- Found std_msgs: 4.9.0 (/opt/ros/humble/share/std_msgs/cmake)
[0.125s] -- Found rosidl_generator_c: 3.1.7 (/opt/ros/humble/share/rosidl_generator_c/cmake)
[0.125s] -- Found rosidl_adapter: 3.1.7 (/opt/ros/humble/share/rosidl_adapter/cmake)
[0.130s] -- Found rosidl_generator_cpp: 3.1.7 (/opt/ros/humble/share/rosidl_generator_cpp/cmake)
[0.135s] -- Using all available rosidl_typesupport_c: rosidl_typesupport_fastrtps_c;rosidl_typesupport_introspection_c
[0.141s] -- Using all available rosidl_typesupport_cpp: rosidl_typesupport_fastrtps_cpp;rosidl_typesupport_introspection_cpp
[0.155s] -- Found geometry_msgs: 4.9.0 (/opt/ros/humble/share/geometry_msgs/cmake)
[0.159s] -- Found rosidl_default_generators: 1.2.0 (/opt/ros/humble/share/rosidl_default_generators/cmake)
[0.437s] -- Found ament_cmake_ros: 0.10.0 (/opt/ros/humble/share/ament_cmake_ros/cmake)
[0.727s] -- Using all available rosidl_typesupport_c: rosidl_typesupport_fastrtps_c;rosidl_typesupport_introspection_c
[0.857s] -- Using all available rosidl_typesupport_cpp: rosidl_typesupport_fastrtps_cpp;rosidl_typesupport_introspection_cpp
[0.877s] -- Found python_cmake_module: 0.10.0 (/opt/ros/humble/share/python_cmake_module/cmake)
[0.899s] -- Using PYTHON_EXECUTABLE: /usr/bin/python3
[0.899s] -- Using PYTHON_INCLUDE_DIRS: /usr/include/python3.10
[0.899s] -- Using PYTHON_LIBRARIES: /usr/lib/x86_64-linux-gnu/libpython3.10.so
[0.936s] -- Found ament_lint_auto: 0.12.14 (/opt/ros/humble/share/ament_lint_auto/cmake)
[0.937s] -- Added test 'lint_cmake' to check CMake code style
[0.939s] -- Added test 'xmllint' to check XML markup files
[0.940s] -- Configuring done
[0.989s] -- Generating done
[0.997s] -- Build files have been written to: /home/yu/colcon_ws/build/humanoid_interfaces
[1.011s] Invoked command in '/home/yu/colcon_ws/build/humanoid_interfaces' returned '0': CMAKE_PREFIX_PATH=${CMAKE_PREFIX_PATH}:/home/yu/ros2_ws/install/python_parameter_tutorial:/opt/ros/humble /usr/bin/cmake /home/yu/colcon_ws/src/humanoid_interfaces -DCMAKE_INSTALL_PREFIX=/home/yu/colcon_ws/install/humanoid_interfaces
[1.012s] Invoking command in '/home/yu/colcon_ws/build/humanoid_interfaces': CMAKE_PREFIX_PATH=${CMAKE_PREFIX_PATH}:/home/yu/ros2_ws/install/python_parameter_tutorial:/opt/ros/humble /usr/bin/cmake --build /home/yu/colcon_ws/build/humanoid_interfaces -- -j8 -l8
[1.085s] [35m[1mConsolidate compiler generated dependencies of target humanoid_interfaces__rosidl_generator_c[0m
[1.098s] [  0%] Built target ament_cmake_python_symlink_humanoid_interfaces
[1.102s] [ 12%] Built target humanoid_interfaces__rosidl_generator_c
[1.106s] [ 12%] Built target humanoid_interfaces__cpp
[1.119s] [35m[1mConsolidate compiler generated dependencies of target humanoid_interfaces__rosidl_typesupport_fastrtps_c[0m
[1.120s] [35m[1mConsolidate compiler generated dependencies of target humanoid_interfaces__rosidl_typesupport_introspection_c[0m
[1.125s] [35m[1mConsolidate compiler generated dependencies of target humanoid_interfaces__rosidl_typesupport_cpp[0m
[1.125s] [35m[1mConsolidate compiler generated dependencies of target humanoid_interfaces__rosidl_typesupport_c[0m
[1.140s] [35m[1mConsolidate compiler generated dependencies of target humanoid_interfaces__rosidl_typesupport_introspection_cpp[0m
[1.165s] [35m[1mConsolidate compiler generated dependencies of target humanoid_interfaces__rosidl_typesupport_fastrtps_cpp[0m
[1.166s] [ 24%] Built target humanoid_interfaces__rosidl_typesupport_c
[1.172s] [ 36%] Built target humanoid_interfaces__rosidl_typesupport_fastrtps_c
[1.172s] [ 48%] Built target humanoid_interfaces__rosidl_typesupport_cpp
[1.176s] [ 61%] Built target humanoid_interfaces__rosidl_typesupport_introspection_cpp
[1.182s] [ 74%] Built target humanoid_interfaces__rosidl_typesupport_introspection_c
[1.192s] [ 86%] Built target humanoid_interfaces__rosidl_typesupport_fastrtps_cpp
[1.218s] [ 86%] Built target humanoid_interfaces
[1.249s] [ 86%] Built target humanoid_interfaces__py
[1.273s] [35m[1mConsolidate compiler generated dependencies of target humanoid_interfaces__rosidl_generator_py[0m
[1.308s] running egg_info
[1.308s] writing humanoid_interfaces.egg-info/PKG-INFO
[1.308s] writing dependency_links to humanoid_interfaces.egg-info/dependency_links.txt
[1.308s] writing top-level names to humanoid_interfaces.egg-info/top_level.txt
[1.308s] reading manifest file 'humanoid_interfaces.egg-info/SOURCES.txt'
[1.308s] writing manifest file 'humanoid_interfaces.egg-info/SOURCES.txt'
[1.316s] [ 98%] Built target humanoid_interfaces__rosidl_generator_py
[1.338s] [35m[1mConsolidate compiler generated dependencies of target humanoid_interfaces__rosidl_typesupport_fastrtps_c__pyext[0m
[1.338s] [35m[1mConsolidate compiler generated dependencies of target humanoid_interfaces__rosidl_typesupport_introspection_c__pyext[0m
[1.338s] [ 98%] Built target ament_cmake_python_build_humanoid_interfaces_egg
[1.340s] [35m[1mConsolidate compiler generated dependencies of target humanoid_interfaces__rosidl_typesupport_c__pyext[0m
[1.354s] [ 98%] Built target humanoid_interfaces__rosidl_typesupport_introspection_c__pyext
[1.354s] [ 99%] Built target humanoid_interfaces__rosidl_typesupport_fastrtps_c__pyext
[1.367s] [100%] Built target humanoid_interfaces__rosidl_typesupport_c__pyext
[1.388s] Invoked command in '/home/yu/colcon_ws/build/humanoid_interfaces' returned '0': CMAKE_PREFIX_PATH=${CMAKE_PREFIX_PATH}:/home/yu/ros2_ws/install/python_parameter_tutorial:/opt/ros/humble /usr/bin/cmake --build /home/yu/colcon_ws/build/humanoid_interfaces -- -j8 -l8
[1.389s] Invoking command in '/home/yu/colcon_ws/build/humanoid_interfaces': CMAKE_PREFIX_PATH=${CMAKE_PREFIX_PATH}:/home/yu/ros2_ws/install/python_parameter_tutorial:/opt/ros/humble /usr/bin/cmake --install /home/yu/colcon_ws/build/humanoid_interfaces
[1.393s] -- Install configuration: ""
[1.399s] -- Execute custom install script
[1.399s] -- Up-to-date symlink: /home/yu/colcon_ws/install/humanoid_interfaces/share/ament_index/resource_index/rosidl_interfaces/humanoid_interfaces
[1.400s] -- Up-to-date symlink: /home/yu/colcon_ws/install/humanoid_interfaces/include/humanoid_interfaces/humanoid_interfaces/msg/cp_walk.h
[1.400s] -- Up-to-date symlink: /home/yu/colcon_ws/install/humanoid_interfaces/include/humanoid_interfaces/humanoid_interfaces/msg/detail/cp_walk__functions.h
[1.400s] -- Up-to-date symlink: /home/yu/colcon_ws/install/humanoid_interfaces/include/humanoid_interfaces/humanoid_interfaces/msg/detail/cp_walk__struct.h
[1.400s] -- Up-to-date symlink: /home/yu/colcon_ws/install/humanoid_interfaces/include/humanoid_interfaces/humanoid_interfaces/msg/detail/cp_walk__type_support.h
[1.400s] -- Up-to-date symlink: /home/yu/colcon_ws/install/humanoid_interfaces/include/humanoid_interfaces/humanoid_interfaces/msg/detail/gamecontroldata__functions.h
[1.400s] -- Up-to-date symlink: /home/yu/colcon_ws/install/humanoid_interfaces/include/humanoid_interfaces/humanoid_interfaces/msg/detail/gamecontroldata__struct.h
[1.400s] -- Up-to-date symlink: /home/yu/colcon_ws/install/humanoid_interfaces/include/humanoid_interfaces/humanoid_interfaces/msg/detail/gamecontroldata__type_support.h
[1.400s] -- Up-to-date symlink: /home/yu/colcon_ws/install/humanoid_interfaces/include/humanoid_interfaces/humanoid_interfaces/msg/detail/gamecontrolreturndata__functions.h
[1.400s] -- Up-to-date symlink: /home/yu/colcon_ws/install/humanoid_interfaces/include/humanoid_interfaces/humanoid_interfaces/msg/detail/gamecontrolreturndata__struct.h
[1.400s] -- Up-to-date symlink: /home/yu/colcon_ws/install/humanoid_interfaces/include/humanoid_interfaces/humanoid_interfaces/msg/detail/gamecontrolreturndata__type_support.h
[1.400s] -- Up-to-date symlink: /home/yu/colcon_ws/install/humanoid_interfaces/include/humanoid_interfaces/humanoid_interfaces/msg/detail/ik_angle_sim_msg__functions.h
[1.400s] -- Up-to-date symlink: /home/yu/colcon_ws/install/humanoid_interfaces/include/humanoid_interfaces/humanoid_interfaces/msg/detail/ik_angle_sim_msg__struct.h
[1.400s] -- Up-to-date symlink: /home/yu/colcon_ws/install/humanoid_interfaces/include/humanoid_interfaces/humanoid_interfaces/msg/detail/ik_angle_sim_msg__type_support.h
[1.400s] -- Up-to-date symlink: /home/yu/colcon_ws/install/humanoid_interfaces/include/humanoid_interfaces/humanoid_interfaces/msg/detail/ik_com_msg__functions.h
[1.400s] -- Up-to-date symlink: /home/yu/colcon_ws/install/humanoid_interfaces/include/humanoid_interfaces/humanoid_interfaces/msg/detail/ik_com_msg__struct.h
[1.400s] -- Up-to-date symlink: /home/yu/colcon_ws/install/humanoid_interfaces/include/humanoid_interfaces/humanoid_interfaces/msg/detail/ik_com_msg__type_support.h
[1.400s] -- Up-to-date symlink: /home/yu/colcon_ws/install/humanoid_interfaces/include/humanoid_interfaces/humanoid_interfaces/msg/detail/ik_coord_msg__functions.h
[1.400s] -- Up-to-date symlink: /home/yu/colcon_ws/install/humanoid_interfaces/include/humanoid_interfaces/humanoid_interfaces/msg/detail/ik_coord_msg__struct.h
[1.400s] -- Up-to-date symlink: /home/yu/colcon_ws/install/humanoid_interfaces/include/humanoid_interfaces/humanoid_interfaces/msg/detail/ik_coord_msg__type_support.h
[1.400s] -- Up-to-date symlink: /home/yu/colcon_ws/install/humanoid_interfaces/include/humanoid_interfaces/humanoid_interfaces/msg/detail/ik_end_msg__functions.h
[1.400s] -- Up-to-date symlink: /home/yu/colcon_ws/install/humanoid_interfaces/include/humanoid_interfaces/humanoid_interfaces/msg/detail/ik_end_msg__struct.h
[1.400s] -- Up-to-date symlink: /home/yu/colcon_ws/install/humanoid_interfaces/include/humanoid_interfaces/humanoid_interfaces/msg/detail/ik_end_msg__type_support.h
[1.400s] -- Up-to-date symlink: /home/yu/colcon_ws/install/humanoid_interfaces/include/humanoid_interfaces/humanoid_interfaces/msg/detail/ik_ltc_msg__functions.h
[1.400s] -- Up-to-date symlink: /home/yu/colcon_ws/install/humanoid_interfaces/include/humanoid_interfaces/humanoid_interfaces/msg/detail/ik_ltc_msg__struct.h
[1.400s] -- Up-to-date symlink: /home/yu/colcon_ws/install/humanoid_interfaces/include/humanoid_interfaces/humanoid_interfaces/msg/detail/ik_ltc_msg__type_support.h
[1.400s] -- Up-to-date symlink: /home/yu/colcon_ws/install/humanoid_interfaces/include/humanoid_interfaces/humanoid_interfaces/msg/detail/ik_pattern_msg__functions.h
[1.400s] -- Up-to-date symlink: /home/yu/colcon_ws/install/humanoid_interfaces/include/humanoid_interfaces/humanoid_interfaces/msg/detail/ik_pattern_msg__struct.h
[1.401s] -- Up-to-date symlink: /home/yu/colcon_ws/install/humanoid_interfaces/include/humanoid_interfaces/humanoid_interfaces/msg/detail/ik_pattern_msg__type_support.h
[1.401s] -- Up-to-date symlink: /home/yu/colcon_ws/install/humanoid_interfaces/include/humanoid_interfaces/humanoid_interfaces/msg/detail/imu_msg__functions.h
[1.401s] -- Up-to-date symlink: /home/yu/colcon_ws/install/humanoid_interfaces/include/humanoid_interfaces/humanoid_interfaces/msg/detail/imu_msg__struct.h
[1.401s] -- Up-to-date symlink: /home/yu/colcon_ws/install/humanoid_interfaces/include/humanoid_interfaces/humanoid_interfaces/msg/detail/imu_msg__type_support.h
[1.401s] -- Up-to-date symlink: /home/yu/colcon_ws/install/humanoid_interfaces/include/humanoid_interfaces/humanoid_interfaces/msg/detail/lc_msgs__functions.h
[1.401s] -- Up-to-date symlink: /home/yu/colcon_ws/install/humanoid_interfaces/include/humanoid_interfaces/humanoid_interfaces/msg/detail/lc_msgs__struct.h
[1.401s] -- Up-to-date symlink: /home/yu/colcon_ws/install/humanoid_interfaces/include/humanoid_interfaces/humanoid_interfaces/msg/detail/lc_msgs__type_support.h
[1.401s] -- Up-to-date symlink: /home/yu/colcon_ws/install/humanoid_interfaces/include/humanoid_interfaces/humanoid_interfaces/msg/detail/master2_ik_msg__functions.h
[1.401s] -- Up-to-date symlink: /home/yu/colcon_ws/install/humanoid_interfaces/include/humanoid_interfaces/humanoid_interfaces/msg/detail/master2_ik_msg__struct.h
[1.401s] -- Up-to-date symlink: /home/yu/colcon_ws/install/humanoid_interfaces/include/humanoid_interfaces/humanoid_interfaces/msg/detail/master2_ik_msg__type_support.h
[1.401s] -- Up-to-date symlink: /home/yu/colcon_ws/install/humanoid_interfaces/include/humanoid_interfaces/humanoid_interfaces/msg/detail/master2localization25__functions.h
[1.401s] -- Up-to-date symlink: /home/yu/colcon_ws/install/humanoid_interfaces/include/humanoid_interfaces/humanoid_interfaces/msg/detail/master2localization25__struct.h
[1.401s] -- Up-to-date symlink: /home/yu/colcon_ws/install/humanoid_interfaces/include/humanoid_interfaces/humanoid_interfaces/msg/detail/master2localization25__type_support.h
[1.401s] -- Up-to-date symlink: /home/yu/colcon_ws/install/humanoid_interfaces/include/humanoid_interfaces/humanoid_interfaces/msg/detail/master2udp__functions.h
[1.401s] -- Up-to-date symlink: /home/yu/colcon_ws/install/humanoid_interfaces/include/humanoid_interfaces/humanoid_interfaces/msg/detail/master2udp__struct.h
[1.401s] -- Up-to-date symlink: /home/yu/colcon_ws/install/humanoid_interfaces/include/humanoid_interfaces/humanoid_interfaces/msg/detail/master2udp__type_support.h
[1.401s] -- Up-to-date symlink: /home/yu/colcon_ws/install/humanoid_interfaces/include/humanoid_interfaces/humanoid_interfaces/msg/detail/master2vision25__functions.h
[1.401s] -- Up-to-date symlink: /home/yu/colcon_ws/install/humanoid_interfaces/include/humanoid_interfaces/humanoid_interfaces/msg/detail/master2vision25__struct.h
[1.401s] -- Up-to-date symlink: /home/yu/colcon_ws/install/humanoid_interfaces/include/humanoid_interfaces/humanoid_interfaces/msg/detail/master2vision25__type_support.h
[1.401s] -- Up-to-date symlink: /home/yu/colcon_ws/install/humanoid_interfaces/include/humanoid_interfaces/humanoid_interfaces/msg/detail/motion_operator__functions.h
[1.401s] -- Up-to-date symlink: /home/yu/colcon_ws/install/humanoid_interfaces/include/humanoid_interfaces/humanoid_interfaces/msg/detail/motion_operator__struct.h
[1.401s] -- Up-to-date symlink: /home/yu/colcon_ws/install/humanoid_interfaces/include/humanoid_interfaces/humanoid_interfaces/msg/detail/motion_operator__type_support.h
[1.401s] -- Up-to-date symlink: /home/yu/colcon_ws/install/humanoid_interfaces/include/humanoid_interfaces/humanoid_interfaces/msg/detail/motionend__functions.h
[1.401s] -- Up-to-date symlink: /home/yu/colcon_ws/install/humanoid_interfaces/include/humanoid_interfaces/humanoid_interfaces/msg/detail/motionend__struct.h
[1.401s] -- Up-to-date symlink: /home/yu/colcon_ws/install/humanoid_interfaces/include/humanoid_interfaces/humanoid_interfaces/msg/detail/motionend__type_support.h
[1.402s] -- Up-to-date symlink: /home/yu/colcon_ws/install/humanoid_interfaces/include/humanoid_interfaces/humanoid_interfaces/msg/detail/motionnum__functions.h
[1.402s] -- Up-to-date symlink: /home/yu/colcon_ws/install/humanoid_interfaces/include/humanoid_interfaces/humanoid_interfaces/msg/detail/motionnum__struct.h
[1.402s] -- Up-to-date symlink: /home/yu/colcon_ws/install/humanoid_interfaces/include/humanoid_interfaces/humanoid_interfaces/msg/detail/motionnum__type_support.h
[1.402s] -- Up-to-date symlink: /home/yu/colcon_ws/install/humanoid_interfaces/include/humanoid_interfaces/humanoid_interfaces/msg/detail/motor_msg__functions.h
[1.402s] -- Up-to-date symlink: /home/yu/colcon_ws/install/humanoid_interfaces/include/humanoid_interfaces/humanoid_interfaces/msg/detail/motor_msg__struct.h
[1.402s] -- Up-to-date symlink: /home/yu/colcon_ws/install/humanoid_interfaces/include/humanoid_interfaces/humanoid_interfaces/msg/detail/motor_msg__type_support.h
[1.402s] -- Up-to-date symlink: /home/yu/colcon_ws/install/humanoid_interfaces/include/humanoid_interfaces/humanoid_interfaces/msg/detail/pidtuning__functions.h
[1.402s] -- Up-to-date symlink: /home/yu/colcon_ws/install/humanoid_interfaces/include/humanoid_interfaces/humanoid_interfaces/msg/detail/pidtuning__struct.h
[1.402s] -- Up-to-date symlink: /home/yu/colcon_ws/install/humanoid_interfaces/include/humanoid_interfaces/humanoid_interfaces/msg/detail/pidtuning__type_support.h
[1.402s] -- Up-to-date symlink: /home/yu/colcon_ws/install/humanoid_interfaces/include/humanoid_interfaces/humanoid_interfaces/msg/detail/robocupcontroller__functions.h
[1.402s] -- Up-to-date symlink: /home/yu/colcon_ws/install/humanoid_interfaces/include/humanoid_interfaces/humanoid_interfaces/msg/detail/robocupcontroller__struct.h
[1.402s] -- Up-to-date symlink: /home/yu/colcon_ws/install/humanoid_interfaces/include/humanoid_interfaces/humanoid_interfaces/msg/detail/robocupcontroller__type_support.h
[1.402s] -- Up-to-date symlink: /home/yu/colcon_ws/install/humanoid_interfaces/include/humanoid_interfaces/humanoid_interfaces/msg/detail/robocuplocalization25__functions.h
[1.402s] -- Up-to-date symlink: /home/yu/colcon_ws/install/humanoid_interfaces/include/humanoid_interfaces/humanoid_interfaces/msg/detail/robocuplocalization25__struct.h
[1.402s] -- Up-to-date symlink: /home/yu/colcon_ws/install/humanoid_interfaces/include/humanoid_interfaces/humanoid_interfaces/msg/detail/robocuplocalization25__type_support.h
[1.403s] -- Up-to-date symlink: /home/yu/colcon_ws/install/humanoid_interfaces/include/humanoid_interfaces/humanoid_interfaces/msg/detail/robocupvision25__functions.h
[1.403s] -- Up-to-date symlink: /home/yu/colcon_ws/install/humanoid_interfaces/include/humanoid_interfaces/humanoid_interfaces/msg/detail/robocupvision25__struct.h
[1.403s] -- Up-to-date symlink: /home/yu/colcon_ws/install/humanoid_interfaces/include/humanoid_interfaces/humanoid_interfaces/msg/detail/robocupvision25__type_support.h
[1.403s] -- Up-to-date symlink: /home/yu/colcon_ws/install/humanoid_interfaces/include/humanoid_interfaces/humanoid_interfaces/msg/detail/robocupvision25feature__functions.h
[1.403s] -- Up-to-date symlink: /home/yu/colcon_ws/install/humanoid_interfaces/include/humanoid_interfaces/humanoid_interfaces/msg/detail/robocupvision25feature__struct.h
[1.403s] -- Up-to-date symlink: /home/yu/colcon_ws/install/humanoid_interfaces/include/humanoid_interfaces/humanoid_interfaces/msg/detail/robocupvision25feature__type_support.h
[1.403s] -- Up-to-date symlink: /home/yu/colcon_ws/install/humanoid_interfaces/include/humanoid_interfaces/humanoid_interfaces/msg/detail/tune2_ik_msg__functions.h
[1.403s] -- Up-to-date symlink: /home/yu/colcon_ws/install/humanoid_interfaces/include/humanoid_interfaces/humanoid_interfaces/msg/detail/tune2_ik_msg__struct.h
[1.403s] -- Up-to-date symlink: /home/yu/colcon_ws/install/humanoid_interfaces/include/humanoid_interfaces/humanoid_interfaces/msg/detail/tune2_ik_msg__type_support.h
[1.404s] -- Up-to-date symlink: /home/yu/colcon_ws/install/humanoid_interfaces/include/humanoid_interfaces/humanoid_interfaces/msg/detail/udp2master__functions.h
[1.404s] -- Up-to-date symlink: /home/yu/colcon_ws/install/humanoid_interfaces/include/humanoid_interfaces/humanoid_interfaces/msg/detail/udp2master__struct.h
[1.404s] -- Up-to-date symlink: /home/yu/colcon_ws/install/humanoid_interfaces/include/humanoid_interfaces/humanoid_interfaces/msg/detail/udp2master__type_support.h
[1.404s] -- Up-to-date symlink: /home/yu/colcon_ws/install/humanoid_interfaces/include/humanoid_interfaces/humanoid_interfaces/msg/detail/zmp_msg__functions.h
[1.404s] -- Up-to-date symlink: /home/yu/colcon_ws/install/humanoid_interfaces/include/humanoid_interfaces/humanoid_interfaces/msg/detail/zmp_msg__struct.h
[1.404s] -- Up-to-date symlink: /home/yu/colcon_ws/install/humanoid_interfaces/include/humanoid_interfaces/humanoid_interfaces/msg/detail/zmp_msg__type_support.h
[1.404s] -- Up-to-date symlink: /home/yu/colcon_ws/install/humanoid_interfaces/include/humanoid_interfaces/humanoid_interfaces/msg/gamecontroldata.h
[1.404s] -- Up-to-date symlink: /home/yu/colcon_ws/install/humanoid_interfaces/include/humanoid_interfaces/humanoid_interfaces/msg/gamecontrolreturndata.h
[1.404s] -- Up-to-date symlink: /home/yu/colcon_ws/install/humanoid_interfaces/include/humanoid_interfaces/humanoid_interfaces/msg/ik_angle_sim_msg.h
[1.404s] -- Up-to-date symlink: /home/yu/colcon_ws/install/humanoid_interfaces/include/humanoid_interfaces/humanoid_interfaces/msg/ik_com_msg.h
[1.404s] -- Up-to-date symlink: /home/yu/colcon_ws/install/humanoid_interfaces/include/humanoid_interfaces/humanoid_interfaces/msg/ik_coord_msg.h
[1.404s] -- Up-to-date symlink: /home/yu/colcon_ws/install/humanoid_interfaces/include/humanoid_interfaces/humanoid_interfaces/msg/ik_end_msg.h
[1.405s] -- Up-to-date symlink: /home/yu/colcon_ws/install/humanoid_interfaces/include/humanoid_interfaces/humanoid_interfaces/msg/ik_ltc_msg.h
[1.405s] -- Up-to-date symlink: /home/yu/colcon_ws/install/humanoid_interfaces/include/humanoid_interfaces/humanoid_interfaces/msg/ik_pattern_msg.h
[1.405s] -- Up-to-date symlink: /home/yu/colcon_ws/install/humanoid_interfaces/include/humanoid_interfaces/humanoid_interfaces/msg/imu_msg.h
[1.405s] -- Up-to-date symlink: /home/yu/colcon_ws/install/humanoid_interfaces/include/humanoid_interfaces/humanoid_interfaces/msg/lc_msgs.h
[1.405s] -- Up-to-date symlink: /home/yu/colcon_ws/install/humanoid_interfaces/include/humanoid_interfaces/humanoid_interfaces/msg/master2_ik_msg.h
[1.405s] -- Up-to-date symlink: /home/yu/colcon_ws/install/humanoid_interfaces/include/humanoid_interfaces/humanoid_interfaces/msg/master2localization25.h
[1.405s] -- Up-to-date symlink: /home/yu/colcon_ws/install/humanoid_interfaces/include/humanoid_interfaces/humanoid_interfaces/msg/master2udp.h
[1.405s] -- Up-to-date symlink: /home/yu/colcon_ws/install/humanoid_interfaces/include/humanoid_interfaces/humanoid_interfaces/msg/master2vision25.h
[1.405s] -- Up-to-date symlink: /home/yu/colcon_ws/install/humanoid_interfaces/include/humanoid_interfaces/humanoid_interfaces/msg/motion_operator.h
[1.405s] -- Up-to-date symlink: /home/yu/colcon_ws/install/humanoid_interfaces/include/humanoid_interfaces/humanoid_interfaces/msg/motionend.h
[1.405s] -- Up-to-date symlink: /home/yu/colcon_ws/install/humanoid_interfaces/include/humanoid_interfaces/humanoid_interfaces/msg/motionnum.h
[1.405s] -- Up-to-date symlink: /home/yu/colcon_ws/install/humanoid_interfaces/include/humanoid_interfaces/humanoid_interfaces/msg/motor_msg.h
[1.405s] -- Up-to-date symlink: /home/yu/colcon_ws/install/humanoid_interfaces/include/humanoid_interfaces/humanoid_interfaces/msg/pidtuning.h
[1.405s] -- Up-to-date symlink: /home/yu/colcon_ws/install/humanoid_interfaces/include/humanoid_interfaces/humanoid_interfaces/msg/robocupcontroller.h
[1.406s] -- Up-to-date symlink: /home/yu/colcon_ws/install/humanoid_interfaces/include/humanoid_interfaces/humanoid_interfaces/msg/robocuplocalization25.h
[1.406s] -- Up-to-date symlink: /home/yu/colcon_ws/install/humanoid_interfaces/include/humanoid_interfaces/humanoid_interfaces/msg/robocupvision25.h
[1.406s] -- Up-to-date symlink: /home/yu/colcon_ws/install/humanoid_interfaces/include/humanoid_interfaces/humanoid_interfaces/msg/robocupvision25feature.h
[1.406s] -- Up-to-date symlink: /home/yu/colcon_ws/install/humanoid_interfaces/include/humanoid_interfaces/humanoid_interfaces/msg/rosidl_generator_c__visibility_control.h
[1.406s] -- Up-to-date symlink: /home/yu/colcon_ws/install/humanoid_interfaces/include/humanoid_interfaces/humanoid_interfaces/msg/tune2_ik_msg.h
[1.406s] -- Up-to-date symlink: /home/yu/colcon_ws/install/humanoid_interfaces/include/humanoid_interfaces/humanoid_interfaces/msg/udp2master.h
[1.406s] -- Up-to-date symlink: /home/yu/colcon_ws/install/humanoid_interfaces/include/humanoid_interfaces/humanoid_interfaces/msg/zmp_msg.h
[1.406s] -- Up-to-date symlink: /home/yu/colcon_ws/install/humanoid_interfaces/share/humanoid_interfaces/environment/library_path.sh
[1.406s] -- Up-to-date symlink: /home/yu/colcon_ws/install/humanoid_interfaces/share/humanoid_interfaces/environment/library_path.dsv
[1.412s] -- Up-to-date symlink: /home/yu/colcon_ws/install/humanoid_interfaces/include/humanoid_interfaces/humanoid_interfaces/msg/detail/cp_walk__rosidl_typesupport_fastrtps_c.h
[1.412s] -- Up-to-date symlink: /home/yu/colcon_ws/install/humanoid_interfaces/include/humanoid_interfaces/humanoid_interfaces/msg/detail/gamecontroldata__rosidl_typesupport_fastrtps_c.h
[1.412s] -- Up-to-date symlink: /home/yu/colcon_ws/install/humanoid_interfaces/include/humanoid_interfaces/humanoid_interfaces/msg/detail/gamecontrolreturndata__rosidl_typesupport_fastrtps_c.h
[1.412s] -- Up-to-date symlink: /home/yu/colcon_ws/install/humanoid_interfaces/include/humanoid_interfaces/humanoid_interfaces/msg/detail/ik_angle_sim_msg__rosidl_typesupport_fastrtps_c.h
[1.412s] -- Up-to-date symlink: /home/yu/colcon_ws/install/humanoid_interfaces/include/humanoid_interfaces/humanoid_interfaces/msg/detail/ik_com_msg__rosidl_typesupport_fastrtps_c.h
[1.412s] -- Up-to-date symlink: /home/yu/colcon_ws/install/humanoid_interfaces/include/humanoid_interfaces/humanoid_interfaces/msg/detail/ik_coord_msg__rosidl_typesupport_fastrtps_c.h
[1.412s] -- Up-to-date symlink: /home/yu/colcon_ws/install/humanoid_interfaces/include/humanoid_interfaces/humanoid_interfaces/msg/detail/ik_end_msg__rosidl_typesupport_fastrtps_c.h
[1.412s] -- Up-to-date symlink: /home/yu/colcon_ws/install/humanoid_interfaces/include/humanoid_interfaces/humanoid_interfaces/msg/detail/ik_ltc_msg__rosidl_typesupport_fastrtps_c.h
[1.412s] -- Up-to-date symlink: /home/yu/colcon_ws/install/humanoid_interfaces/include/humanoid_interfaces/humanoid_interfaces/msg/detail/ik_pattern_msg__rosidl_typesupport_fastrtps_c.h
[1.412s] -- Up-to-date symlink: /home/yu/colcon_ws/install/humanoid_interfaces/include/humanoid_interfaces/humanoid_interfaces/msg/detail/imu_msg__rosidl_typesupport_fastrtps_c.h
[1.412s] -- Up-to-date symlink: /home/yu/colcon_ws/install/humanoid_interfaces/include/humanoid_interfaces/humanoid_interfaces/msg/detail/lc_msgs__rosidl_typesupport_fastrtps_c.h
[1.412s] -- Up-to-date symlink: /home/yu/colcon_ws/install/humanoid_interfaces/include/humanoid_interfaces/humanoid_interfaces/msg/detail/master2_ik_msg__rosidl_typesupport_fastrtps_c.h
[1.412s] -- Up-to-date symlink: /home/yu/colcon_ws/install/humanoid_interfaces/include/humanoid_interfaces/humanoid_interfaces/msg/detail/master2localization25__rosidl_typesupport_fastrtps_c.h
[1.412s] -- Up-to-date symlink: /home/yu/colcon_ws/install/humanoid_interfaces/include/humanoid_interfaces/humanoid_interfaces/msg/detail/master2udp__rosidl_typesupport_fastrtps_c.h
[1.412s] -- Up-to-date symlink: /home/yu/colcon_ws/install/humanoid_interfaces/include/humanoid_interfaces/humanoid_interfaces/msg/detail/master2vision25__rosidl_typesupport_fastrtps_c.h
[1.412s] -- Up-to-date symlink: /home/yu/colcon_ws/install/humanoid_interfaces/include/humanoid_interfaces/humanoid_interfaces/msg/detail/motion_operator__rosidl_typesupport_fastrtps_c.h
[1.412s] -- Up-to-date symlink: /home/yu/colcon_ws/install/humanoid_interfaces/include/humanoid_interfaces/humanoid_interfaces/msg/detail/motionend__rosidl_typesupport_fastrtps_c.h
[1.412s] -- Up-to-date symlink: /home/yu/colcon_ws/install/humanoid_interfaces/include/humanoid_interfaces/humanoid_interfaces/msg/detail/motionnum__rosidl_typesupport_fastrtps_c.h
[1.412s] -- Up-to-date symlink: /home/yu/colcon_ws/install/humanoid_interfaces/include/humanoid_interfaces/humanoid_interfaces/msg/detail/motor_msg__rosidl_typesupport_fastrtps_c.h
[1.412s] -- Up-to-date symlink: /home/yu/colcon_ws/install/humanoid_interfaces/include/humanoid_interfaces/humanoid_interfaces/msg/detail/pidtuning__rosidl_typesupport_fastrtps_c.h
[1.412s] -- Up-to-date symlink: /home/yu/colcon_ws/install/humanoid_interfaces/include/humanoid_interfaces/humanoid_interfaces/msg/detail/robocupcontroller__rosidl_typesupport_fastrtps_c.h
[1.412s] -- Up-to-date symlink: /home/yu/colcon_ws/install/humanoid_interfaces/include/humanoid_interfaces/humanoid_interfaces/msg/detail/robocuplocalization25__rosidl_typesupport_fastrtps_c.h
[1.412s] -- Up-to-date symlink: /home/yu/colcon_ws/install/humanoid_interfaces/include/humanoid_interfaces/humanoid_interfaces/msg/detail/robocupvision25__rosidl_typesupport_fastrtps_c.h
[1.412s] -- Up-to-date symlink: /home/yu/colcon_ws/install/humanoid_interfaces/include/humanoid_interfaces/humanoid_interfaces/msg/detail/robocupvision25feature__rosidl_typesupport_fastrtps_c.h
[1.412s] -- Up-to-date symlink: /home/yu/colcon_ws/install/humanoid_interfaces/include/humanoid_interfaces/humanoid_interfaces/msg/detail/tune2_ik_msg__rosidl_typesupport_fastrtps_c.h
[1.412s] -- Up-to-date symlink: /home/yu/colcon_ws/install/humanoid_interfaces/include/humanoid_interfaces/humanoid_interfaces/msg/detail/udp2master__rosidl_typesupport_fastrtps_c.h
[1.412s] -- Up-to-date symlink: /home/yu/colcon_ws/install/humanoid_interfaces/include/humanoid_interfaces/humanoid_interfaces/msg/detail/zmp_msg__rosidl_typesupport_fastrtps_c.h
[1.412s] -- Up-to-date symlink: /home/yu/colcon_ws/install/humanoid_interfaces/include/humanoid_interfaces/humanoid_interfaces/msg/rosidl_typesupport_fastrtps_c__visibility_control.h
[1.412s] -- Up-to-date symlink: /home/yu/colcon_ws/install/humanoid_interfaces/include/humanoid_interfaces/humanoid_interfaces/msg/cp_walk.hpp
[1.412s] -- Up-to-date symlink: /home/yu/colcon_ws/install/humanoid_interfaces/include/humanoid_interfaces/humanoid_interfaces/msg/detail/cp_walk__builder.hpp
[1.412s] -- Up-to-date symlink: /home/yu/colcon_ws/install/humanoid_interfaces/include/humanoid_interfaces/humanoid_interfaces/msg/detail/cp_walk__struct.hpp
[1.412s] -- Up-to-date symlink: /home/yu/colcon_ws/install/humanoid_interfaces/include/humanoid_interfaces/humanoid_interfaces/msg/detail/cp_walk__traits.hpp
[1.412s] -- Up-to-date symlink: /home/yu/colcon_ws/install/humanoid_interfaces/include/humanoid_interfaces/humanoid_interfaces/msg/detail/cp_walk__type_support.hpp
[1.412s] -- Up-to-date symlink: /home/yu/colcon_ws/install/humanoid_interfaces/include/humanoid_interfaces/humanoid_interfaces/msg/detail/gamecontroldata__builder.hpp
[1.412s] -- Up-to-date symlink: /home/yu/colcon_ws/install/humanoid_interfaces/include/humanoid_interfaces/humanoid_interfaces/msg/detail/gamecontroldata__struct.hpp
[1.412s] -- Up-to-date symlink: /home/yu/colcon_ws/install/humanoid_interfaces/include/humanoid_interfaces/humanoid_interfaces/msg/detail/gamecontroldata__traits.hpp
[1.412s] -- Up-to-date symlink: /home/yu/colcon_ws/install/humanoid_interfaces/include/humanoid_interfaces/humanoid_interfaces/msg/detail/gamecontroldata__type_support.hpp
[1.412s] -- Up-to-date symlink: /home/yu/colcon_ws/install/humanoid_interfaces/include/humanoid_interfaces/humanoid_interfaces/msg/detail/gamecontrolreturndata__builder.hpp
[1.413s] -- Up-to-date symlink: /home/yu/colcon_ws/install/humanoid_interfaces/include/humanoid_interfaces/humanoid_interfaces/msg/detail/gamecontrolreturndata__struct.hpp
[1.413s] -- Up-to-date symlink: /home/yu/colcon_ws/install/humanoid_interfaces/include/humanoid_interfaces/humanoid_interfaces/msg/detail/gamecontrolreturndata__traits.hpp
[1.413s] -- Up-to-date symlink: /home/yu/colcon_ws/install/humanoid_interfaces/include/humanoid_interfaces/humanoid_interfaces/msg/detail/gamecontrolreturndata__type_support.hpp
[1.413s] -- Up-to-date symlink: /home/yu/colcon_ws/install/humanoid_interfaces/include/humanoid_interfaces/humanoid_interfaces/msg/detail/ik_angle_sim_msg__builder.hpp
[1.413s] -- Up-to-date symlink: /home/yu/colcon_ws/install/humanoid_interfaces/include/humanoid_interfaces/humanoid_interfaces/msg/detail/ik_angle_sim_msg__struct.hpp
[1.413s] -- Up-to-date symlink: /home/yu/colcon_ws/install/humanoid_interfaces/include/humanoid_interfaces/humanoid_interfaces/msg/detail/ik_angle_sim_msg__traits.hpp
[1.413s] -- Up-to-date symlink: /home/yu/colcon_ws/install/humanoid_interfaces/include/humanoid_interfaces/humanoid_interfaces/msg/detail/ik_angle_sim_msg__type_support.hpp
[1.413s] -- Up-to-date symlink: /home/yu/colcon_ws/install/humanoid_interfaces/include/humanoid_interfaces/humanoid_interfaces/msg/detail/ik_com_msg__builder.hpp
[1.413s] -- Up-to-date symlink: /home/yu/colcon_ws/install/humanoid_interfaces/include/humanoid_interfaces/humanoid_interfaces/msg/detail/ik_com_msg__struct.hpp
[1.413s] -- Up-to-date symlink: /home/yu/colcon_ws/install/humanoid_interfaces/include/humanoid_interfaces/humanoid_interfaces/msg/detail/ik_com_msg__traits.hpp
[1.413s] -- Up-to-date symlink: /home/yu/colcon_ws/install/humanoid_interfaces/include/humanoid_interfaces/humanoid_interfaces/msg/detail/ik_com_msg__type_support.hpp
[1.413s] -- Up-to-date symlink: /home/yu/colcon_ws/install/humanoid_interfaces/include/humanoid_interfaces/humanoid_interfaces/msg/detail/ik_coord_msg__builder.hpp
[1.413s] -- Up-to-date symlink: /home/yu/colcon_ws/install/humanoid_interfaces/include/humanoid_interfaces/humanoid_interfaces/msg/detail/ik_coord_msg__struct.hpp
[1.413s] -- Up-to-date symlink: /home/yu/colcon_ws/install/humanoid_interfaces/include/humanoid_interfaces/humanoid_interfaces/msg/detail/ik_coord_msg__traits.hpp
[1.413s] -- Up-to-date symlink: /home/yu/colcon_ws/install/humanoid_interfaces/include/humanoid_interfaces/humanoid_interfaces/msg/detail/ik_coord_msg__type_support.hpp
[1.413s] -- Up-to-date symlink: /home/yu/colcon_ws/install/humanoid_interfaces/include/humanoid_interfaces/humanoid_interfaces/msg/detail/ik_end_msg__builder.hpp
[1.413s] -- Up-to-date symlink: /home/yu/colcon_ws/install/humanoid_interfaces/include/humanoid_interfaces/humanoid_interfaces/msg/detail/ik_end_msg__struct.hpp
[1.413s] -- Up-to-date symlink: /home/yu/colcon_ws/install/humanoid_interfaces/include/humanoid_interfaces/humanoid_interfaces/msg/detail/ik_end_msg__traits.hpp
[1.413s] -- Up-to-date symlink: /home/yu/colcon_ws/install/humanoid_interfaces/include/humanoid_interfaces/humanoid_interfaces/msg/detail/ik_end_msg__type_support.hpp
[1.413s] -- Up-to-date symlink: /home/yu/colcon_ws/install/humanoid_interfaces/include/humanoid_interfaces/humanoid_interfaces/msg/detail/ik_ltc_msg__builder.hpp
[1.413s] -- Up-to-date symlink: /home/yu/colcon_ws/install/humanoid_interfaces/include/humanoid_interfaces/humanoid_interfaces/msg/detail/ik_ltc_msg__struct.hpp
[1.413s] -- Up-to-date symlink: /home/yu/colcon_ws/install/humanoid_interfaces/include/humanoid_interfaces/humanoid_interfaces/msg/detail/ik_ltc_msg__traits.hpp
[1.413s] -- Up-to-date symlink: /home/yu/colcon_ws/install/humanoid_interfaces/include/humanoid_interfaces/humanoid_interfaces/msg/detail/ik_ltc_msg__type_support.hpp
[1.413s] -- Up-to-date symlink: /home/yu/colcon_ws/install/humanoid_interfaces/include/humanoid_interfaces/humanoid_interfaces/msg/detail/ik_pattern_msg__builder.hpp
[1.413s] -- Up-to-date symlink: /home/yu/colcon_ws/install/humanoid_interfaces/include/humanoid_interfaces/humanoid_interfaces/msg/detail/ik_pattern_msg__struct.hpp
[1.413s] -- Up-to-date symlink: /home/yu/colcon_ws/install/humanoid_interfaces/include/humanoid_interfaces/humanoid_interfaces/msg/detail/ik_pattern_msg__traits.hpp
[1.413s] -- Up-to-date symlink: /home/yu/colcon_ws/install/humanoid_interfaces/include/humanoid_interfaces/humanoid_interfaces/msg/detail/ik_pattern_msg__type_support.hpp
[1.414s] -- Up-to-date symlink: /home/yu/colcon_ws/install/humanoid_interfaces/include/humanoid_interfaces/humanoid_interfaces/msg/detail/imu_msg__builder.hpp
[1.414s] -- Up-to-date symlink: /home/yu/colcon_ws/install/humanoid_interfaces/include/humanoid_interfaces/humanoid_interfaces/msg/detail/imu_msg__struct.hpp
[1.414s] -- Up-to-date symlink: /home/yu/colcon_ws/install/humanoid_interfaces/include/humanoid_interfaces/humanoid_interfaces/msg/detail/imu_msg__traits.hpp
[1.414s] -- Up-to-date symlink: /home/yu/colcon_ws/install/humanoid_interfaces/include/humanoid_interfaces/humanoid_interfaces/msg/detail/imu_msg__type_support.hpp
[1.414s] -- Up-to-date symlink: /home/yu/colcon_ws/install/humanoid_interfaces/include/humanoid_interfaces/humanoid_interfaces/msg/detail/lc_msgs__builder.hpp
[1.414s] -- Up-to-date symlink: /home/yu/colcon_ws/install/humanoid_interfaces/include/humanoid_interfaces/humanoid_interfaces/msg/detail/lc_msgs__struct.hpp
[1.414s] -- Up-to-date symlink: /home/yu/colcon_ws/install/humanoid_interfaces/include/humanoid_interfaces/humanoid_interfaces/msg/detail/lc_msgs__traits.hpp
[1.414s] -- Up-to-date symlink: /home/yu/colcon_ws/install/humanoid_interfaces/include/humanoid_interfaces/humanoid_interfaces/msg/detail/lc_msgs__type_support.hpp
[1.414s] -- Up-to-date symlink: /home/yu/colcon_ws/install/humanoid_interfaces/include/humanoid_interfaces/humanoid_interfaces/msg/detail/master2_ik_msg__builder.hpp
[1.414s] -- Up-to-date symlink: /home/yu/colcon_ws/install/humanoid_interfaces/include/humanoid_interfaces/humanoid_interfaces/msg/detail/master2_ik_msg__struct.hpp
[1.414s] -- Up-to-date symlink: /home/yu/colcon_ws/install/humanoid_interfaces/include/humanoid_interfaces/humanoid_interfaces/msg/detail/master2_ik_msg__traits.hpp
[1.414s] -- Up-to-date symlink: /home/yu/colcon_ws/install/humanoid_interfaces/include/humanoid_interfaces/humanoid_interfaces/msg/detail/master2_ik_msg__type_support.hpp
[1.414s] -- Up-to-date symlink: /home/yu/colcon_ws/install/humanoid_interfaces/include/humanoid_interfaces/humanoid_interfaces/msg/detail/master2localization25__builder.hpp
[1.414s] -- Up-to-date symlink: /home/yu/colcon_ws/install/humanoid_interfaces/include/humanoid_interfaces/humanoid_interfaces/msg/detail/master2localization25__struct.hpp
[1.414s] -- Up-to-date symlink: /home/yu/colcon_ws/install/humanoid_interfaces/include/humanoid_interfaces/humanoid_interfaces/msg/detail/master2localization25__traits.hpp
[1.414s] -- Up-to-date symlink: /home/yu/colcon_ws/install/humanoid_interfaces/include/humanoid_interfaces/humanoid_interfaces/msg/detail/master2localization25__type_support.hpp
[1.415s] -- Up-to-date symlink: /home/yu/colcon_ws/install/humanoid_interfaces/include/humanoid_interfaces/humanoid_interfaces/msg/detail/master2udp__builder.hpp
[1.415s] -- Up-to-date symlink: /home/yu/colcon_ws/install/humanoid_interfaces/include/humanoid_interfaces/humanoid_interfaces/msg/detail/master2udp__struct.hpp
[1.415s] -- Up-to-date symlink: /home/yu/colcon_ws/install/humanoid_interfaces/include/humanoid_interfaces/humanoid_interfaces/msg/detail/master2udp__traits.hpp
[1.415s] -- Up-to-date symlink: /home/yu/colcon_ws/install/humanoid_interfaces/include/humanoid_interfaces/humanoid_interfaces/msg/detail/master2udp__type_support.hpp
[1.415s] -- Up-to-date symlink: /home/yu/colcon_ws/install/humanoid_interfaces/include/humanoid_interfaces/humanoid_interfaces/msg/detail/master2vision25__builder.hpp
[1.415s] -- Up-to-date symlink: /home/yu/colcon_ws/install/humanoid_interfaces/include/humanoid_interfaces/humanoid_interfaces/msg/detail/master2vision25__struct.hpp
[1.415s] -- Up-to-date symlink: /home/yu/colcon_ws/install/humanoid_interfaces/include/humanoid_interfaces/humanoid_interfaces/msg/detail/master2vision25__traits.hpp
[1.415s] -- Up-to-date symlink: /home/yu/colcon_ws/install/humanoid_interfaces/include/humanoid_interfaces/humanoid_interfaces/msg/detail/master2vision25__type_support.hpp
[1.415s] -- Up-to-date symlink: /home/yu/colcon_ws/install/humanoid_interfaces/include/humanoid_interfaces/humanoid_interfaces/msg/detail/motion_operator__builder.hpp
[1.415s] -- Up-to-date symlink: /home/yu/colcon_ws/install/humanoid_interfaces/include/humanoid_interfaces/humanoid_interfaces/msg/detail/motion_operator__struct.hpp
[1.415s] -- Up-to-date symlink: /home/yu/colcon_ws/install/humanoid_interfaces/include/humanoid_interfaces/humanoid_interfaces/msg/detail/motion_operator__traits.hpp
[1.415s] -- Up-to-date symlink: /home/yu/colcon_ws/install/humanoid_interfaces/include/humanoid_interfaces/humanoid_interfaces/msg/detail/motion_operator__type_support.hpp
[1.415s] -- Up-to-date symlink: /home/yu/colcon_ws/install/humanoid_interfaces/include/humanoid_interfaces/humanoid_interfaces/msg/detail/motionend__builder.hpp
[1.415s] -- Up-to-date symlink: /home/yu/colcon_ws/install/humanoid_interfaces/include/humanoid_interfaces/humanoid_interfaces/msg/detail/motionend__struct.hpp
[1.415s] -- Up-to-date symlink: /home/yu/colcon_ws/install/humanoid_interfaces/include/humanoid_interfaces/humanoid_interfaces/msg/detail/motionend__traits.hpp
[1.415s] -- Up-to-date symlink: /home/yu/colcon_ws/install/humanoid_interfaces/include/humanoid_interfaces/humanoid_interfaces/msg/detail/motionend__type_support.hpp
[1.415s] -- Up-to-date symlink: /home/yu/colcon_ws/install/humanoid_interfaces/include/humanoid_interfaces/humanoid_interfaces/msg/detail/motionnum__builder.hpp
[1.416s] -- Up-to-date symlink: /home/yu/colcon_ws/install/humanoid_interfaces/include/humanoid_interfaces/humanoid_interfaces/msg/detail/motionnum__struct.hpp
[1.416s] -- Up-to-date symlink: /home/yu/colcon_ws/install/humanoid_interfaces/include/humanoid_interfaces/humanoid_interfaces/msg/detail/motionnum__traits.hpp
[1.416s] -- Up-to-date symlink: /home/yu/colcon_ws/install/humanoid_interfaces/include/humanoid_interfaces/humanoid_interfaces/msg/detail/motionnum__type_support.hpp
[1.416s] -- Up-to-date symlink: /home/yu/colcon_ws/install/humanoid_interfaces/include/humanoid_interfaces/humanoid_interfaces/msg/detail/motor_msg__builder.hpp
[1.416s] -- Up-to-date symlink: /home/yu/colcon_ws/install/humanoid_interfaces/include/humanoid_interfaces/humanoid_interfaces/msg/detail/motor_msg__struct.hpp
[1.416s] -- Up-to-date symlink: /home/yu/colcon_ws/install/humanoid_interfaces/include/humanoid_interfaces/humanoid_interfaces/msg/detail/motor_msg__traits.hpp
[1.416s] -- Up-to-date symlink: /home/yu/colcon_ws/install/humanoid_interfaces/include/humanoid_interfaces/humanoid_interfaces/msg/detail/motor_msg__type_support.hpp
[1.416s] -- Up-to-date symlink: /home/yu/colcon_ws/install/humanoid_interfaces/include/humanoid_interfaces/humanoid_interfaces/msg/detail/pidtuning__builder.hpp
[1.416s] -- Up-to-date symlink: /home/yu/colcon_ws/install/humanoid_interfaces/include/humanoid_interfaces/humanoid_interfaces/msg/detail/pidtuning__struct.hpp
[1.416s] -- Up-to-date symlink: /home/yu/colcon_ws/install/humanoid_interfaces/include/humanoid_interfaces/humanoid_interfaces/msg/detail/pidtuning__traits.hpp
[1.416s] -- Up-to-date symlink: /home/yu/colcon_ws/install/humanoid_interfaces/include/humanoid_interfaces/humanoid_interfaces/msg/detail/pidtuning__type_support.hpp
[1.416s] -- Up-to-date symlink: /home/yu/colcon_ws/install/humanoid_interfaces/include/humanoid_interfaces/humanoid_interfaces/msg/detail/robocupcontroller__builder.hpp
[1.416s] -- Up-to-date symlink: /home/yu/colcon_ws/install/humanoid_interfaces/include/humanoid_interfaces/humanoid_interfaces/msg/detail/robocupcontroller__struct.hpp
[1.416s] -- Up-to-date symlink: /home/yu/colcon_ws/install/humanoid_interfaces/include/humanoid_interfaces/humanoid_interfaces/msg/detail/robocupcontroller__traits.hpp
[1.416s] -- Up-to-date symlink: /home/yu/colcon_ws/install/humanoid_interfaces/include/humanoid_interfaces/humanoid_interfaces/msg/detail/robocupcontroller__type_support.hpp
[1.417s] -- Up-to-date symlink: /home/yu/colcon_ws/install/humanoid_interfaces/include/humanoid_interfaces/humanoid_interfaces/msg/detail/robocuplocalization25__builder.hpp
[1.417s] -- Up-to-date symlink: /home/yu/colcon_ws/install/humanoid_interfaces/include/humanoid_interfaces/humanoid_interfaces/msg/detail/robocuplocalization25__struct.hpp
[1.417s] -- Up-to-date symlink: /home/yu/colcon_ws/install/humanoid_interfaces/include/humanoid_interfaces/humanoid_interfaces/msg/detail/robocuplocalization25__traits.hpp
[1.417s] -- Up-to-date symlink: /home/yu/colcon_ws/install/humanoid_interfaces/include/humanoid_interfaces/humanoid_interfaces/msg/detail/robocuplocalization25__type_support.hpp
[1.417s] -- Up-to-date symlink: /home/yu/colcon_ws/install/humanoid_interfaces/include/humanoid_interfaces/humanoid_interfaces/msg/detail/robocupvision25__builder.hpp
[1.417s] -- Up-to-date symlink: /home/yu/colcon_ws/install/humanoid_interfaces/include/humanoid_interfaces/humanoid_interfaces/msg/detail/robocupvision25__struct.hpp
[1.417s] -- Up-to-date symlink: /home/yu/colcon_ws/install/humanoid_interfaces/include/humanoid_interfaces/humanoid_interfaces/msg/detail/robocupvision25__traits.hpp
[1.417s] -- Up-to-date symlink: /home/yu/colcon_ws/install/humanoid_interfaces/include/humanoid_interfaces/humanoid_interfaces/msg/detail/robocupvision25__type_support.hpp
[1.417s] -- Up-to-date symlink: /home/yu/colcon_ws/install/humanoid_interfaces/include/humanoid_interfaces/humanoid_interfaces/msg/detail/robocupvision25feature__builder.hpp
[1.417s] -- Up-to-date symlink: /home/yu/colcon_ws/install/humanoid_interfaces/include/humanoid_interfaces/humanoid_interfaces/msg/detail/robocupvision25feature__struct.hpp
[1.417s] -- Up-to-date symlink: /home/yu/colcon_ws/install/humanoid_interfaces/include/humanoid_interfaces/humanoid_interfaces/msg/detail/robocupvision25feature__traits.hpp
[1.417s] -- Up-to-date symlink: /home/yu/colcon_ws/install/humanoid_interfaces/include/humanoid_interfaces/humanoid_interfaces/msg/detail/robocupvision25feature__type_support.hpp
[1.417s] -- Up-to-date symlink: /home/yu/colcon_ws/install/humanoid_interfaces/include/humanoid_interfaces/humanoid_interfaces/msg/detail/tune2_ik_msg__builder.hpp
[1.417s] -- Up-to-date symlink: /home/yu/colcon_ws/install/humanoid_interfaces/include/humanoid_interfaces/humanoid_interfaces/msg/detail/tune2_ik_msg__struct.hpp
[1.418s] -- Up-to-date symlink: /home/yu/colcon_ws/install/humanoid_interfaces/include/humanoid_interfaces/humanoid_interfaces/msg/detail/tune2_ik_msg__traits.hpp
[1.418s] -- Up-to-date symlink: /home/yu/colcon_ws/install/humanoid_interfaces/include/humanoid_interfaces/humanoid_interfaces/msg/detail/tune2_ik_msg__type_support.hpp
[1.418s] -- Up-to-date symlink: /home/yu/colcon_ws/install/humanoid_interfaces/include/humanoid_interfaces/humanoid_interfaces/msg/detail/udp2master__builder.hpp
[1.418s] -- Up-to-date symlink: /home/yu/colcon_ws/install/humanoid_interfaces/include/humanoid_interfaces/humanoid_interfaces/msg/detail/udp2master__struct.hpp
[1.418s] -- Up-to-date symlink: /home/yu/colcon_ws/install/humanoid_interfaces/include/humanoid_interfaces/humanoid_interfaces/msg/detail/udp2master__traits.hpp
[1.418s] -- Up-to-date symlink: /home/yu/colcon_ws/install/humanoid_interfaces/include/humanoid_interfaces/humanoid_interfaces/msg/detail/udp2master__type_support.hpp
[1.418s] -- Up-to-date symlink: /home/yu/colcon_ws/install/humanoid_interfaces/include/humanoid_interfaces/humanoid_interfaces/msg/detail/zmp_msg__builder.hpp
[1.418s] -- Up-to-date symlink: /home/yu/colcon_ws/install/humanoid_interfaces/include/humanoid_interfaces/humanoid_interfaces/msg/detail/zmp_msg__struct.hpp
[1.418s] -- Up-to-date symlink: /home/yu/colcon_ws/install/humanoid_interfaces/include/humanoid_interfaces/humanoid_interfaces/msg/detail/zmp_msg__traits.hpp
[1.418s] -- Up-to-date symlink: /home/yu/colcon_ws/install/humanoid_interfaces/include/humanoid_interfaces/humanoid_interfaces/msg/detail/zmp_msg__type_support.hpp
[1.418s] -- Up-to-date symlink: /home/yu/colcon_ws/install/humanoid_interfaces/include/humanoid_interfaces/humanoid_interfaces/msg/gamecontroldata.hpp
[1.418s] -- Up-to-date symlink: /home/yu/colcon_ws/install/humanoid_interfaces/include/humanoid_interfaces/humanoid_interfaces/msg/gamecontrolreturndata.hpp
[1.418s] -- Up-to-date symlink: /home/yu/colcon_ws/install/humanoid_interfaces/include/humanoid_interfaces/humanoid_interfaces/msg/ik_angle_sim_msg.hpp
[1.419s] -- Up-to-date symlink: /home/yu/colcon_ws/install/humanoid_interfaces/include/humanoid_interfaces/humanoid_interfaces/msg/ik_com_msg.hpp
[1.419s] -- Up-to-date symlink: /home/yu/colcon_ws/install/humanoid_interfaces/include/humanoid_interfaces/humanoid_interfaces/msg/ik_coord_msg.hpp
[1.419s] -- Up-to-date symlink: /home/yu/colcon_ws/install/humanoid_interfaces/include/humanoid_interfaces/humanoid_interfaces/msg/ik_end_msg.hpp
[1.419s] -- Up-to-date symlink: /home/yu/colcon_ws/install/humanoid_interfaces/include/humanoid_interfaces/humanoid_interfaces/msg/ik_ltc_msg.hpp
[1.419s] -- Up-to-date symlink: /home/yu/colcon_ws/install/humanoid_interfaces/include/humanoid_interfaces/humanoid_interfaces/msg/ik_pattern_msg.hpp
[1.419s] -- Up-to-date symlink: /home/yu/colcon_ws/install/humanoid_interfaces/include/humanoid_interfaces/humanoid_interfaces/msg/imu_msg.hpp
[1.419s] -- Up-to-date symlink: /home/yu/colcon_ws/install/humanoid_interfaces/include/humanoid_interfaces/humanoid_interfaces/msg/lc_msgs.hpp
[1.419s] -- Up-to-date symlink: /home/yu/colcon_ws/install/humanoid_interfaces/include/humanoid_interfaces/humanoid_interfaces/msg/master2_ik_msg.hpp
[1.421s] -- Up-to-date symlink: /home/yu/colcon_ws/install/humanoid_interfaces/include/humanoid_interfaces/humanoid_interfaces/msg/master2localization25.hpp
[1.421s] -- Up-to-date symlink: /home/yu/colcon_ws/install/humanoid_interfaces/include/humanoid_interfaces/humanoid_interfaces/msg/master2udp.hpp
[1.421s] -- Up-to-date symlink: /home/yu/colcon_ws/install/humanoid_interfaces/include/humanoid_interfaces/humanoid_interfaces/msg/master2vision25.hpp
[1.421s] -- Up-to-date symlink: /home/yu/colcon_ws/install/humanoid_interfaces/include/humanoid_interfaces/humanoid_interfaces/msg/motion_operator.hpp
[1.422s] -- Up-to-date symlink: /home/yu/colcon_ws/install/humanoid_interfaces/include/humanoid_interfaces/humanoid_interfaces/msg/motionend.hpp
[1.422s] -- Up-to-date symlink: /home/yu/colcon_ws/install/humanoid_interfaces/include/humanoid_interfaces/humanoid_interfaces/msg/motionnum.hpp
[1.422s] -- Up-to-date symlink: /home/yu/colcon_ws/install/humanoid_interfaces/include/humanoid_interfaces/humanoid_interfaces/msg/motor_msg.hpp
[1.422s] -- Up-to-date symlink: /home/yu/colcon_ws/install/humanoid_interfaces/include/humanoid_interfaces/humanoid_interfaces/msg/pidtuning.hpp
[1.423s] -- Up-to-date symlink: /home/yu/colcon_ws/install/humanoid_interfaces/include/humanoid_interfaces/humanoid_interfaces/msg/robocupcontroller.hpp
[1.423s] -- Up-to-date symlink: /home/yu/colcon_ws/install/humanoid_interfaces/include/humanoid_interfaces/humanoid_interfaces/msg/robocuplocalization25.hpp
[1.423s] -- Up-to-date symlink: /home/yu/colcon_ws/install/humanoid_interfaces/include/humanoid_interfaces/humanoid_interfaces/msg/robocupvision25.hpp
[1.423s] -- Up-to-date symlink: /home/yu/colcon_ws/install/humanoid_interfaces/include/humanoid_interfaces/humanoid_interfaces/msg/robocupvision25feature.hpp
[1.423s] -- Up-to-date symlink: /home/yu/colcon_ws/install/humanoid_interfaces/include/humanoid_interfaces/humanoid_interfaces/msg/rosidl_generator_cpp__visibility_control.hpp
[1.423s] -- Up-to-date symlink: /home/yu/colcon_ws/install/humanoid_interfaces/include/humanoid_interfaces/humanoid_interfaces/msg/tune2_ik_msg.hpp
[1.423s] -- Up-to-date symlink: /home/yu/colcon_ws/install/humanoid_interfaces/include/humanoid_interfaces/humanoid_interfaces/msg/udp2master.hpp
[1.423s] -- Up-to-date symlink: /home/yu/colcon_ws/install/humanoid_interfaces/include/humanoid_interfaces/humanoid_interfaces/msg/zmp_msg.hpp
[1.424s] -- Up-to-date symlink: /home/yu/colcon_ws/install/humanoid_interfaces/include/humanoid_interfaces/humanoid_interfaces/msg/detail/cp_walk__rosidl_typesupport_fastrtps_cpp.hpp
[1.424s] -- Up-to-date symlink: /home/yu/colcon_ws/install/humanoid_interfaces/include/humanoid_interfaces/humanoid_interfaces/msg/detail/gamecontroldata__rosidl_typesupport_fastrtps_cpp.hpp
[1.424s] -- Up-to-date symlink: /home/yu/colcon_ws/install/humanoid_interfaces/include/humanoid_interfaces/humanoid_interfaces/msg/detail/gamecontrolreturndata__rosidl_typesupport_fastrtps_cpp.hpp
[1.425s] -- Up-to-date symlink: /home/yu/colcon_ws/install/humanoid_interfaces/include/humanoid_interfaces/humanoid_interfaces/msg/detail/ik_angle_sim_msg__rosidl_typesupport_fastrtps_cpp.hpp
[1.425s] -- Up-to-date symlink: /home/yu/colcon_ws/install/humanoid_interfaces/include/humanoid_interfaces/humanoid_interfaces/msg/detail/ik_com_msg__rosidl_typesupport_fastrtps_cpp.hpp
[1.425s] -- Up-to-date symlink: /home/yu/colcon_ws/install/humanoid_interfaces/include/humanoid_interfaces/humanoid_interfaces/msg/detail/ik_coord_msg__rosidl_typesupport_fastrtps_cpp.hpp
[1.425s] -- Up-to-date symlink: /home/yu/colcon_ws/install/humanoid_interfaces/include/humanoid_interfaces/humanoid_interfaces/msg/detail/ik_end_msg__rosidl_typesupport_fastrtps_cpp.hpp
[1.425s] -- Up-to-date symlink: /home/yu/colcon_ws/install/humanoid_interfaces/include/humanoid_interfaces/humanoid_interfaces/msg/detail/ik_ltc_msg__rosidl_typesupport_fastrtps_cpp.hpp
[1.425s] -- Up-to-date symlink: /home/yu/colcon_ws/install/humanoid_interfaces/include/humanoid_interfaces/humanoid_interfaces/msg/detail/ik_pattern_msg__rosidl_typesupport_fastrtps_cpp.hpp
[1.425s] -- Up-to-date symlink: /home/yu/colcon_ws/install/humanoid_interfaces/include/humanoid_interfaces/humanoid_interfaces/msg/detail/imu_msg__rosidl_typesupport_fastrtps_cpp.hpp
[1.425s] -- Up-to-date symlink: /home/yu/colcon_ws/install/humanoid_interfaces/include/humanoid_interfaces/humanoid_interfaces/msg/detail/lc_msgs__rosidl_typesupport_fastrtps_cpp.hpp
[1.425s] -- Up-to-date symlink: /home/yu/colcon_ws/install/humanoid_interfaces/include/humanoid_interfaces/humanoid_interfaces/msg/detail/master2_ik_msg__rosidl_typesupport_fastrtps_cpp.hpp
[1.425s] -- Up-to-date symlink: /home/yu/colcon_ws/install/humanoid_interfaces/include/humanoid_interfaces/humanoid_interfaces/msg/detail/master2localization25__rosidl_typesupport_fastrtps_cpp.hpp
[1.425s] -- Up-to-date symlink: /home/yu/colcon_ws/install/humanoid_interfaces/include/humanoid_interfaces/humanoid_interfaces/msg/detail/master2udp__rosidl_typesupport_fastrtps_cpp.hpp
[1.425s] -- Up-to-date symlink: /home/yu/colcon_ws/install/humanoid_interfaces/include/humanoid_interfaces/humanoid_interfaces/msg/detail/master2vision25__rosidl_typesupport_fastrtps_cpp.hpp
[1.425s] -- Up-to-date symlink: /home/yu/colcon_ws/install/humanoid_interfaces/include/humanoid_interfaces/humanoid_interfaces/msg/detail/motion_operator__rosidl_typesupport_fastrtps_cpp.hpp
[1.426s] -- Up-to-date symlink: /home/yu/colcon_ws/install/humanoid_interfaces/include/humanoid_interfaces/humanoid_interfaces/msg/detail/motionend__rosidl_typesupport_fastrtps_cpp.hpp
[1.426s] -- Up-to-date symlink: /home/yu/colcon_ws/install/humanoid_interfaces/include/humanoid_interfaces/humanoid_interfaces/msg/detail/motionnum__rosidl_typesupport_fastrtps_cpp.hpp
[1.426s] -- Up-to-date symlink: /home/yu/colcon_ws/install/humanoid_interfaces/include/humanoid_interfaces/humanoid_interfaces/msg/detail/motor_msg__rosidl_typesupport_fastrtps_cpp.hpp
[1.426s] -- Up-to-date symlink: /home/yu/colcon_ws/install/humanoid_interfaces/include/humanoid_interfaces/humanoid_interfaces/msg/detail/pidtuning__rosidl_typesupport_fastrtps_cpp.hpp
[1.426s] -- Up-to-date symlink: /home/yu/colcon_ws/install/humanoid_interfaces/include/humanoid_interfaces/humanoid_interfaces/msg/detail/robocupcontroller__rosidl_typesupport_fastrtps_cpp.hpp
[1.427s] -- Up-to-date symlink: /home/yu/colcon_ws/install/humanoid_interfaces/include/humanoid_interfaces/humanoid_interfaces/msg/detail/robocuplocalization25__rosidl_typesupport_fastrtps_cpp.hpp
[1.427s] -- Up-to-date symlink: /home/yu/colcon_ws/install/humanoid_interfaces/include/humanoid_interfaces/humanoid_interfaces/msg/detail/robocupvision25__rosidl_typesupport_fastrtps_cpp.hpp
[1.427s] -- Up-to-date symlink: /home/yu/colcon_ws/install/humanoid_interfaces/include/humanoid_interfaces/humanoid_interfaces/msg/detail/robocupvision25feature__rosidl_typesupport_fastrtps_cpp.hpp
[1.427s] -- Up-to-date symlink: /home/yu/colcon_ws/install/humanoid_interfaces/include/humanoid_interfaces/humanoid_interfaces/msg/detail/tune2_ik_msg__rosidl_typesupport_fastrtps_cpp.hpp
[1.427s] -- Up-to-date symlink: /home/yu/colcon_ws/install/humanoid_interfaces/include/humanoid_interfaces/humanoid_interfaces/msg/detail/udp2master__rosidl_typesupport_fastrtps_cpp.hpp
[1.427s] -- Up-to-date symlink: /home/yu/colcon_ws/install/humanoid_interfaces/include/humanoid_interfaces/humanoid_interfaces/msg/detail/zmp_msg__rosidl_typesupport_fastrtps_cpp.hpp
[1.428s] -- Up-to-date symlink: /home/yu/colcon_ws/install/humanoid_interfaces/include/humanoid_interfaces/humanoid_interfaces/msg/rosidl_typesupport_fastrtps_cpp__visibility_control.h
[1.428s] -- Up-to-date symlink: /home/yu/colcon_ws/install/humanoid_interfaces/include/humanoid_interfaces/humanoid_interfaces/msg/detail/cp_walk__rosidl_typesupport_introspection_c.h
[1.428s] -- Up-to-date symlink: /home/yu/colcon_ws/install/humanoid_interfaces/include/humanoid_interfaces/humanoid_interfaces/msg/detail/gamecontroldata__rosidl_typesupport_introspection_c.h
[1.428s] -- Up-to-date symlink: /home/yu/colcon_ws/install/humanoid_interfaces/include/humanoid_interfaces/humanoid_interfaces/msg/detail/gamecontrolreturndata__rosidl_typesupport_introspection_c.h
[1.428s] -- Up-to-date symlink: /home/yu/colcon_ws/install/humanoid_interfaces/include/humanoid_interfaces/humanoid_interfaces/msg/detail/ik_angle_sim_msg__rosidl_typesupport_introspection_c.h
[1.428s] -- Up-to-date symlink: /home/yu/colcon_ws/install/humanoid_interfaces/include/humanoid_interfaces/humanoid_interfaces/msg/detail/ik_com_msg__rosidl_typesupport_introspection_c.h
[1.428s] -- Up-to-date symlink: /home/yu/colcon_ws/install/humanoid_interfaces/include/humanoid_interfaces/humanoid_interfaces/msg/detail/ik_coord_msg__rosidl_typesupport_introspection_c.h
[1.428s] -- Up-to-date symlink: /home/yu/colcon_ws/install/humanoid_interfaces/include/humanoid_interfaces/humanoid_interfaces/msg/detail/ik_end_msg__rosidl_typesupport_introspection_c.h
[1.428s] -- Up-to-date symlink: /home/yu/colcon_ws/install/humanoid_interfaces/include/humanoid_interfaces/humanoid_interfaces/msg/detail/ik_ltc_msg__rosidl_typesupport_introspection_c.h
[1.428s] -- Up-to-date symlink: /home/yu/colcon_ws/install/humanoid_interfaces/include/humanoid_interfaces/humanoid_interfaces/msg/detail/ik_pattern_msg__rosidl_typesupport_introspection_c.h
[1.428s] -- Up-to-date symlink: /home/yu/colcon_ws/install/humanoid_interfaces/include/humanoid_interfaces/humanoid_interfaces/msg/detail/imu_msg__rosidl_typesupport_introspection_c.h
[1.428s] -- Up-to-date symlink: /home/yu/colcon_ws/install/humanoid_interfaces/include/humanoid_interfaces/humanoid_interfaces/msg/detail/lc_msgs__rosidl_typesupport_introspection_c.h
[1.428s] -- Up-to-date symlink: /home/yu/colcon_ws/install/humanoid_interfaces/include/humanoid_interfaces/humanoid_interfaces/msg/detail/master2_ik_msg__rosidl_typesupport_introspection_c.h
[1.428s] -- Up-to-date symlink: /home/yu/colcon_ws/install/humanoid_interfaces/include/humanoid_interfaces/humanoid_interfaces/msg/detail/master2localization25__rosidl_typesupport_introspection_c.h
[1.428s] -- Up-to-date symlink: /home/yu/colcon_ws/install/humanoid_interfaces/include/humanoid_interfaces/humanoid_interfaces/msg/detail/master2udp__rosidl_typesupport_introspection_c.h
[1.428s] -- Up-to-date symlink: /home/yu/colcon_ws/install/humanoid_interfaces/include/humanoid_interfaces/humanoid_interfaces/msg/detail/master2vision25__rosidl_typesupport_introspection_c.h
[1.428s] -- Up-to-date symlink: /home/yu/colcon_ws/install/humanoid_interfaces/include/humanoid_interfaces/humanoid_interfaces/msg/detail/motion_operator__rosidl_typesupport_introspection_c.h
[1.428s] -- Up-to-date symlink: /home/yu/colcon_ws/install/humanoid_interfaces/include/humanoid_interfaces/humanoid_interfaces/msg/detail/motionend__rosidl_typesupport_introspection_c.h
[1.428s] -- Up-to-date symlink: /home/yu/colcon_ws/install/humanoid_interfaces/include/humanoid_interfaces/humanoid_interfaces/msg/detail/motionnum__rosidl_typesupport_introspection_c.h
[1.428s] -- Up-to-date symlink: /home/yu/colcon_ws/install/humanoid_interfaces/include/humanoid_interfaces/humanoid_interfaces/msg/detail/motor_msg__rosidl_typesupport_introspection_c.h
[1.428s] -- Up-to-date symlink: /home/yu/colcon_ws/install/humanoid_interfaces/include/humanoid_interfaces/humanoid_interfaces/msg/detail/pidtuning__rosidl_typesupport_introspection_c.h
[1.428s] -- Up-to-date symlink: /home/yu/colcon_ws/install/humanoid_interfaces/include/humanoid_interfaces/humanoid_interfaces/msg/detail/robocupcontroller__rosidl_typesupport_introspection_c.h
[1.428s] -- Up-to-date symlink: /home/yu/colcon_ws/install/humanoid_interfaces/include/humanoid_interfaces/humanoid_interfaces/msg/detail/robocuplocalization25__rosidl_typesupport_introspection_c.h
[1.428s] -- Up-to-date symlink: /home/yu/colcon_ws/install/humanoid_interfaces/include/humanoid_interfaces/humanoid_interfaces/msg/detail/robocupvision25__rosidl_typesupport_introspection_c.h
[1.428s] -- Up-to-date symlink: /home/yu/colcon_ws/install/humanoid_interfaces/include/humanoid_interfaces/humanoid_interfaces/msg/detail/robocupvision25feature__rosidl_typesupport_introspection_c.h
[1.428s] -- Up-to-date symlink: /home/yu/colcon_ws/install/humanoid_interfaces/include/humanoid_interfaces/humanoid_interfaces/msg/detail/tune2_ik_msg__rosidl_typesupport_introspection_c.h
[1.428s] -- Up-to-date symlink: /home/yu/colcon_ws/install/humanoid_interfaces/include/humanoid_interfaces/humanoid_interfaces/msg/detail/udp2master__rosidl_typesupport_introspection_c.h
[1.429s] -- Up-to-date symlink: /home/yu/colcon_ws/install/humanoid_interfaces/include/humanoid_interfaces/humanoid_interfaces/msg/detail/zmp_msg__rosidl_typesupport_introspection_c.h
[1.429s] -- Up-to-date symlink: /home/yu/colcon_ws/install/humanoid_interfaces/include/humanoid_interfaces/humanoid_interfaces/msg/rosidl_typesupport_introspection_c__visibility_control.h
[1.430s] -- Up-to-date symlink: /home/yu/colcon_ws/install/humanoid_interfaces/include/humanoid_interfaces/humanoid_interfaces/msg/detail/cp_walk__rosidl_typesupport_introspection_cpp.hpp
[1.430s] -- Up-to-date symlink: /home/yu/colcon_ws/install/humanoid_interfaces/include/humanoid_interfaces/humanoid_interfaces/msg/detail/gamecontroldata__rosidl_typesupport_introspection_cpp.hpp
[1.430s] -- Up-to-date symlink: /home/yu/colcon_ws/install/humanoid_interfaces/include/humanoid_interfaces/humanoid_interfaces/msg/detail/gamecontrolreturndata__rosidl_typesupport_introspection_cpp.hpp
[1.430s] -- Up-to-date symlink: /home/yu/colcon_ws/install/humanoid_interfaces/include/humanoid_interfaces/humanoid_interfaces/msg/detail/ik_angle_sim_msg__rosidl_typesupport_introspection_cpp.hpp
[1.430s] -- Up-to-date symlink: /home/yu/colcon_ws/install/humanoid_interfaces/include/humanoid_interfaces/humanoid_interfaces/msg/detail/ik_com_msg__rosidl_typesupport_introspection_cpp.hpp
[1.430s] -- Up-to-date symlink: /home/yu/colcon_ws/install/humanoid_interfaces/include/humanoid_interfaces/humanoid_interfaces/msg/detail/ik_coord_msg__rosidl_typesupport_introspection_cpp.hpp
[1.430s] -- Up-to-date symlink: /home/yu/colcon_ws/install/humanoid_interfaces/include/humanoid_interfaces/humanoid_interfaces/msg/detail/ik_end_msg__rosidl_typesupport_introspection_cpp.hpp
[1.430s] -- Up-to-date symlink: /home/yu/colcon_ws/install/humanoid_interfaces/include/humanoid_interfaces/humanoid_interfaces/msg/detail/ik_ltc_msg__rosidl_typesupport_introspection_cpp.hpp
[1.430s] -- Up-to-date symlink: /home/yu/colcon_ws/install/humanoid_interfaces/include/humanoid_interfaces/humanoid_interfaces/msg/detail/ik_pattern_msg__rosidl_typesupport_introspection_cpp.hpp
[1.430s] -- Up-to-date symlink: /home/yu/colcon_ws/install/humanoid_interfaces/include/humanoid_interfaces/humanoid_interfaces/msg/detail/imu_msg__rosidl_typesupport_introspection_cpp.hpp
[1.430s] -- Up-to-date symlink: /home/yu/colcon_ws/install/humanoid_interfaces/include/humanoid_interfaces/humanoid_interfaces/msg/detail/lc_msgs__rosidl_typesupport_introspection_cpp.hpp
[1.430s] -- Up-to-date symlink: /home/yu/colcon_ws/install/humanoid_interfaces/include/humanoid_interfaces/humanoid_interfaces/msg/detail/master2_ik_msg__rosidl_typesupport_introspection_cpp.hpp
[1.430s] -- Up-to-date symlink: /home/yu/colcon_ws/install/humanoid_interfaces/include/humanoid_interfaces/humanoid_interfaces/msg/detail/master2localization25__rosidl_typesupport_introspection_cpp.hpp
[1.430s] -- Up-to-date symlink: /home/yu/colcon_ws/install/humanoid_interfaces/include/humanoid_interfaces/humanoid_interfaces/msg/detail/master2udp__rosidl_typesupport_introspection_cpp.hpp
[1.430s] -- Up-to-date symlink: /home/yu/colcon_ws/install/humanoid_interfaces/include/humanoid_interfaces/humanoid_interfaces/msg/detail/master2vision25__rosidl_typesupport_introspection_cpp.hpp
[1.430s] -- Up-to-date symlink: /home/yu/colcon_ws/install/humanoid_interfaces/include/humanoid_interfaces/humanoid_interfaces/msg/detail/motion_operator__rosidl_typesupport_introspection_cpp.hpp
[1.430s] -- Up-to-date symlink: /home/yu/colcon_ws/install/humanoid_interfaces/include/humanoid_interfaces/humanoid_interfaces/msg/detail/motionend__rosidl_typesupport_introspection_cpp.hpp
[1.430s] -- Up-to-date symlink: /home/yu/colcon_ws/install/humanoid_interfaces/include/humanoid_interfaces/humanoid_interfaces/msg/detail/motionnum__rosidl_typesupport_introspection_cpp.hpp
[1.432s] -- Up-to-date symlink: /home/yu/colcon_ws/install/humanoid_interfaces/include/humanoid_interfaces/humanoid_interfaces/msg/detail/motor_msg__rosidl_typesupport_introspection_cpp.hpp
[1.432s] -- Up-to-date symlink: /home/yu/colcon_ws/install/humanoid_interfaces/include/humanoid_interfaces/humanoid_interfaces/msg/detail/pidtuning__rosidl_typesupport_introspection_cpp.hpp
[1.432s] -- Up-to-date symlink: /home/yu/colcon_ws/install/humanoid_interfaces/include/humanoid_interfaces/humanoid_interfaces/msg/detail/robocupcontroller__rosidl_typesupport_introspection_cpp.hpp
[1.432s] -- Up-to-date symlink: /home/yu/colcon_ws/install/humanoid_interfaces/include/humanoid_interfaces/humanoid_interfaces/msg/detail/robocuplocalization25__rosidl_typesupport_introspection_cpp.hpp
[1.432s] -- Up-to-date symlink: /home/yu/colcon_ws/install/humanoid_interfaces/include/humanoid_interfaces/humanoid_interfaces/msg/detail/robocupvision25__rosidl_typesupport_introspection_cpp.hpp
[1.432s] -- Up-to-date symlink: /home/yu/colcon_ws/install/humanoid_interfaces/include/humanoid_interfaces/humanoid_interfaces/msg/detail/robocupvision25feature__rosidl_typesupport_introspection_cpp.hpp
[1.432s] -- Up-to-date symlink: /home/yu/colcon_ws/install/humanoid_interfaces/include/humanoid_interfaces/humanoid_interfaces/msg/detail/tune2_ik_msg__rosidl_typesupport_introspection_cpp.hpp
[1.432s] -- Up-to-date symlink: /home/yu/colcon_ws/install/humanoid_interfaces/include/humanoid_interfaces/humanoid_interfaces/msg/detail/udp2master__rosidl_typesupport_introspection_cpp.hpp
[1.432s] -- Up-to-date symlink: /home/yu/colcon_ws/install/humanoid_interfaces/include/humanoid_interfaces/humanoid_interfaces/msg/detail/zmp_msg__rosidl_typesupport_introspection_cpp.hpp
[1.432s] -- Up-to-date symlink: /home/yu/colcon_ws/install/humanoid_interfaces/share/humanoid_interfaces/environment/pythonpath.sh
[1.432s] -- Up-to-date symlink: /home/yu/colcon_ws/install/humanoid_interfaces/share/humanoid_interfaces/environment/pythonpath.dsv
[1.432s] -- Up-to-date symlink: /home/yu/colcon_ws/install/humanoid_interfaces/local/lib/python3.10/dist-packages/humanoid_interfaces-0.0.0-py3.10.egg-info/PKG-INFO
[1.432s] -- Up-to-date symlink: /home/yu/colcon_ws/install/humanoid_interfaces/local/lib/python3.10/dist-packages/humanoid_interfaces-0.0.0-py3.10.egg-info/SOURCES.txt
[1.433s] -- Up-to-date symlink: /home/yu/colcon_ws/install/humanoid_interfaces/local/lib/python3.10/dist-packages/humanoid_interfaces-0.0.0-py3.10.egg-info/dependency_links.txt
[1.433s] -- Up-to-date symlink: /home/yu/colcon_ws/install/humanoid_interfaces/local/lib/python3.10/dist-packages/humanoid_interfaces-0.0.0-py3.10.egg-info/top_level.txt
[1.433s] -- Up-to-date symlink: /home/yu/colcon_ws/install/humanoid_interfaces/local/lib/python3.10/dist-packages/humanoid_interfaces/__init__.py
[1.433s] -- Up-to-date symlink: /home/yu/colcon_ws/install/humanoid_interfaces/local/lib/python3.10/dist-packages/humanoid_interfaces/_humanoid_interfaces_s.ep.rosidl_typesupport_c.c
[1.433s] -- Up-to-date symlink: /home/yu/colcon_ws/install/humanoid_interfaces/local/lib/python3.10/dist-packages/humanoid_interfaces/_humanoid_interfaces_s.ep.rosidl_typesupport_fastrtps_c.c
[1.433s] -- Up-to-date symlink: /home/yu/colcon_ws/install/humanoid_interfaces/local/lib/python3.10/dist-packages/humanoid_interfaces/_humanoid_interfaces_s.ep.rosidl_typesupport_introspection_c.c
[1.433s] -- Up-to-date symlink: /home/yu/colcon_ws/install/humanoid_interfaces/local/lib/python3.10/dist-packages/humanoid_interfaces/humanoid_interfaces_s__rosidl_typesupport_c.cpython-310-x86_64-linux-gnu.so
[1.433s] -- Up-to-date symlink: /home/yu/colcon_ws/install/humanoid_interfaces/local/lib/python3.10/dist-packages/humanoid_interfaces/humanoid_interfaces_s__rosidl_typesupport_fastrtps_c.cpython-310-x86_64-linux-gnu.so
[1.433s] -- Up-to-date symlink: /home/yu/colcon_ws/install/humanoid_interfaces/local/lib/python3.10/dist-packages/humanoid_interfaces/humanoid_interfaces_s__rosidl_typesupport_introspection_c.cpython-310-x86_64-linux-gnu.so
[1.433s] -- Up-to-date symlink: /home/yu/colcon_ws/install/humanoid_interfaces/local/lib/python3.10/dist-packages/humanoid_interfaces/libhumanoid_interfaces__rosidl_generator_py.so
[1.433s] -- Up-to-date symlink: /home/yu/colcon_ws/install/humanoid_interfaces/local/lib/python3.10/dist-packages/humanoid_interfaces/msg/__init__.py
[1.433s] -- Up-to-date symlink: /home/yu/colcon_ws/install/humanoid_interfaces/local/lib/python3.10/dist-packages/humanoid_interfaces/msg/_cp_walk.py
[1.433s] -- Up-to-date symlink: /home/yu/colcon_ws/install/humanoid_interfaces/local/lib/python3.10/dist-packages/humanoid_interfaces/msg/_cp_walk_s.c
[1.433s] -- Up-to-date symlink: /home/yu/colcon_ws/install/humanoid_interfaces/local/lib/python3.10/dist-packages/humanoid_interfaces/msg/_gamecontroldata.py
[1.434s] -- Up-to-date symlink: /home/yu/colcon_ws/install/humanoid_interfaces/local/lib/python3.10/dist-packages/humanoid_interfaces/msg/_gamecontroldata_s.c
[1.434s] -- Up-to-date symlink: /home/yu/colcon_ws/install/humanoid_interfaces/local/lib/python3.10/dist-packages/humanoid_interfaces/msg/_gamecontrolreturndata.py
[1.434s] -- Up-to-date symlink: /home/yu/colcon_ws/install/humanoid_interfaces/local/lib/python3.10/dist-packages/humanoid_interfaces/msg/_gamecontrolreturndata_s.c
[1.434s] -- Up-to-date symlink: /home/yu/colcon_ws/install/humanoid_interfaces/local/lib/python3.10/dist-packages/humanoid_interfaces/msg/_ik_angle_sim_msg.py
[1.434s] -- Up-to-date symlink: /home/yu/colcon_ws/install/humanoid_interfaces/local/lib/python3.10/dist-packages/humanoid_interfaces/msg/_ik_angle_sim_msg_s.c
[1.434s] -- Up-to-date symlink: /home/yu/colcon_ws/install/humanoid_interfaces/local/lib/python3.10/dist-packages/humanoid_interfaces/msg/_ik_com_msg.py
[1.434s] -- Up-to-date symlink: /home/yu/colcon_ws/install/humanoid_interfaces/local/lib/python3.10/dist-packages/humanoid_interfaces/msg/_ik_com_msg_s.c
[1.434s] -- Up-to-date symlink: /home/yu/colcon_ws/install/humanoid_interfaces/local/lib/python3.10/dist-packages/humanoid_interfaces/msg/_ik_coord_msg.py
[1.435s] -- Up-to-date symlink: /home/yu/colcon_ws/install/humanoid_interfaces/local/lib/python3.10/dist-packages/humanoid_interfaces/msg/_ik_coord_msg_s.c
[1.435s] -- Up-to-date symlink: /home/yu/colcon_ws/install/humanoid_interfaces/local/lib/python3.10/dist-packages/humanoid_interfaces/msg/_ik_end_msg.py
[1.435s] -- Up-to-date symlink: /home/yu/colcon_ws/install/humanoid_interfaces/local/lib/python3.10/dist-packages/humanoid_interfaces/msg/_ik_end_msg_s.c
[1.435s] -- Up-to-date symlink: /home/yu/colcon_ws/install/humanoid_interfaces/local/lib/python3.10/dist-packages/humanoid_interfaces/msg/_ik_ltc_msg.py
[1.435s] -- Up-to-date symlink: /home/yu/colcon_ws/install/humanoid_interfaces/local/lib/python3.10/dist-packages/humanoid_interfaces/msg/_ik_ltc_msg_s.c
[1.435s] -- Up-to-date symlink: /home/yu/colcon_ws/install/humanoid_interfaces/local/lib/python3.10/dist-packages/humanoid_interfaces/msg/_ik_pattern_msg.py
[1.435s] -- Up-to-date symlink: /home/yu/colcon_ws/install/humanoid_interfaces/local/lib/python3.10/dist-packages/humanoid_interfaces/msg/_ik_pattern_msg_s.c
[1.435s] -- Up-to-date symlink: /home/yu/colcon_ws/install/humanoid_interfaces/local/lib/python3.10/dist-packages/humanoid_interfaces/msg/_imu_msg.py
[1.435s] -- Up-to-date symlink: /home/yu/colcon_ws/install/humanoid_interfaces/local/lib/python3.10/dist-packages/humanoid_interfaces/msg/_imu_msg_s.c
[1.435s] -- Up-to-date symlink: /home/yu/colcon_ws/install/humanoid_interfaces/local/lib/python3.10/dist-packages/humanoid_interfaces/msg/_lc_msgs.py
[1.435s] -- Up-to-date symlink: /home/yu/colcon_ws/install/humanoid_interfaces/local/lib/python3.10/dist-packages/humanoid_interfaces/msg/_lc_msgs_s.c
[1.435s] -- Up-to-date symlink: /home/yu/colcon_ws/install/humanoid_interfaces/local/lib/python3.10/dist-packages/humanoid_interfaces/msg/_master2_ik_msg.py
[1.436s] -- Up-to-date symlink: /home/yu/colcon_ws/install/humanoid_interfaces/local/lib/python3.10/dist-packages/humanoid_interfaces/msg/_master2_ik_msg_s.c
[1.436s] -- Up-to-date symlink: /home/yu/colcon_ws/install/humanoid_interfaces/local/lib/python3.10/dist-packages/humanoid_interfaces/msg/_master2localization25.py
[1.436s] -- Up-to-date symlink: /home/yu/colcon_ws/install/humanoid_interfaces/local/lib/python3.10/dist-packages/humanoid_interfaces/msg/_master2localization25_s.c
[1.436s] -- Up-to-date symlink: /home/yu/colcon_ws/install/humanoid_interfaces/local/lib/python3.10/dist-packages/humanoid_interfaces/msg/_master2udp.py
[1.436s] -- Up-to-date symlink: /home/yu/colcon_ws/install/humanoid_interfaces/local/lib/python3.10/dist-packages/humanoid_interfaces/msg/_master2udp_s.c
[1.436s] -- Up-to-date symlink: /home/yu/colcon_ws/install/humanoid_interfaces/local/lib/python3.10/dist-packages/humanoid_interfaces/msg/_master2vision25.py
[1.436s] -- Up-to-date symlink: /home/yu/colcon_ws/install/humanoid_interfaces/local/lib/python3.10/dist-packages/humanoid_interfaces/msg/_master2vision25_s.c
[1.436s] -- Up-to-date symlink: /home/yu/colcon_ws/install/humanoid_interfaces/local/lib/python3.10/dist-packages/humanoid_interfaces/msg/_motion_operator.py
[1.436s] -- Up-to-date symlink: /home/yu/colcon_ws/install/humanoid_interfaces/local/lib/python3.10/dist-packages/humanoid_interfaces/msg/_motion_operator_s.c
[1.436s] -- Up-to-date symlink: /home/yu/colcon_ws/install/humanoid_interfaces/local/lib/python3.10/dist-packages/humanoid_interfaces/msg/_motionend.py
[1.436s] -- Up-to-date symlink: /home/yu/colcon_ws/install/humanoid_interfaces/local/lib/python3.10/dist-packages/humanoid_interfaces/msg/_motionend_s.c
[1.436s] -- Up-to-date symlink: /home/yu/colcon_ws/install/humanoid_interfaces/local/lib/python3.10/dist-packages/humanoid_interfaces/msg/_motionnum.py
[1.436s] -- Up-to-date symlink: /home/yu/colcon_ws/install/humanoid_interfaces/local/lib/python3.10/dist-packages/humanoid_interfaces/msg/_motionnum_s.c
[1.436s] -- Up-to-date symlink: /home/yu/colcon_ws/install/humanoid_interfaces/local/lib/python3.10/dist-packages/humanoid_interfaces/msg/_motor_msg.py
[1.436s] -- Up-to-date symlink: /home/yu/colcon_ws/install/humanoid_interfaces/local/lib/python3.10/dist-packages/humanoid_interfaces/msg/_motor_msg_s.c
[1.436s] -- Up-to-date symlink: /home/yu/colcon_ws/install/humanoid_interfaces/local/lib/python3.10/dist-packages/humanoid_interfaces/msg/_pidtuning.py
[1.436s] -- Up-to-date symlink: /home/yu/colcon_ws/install/humanoid_interfaces/local/lib/python3.10/dist-packages/humanoid_interfaces/msg/_pidtuning_s.c
[1.436s] -- Up-to-date symlink: /home/yu/colcon_ws/install/humanoid_interfaces/local/lib/python3.10/dist-packages/humanoid_interfaces/msg/_robocupcontroller.py
[1.436s] -- Up-to-date symlink: /home/yu/colcon_ws/install/humanoid_interfaces/local/lib/python3.10/dist-packages/humanoid_interfaces/msg/_robocupcontroller_s.c
[1.436s] -- Up-to-date symlink: /home/yu/colcon_ws/install/humanoid_interfaces/local/lib/python3.10/dist-packages/humanoid_interfaces/msg/_robocuplocalization25.py
[1.437s] -- Up-to-date symlink: /home/yu/colcon_ws/install/humanoid_interfaces/local/lib/python3.10/dist-packages/humanoid_interfaces/msg/_robocuplocalization25_s.c
[1.437s] -- Up-to-date symlink: /home/yu/colcon_ws/install/humanoid_interfaces/local/lib/python3.10/dist-packages/humanoid_interfaces/msg/_robocupvision25.py
[1.437s] -- Up-to-date symlink: /home/yu/colcon_ws/install/humanoid_interfaces/local/lib/python3.10/dist-packages/humanoid_interfaces/msg/_robocupvision25_s.c
[1.437s] -- Up-to-date symlink: /home/yu/colcon_ws/install/humanoid_interfaces/local/lib/python3.10/dist-packages/humanoid_interfaces/msg/_robocupvision25feature.py
[1.437s] -- Up-to-date symlink: /home/yu/colcon_ws/install/humanoid_interfaces/local/lib/python3.10/dist-packages/humanoid_interfaces/msg/_robocupvision25feature_s.c
[1.437s] -- Up-to-date symlink: /home/yu/colcon_ws/install/humanoid_interfaces/local/lib/python3.10/dist-packages/humanoid_interfaces/msg/_tune2_ik_msg.py
[1.437s] -- Up-to-date symlink: /home/yu/colcon_ws/install/humanoid_interfaces/local/lib/python3.10/dist-packages/humanoid_interfaces/msg/_tune2_ik_msg_s.c
[1.437s] -- Up-to-date symlink: /home/yu/colcon_ws/install/humanoid_interfaces/local/lib/python3.10/dist-packages/humanoid_interfaces/msg/_udp2master.py
[1.437s] -- Up-to-date symlink: /home/yu/colcon_ws/install/humanoid_interfaces/local/lib/python3.10/dist-packages/humanoid_interfaces/msg/_udp2master_s.c
[1.437s] -- Up-to-date symlink: /home/yu/colcon_ws/install/humanoid_interfaces/local/lib/python3.10/dist-packages/humanoid_interfaces/msg/_zmp_msg.py
[1.437s] -- Up-to-date symlink: /home/yu/colcon_ws/install/humanoid_interfaces/local/lib/python3.10/dist-packages/humanoid_interfaces/msg/_zmp_msg_s.c
[1.437s] -- Up-to-date symlink: /home/yu/colcon_ws/install/humanoid_interfaces/local/lib/python3.10/dist-packages/humanoid_interfaces/humanoid_interfaces_s__rosidl_typesupport_fastrtps_c.cpython-310-x86_64-linux-gnu.so
[1.438s] -- Up-to-date symlink: /home/yu/colcon_ws/install/humanoid_interfaces/local/lib/python3.10/dist-packages/humanoid_interfaces/humanoid_interfaces_s__rosidl_typesupport_introspection_c.cpython-310-x86_64-linux-gnu.so
[1.438s] -- Up-to-date symlink: /home/yu/colcon_ws/install/humanoid_interfaces/local/lib/python3.10/dist-packages/humanoid_interfaces/humanoid_interfaces_s__rosidl_typesupport_c.cpython-310-x86_64-linux-gnu.so
[1.438s] -- Up-to-date symlink: /home/yu/colcon_ws/install/humanoid_interfaces/share/humanoid_interfaces/msg/IkAngleSimMsg.idl
[1.438s] -- Up-to-date symlink: /home/yu/colcon_ws/install/humanoid_interfaces/share/humanoid_interfaces/msg/IkComMsg.idl
[1.438s] -- Up-to-date symlink: /home/yu/colcon_ws/install/humanoid_interfaces/share/humanoid_interfaces/msg/IkCoordMsg.idl
[1.438s] -- Up-to-date symlink: /home/yu/colcon_ws/install/humanoid_interfaces/share/humanoid_interfaces/msg/IkEndMsg.idl
[1.438s] -- Up-to-date symlink: /home/yu/colcon_ws/install/humanoid_interfaces/share/humanoid_interfaces/msg/IkLTCMsg.idl
[1.438s] -- Up-to-date symlink: /home/yu/colcon_ws/install/humanoid_interfaces/share/humanoid_interfaces/msg/IkPatternMsg.idl
[1.438s] -- Up-to-date symlink: /home/yu/colcon_ws/install/humanoid_interfaces/share/humanoid_interfaces/msg/CPWalk.idl
[1.439s] -- Up-to-date symlink: /home/yu/colcon_ws/install/humanoid_interfaces/share/humanoid_interfaces/msg/LCMsgs.idl
[1.439s] -- Up-to-date symlink: /home/yu/colcon_ws/install/humanoid_interfaces/share/humanoid_interfaces/msg/ImuMsg.idl
[1.439s] -- Up-to-date symlink: /home/yu/colcon_ws/install/humanoid_interfaces/share/humanoid_interfaces/msg/Master2IkMsg.idl
[1.439s] -- Up-to-date symlink: /home/yu/colcon_ws/install/humanoid_interfaces/share/humanoid_interfaces/msg/MotorMsg.idl
[1.439s] -- Up-to-date symlink: /home/yu/colcon_ws/install/humanoid_interfaces/share/humanoid_interfaces/msg/Tune2IkMsg.idl
[1.439s] -- Up-to-date symlink: /home/yu/colcon_ws/install/humanoid_interfaces/share/humanoid_interfaces/msg/ZmpMsg.idl
[1.439s] -- Up-to-date symlink: /home/yu/colcon_ws/install/humanoid_interfaces/share/humanoid_interfaces/msg/Robocupvision25.idl
[1.439s] -- Up-to-date symlink: /home/yu/colcon_ws/install/humanoid_interfaces/share/humanoid_interfaces/msg/Robocupvision25feature.idl
[1.439s] -- Up-to-date symlink: /home/yu/colcon_ws/install/humanoid_interfaces/share/humanoid_interfaces/msg/Master2vision25.idl
[1.439s] -- Up-to-date symlink: /home/yu/colcon_ws/install/humanoid_interfaces/share/humanoid_interfaces/msg/Robocuplocalization25.idl
[1.439s] -- Up-to-date symlink: /home/yu/colcon_ws/install/humanoid_interfaces/share/humanoid_interfaces/msg/Master2localization25.idl
[1.440s] -- Up-to-date symlink: /home/yu/colcon_ws/install/humanoid_interfaces/share/humanoid_interfaces/msg/Motionnum.idl
[1.440s] -- Up-to-date symlink: /home/yu/colcon_ws/install/humanoid_interfaces/share/humanoid_interfaces/msg/Motionend.idl
[1.440s] -- Up-to-date symlink: /home/yu/colcon_ws/install/humanoid_interfaces/share/humanoid_interfaces/msg/Master2udp.idl
[1.440s] -- Up-to-date symlink: /home/yu/colcon_ws/install/humanoid_interfaces/share/humanoid_interfaces/msg/Udp2master.idl
[1.440s] -- Up-to-date symlink: /home/yu/colcon_ws/install/humanoid_interfaces/share/humanoid_interfaces/msg/Gamecontroldata.idl
[1.440s] -- Up-to-date symlink: /home/yu/colcon_ws/install/humanoid_interfaces/share/humanoid_interfaces/msg/Gamecontrolreturndata.idl
[1.440s] -- Up-to-date symlink: /home/yu/colcon_ws/install/humanoid_interfaces/share/humanoid_interfaces/msg/Robocupcontroller.idl
[1.440s] -- Up-to-date symlink: /home/yu/colcon_ws/install/humanoid_interfaces/share/humanoid_interfaces/msg/MotionOperator.idl
[1.440s] -- Up-to-date symlink: /home/yu/colcon_ws/install/humanoid_interfaces/share/humanoid_interfaces/msg/Pidtuning.idl
[1.440s] -- Up-to-date symlink: /home/yu/colcon_ws/install/humanoid_interfaces/share/humanoid_interfaces/msg/IkAngleSimMsg.msg
[1.441s] -- Up-to-date symlink: /home/yu/colcon_ws/install/humanoid_interfaces/share/humanoid_interfaces/msg/IkComMsg.msg
[1.443s] -- Up-to-date symlink: /home/yu/colcon_ws/install/humanoid_interfaces/share/humanoid_interfaces/msg/IkCoordMsg.msg
[1.443s] -- Up-to-date symlink: /home/yu/colcon_ws/install/humanoid_interfaces/share/humanoid_interfaces/msg/IkEndMsg.msg
[1.443s] -- Up-to-date symlink: /home/yu/colcon_ws/install/humanoid_interfaces/share/humanoid_interfaces/msg/IkLTCMsg.msg
[1.443s] -- Up-to-date symlink: /home/yu/colcon_ws/install/humanoid_interfaces/share/humanoid_interfaces/msg/IkPatternMsg.msg
[1.443s] -- Up-to-date symlink: /home/yu/colcon_ws/install/humanoid_interfaces/share/humanoid_interfaces/msg/CPWalk.msg
[1.443s] -- Up-to-date symlink: /home/yu/colcon_ws/install/humanoid_interfaces/share/humanoid_interfaces/msg/LCMsgs.msg
[1.443s] -- Up-to-date symlink: /home/yu/colcon_ws/install/humanoid_interfaces/share/humanoid_interfaces/msg/ImuMsg.msg
[1.443s] -- Up-to-date symlink: /home/yu/colcon_ws/install/humanoid_interfaces/share/humanoid_interfaces/msg/Master2IkMsg.msg
[1.443s] -- Up-to-date symlink: /home/yu/colcon_ws/install/humanoid_interfaces/share/humanoid_interfaces/msg/MotorMsg.msg
[1.443s] -- Up-to-date symlink: /home/yu/colcon_ws/install/humanoid_interfaces/share/humanoid_interfaces/msg/Tune2IkMsg.msg
[1.443s] -- Up-to-date symlink: /home/yu/colcon_ws/install/humanoid_interfaces/share/humanoid_interfaces/msg/ZmpMsg.msg
[1.443s] -- Up-to-date symlink: /home/yu/colcon_ws/install/humanoid_interfaces/share/humanoid_interfaces/msg/Robocupvision25.msg
[1.443s] -- Up-to-date symlink: /home/yu/colcon_ws/install/humanoid_interfaces/share/humanoid_interfaces/msg/Robocupvision25feature.msg
[1.443s] -- Up-to-date symlink: /home/yu/colcon_ws/install/humanoid_interfaces/share/humanoid_interfaces/msg/Master2vision25.msg
[1.443s] -- Up-to-date symlink: /home/yu/colcon_ws/install/humanoid_interfaces/share/humanoid_interfaces/msg/Robocuplocalization25.msg
[1.443s] -- Up-to-date symlink: /home/yu/colcon_ws/install/humanoid_interfaces/share/humanoid_interfaces/msg/Master2localization25.msg
[1.443s] -- Up-to-date symlink: /home/yu/colcon_ws/install/humanoid_interfaces/share/humanoid_interfaces/msg/Motionnum.msg
[1.443s] -- Up-to-date symlink: /home/yu/colcon_ws/install/humanoid_interfaces/share/humanoid_interfaces/msg/Motionend.msg
[1.443s] -- Up-to-date symlink: /home/yu/colcon_ws/install/humanoid_interfaces/share/humanoid_interfaces/msg/Master2udp.msg
[1.443s] -- Up-to-date symlink: /home/yu/colcon_ws/install/humanoid_interfaces/share/humanoid_interfaces/msg/Udp2master.msg
[1.443s] -- Up-to-date symlink: /home/yu/colcon_ws/install/humanoid_interfaces/share/humanoid_interfaces/msg/Gamecontroldata.msg
[1.444s] -- Up-to-date symlink: /home/yu/colcon_ws/install/humanoid_interfaces/share/humanoid_interfaces/msg/Gamecontrolreturndata.msg
[1.444s] -- Up-to-date symlink: /home/yu/colcon_ws/install/humanoid_interfaces/share/humanoid_interfaces/msg/Robocupcontroller.msg
[1.444s] -- Up-to-date symlink: /home/yu/colcon_ws/install/humanoid_interfaces/share/humanoid_interfaces/msg/MotionOperator.msg
[1.444s] -- Up-to-date symlink: /home/yu/colcon_ws/install/humanoid_interfaces/share/humanoid_interfaces/msg/Pidtuning.msg
[1.444s] -- Up-to-date symlink: /home/yu/colcon_ws/install/humanoid_interfaces/share/ament_index/resource_index/package_run_dependencies/humanoid_interfaces
[1.444s] -- Up-to-date symlink: /home/yu/colcon_ws/install/humanoid_interfaces/share/ament_index/resource_index/parent_prefix_path/humanoid_interfaces
[1.444s] -- Up-to-date symlink: /home/yu/colcon_ws/install/humanoid_interfaces/share/humanoid_interfaces/environment/ament_prefix_path.sh
[1.444s] -- Up-to-date symlink: /home/yu/colcon_ws/install/humanoid_interfaces/share/humanoid_interfaces/environment/ament_prefix_path.dsv
[1.444s] -- Up-to-date symlink: /home/yu/colcon_ws/install/humanoid_interfaces/share/humanoid_interfaces/environment/path.sh
[1.444s] -- Up-to-date symlink: /home/yu/colcon_ws/install/humanoid_interfaces/share/humanoid_interfaces/environment/path.dsv
[1.444s] -- Up-to-date symlink: /home/yu/colcon_ws/install/humanoid_interfaces/share/humanoid_interfaces/local_setup.bash
[1.444s] -- Up-to-date symlink: /home/yu/colcon_ws/install/humanoid_interfaces/share/humanoid_interfaces/local_setup.sh
[1.444s] -- Up-to-date symlink: /home/yu/colcon_ws/install/humanoid_interfaces/share/humanoid_interfaces/local_setup.zsh
[1.444s] -- Up-to-date symlink: /home/yu/colcon_ws/install/humanoid_interfaces/share/humanoid_interfaces/local_setup.dsv
[1.444s] -- Symlinking: /home/yu/colcon_ws/install/humanoid_interfaces/share/humanoid_interfaces/package.dsv
[1.452s] -- Up-to-date symlink: /home/yu/colcon_ws/install/humanoid_interfaces/share/ament_index/resource_index/packages/humanoid_interfaces
[1.452s] -- Up-to-date symlink: /home/yu/colcon_ws/install/humanoid_interfaces/share/humanoid_interfaces/cmake/rosidl_cmake-extras.cmake
[1.452s] -- Up-to-date symlink: /home/yu/colcon_ws/install/humanoid_interfaces/share/humanoid_interfaces/cmake/ament_cmake_export_dependencies-extras.cmake
[1.452s] -- Up-to-date symlink: /home/yu/colcon_ws/install/humanoid_interfaces/share/humanoid_interfaces/cmake/ament_cmake_export_include_directories-extras.cmake
[1.452s] -- Up-to-date symlink: /home/yu/colcon_ws/install/humanoid_interfaces/share/humanoid_interfaces/cmake/ament_cmake_export_libraries-extras.cmake
[1.452s] -- Up-to-date symlink: /home/yu/colcon_ws/install/humanoid_interfaces/share/humanoid_interfaces/cmake/ament_cmake_export_targets-extras.cmake
[1.452s] -- Up-to-date symlink: /home/yu/colcon_ws/install/humanoid_interfaces/share/humanoid_interfaces/cmake/rosidl_cmake_export_typesupport_targets-extras.cmake
[1.452s] -- Up-to-date symlink: /home/yu/colcon_ws/install/humanoid_interfaces/share/humanoid_interfaces/cmake/rosidl_cmake_export_typesupport_libraries-extras.cmake
[1.453s] -- Up-to-date symlink: /home/yu/colcon_ws/install/humanoid_interfaces/share/humanoid_interfaces/cmake/humanoid_interfacesConfig.cmake
[1.453s] -- Up-to-date symlink: /home/yu/colcon_ws/install/humanoid_interfaces/share/humanoid_interfaces/cmake/humanoid_interfacesConfig-version.cmake
[1.453s] -- Up-to-date symlink: /home/yu/colcon_ws/install/humanoid_interfaces/share/humanoid_interfaces/package.xml
[1.454s] -- Up-to-date: /home/yu/colcon_ws/install/humanoid_interfaces/lib/libhumanoid_interfaces__rosidl_generator_c.so
[1.454s] -- Up-to-date: /home/yu/colcon_ws/install/humanoid_interfaces/lib/libhumanoid_interfaces__rosidl_typesupport_fastrtps_c.so
[1.454s] -- Up-to-date: /home/yu/colcon_ws/install/humanoid_interfaces/lib/libhumanoid_interfaces__rosidl_typesupport_fastrtps_cpp.so
[1.454s] -- Up-to-date: /home/yu/colcon_ws/install/humanoid_interfaces/lib/libhumanoid_interfaces__rosidl_typesupport_introspection_c.so
[1.455s] -- Up-to-date: /home/yu/colcon_ws/install/humanoid_interfaces/lib/libhumanoid_interfaces__rosidl_typesupport_c.so
[1.455s] -- Up-to-date: /home/yu/colcon_ws/install/humanoid_interfaces/lib/libhumanoid_interfaces__rosidl_typesupport_introspection_cpp.so
[1.455s] -- Up-to-date: /home/yu/colcon_ws/install/humanoid_interfaces/lib/libhumanoid_interfaces__rosidl_typesupport_cpp.so
[1.485s] Listing '/home/yu/colcon_ws/install/humanoid_interfaces/local/lib/python3.10/dist-packages/humanoid_interfaces'...
[1.486s] Compiling '/home/yu/colcon_ws/install/humanoid_interfaces/local/lib/python3.10/dist-packages/humanoid_interfaces/__init__.py'...
[1.486s] Listing '/home/yu/colcon_ws/install/humanoid_interfaces/local/lib/python3.10/dist-packages/humanoid_interfaces/msg'...
[1.486s] -- Up-to-date: /home/yu/colcon_ws/install/humanoid_interfaces/lib/libhumanoid_interfaces__rosidl_generator_py.so
[1.490s] -- Up-to-date: /home/yu/colcon_ws/install/humanoid_interfaces/share/humanoid_interfaces/cmake/export_humanoid_interfaces__rosidl_generator_cExport.cmake
[1.490s] -- Up-to-date: /home/yu/colcon_ws/install/humanoid_interfaces/share/humanoid_interfaces/cmake/export_humanoid_interfaces__rosidl_generator_cExport-noconfig.cmake
[1.490s] -- Up-to-date: /home/yu/colcon_ws/install/humanoid_interfaces/share/humanoid_interfaces/cmake/export_humanoid_interfaces__rosidl_typesupport_fastrtps_cExport.cmake
[1.490s] -- Up-to-date: /home/yu/colcon_ws/install/humanoid_interfaces/share/humanoid_interfaces/cmake/export_humanoid_interfaces__rosidl_typesupport_fastrtps_cExport-noconfig.cmake
[1.490s] -- Up-to-date: /home/yu/colcon_ws/install/humanoid_interfaces/share/humanoid_interfaces/cmake/export_humanoid_interfaces__rosidl_generator_cppExport.cmake
[1.490s] -- Up-to-date: /home/yu/colcon_ws/install/humanoid_interfaces/share/humanoid_interfaces/cmake/export_humanoid_interfaces__rosidl_typesupport_fastrtps_cppExport.cmake
[1.491s] -- Up-to-date: /home/yu/colcon_ws/install/humanoid_interfaces/share/humanoid_interfaces/cmake/export_humanoid_interfaces__rosidl_typesupport_fastrtps_cppExport-noconfig.cmake
[1.491s] -- Up-to-date: /home/yu/colcon_ws/install/humanoid_interfaces/share/humanoid_interfaces/cmake/humanoid_interfaces__rosidl_typesupport_introspection_cExport.cmake
[1.491s] -- Up-to-date: /home/yu/colcon_ws/install/humanoid_interfaces/share/humanoid_interfaces/cmake/humanoid_interfaces__rosidl_typesupport_introspection_cExport-noconfig.cmake
[1.491s] -- Up-to-date: /home/yu/colcon_ws/install/humanoid_interfaces/share/humanoid_interfaces/cmake/humanoid_interfaces__rosidl_typesupport_cExport.cmake
[1.491s] -- Up-to-date: /home/yu/colcon_ws/install/humanoid_interfaces/share/humanoid_interfaces/cmake/humanoid_interfaces__rosidl_typesupport_cExport-noconfig.cmake
[1.491s] -- Up-to-date: /home/yu/colcon_ws/install/humanoid_interfaces/share/humanoid_interfaces/cmake/humanoid_interfaces__rosidl_typesupport_introspection_cppExport.cmake
[1.491s] -- Up-to-date: /home/yu/colcon_ws/install/humanoid_interfaces/share/humanoid_interfaces/cmake/humanoid_interfaces__rosidl_typesupport_introspection_cppExport-noconfig.cmake
[1.491s] -- Up-to-date: /home/yu/colcon_ws/install/humanoid_interfaces/share/humanoid_interfaces/cmake/humanoid_interfaces__rosidl_typesupport_cppExport.cmake
[1.491s] -- Up-to-date: /home/yu/colcon_ws/install/humanoid_interfaces/share/humanoid_interfaces/cmake/humanoid_interfaces__rosidl_typesupport_cppExport-noconfig.cmake
[1.491s] -- Up-to-date: /home/yu/colcon_ws/install/humanoid_interfaces/share/humanoid_interfaces/cmake/export_humanoid_interfaces__rosidl_generator_pyExport.cmake
[1.491s] -- Up-to-date: /home/yu/colcon_ws/install/humanoid_interfaces/share/humanoid_interfaces/cmake/export_humanoid_interfaces__rosidl_generator_pyExport-noconfig.cmake
[1.491s] Invoked command in '/home/yu/colcon_ws/build/humanoid_interfaces' returned '0': CMAKE_PREFIX_PATH=${CMAKE_PREFIX_PATH}:/home/yu/ros2_ws/install/python_parameter_tutorial:/opt/ros/humble /usr/bin/cmake --install /home/yu/colcon_ws/build/humanoid_interfaces
