-- The C compiler identification is GNU 11.4.0
-- The CXX compiler identification is GNU 11.4.0
-- Detecting C compiler ABI info
-- Detecting C compiler ABI info - done
-- Check for working C compiler: /usr/bin/cc - skipped
-- Detecting C compile features
-- Detecting C compile features - done
-- Detecting CXX compiler ABI info
-- Detecting CXX compiler ABI info - done
-- Check for working CXX compiler: /usr/bin/c++ - skipped
-- Detecting CXX compile features
-- Detecting CXX compile features - done
-- Found ament_cmake: 1.3.12 (/opt/ros/humble/share/ament_cmake/cmake)
-- Found Python3: /usr/bin/python3 (found version "3.10.12") found components: Interpreter 
-- Found rclcpp: 16.0.14 (/opt/ros/humble/share/rclcpp/cmake)
-- Found rosidl_generator_c: 3.1.7 (/opt/ros/humble/share/rosidl_generator_c/cmake)
-- Found rosidl_adapter: 3.1.7 (/opt/ros/humble/share/rosidl_adapter/cmake)
-- Found rosidl_generator_cpp: 3.1.7 (/opt/ros/humble/share/rosidl_generator_cpp/cmake)
-- Using all available rosidl_typesupport_c: rosidl_typesupport_fastrtps_c;rosidl_typesupport_introspection_c
-- Using all available rosidl_typesupport_cpp: rosidl_typesupport_fastrtps_cpp;rosidl_typesupport_introspection_cpp
-- Found rmw_implementation_cmake: 6.1.2 (/opt/ros/humble/share/rmw_implementation_cmake/cmake)
-- Found rmw_fastrtps_cpp: 6.2.8 (/opt/ros/humble/share/rmw_fastrtps_cpp/cmake)
-- Found OpenSSL: /usr/lib/x86_64-linux-gnu/libcrypto.so (found version "3.0.2")  
-- Found FastRTPS: /opt/ros/humble/include  
-- Using RMW implementation 'rmw_fastrtps_cpp' as default
-- Looking for pthread.h
-- Looking for pthread.h - found
-- Performing Test CMAKE_HAVE_LIBC_PTHREAD
-- Performing Test CMAKE_HAVE_LIBC_PTHREAD - Success
-- Found Threads: TRUE  
-- Found cv_bridge: 3.2.1 (/opt/ros/humble/share/cv_bridge/cmake)
-- Found image_transport: 3.1.12 (/opt/ros/humble/share/image_transport/cmake)
-- Found camera_info_manager: 3.1.12 (/opt/ros/humble/share/camera_info_manager/cmake)
-- Found OpenCV: /usr/local (found version "4.13.0") 
-- Found Boost: /usr/lib/x86_64-linux-gnu/cmake/Boost-1.74.0/BoostConfig.cmake (found version "1.74.0") found components: system thread 
-- Configuring done
-- Generating done
-- Build files have been written to: /home/yu/colcon_ws/build/ocam_ros2
[ 25%] [32mBuilding CXX object CMakeFiles/ocam_ros2.dir/src/oCam.cpp.o[0m
[ 50%] [32mBuilding CXX object CMakeFiles/ocam_ros2.dir/src/withrobot_utility.cpp.o[0m
[ 75%] [32mBuilding CXX object CMakeFiles/ocam_ros2.dir/src/withrobot_camera.cpp.o[0m
[100%] [32m[1mLinking CXX executable ocam_ros2[0m
[100%] Built target ocam_ros2
-- Install configuration: ""
-- Installing: /home/yu/colcon_ws/install/ocam_ros2/lib/ocam_ros2/ocam_ros2
-- Set runtime path of "/home/yu/colcon_ws/install/ocam_ros2/lib/ocam_ros2/ocam_ros2" to ""
-- Installing: /home/yu/colcon_ws/install/ocam_ros2/share/ocam_ros2/config/camera.yaml
-- Installing: /home/yu/colcon_ws/install/ocam_ros2/share/ocam_ros2/launch
-- Installing: /home/yu/colcon_ws/install/ocam_ros2/share/ocam_ros2/launch/ocam_ros.launch.py
-- Installing: /home/yu/colcon_ws/install/ocam_ros2/share/ament_index/resource_index/package_run_dependencies/ocam_ros2
-- Installing: /home/yu/colcon_ws/install/ocam_ros2/share/ament_index/resource_index/parent_prefix_path/ocam_ros2
-- Installing: /home/yu/colcon_ws/install/ocam_ros2/share/ocam_ros2/environment/ament_prefix_path.sh
-- Installing: /home/yu/colcon_ws/install/ocam_ros2/share/ocam_ros2/environment/ament_prefix_path.dsv
-- Installing: /home/yu/colcon_ws/install/ocam_ros2/share/ocam_ros2/environment/path.sh
-- Installing: /home/yu/colcon_ws/install/ocam_ros2/share/ocam_ros2/environment/path.dsv
-- Installing: /home/yu/colcon_ws/install/ocam_ros2/share/ocam_ros2/local_setup.bash
-- Installing: /home/yu/colcon_ws/install/ocam_ros2/share/ocam_ros2/local_setup.sh
-- Installing: /home/yu/colcon_ws/install/ocam_ros2/share/ocam_ros2/local_setup.zsh
-- Installing: /home/yu/colcon_ws/install/ocam_ros2/share/ocam_ros2/local_setup.dsv
-- Installing: /home/yu/colcon_ws/install/ocam_ros2/share/ocam_ros2/package.dsv
-- Installing: /home/yu/colcon_ws/install/ocam_ros2/share/ament_index/resource_index/packages/ocam_ros2
-- Installing: /home/yu/colcon_ws/install/ocam_ros2/share/ocam_ros2/cmake/ocam_ros2Config.cmake
-- Installing: /home/yu/colcon_ws/install/ocam_ros2/share/ocam_ros2/cmake/ocam_ros2Config-version.cmake
-- Installing: /home/yu/colcon_ws/install/ocam_ros2/share/ocam_ros2/package.xml
