[0.011s] Invoking command in '/home/yu/colcon_ws/build/ocam_ros2': CMAKE_PREFIX_PATH=${CMAKE_PREFIX_PATH}:/home/yu/ros2_ws/install/python_parameter_tutorial:/opt/ros/humble /usr/bin/cmake /home/yu/colcon_ws/src/ocam_ros2 -DCMAKE_INSTALL_PREFIX=/home/yu/colcon_ws/install/ocam_ros2
[0.053s] -- The C compiler identification is GNU 11.4.0
[0.093s] -- The CXX compiler identification is GNU 11.4.0
[0.097s] -- Detecting C compiler ABI info
[0.154s] -- Detecting C compiler ABI info - done
[0.163s] -- Check for working C compiler: /usr/bin/cc - skipped
[0.163s] -- Detecting C compile features
[0.164s] -- Detecting C compile features - done
[0.169s] -- Detecting CXX compiler ABI info
[0.226s] -- Detecting CXX compiler ABI info - done
[0.229s] -- Check for working CXX compiler: /usr/bin/c++ - skipped
[0.230s] -- Detecting CXX compile features
[0.230s] -- Detecting CXX compile features - done
[0.230s] -- Found ament_cmake: 1.3.12 (/opt/ros/humble/share/ament_cmake/cmake)
[0.332s] -- Found Python3: /usr/bin/python3 (found version "3.10.12") found components: Interpreter 
[0.393s] -- Found rclcpp: 16.0.14 (/opt/ros/humble/share/rclcpp/cmake)
[0.413s] -- Found rosidl_generator_c: 3.1.7 (/opt/ros/humble/share/rosidl_generator_c/cmake)
[0.415s] -- Found rosidl_adapter: 3.1.7 (/opt/ros/humble/share/rosidl_adapter/cmake)
[0.419s] -- Found rosidl_generator_cpp: 3.1.7 (/opt/ros/humble/share/rosidl_generator_cpp/cmake)
[0.427s] -- Using all available rosidl_typesupport_c: rosidl_typesupport_fastrtps_c;rosidl_typesupport_introspection_c
[0.435s] -- Using all available rosidl_typesupport_cpp: rosidl_typesupport_fastrtps_cpp;rosidl_typesupport_introspection_cpp
[0.460s] -- Found rmw_implementation_cmake: 6.1.2 (/opt/ros/humble/share/rmw_implementation_cmake/cmake)
[0.460s] -- Found rmw_fastrtps_cpp: 6.2.8 (/opt/ros/humble/share/rmw_fastrtps_cpp/cmake)
[0.539s] -- Found OpenSSL: /usr/lib/x86_64-linux-gnu/libcrypto.so (found version "3.0.2")  
[0.568s] -- Found FastRTPS: /opt/ros/humble/include  
[0.594s] -- Using RMW implementation 'rmw_fastrtps_cpp' as default
[0.600s] -- Looking for pthread.h
[0.678s] -- Looking for pthread.h - found
[0.678s] -- Performing Test CMAKE_HAVE_LIBC_PTHREAD
[0.745s] -- Performing Test CMAKE_HAVE_LIBC_PTHREAD - Success
[0.746s] -- Found Threads: TRUE  
[0.780s] -- Found cv_bridge: 3.2.1 (/opt/ros/humble/share/cv_bridge/cmake)
[0.805s] -- Found image_transport: 3.1.12 (/opt/ros/humble/share/image_transport/cmake)
[0.818s] -- Found camera_info_manager: 3.1.12 (/opt/ros/humble/share/camera_info_manager/cmake)
[0.828s] -- Found OpenCV: /usr/local (found version "4.13.0") 
[0.836s] -- Found Boost: /usr/lib/x86_64-linux-gnu/cmake/Boost-1.74.0/BoostConfig.cmake (found version "1.74.0") found components: system thread 
[0.876s] -- Configuring done
[0.895s] -- Generating done
[0.898s] -- Build files have been written to: /home/yu/colcon_ws/build/ocam_ros2
[0.906s] Invoked command in '/home/yu/colcon_ws/build/ocam_ros2' returned '0': CMAKE_PREFIX_PATH=${CMAKE_PREFIX_PATH}:/home/yu/ros2_ws/install/python_parameter_tutorial:/opt/ros/humble /usr/bin/cmake /home/yu/colcon_ws/src/ocam_ros2 -DCMAKE_INSTALL_PREFIX=/home/yu/colcon_ws/install/ocam_ros2
[0.906s] Invoking command in '/home/yu/colcon_ws/build/ocam_ros2': CMAKE_PREFIX_PATH=${CMAKE_PREFIX_PATH}:/home/yu/ros2_ws/install/python_parameter_tutorial:/opt/ros/humble /usr/bin/cmake --build /home/yu/colcon_ws/build/ocam_ros2 -- -j8 -l8
[0.956s] [ 25%] [32mBuilding CXX object CMakeFiles/ocam_ros2.dir/src/oCam.cpp.o[0m
[0.957s] [ 50%] [32mBuilding CXX object CMakeFiles/ocam_ros2.dir/src/withrobot_utility.cpp.o[0m
[0.957s] [ 75%] [32mBuilding CXX object CMakeFiles/ocam_ros2.dir/src/withrobot_camera.cpp.o[0m
[13.852s] [100%] [32m[1mLinking CXX executable ocam_ros2[0m
[14.641s] /usr/bin/ld: warning: libopencv_imgcodecs.so.4.5d, needed by /opt/ros/humble/lib/libcv_bridge.so, may conflict with libopencv_imgcodecs.so.413
[14.644s] /usr/bin/ld: warning: libopencv_imgproc.so.4.5d, needed by /opt/ros/humble/lib/libcv_bridge.so, may conflict with libopencv_imgproc.so.413
[14.644s] /usr/bin/ld: warning: libopencv_core.so.4.5d, needed by /opt/ros/humble/lib/libcv_bridge.so, may conflict with libopencv_core.so.413
[15.086s] [100%] Built target ocam_ros2
[15.100s] Invoked command in '/home/yu/colcon_ws/build/ocam_ros2' returned '0': CMAKE_PREFIX_PATH=${CMAKE_PREFIX_PATH}:/home/yu/ros2_ws/install/python_parameter_tutorial:/opt/ros/humble /usr/bin/cmake --build /home/yu/colcon_ws/build/ocam_ros2 -- -j8 -l8
[15.105s] Invoking command in '/home/yu/colcon_ws/build/ocam_ros2': CMAKE_PREFIX_PATH=${CMAKE_PREFIX_PATH}:/home/yu/ros2_ws/install/python_parameter_tutorial:/opt/ros/humble /usr/bin/cmake --install /home/yu/colcon_ws/build/ocam_ros2
[15.110s] -- Install configuration: ""
[15.112s] -- Installing: /home/yu/colcon_ws/install/ocam_ros2/lib/ocam_ros2/ocam_ros2
[15.112s] -- Set runtime path of "/home/yu/colcon_ws/install/ocam_ros2/lib/ocam_ros2/ocam_ros2" to ""
[15.112s] -- Installing: /home/yu/colcon_ws/install/ocam_ros2/share/ocam_ros2/config/camera.yaml
[15.113s] -- Installing: /home/yu/colcon_ws/install/ocam_ros2/share/ocam_ros2/launch
[15.113s] -- Installing: /home/yu/colcon_ws/install/ocam_ros2/share/ocam_ros2/launch/ocam_ros.launch.py
[15.113s] -- Installing: /home/yu/colcon_ws/install/ocam_ros2/share/ament_index/resource_index/package_run_dependencies/ocam_ros2
[15.114s] -- Installing: /home/yu/colcon_ws/install/ocam_ros2/share/ament_index/resource_index/parent_prefix_path/ocam_ros2
[15.114s] -- Installing: /home/yu/colcon_ws/install/ocam_ros2/share/ocam_ros2/environment/ament_prefix_path.sh
[15.114s] -- Installing: /home/yu/colcon_ws/install/ocam_ros2/share/ocam_ros2/environment/ament_prefix_path.dsv
[15.114s] -- Installing: /home/yu/colcon_ws/install/ocam_ros2/share/ocam_ros2/environment/path.sh
[15.115s] -- Installing: /home/yu/colcon_ws/install/ocam_ros2/share/ocam_ros2/environment/path.dsv
[15.115s] -- Installing: /home/yu/colcon_ws/install/ocam_ros2/share/ocam_ros2/local_setup.bash
[15.118s] -- Installing: /home/yu/colcon_ws/install/ocam_ros2/share/ocam_ros2/local_setup.sh
[15.118s] -- Installing: /home/yu/colcon_ws/install/ocam_ros2/share/ocam_ros2/local_setup.zsh
[15.120s] -- Installing: /home/yu/colcon_ws/install/ocam_ros2/share/ocam_ros2/local_setup.dsv
[15.120s] -- Installing: /home/yu/colcon_ws/install/ocam_ros2/share/ocam_ros2/package.dsv
[15.120s] -- Installing: /home/yu/colcon_ws/install/ocam_ros2/share/ament_index/resource_index/packages/ocam_ros2
[15.120s] -- Installing: /home/yu/colcon_ws/install/ocam_ros2/share/ocam_ros2/cmake/ocam_ros2Config.cmake
[15.120s] -- Installing: /home/yu/colcon_ws/install/ocam_ros2/share/ocam_ros2/cmake/ocam_ros2Config-version.cmake
[15.120s] -- Installing: /home/yu/colcon_ws/install/ocam_ros2/share/ocam_ros2/package.xml
[15.121s] Invoked command in '/home/yu/colcon_ws/build/ocam_ros2' returned '0': CMAKE_PREFIX_PATH=${CMAKE_PREFIX_PATH}:/home/yu/ros2_ws/install/python_parameter_tutorial:/opt/ros/humble /usr/bin/cmake --install /home/yu/colcon_ws/build/ocam_ros2
