[0.020s] Invoking command in '/home/yu/colcon_ws/build/ocam_ros2': CMAKE_PREFIX_PATH=${CMAKE_PREFIX_PATH}:/home/yu/ros2_ws/install/python_parameter_tutorial:/opt/ros/humble /usr/bin/cmake --build /home/yu/colcon_ws/build/ocam_ros2 -- -j8 -l8
[0.069s] [100%] Built target ocam_ros2
[0.110s] Invoked command in '/home/yu/colcon_ws/build/ocam_ros2' returned '0': CMAKE_PREFIX_PATH=${CMAKE_PREFIX_PATH}:/home/yu/ros2_ws/install/python_parameter_tutorial:/opt/ros/humble /usr/bin/cmake --build /home/yu/colcon_ws/build/ocam_ros2 -- -j8 -l8
[0.112s] Invoking command in '/home/yu/colcon_ws/build/ocam_ros2': CMAKE_PREFIX_PATH=${CMAKE_PREFIX_PATH}:/home/yu/ros2_ws/install/python_parameter_tutorial:/opt/ros/humble /usr/bin/cmake --install /home/yu/colcon_ws/build/ocam_ros2
[0.119s] -- Install configuration: ""
[0.119s] -- Up-to-date: /home/yu/colcon_ws/install/ocam_ros2/lib/ocam_ros2/ocam_ros2
[0.120s] -- Up-to-date: /home/yu/colcon_ws/install/ocam_ros2/share/ocam_ros2/config/camera.yaml
[0.120s] -- Up-to-date: /home/yu/colcon_ws/install/ocam_ros2/share/ocam_ros2/launch
[0.120s] -- Up-to-date: /home/yu/colcon_ws/install/ocam_ros2/share/ocam_ros2/launch/ocam_ros.launch.py
[0.120s] -- Up-to-date: /home/yu/colcon_ws/install/ocam_ros2/share/ament_index/resource_index/package_run_dependencies/ocam_ros2
[0.120s] -- Up-to-date: /home/yu/colcon_ws/install/ocam_ros2/share/ament_index/resource_index/parent_prefix_path/ocam_ros2
[0.120s] -- Up-to-date: /home/yu/colcon_ws/install/ocam_ros2/share/ocam_ros2/environment/ament_prefix_path.sh
[0.120s] -- Up-to-date: /home/yu/colcon_ws/install/ocam_ros2/share/ocam_ros2/environment/ament_prefix_path.dsv
[0.120s] -- Up-to-date: /home/yu/colcon_ws/install/ocam_ros2/share/ocam_ros2/environment/path.sh
[0.120s] -- Up-to-date: /home/yu/colcon_ws/install/ocam_ros2/share/ocam_ros2/environment/path.dsv
[0.120s] -- Up-to-date: /home/yu/colcon_ws/install/ocam_ros2/share/ocam_ros2/local_setup.bash
[0.120s] -- Up-to-date: /home/yu/colcon_ws/install/ocam_ros2/share/ocam_ros2/local_setup.sh
[0.120s] -- Up-to-date: /home/yu/colcon_ws/install/ocam_ros2/share/ocam_ros2/local_setup.zsh
[0.120s] -- Up-to-date: /home/yu/colcon_ws/install/ocam_ros2/share/ocam_ros2/local_setup.dsv
[0.120s] -- Installing: /home/yu/colcon_ws/install/ocam_ros2/share/ocam_ros2/package.dsv
[0.120s] -- Up-to-date: /home/yu/colcon_ws/install/ocam_ros2/share/ament_index/resource_index/packages/ocam_ros2
[0.120s] -- Up-to-date: /home/yu/colcon_ws/install/ocam_ros2/share/ocam_ros2/cmake/ocam_ros2Config.cmake
[0.120s] -- Up-to-date: /home/yu/colcon_ws/install/ocam_ros2/share/ocam_ros2/cmake/ocam_ros2Config-version.cmake
[0.120s] -- Up-to-date: /home/yu/colcon_ws/install/ocam_ros2/share/ocam_ros2/package.xml
[0.121s] Invoked command in '/home/yu/colcon_ws/build/ocam_ros2' returned '0': CMAKE_PREFIX_PATH=${CMAKE_PREFIX_PATH}:/home/yu/ros2_ws/install/python_parameter_tutorial:/opt/ros/humble /usr/bin/cmake --install /home/yu/colcon_ws/build/ocam_ros2
