[0.015s] Invoking command in '/home/yu/colcon_ws/build/tune_walk': CMAKE_PREFIX_PATH=/home/yu/colcon_ws/install/humanoid_interfaces:/home/yu/ros2_ws/install/serial_test:/home/yu/ros2_ws/src/install/serial_test:/home/yu/colcon_ws/install/tune_walk:/home/yu/colcon_ws/install/robocup_vision25:/home/yu/colcon_ws/install/ocam_ros2:/home/yu/colcon_ws/install/master_jo:/home/yu/colcon_ws/install/ik_walk:/home/yu/colcon_ws/install/human_pj_vision:/home/yu/colcon_ws/install/ebimu:/home/yu/colcon_ws/install/dynamixel_rdk_ros:/home/yu/colcon_ws/install/dynamixel_rdk_msgs:/home/yu/ros2_ws/install/python_parameter_tutorial:/opt/ros/humble /usr/bin/cmake --build /home/yu/colcon_ws/build/tune_walk -- -j8 -l8
[0.101s] [100%] Built target tune_walk
[0.114s] Invoked command in '/home/yu/colcon_ws/build/tune_walk' returned '0': CMAKE_PREFIX_PATH=/home/yu/colcon_ws/install/humanoid_interfaces:/home/yu/ros2_ws/install/serial_test:/home/yu/ros2_ws/src/install/serial_test:/home/yu/colcon_ws/install/tune_walk:/home/yu/colcon_ws/install/robocup_vision25:/home/yu/colcon_ws/install/ocam_ros2:/home/yu/colcon_ws/install/master_jo:/home/yu/colcon_ws/install/ik_walk:/home/yu/colcon_ws/install/human_pj_vision:/home/yu/colcon_ws/install/ebimu:/home/yu/colcon_ws/install/dynamixel_rdk_ros:/home/yu/colcon_ws/install/dynamixel_rdk_msgs:/home/yu/ros2_ws/install/python_parameter_tutorial:/opt/ros/humble /usr/bin/cmake --build /home/yu/colcon_ws/build/tune_walk -- -j8 -l8
[0.115s] Invoking command in '/home/yu/colcon_ws/build/tune_walk': CMAKE_PREFIX_PATH=/home/yu/colcon_ws/install/humanoid_interfaces:/home/yu/ros2_ws/install/serial_test:/home/yu/ros2_ws/src/install/serial_test:/home/yu/colcon_ws/install/tune_walk:/home/yu/colcon_ws/install/robocup_vision25:/home/yu/colcon_ws/install/ocam_ros2:/home/yu/colcon_ws/install/master_jo:/home/yu/colcon_ws/install/ik_walk:/home/yu/colcon_ws/install/human_pj_vision:/home/yu/colcon_ws/install/ebimu:/home/yu/colcon_ws/install/dynamixel_rdk_ros:/home/yu/colcon_ws/install/dynamixel_rdk_msgs:/home/yu/ros2_ws/install/python_parameter_tutorial:/opt/ros/humble /usr/bin/cmake --install /home/yu/colcon_ws/build/tune_walk
[0.124s] -- Install configuration: ""
[0.124s] -- Up-to-date: /home/yu/colcon_ws/install/tune_walk/lib/tune_walk/tune_walk
[0.124s] -- Up-to-date: /home/yu/colcon_ws/install/tune_walk/share/ament_index/resource_index/package_run_dependencies/tune_walk
[0.124s] -- Up-to-date: /home/yu/colcon_ws/install/tune_walk/share/ament_index/resource_index/parent_prefix_path/tune_walk
[0.124s] -- Up-to-date: /home/yu/colcon_ws/install/tune_walk/share/tune_walk/environment/ament_prefix_path.sh
[0.124s] -- Up-to-date: /home/yu/colcon_ws/install/tune_walk/share/tune_walk/environment/ament_prefix_path.dsv
[0.124s] -- Up-to-date: /home/yu/colcon_ws/install/tune_walk/share/tune_walk/environment/path.sh
[0.124s] -- Up-to-date: /home/yu/colcon_ws/install/tune_walk/share/tune_walk/environment/path.dsv
[0.125s] -- Up-to-date: /home/yu/colcon_ws/install/tune_walk/share/tune_walk/local_setup.bash
[0.125s] -- Up-to-date: /home/yu/colcon_ws/install/tune_walk/share/tune_walk/local_setup.sh
[0.125s] -- Up-to-date: /home/yu/colcon_ws/install/tune_walk/share/tune_walk/local_setup.zsh
[0.125s] -- Up-to-date: /home/yu/colcon_ws/install/tune_walk/share/tune_walk/local_setup.dsv
[0.125s] -- Installing: /home/yu/colcon_ws/install/tune_walk/share/tune_walk/package.dsv
[0.125s] -- Up-to-date: /home/yu/colcon_ws/install/tune_walk/share/ament_index/resource_index/packages/tune_walk
[0.125s] -- Up-to-date: /home/yu/colcon_ws/install/tune_walk/share/tune_walk/cmake/tune_walkConfig.cmake
[0.125s] -- Up-to-date: /home/yu/colcon_ws/install/tune_walk/share/tune_walk/cmake/tune_walkConfig-version.cmake
[0.125s] -- Up-to-date: /home/yu/colcon_ws/install/tune_walk/share/tune_walk/package.xml
[0.128s] Invoked command in '/home/yu/colcon_ws/build/tune_walk' returned '0': CMAKE_PREFIX_PATH=/home/yu/colcon_ws/install/humanoid_interfaces:/home/yu/ros2_ws/install/serial_test:/home/yu/ros2_ws/src/install/serial_test:/home/yu/colcon_ws/install/tune_walk:/home/yu/colcon_ws/install/robocup_vision25:/home/yu/colcon_ws/install/ocam_ros2:/home/yu/colcon_ws/install/master_jo:/home/yu/colcon_ws/install/ik_walk:/home/yu/colcon_ws/install/human_pj_vision:/home/yu/colcon_ws/install/ebimu:/home/yu/colcon_ws/install/dynamixel_rdk_ros:/home/yu/colcon_ws/install/dynamixel_rdk_msgs:/home/yu/ros2_ws/install/python_parameter_tutorial:/opt/ros/humble /usr/bin/cmake --install /home/yu/colcon_ws/build/tune_walk
