[35m[1mConsolidate compiler generated dependencies of target master_jo_node[0m
[ 16%] [32mBuilding CXX object CMakeFiles/master_jo_node.dir/src/forward.cpp.o[0m
[ 33%] [32mBuilding CXX object CMakeFiles/master_jo_node.dir/src/master_jo_node.cpp.o[0m
[ 50%] [32mBuilding CXX object CMakeFiles/master_jo_node.dir/src/player.cpp.o[0m
[ 66%] [32m[1mLinking CXX executable master_jo_node[0m
[100%] Built target master_jo_node
-- Install configuration: ""
-- Execute custom install script
-- Symlinking: /home/yu/colcon_ws/install/master_jo/share/master_jo//config/params.yaml
-- Symlinking: /home/yu/colcon_ws/install/master_jo/share/master_jo//launch/master_jo.launch.py
-- Symlinking: /home/yu/colcon_ws/install/master_jo/lib/master_jo/master_jo_node
-- Symlinking: /home/yu/colcon_ws/install/master_jo/share/ament_index/resource_index/package_run_dependencies/master_jo
-- Symlinking: /home/yu/colcon_ws/install/master_jo/share/ament_index/resource_index/parent_prefix_path/master_jo
-- Symlinking: /home/yu/colcon_ws/install/master_jo/share/master_jo/environment/ament_prefix_path.sh
-- Symlinking: /home/yu/colcon_ws/install/master_jo/share/master_jo/environment/ament_prefix_path.dsv
-- Symlinking: /home/yu/colcon_ws/install/master_jo/share/master_jo/environment/path.sh
-- Symlinking: /home/yu/colcon_ws/install/master_jo/share/master_jo/environment/path.dsv
-- Symlinking: /home/yu/colcon_ws/install/master_jo/share/master_jo/local_setup.bash
-- Symlinking: /home/yu/colcon_ws/install/master_jo/share/master_jo/local_setup.sh
-- Symlinking: /home/yu/colcon_ws/install/master_jo/share/master_jo/local_setup.zsh
-- Symlinking: /home/yu/colcon_ws/install/master_jo/share/master_jo/local_setup.dsv
-- Symlinking: /home/yu/colcon_ws/install/master_jo/share/master_jo/package.dsv
-- Symlinking: /home/yu/colcon_ws/install/master_jo/share/ament_index/resource_index/packages/master_jo
-- Symlinking: /home/yu/colcon_ws/install/master_jo/share/master_jo/cmake/master_joConfig.cmake
-- Symlinking: /home/yu/colcon_ws/install/master_jo/share/master_jo/cmake/master_joConfig-version.cmake
-- Symlinking: /home/yu/colcon_ws/install/master_jo/share/master_jo/package.xml
