[0.055s] DEBUG:colcon:Command line arguments: ['/usr/bin/colcon', 'build', '--symlink-install', '--packages-select', 'humanoid_interfaces']
[0.055s] DEBUG:colcon:Parsed command line arguments: Namespace(log_base=None, log_level=None, verb_name='build', build_base='build', install_base='install', merge_install=False, symlink_install=True, test_result_base=None, continue_on_error=False, executor='parallel', parallel_workers=8, event_handlers=None, ignore_user_meta=False, metas=['./colcon.meta'], base_paths=['.'], packages_ignore=None, packages_ignore_regex=None, paths=None, packages_up_to=None, packages_up_to_regex=None, packages_above=None, packages_above_and_dependencies=None, packages_above_depth=None, packages_select_by_dep=None, packages_skip_by_dep=None, packages_skip_up_to=None, packages_select_build_failed=False, packages_skip_build_finished=False, packages_select_test_failures=False, packages_skip_test_passed=False, packages_select=['humanoid_interfaces'], packages_skip=None, packages_select_regex=None, packages_skip_regex=None, packages_start=None, packages_end=None, allow_overriding=[], cmake_args=None, cmake_target=None, cmake_target_skip_unavailable=False, cmake_clean_cache=False, cmake_clean_first=False, cmake_force_configure=False, ament_cmake_args=None, catkin_cmake_args=None, catkin_skip_building_tests=False, mixin_files=None, mixin=None, verb_parser=<colcon_mixin.mixin.mixin_argument.MixinArgumentDecorator object at 0x762234b57160>, verb_extension=<colcon_core.verb.build.BuildVerb object at 0x762234b56cb0>, main=<bound method BuildVerb.main of <colcon_core.verb.build.BuildVerb object at 0x762234b56cb0>>, mixin_verb=('build',))
[0.130s] Level 1:colcon.colcon_core.package_discovery:discover_packages(colcon_meta) check parameters
[0.130s] Level 1:colcon.colcon_core.package_discovery:discover_packages(recursive) check parameters
[0.130s] Level 1:colcon.colcon_core.package_discovery:discover_packages(ignore) check parameters
[0.130s] Level 1:colcon.colcon_core.package_discovery:discover_packages(path) check parameters
[0.130s] Level 1:colcon.colcon_core.package_discovery:discover_packages(colcon_meta) discover
[0.130s] Level 1:colcon.colcon_core.package_discovery:discover_packages(recursive) discover
[0.130s] INFO:colcon.colcon_core.package_discovery:Crawling recursively for packages in '/home/yu/colcon_ws/src'
[0.130s] Level 1:colcon.colcon_core.package_identification:_identify(.) by extensions ['ignore', 'ignore_ament_install']
[0.130s] Level 1:colcon.colcon_core.package_identification:_identify(.) by extension 'ignore'
[0.130s] Level 1:colcon.colcon_core.package_identification:_identify(.) by extension 'ignore_ament_install'
[0.130s] Level 1:colcon.colcon_core.package_identification:_identify(.) by extensions ['colcon_pkg']
[0.130s] Level 1:colcon.colcon_core.package_identification:_identify(.) by extension 'colcon_pkg'
[0.130s] Level 1:colcon.colcon_core.package_identification:_identify(.) by extensions ['colcon_meta']
[0.130s] Level 1:colcon.colcon_core.package_identification:_identify(.) by extension 'colcon_meta'
[0.130s] Level 1:colcon.colcon_core.package_identification:_identify(.) by extensions ['ros']
[0.130s] Level 1:colcon.colcon_core.package_identification:_identify(.) by extension 'ros'
[0.136s] Level 1:colcon.colcon_core.package_identification:_identify(.) by extensions ['cmake', 'python']
[0.136s] Level 1:colcon.colcon_core.package_identification:_identify(.) by extension 'cmake'
[0.136s] Level 1:colcon.colcon_core.package_identification:_identify(.) by extension 'python'
[0.136s] Level 1:colcon.colcon_core.package_identification:_identify(.) by extensions ['python_setup_py']
[0.136s] Level 1:colcon.colcon_core.package_identification:_identify(.) by extension 'python_setup_py'
[0.136s] Level 1:colcon.colcon_core.package_identification:_identify(build) by extensions ['ignore', 'ignore_ament_install']
[0.136s] Level 1:colcon.colcon_core.package_identification:_identify(build) by extension 'ignore'
[0.136s] Level 1:colcon.colcon_core.package_identification:_identify(build) ignored
[0.136s] Level 1:colcon.colcon_core.package_identification:_identify(dynamixel_rdk) by extensions ['ignore', 'ignore_ament_install']
[0.137s] Level 1:colcon.colcon_core.package_identification:_identify(dynamixel_rdk) by extension 'ignore'
[0.137s] Level 1:colcon.colcon_core.package_identification:_identify(dynamixel_rdk) by extension 'ignore_ament_install'
[0.137s] Level 1:colcon.colcon_core.package_identification:_identify(dynamixel_rdk) by extensions ['colcon_pkg']
[0.137s] Level 1:colcon.colcon_core.package_identification:_identify(dynamixel_rdk) by extension 'colcon_pkg'
[0.137s] Level 1:colcon.colcon_core.package_identification:_identify(dynamixel_rdk) by extensions ['colcon_meta']
[0.137s] Level 1:colcon.colcon_core.package_identification:_identify(dynamixel_rdk) by extension 'colcon_meta'
[0.137s] Level 1:colcon.colcon_core.package_identification:_identify(dynamixel_rdk) by extensions ['ros']
[0.137s] Level 1:colcon.colcon_core.package_identification:_identify(dynamixel_rdk) by extension 'ros'
[0.137s] Level 1:colcon.colcon_core.package_identification:_identify(dynamixel_rdk) by extensions ['cmake', 'python']
[0.137s] Level 1:colcon.colcon_core.package_identification:_identify(dynamixel_rdk) by extension 'cmake'
[0.137s] Level 1:colcon.colcon_core.package_identification:_identify(dynamixel_rdk) by extension 'python'
[0.137s] Level 1:colcon.colcon_core.package_identification:_identify(dynamixel_rdk) by extensions ['python_setup_py']
[0.137s] Level 1:colcon.colcon_core.package_identification:_identify(dynamixel_rdk) by extension 'python_setup_py'
[0.137s] Level 1:colcon.colcon_core.package_identification:_identify(dynamixel_rdk/dynamixel-RDK) by extensions ['ignore', 'ignore_ament_install']
[0.137s] Level 1:colcon.colcon_core.package_identification:_identify(dynamixel_rdk/dynamixel-RDK) by extension 'ignore'
[0.137s] Level 1:colcon.colcon_core.package_identification:_identify(dynamixel_rdk/dynamixel-RDK) by extension 'ignore_ament_install'
[0.137s] Level 1:colcon.colcon_core.package_identification:_identify(dynamixel_rdk/dynamixel-RDK) by extensions ['colcon_pkg']
[0.137s] Level 1:colcon.colcon_core.package_identification:_identify(dynamixel_rdk/dynamixel-RDK) by extension 'colcon_pkg'
[0.137s] Level 1:colcon.colcon_core.package_identification:_identify(dynamixel_rdk/dynamixel-RDK) by extensions ['colcon_meta']
[0.137s] Level 1:colcon.colcon_core.package_identification:_identify(dynamixel_rdk/dynamixel-RDK) by extension 'colcon_meta'
[0.137s] Level 1:colcon.colcon_core.package_identification:_identify(dynamixel_rdk/dynamixel-RDK) by extensions ['ros']
[0.137s] Level 1:colcon.colcon_core.package_identification:_identify(dynamixel_rdk/dynamixel-RDK) by extension 'ros'
[0.137s] Level 1:colcon.colcon_core.package_identification:_identify(dynamixel_rdk/dynamixel-RDK) by extensions ['cmake', 'python']
[0.137s] Level 1:colcon.colcon_core.package_identification:_identify(dynamixel_rdk/dynamixel-RDK) by extension 'cmake'
[0.137s] Level 1:colcon.colcon_core.package_identification:_identify(dynamixel_rdk/dynamixel-RDK) by extension 'python'
[0.137s] Level 1:colcon.colcon_core.package_identification:_identify(dynamixel_rdk/dynamixel-RDK) by extensions ['python_setup_py']
[0.137s] Level 1:colcon.colcon_core.package_identification:_identify(dynamixel_rdk/dynamixel-RDK) by extension 'python_setup_py'
[0.137s] Level 1:colcon.colcon_core.package_identification:_identify(dynamixel_rdk/dynamixel-RDK/docs) by extensions ['ignore', 'ignore_ament_install']
[0.137s] Level 1:colcon.colcon_core.package_identification:_identify(dynamixel_rdk/dynamixel-RDK/docs) by extension 'ignore'
[0.137s] Level 1:colcon.colcon_core.package_identification:_identify(dynamixel_rdk/dynamixel-RDK/docs) by extension 'ignore_ament_install'
[0.137s] Level 1:colcon.colcon_core.package_identification:_identify(dynamixel_rdk/dynamixel-RDK/docs) by extensions ['colcon_pkg']
[0.137s] Level 1:colcon.colcon_core.package_identification:_identify(dynamixel_rdk/dynamixel-RDK/docs) by extension 'colcon_pkg'
[0.137s] Level 1:colcon.colcon_core.package_identification:_identify(dynamixel_rdk/dynamixel-RDK/docs) by extensions ['colcon_meta']
[0.137s] Level 1:colcon.colcon_core.package_identification:_identify(dynamixel_rdk/dynamixel-RDK/docs) by extension 'colcon_meta'
[0.137s] Level 1:colcon.colcon_core.package_identification:_identify(dynamixel_rdk/dynamixel-RDK/docs) by extensions ['ros']
[0.137s] Level 1:colcon.colcon_core.package_identification:_identify(dynamixel_rdk/dynamixel-RDK/docs) by extension 'ros'
[0.137s] Level 1:colcon.colcon_core.package_identification:_identify(dynamixel_rdk/dynamixel-RDK/docs) by extensions ['cmake', 'python']
[0.137s] Level 1:colcon.colcon_core.package_identification:_identify(dynamixel_rdk/dynamixel-RDK/docs) by extension 'cmake'
[0.137s] Level 1:colcon.colcon_core.package_identification:_identify(dynamixel_rdk/dynamixel-RDK/docs) by extension 'python'
[0.137s] Level 1:colcon.colcon_core.package_identification:_identify(dynamixel_rdk/dynamixel-RDK/docs) by extensions ['python_setup_py']
[0.137s] Level 1:colcon.colcon_core.package_identification:_identify(dynamixel_rdk/dynamixel-RDK/docs) by extension 'python_setup_py'
[0.137s] Level 1:colcon.colcon_core.package_identification:_identify(dynamixel_rdk/dynamixel-RDK/docs/images) by extensions ['ignore', 'ignore_ament_install']
[0.137s] Level 1:colcon.colcon_core.package_identification:_identify(dynamixel_rdk/dynamixel-RDK/docs/images) by extension 'ignore'
[0.137s] Level 1:colcon.colcon_core.package_identification:_identify(dynamixel_rdk/dynamixel-RDK/docs/images) by extension 'ignore_ament_install'
[0.137s] Level 1:colcon.colcon_core.package_identification:_identify(dynamixel_rdk/dynamixel-RDK/docs/images) by extensions ['colcon_pkg']
[0.137s] Level 1:colcon.colcon_core.package_identification:_identify(dynamixel_rdk/dynamixel-RDK/docs/images) by extension 'colcon_pkg'
[0.137s] Level 1:colcon.colcon_core.package_identification:_identify(dynamixel_rdk/dynamixel-RDK/docs/images) by extensions ['colcon_meta']
[0.137s] Level 1:colcon.colcon_core.package_identification:_identify(dynamixel_rdk/dynamixel-RDK/docs/images) by extension 'colcon_meta'
[0.137s] Level 1:colcon.colcon_core.package_identification:_identify(dynamixel_rdk/dynamixel-RDK/docs/images) by extensions ['ros']
[0.137s] Level 1:colcon.colcon_core.package_identification:_identify(dynamixel_rdk/dynamixel-RDK/docs/images) by extension 'ros'
[0.137s] Level 1:colcon.colcon_core.package_identification:_identify(dynamixel_rdk/dynamixel-RDK/docs/images) by extensions ['cmake', 'python']
[0.137s] Level 1:colcon.colcon_core.package_identification:_identify(dynamixel_rdk/dynamixel-RDK/docs/images) by extension 'cmake'
[0.137s] Level 1:colcon.colcon_core.package_identification:_identify(dynamixel_rdk/dynamixel-RDK/docs/images) by extension 'python'
[0.138s] Level 1:colcon.colcon_core.package_identification:_identify(dynamixel_rdk/dynamixel-RDK/docs/images) by extensions ['python_setup_py']
[0.138s] Level 1:colcon.colcon_core.package_identification:_identify(dynamixel_rdk/dynamixel-RDK/docs/images) by extension 'python_setup_py'
[0.138s] Level 1:colcon.colcon_core.package_identification:_identify(dynamixel_rdk/dynamixel-RDK/dynamixel_rdk_msgs) by extensions ['ignore', 'ignore_ament_install']
[0.138s] Level 1:colcon.colcon_core.package_identification:_identify(dynamixel_rdk/dynamixel-RDK/dynamixel_rdk_msgs) by extension 'ignore'
[0.138s] Level 1:colcon.colcon_core.package_identification:_identify(dynamixel_rdk/dynamixel-RDK/dynamixel_rdk_msgs) by extension 'ignore_ament_install'
[0.138s] Level 1:colcon.colcon_core.package_identification:_identify(dynamixel_rdk/dynamixel-RDK/dynamixel_rdk_msgs) by extensions ['colcon_pkg']
[0.138s] Level 1:colcon.colcon_core.package_identification:_identify(dynamixel_rdk/dynamixel-RDK/dynamixel_rdk_msgs) by extension 'colcon_pkg'
[0.138s] Level 1:colcon.colcon_core.package_identification:_identify(dynamixel_rdk/dynamixel-RDK/dynamixel_rdk_msgs) by extensions ['colcon_meta']
[0.138s] Level 1:colcon.colcon_core.package_identification:_identify(dynamixel_rdk/dynamixel-RDK/dynamixel_rdk_msgs) by extension 'colcon_meta'
[0.138s] Level 1:colcon.colcon_core.package_identification:_identify(dynamixel_rdk/dynamixel-RDK/dynamixel_rdk_msgs) by extensions ['ros']
[0.138s] Level 1:colcon.colcon_core.package_identification:_identify(dynamixel_rdk/dynamixel-RDK/dynamixel_rdk_msgs) by extension 'ros'
[0.139s] DEBUG:colcon.colcon_core.package_identification:Package 'dynamixel_rdk/dynamixel-RDK/dynamixel_rdk_msgs' with type 'ros.ament_cmake' and name 'dynamixel_rdk_msgs'
[0.139s] Level 1:colcon.colcon_core.package_identification:_identify(dynamixel_rdk/dynamixel-RDK/dynamixel_rdk_ros) by extensions ['ignore', 'ignore_ament_install']
[0.139s] Level 1:colcon.colcon_core.package_identification:_identify(dynamixel_rdk/dynamixel-RDK/dynamixel_rdk_ros) by extension 'ignore'
[0.139s] Level 1:colcon.colcon_core.package_identification:_identify(dynamixel_rdk/dynamixel-RDK/dynamixel_rdk_ros) by extension 'ignore_ament_install'
[0.139s] Level 1:colcon.colcon_core.package_identification:_identify(dynamixel_rdk/dynamixel-RDK/dynamixel_rdk_ros) by extensions ['colcon_pkg']
[0.140s] Level 1:colcon.colcon_core.package_identification:_identify(dynamixel_rdk/dynamixel-RDK/dynamixel_rdk_ros) by extension 'colcon_pkg'
[0.140s] Level 1:colcon.colcon_core.package_identification:_identify(dynamixel_rdk/dynamixel-RDK/dynamixel_rdk_ros) by extensions ['colcon_meta']
[0.140s] Level 1:colcon.colcon_core.package_identification:_identify(dynamixel_rdk/dynamixel-RDK/dynamixel_rdk_ros) by extension 'colcon_meta'
[0.140s] Level 1:colcon.colcon_core.package_identification:_identify(dynamixel_rdk/dynamixel-RDK/dynamixel_rdk_ros) by extensions ['ros']
[0.140s] Level 1:colcon.colcon_core.package_identification:_identify(dynamixel_rdk/dynamixel-RDK/dynamixel_rdk_ros) by extension 'ros'
[0.140s] DEBUG:colcon.colcon_core.package_identification:Package 'dynamixel_rdk/dynamixel-RDK/dynamixel_rdk_ros' with type 'ros.ament_cmake' and name 'dynamixel_rdk_ros'
[0.140s] Level 1:colcon.colcon_core.package_identification:_identify(ebimu) by extensions ['ignore', 'ignore_ament_install']
[0.140s] Level 1:colcon.colcon_core.package_identification:_identify(ebimu) by extension 'ignore'
[0.140s] Level 1:colcon.colcon_core.package_identification:_identify(ebimu) by extension 'ignore_ament_install'
[0.140s] Level 1:colcon.colcon_core.package_identification:_identify(ebimu) by extensions ['colcon_pkg']
[0.140s] Level 1:colcon.colcon_core.package_identification:_identify(ebimu) by extension 'colcon_pkg'
[0.140s] Level 1:colcon.colcon_core.package_identification:_identify(ebimu) by extensions ['colcon_meta']
[0.140s] Level 1:colcon.colcon_core.package_identification:_identify(ebimu) by extension 'colcon_meta'
[0.140s] Level 1:colcon.colcon_core.package_identification:_identify(ebimu) by extensions ['ros']
[0.140s] Level 1:colcon.colcon_core.package_identification:_identify(ebimu) by extension 'ros'
[0.141s] DEBUG:colcon.colcon_core.package_identification:Package 'ebimu' with type 'ros.ament_cmake' and name 'ebimu'
[0.141s] Level 1:colcon.colcon_core.package_identification:_identify(humanoid_interfaces) by extensions ['ignore', 'ignore_ament_install']
[0.141s] Level 1:colcon.colcon_core.package_identification:_identify(humanoid_interfaces) by extension 'ignore'
[0.141s] Level 1:colcon.colcon_core.package_identification:_identify(humanoid_interfaces) by extension 'ignore_ament_install'
[0.141s] Level 1:colcon.colcon_core.package_identification:_identify(humanoid_interfaces) by extensions ['colcon_pkg']
[0.141s] Level 1:colcon.colcon_core.package_identification:_identify(humanoid_interfaces) by extension 'colcon_pkg'
[0.141s] Level 1:colcon.colcon_core.package_identification:_identify(humanoid_interfaces) by extensions ['colcon_meta']
[0.141s] Level 1:colcon.colcon_core.package_identification:_identify(humanoid_interfaces) by extension 'colcon_meta'
[0.141s] Level 1:colcon.colcon_core.package_identification:_identify(humanoid_interfaces) by extensions ['ros']
[0.141s] Level 1:colcon.colcon_core.package_identification:_identify(humanoid_interfaces) by extension 'ros'
[0.141s] DEBUG:colcon.colcon_core.package_identification:Package 'humanoid_interfaces' with type 'ros.ament_cmake' and name 'humanoid_interfaces'
[0.141s] Level 1:colcon.colcon_core.package_identification:_identify(ik_walk) by extensions ['ignore', 'ignore_ament_install']
[0.141s] Level 1:colcon.colcon_core.package_identification:_identify(ik_walk) by extension 'ignore'
[0.141s] Level 1:colcon.colcon_core.package_identification:_identify(ik_walk) by extension 'ignore_ament_install'
[0.142s] Level 1:colcon.colcon_core.package_identification:_identify(ik_walk) by extensions ['colcon_pkg']
[0.142s] Level 1:colcon.colcon_core.package_identification:_identify(ik_walk) by extension 'colcon_pkg'
[0.142s] Level 1:colcon.colcon_core.package_identification:_identify(ik_walk) by extensions ['colcon_meta']
[0.142s] Level 1:colcon.colcon_core.package_identification:_identify(ik_walk) by extension 'colcon_meta'
[0.142s] Level 1:colcon.colcon_core.package_identification:_identify(ik_walk) by extensions ['ros']
[0.142s] Level 1:colcon.colcon_core.package_identification:_identify(ik_walk) by extension 'ros'
[0.142s] DEBUG:colcon.colcon_core.package_identification:Package 'ik_walk' with type 'ros.ament_cmake' and name 'ik_walk'
[0.142s] Level 1:colcon.colcon_core.package_identification:_identify(install) by extensions ['ignore', 'ignore_ament_install']
[0.142s] Level 1:colcon.colcon_core.package_identification:_identify(install) by extension 'ignore'
[0.142s] Level 1:colcon.colcon_core.package_identification:_identify(install) ignored
[0.142s] Level 1:colcon.colcon_core.package_identification:_identify(log) by extensions ['ignore', 'ignore_ament_install']
[0.142s] Level 1:colcon.colcon_core.package_identification:_identify(log) by extension 'ignore'
[0.142s] Level 1:colcon.colcon_core.package_identification:_identify(log) ignored
[0.142s] Level 1:colcon.colcon_core.package_identification:_identify(master_jo) by extensions ['ignore', 'ignore_ament_install']
[0.142s] Level 1:colcon.colcon_core.package_identification:_identify(master_jo) by extension 'ignore'
[0.142s] Level 1:colcon.colcon_core.package_identification:_identify(master_jo) by extension 'ignore_ament_install'
[0.142s] Level 1:colcon.colcon_core.package_identification:_identify(master_jo) by extensions ['colcon_pkg']
[0.142s] Level 1:colcon.colcon_core.package_identification:_identify(master_jo) by extension 'colcon_pkg'
[0.142s] Level 1:colcon.colcon_core.package_identification:_identify(master_jo) by extensions ['colcon_meta']
[0.142s] Level 1:colcon.colcon_core.package_identification:_identify(master_jo) by extension 'colcon_meta'
[0.142s] Level 1:colcon.colcon_core.package_identification:_identify(master_jo) by extensions ['ros']
[0.142s] Level 1:colcon.colcon_core.package_identification:_identify(master_jo) by extension 'ros'
[0.143s] DEBUG:colcon.colcon_core.package_identification:Package 'master_jo' with type 'ros.ament_cmake' and name 'master_jo'
[0.143s] Level 1:colcon.colcon_core.package_identification:_identify(motion_operator) by extensions ['ignore', 'ignore_ament_install']
[0.143s] Level 1:colcon.colcon_core.package_identification:_identify(motion_operator) by extension 'ignore'
[0.143s] Level 1:colcon.colcon_core.package_identification:_identify(motion_operator) by extension 'ignore_ament_install'
[0.143s] Level 1:colcon.colcon_core.package_identification:_identify(motion_operator) by extensions ['colcon_pkg']
[0.143s] Level 1:colcon.colcon_core.package_identification:_identify(motion_operator) by extension 'colcon_pkg'
[0.143s] Level 1:colcon.colcon_core.package_identification:_identify(motion_operator) by extensions ['colcon_meta']
[0.143s] Level 1:colcon.colcon_core.package_identification:_identify(motion_operator) by extension 'colcon_meta'
[0.143s] Level 1:colcon.colcon_core.package_identification:_identify(motion_operator) by extensions ['ros']
[0.143s] Level 1:colcon.colcon_core.package_identification:_identify(motion_operator) by extension 'ros'
[0.143s] Level 1:colcon.colcon_core.package_identification:_identify(motion_operator) by extensions ['cmake', 'python']
[0.143s] Level 1:colcon.colcon_core.package_identification:_identify(motion_operator) by extension 'cmake'
[0.143s] Level 1:colcon.colcon_core.package_identification:_identify(motion_operator) by extension 'python'
[0.143s] Level 1:colcon.colcon_core.package_identification:_identify(motion_operator) by extensions ['python_setup_py']
[0.143s] Level 1:colcon.colcon_core.package_identification:_identify(motion_operator) by extension 'python_setup_py'
[0.143s] Level 1:colcon.colcon_core.package_identification:_identify(ocam_ros2) by extensions ['ignore', 'ignore_ament_install']
[0.143s] Level 1:colcon.colcon_core.package_identification:_identify(ocam_ros2) by extension 'ignore'
[0.143s] Level 1:colcon.colcon_core.package_identification:_identify(ocam_ros2) by extension 'ignore_ament_install'
[0.143s] Level 1:colcon.colcon_core.package_identification:_identify(ocam_ros2) by extensions ['colcon_pkg']
[0.143s] Level 1:colcon.colcon_core.package_identification:_identify(ocam_ros2) by extension 'colcon_pkg'
[0.143s] Level 1:colcon.colcon_core.package_identification:_identify(ocam_ros2) by extensions ['colcon_meta']
[0.143s] Level 1:colcon.colcon_core.package_identification:_identify(ocam_ros2) by extension 'colcon_meta'
[0.143s] Level 1:colcon.colcon_core.package_identification:_identify(ocam_ros2) by extensions ['ros']
[0.143s] Level 1:colcon.colcon_core.package_identification:_identify(ocam_ros2) by extension 'ros'
[0.143s] DEBUG:colcon.colcon_core.package_identification:Package 'ocam_ros2' with type 'ros.ament_cmake' and name 'ocam_ros2'
[0.144s] Level 1:colcon.colcon_core.package_identification:_identify(robocup_vision25) by extensions ['ignore', 'ignore_ament_install']
[0.144s] Level 1:colcon.colcon_core.package_identification:_identify(robocup_vision25) by extension 'ignore'
[0.144s] Level 1:colcon.colcon_core.package_identification:_identify(robocup_vision25) by extension 'ignore_ament_install'
[0.144s] Level 1:colcon.colcon_core.package_identification:_identify(robocup_vision25) by extensions ['colcon_pkg']
[0.144s] Level 1:colcon.colcon_core.package_identification:_identify(robocup_vision25) by extension 'colcon_pkg'
[0.144s] Level 1:colcon.colcon_core.package_identification:_identify(robocup_vision25) by extensions ['colcon_meta']
[0.144s] Level 1:colcon.colcon_core.package_identification:_identify(robocup_vision25) by extension 'colcon_meta'
[0.144s] Level 1:colcon.colcon_core.package_identification:_identify(robocup_vision25) by extensions ['ros']
[0.144s] Level 1:colcon.colcon_core.package_identification:_identify(robocup_vision25) by extension 'ros'
[0.145s] DEBUG:colcon.colcon_core.package_identification:Package 'robocup_vision25' with type 'ros.ament_cmake' and name 'robocup_vision25'
[0.145s] Level 1:colcon.colcon_core.package_identification:_identify(tune_walk) by extensions ['ignore', 'ignore_ament_install']
[0.145s] Level 1:colcon.colcon_core.package_identification:_identify(tune_walk) by extension 'ignore'
[0.145s] Level 1:colcon.colcon_core.package_identification:_identify(tune_walk) by extension 'ignore_ament_install'
[0.145s] Level 1:colcon.colcon_core.package_identification:_identify(tune_walk) by extensions ['colcon_pkg']
[0.145s] Level 1:colcon.colcon_core.package_identification:_identify(tune_walk) by extension 'colcon_pkg'
[0.145s] Level 1:colcon.colcon_core.package_identification:_identify(tune_walk) by extensions ['colcon_meta']
[0.145s] Level 1:colcon.colcon_core.package_identification:_identify(tune_walk) by extension 'colcon_meta'
[0.145s] Level 1:colcon.colcon_core.package_identification:_identify(tune_walk) by extensions ['ros']
[0.145s] Level 1:colcon.colcon_core.package_identification:_identify(tune_walk) by extension 'ros'
[0.145s] DEBUG:colcon.colcon_core.package_identification:Package 'tune_walk' with type 'ros.ament_cmake' and name 'tune_walk'
[0.145s] Level 1:colcon.colcon_core.package_discovery:discover_packages(recursive) using defaults
[0.145s] Level 1:colcon.colcon_core.package_discovery:discover_packages(ignore) discover
[0.145s] Level 1:colcon.colcon_core.package_discovery:discover_packages(ignore) using defaults
[0.145s] Level 1:colcon.colcon_core.package_discovery:discover_packages(path) discover
[0.145s] Level 1:colcon.colcon_core.package_discovery:discover_packages(path) using defaults
[0.164s] INFO:colcon.colcon_core.package_selection:Skipping not selected package 'dynamixel_rdk_msgs' in 'dynamixel_rdk/dynamixel-RDK/dynamixel_rdk_msgs'
[0.164s] INFO:colcon.colcon_core.package_selection:Skipping not selected package 'master_jo' in 'master_jo'
[0.164s] INFO:colcon.colcon_core.package_selection:Skipping not selected package 'ocam_ros2' in 'ocam_ros2'
[0.164s] INFO:colcon.colcon_core.package_selection:Skipping not selected package 'robocup_vision25' in 'robocup_vision25'
[0.164s] INFO:colcon.colcon_core.package_selection:Skipping not selected package 'dynamixel_rdk_ros' in 'dynamixel_rdk/dynamixel-RDK/dynamixel_rdk_ros'
[0.164s] INFO:colcon.colcon_core.package_selection:Skipping not selected package 'ebimu' in 'ebimu'
[0.164s] INFO:colcon.colcon_core.package_selection:Skipping not selected package 'tune_walk' in 'tune_walk'
[0.164s] INFO:colcon.colcon_core.package_selection:Skipping not selected package 'ik_walk' in 'ik_walk'
[0.164s] Level 1:colcon.colcon_core.package_discovery:discover_packages(prefix_path) check parameters
[0.164s] Level 1:colcon.colcon_core.package_discovery:discover_packages(prefix_path) discover
[0.165s] DEBUG:colcon.colcon_installed_package_information.package_discovery:Found 9 installed packages in /home/yu/colcon_ws/install
[0.166s] DEBUG:colcon.colcon_installed_package_information.package_discovery:Found 3 installed packages in /home/yu/ros2_ws/install
[0.166s] DEBUG:colcon.colcon_installed_package_information.package_discovery:Found 2 installed packages in /home/yu/ros2_ws/src/install
[0.166s] DEBUG:colcon.colcon_installed_package_information.package_discovery:Found 300 installed packages in /opt/ros/humble
[0.167s] Level 1:colcon.colcon_core.package_discovery:discover_packages(prefix_path) using defaults
[0.187s] WARNING:colcon.colcon_core.package_selection:Some selected packages are already built in one or more underlay workspaces:
	'humanoid_interfaces' is in: /home/yu/colcon_ws/install/humanoid_interfaces
If a package in a merged underlay workspace is overridden and it installs headers, then all packages in the overlay must sort their include directories by workspace order. Failure to do so may result in build failures or undefined behavior at run time.
If the overridden package is used by another package in any underlay, then the overriding package in the overlay must be API and ABI compatible or undefined behavior at run time may occur.

If you understand the risks and want to override a package anyways, add the following to the command line:
	--allow-overriding humanoid_interfaces

This may be promoted to an error in a future release of colcon-override-check.
[0.187s] Level 5:colcon.colcon_core.verb:set package 'humanoid_interfaces' build argument 'cmake_args' from command line to 'None'
[0.187s] Level 5:colcon.colcon_core.verb:set package 'humanoid_interfaces' build argument 'cmake_target' from command line to 'None'
[0.187s] Level 5:colcon.colcon_core.verb:set package 'humanoid_interfaces' build argument 'cmake_target_skip_unavailable' from command line to 'False'
[0.187s] Level 5:colcon.colcon_core.verb:set package 'humanoid_interfaces' build argument 'cmake_clean_cache' from command line to 'False'
[0.187s] Level 5:colcon.colcon_core.verb:set package 'humanoid_interfaces' build argument 'cmake_clean_first' from command line to 'False'
[0.187s] Level 5:colcon.colcon_core.verb:set package 'humanoid_interfaces' build argument 'cmake_force_configure' from command line to 'False'
[0.187s] Level 5:colcon.colcon_core.verb:set package 'humanoid_interfaces' build argument 'ament_cmake_args' from command line to 'None'
[0.187s] Level 5:colcon.colcon_core.verb:set package 'humanoid_interfaces' build argument 'catkin_cmake_args' from command line to 'None'
[0.187s] Level 5:colcon.colcon_core.verb:set package 'humanoid_interfaces' build argument 'catkin_skip_building_tests' from command line to 'False'
[0.187s] DEBUG:colcon.colcon_core.verb:Building package 'humanoid_interfaces' with the following arguments: {'ament_cmake_args': None, 'build_base': '/home/yu/colcon_ws/src/build/humanoid_interfaces', 'catkin_cmake_args': None, 'catkin_skip_building_tests': False, 'cmake_args': None, 'cmake_clean_cache': False, 'cmake_clean_first': False, 'cmake_force_configure': False, 'cmake_target': None, 'cmake_target_skip_unavailable': False, 'install_base': '/home/yu/colcon_ws/src/install/humanoid_interfaces', 'merge_install': False, 'path': '/home/yu/colcon_ws/src/humanoid_interfaces', 'symlink_install': True, 'test_result_base': None}
[0.188s] INFO:colcon.colcon_core.executor:Executing jobs using 'parallel' executor
[0.188s] DEBUG:colcon.colcon_parallel_executor.executor.parallel:run_until_complete
[0.189s] INFO:colcon.colcon_ros.task.ament_cmake.build:Building ROS package in '/home/yu/colcon_ws/src/humanoid_interfaces' with build type 'ament_cmake'
[0.189s] INFO:colcon.colcon_cmake.task.cmake.build:Building CMake package in '/home/yu/colcon_ws/src/humanoid_interfaces'
[0.190s] INFO:colcon.colcon_core.plugin_system:Skipping extension 'colcon_core.shell.bat': Not used on non-Windows systems
[0.190s] INFO:colcon.colcon_core.shell:Skip shell extension 'powershell' for command environment: Not usable outside of PowerShell
[0.190s] DEBUG:colcon.colcon_core.shell:Skip shell extension 'dsv' for command environment
[0.196s] DEBUG:colcon.colcon_core.event_handler.log_command:Invoking command in '/home/yu/colcon_ws/src/build/humanoid_interfaces': CMAKE_PREFIX_PATH=${CMAKE_PREFIX_PATH}:/home/yu/ros2_ws/install/python_parameter_tutorial:/opt/ros/humble /usr/bin/cmake /home/yu/colcon_ws/src/humanoid_interfaces -DAMENT_CMAKE_SYMLINK_INSTALL=1 -DCMAKE_INSTALL_PREFIX=/home/yu/colcon_ws/src/install/humanoid_interfaces
[1.503s] DEBUG:colcon.colcon_core.event_handler.log_command:Invoked command in '/home/yu/colcon_ws/src/build/humanoid_interfaces' returned '0': CMAKE_PREFIX_PATH=${CMAKE_PREFIX_PATH}:/home/yu/ros2_ws/install/python_parameter_tutorial:/opt/ros/humble /usr/bin/cmake /home/yu/colcon_ws/src/humanoid_interfaces -DAMENT_CMAKE_SYMLINK_INSTALL=1 -DCMAKE_INSTALL_PREFIX=/home/yu/colcon_ws/src/install/humanoid_interfaces
[1.505s] DEBUG:colcon.colcon_core.event_handler.log_command:Invoking command in '/home/yu/colcon_ws/src/build/humanoid_interfaces': CMAKE_PREFIX_PATH=${CMAKE_PREFIX_PATH}:/home/yu/ros2_ws/install/python_parameter_tutorial:/opt/ros/humble /usr/bin/cmake --build /home/yu/colcon_ws/src/build/humanoid_interfaces -- -j8 -l8
[13.310s] DEBUG:colcon.colcon_core.event_handler.log_command:Invoked command in '/home/yu/colcon_ws/src/build/humanoid_interfaces' returned '0': CMAKE_PREFIX_PATH=${CMAKE_PREFIX_PATH}:/home/yu/ros2_ws/install/python_parameter_tutorial:/opt/ros/humble /usr/bin/cmake --build /home/yu/colcon_ws/src/build/humanoid_interfaces -- -j8 -l8
[13.321s] DEBUG:colcon.colcon_core.event_handler.log_command:Invoking command in '/home/yu/colcon_ws/src/build/humanoid_interfaces': CMAKE_PREFIX_PATH=${CMAKE_PREFIX_PATH}:/home/yu/ros2_ws/install/python_parameter_tutorial:/opt/ros/humble /usr/bin/cmake --install /home/yu/colcon_ws/src/build/humanoid_interfaces
[17.078s] Level 1:colcon.colcon_core.environment:create_environment_scripts_only(humanoid_interfaces)
[17.078s] DEBUG:colcon.colcon_core.event_handler.log_command:Invoked command in '/home/yu/colcon_ws/src/build/humanoid_interfaces' returned '0': CMAKE_PREFIX_PATH=${CMAKE_PREFIX_PATH}:/home/yu/ros2_ws/install/python_parameter_tutorial:/opt/ros/humble /usr/bin/cmake --install /home/yu/colcon_ws/src/build/humanoid_interfaces
[17.079s] Level 1:colcon.colcon_core.environment:checking '/home/yu/colcon_ws/src/install/humanoid_interfaces' for CMake module files
[17.080s] Level 1:colcon.colcon_core.environment:checking '/home/yu/colcon_ws/src/install/humanoid_interfaces' for CMake config files
[17.080s] Level 1:colcon.colcon_core.shell:create_environment_hook('humanoid_interfaces', 'cmake_prefix_path')
[17.080s] INFO:colcon.colcon_core.shell:Creating environment hook '/home/yu/colcon_ws/src/install/humanoid_interfaces/share/humanoid_interfaces/hook/cmake_prefix_path.ps1'
[17.080s] INFO:colcon.colcon_core.shell:Creating environment descriptor '/home/yu/colcon_ws/src/install/humanoid_interfaces/share/humanoid_interfaces/hook/cmake_prefix_path.dsv'
[17.081s] INFO:colcon.colcon_core.shell:Creating environment hook '/home/yu/colcon_ws/src/install/humanoid_interfaces/share/humanoid_interfaces/hook/cmake_prefix_path.sh'
[17.081s] Level 1:colcon.colcon_core.environment:checking '/home/yu/colcon_ws/src/install/humanoid_interfaces/lib'
[17.081s] Level 1:colcon.colcon_core.shell:create_environment_hook('humanoid_interfaces', 'ld_library_path_lib')
[17.081s] INFO:colcon.colcon_core.shell:Creating environment hook '/home/yu/colcon_ws/src/install/humanoid_interfaces/share/humanoid_interfaces/hook/ld_library_path_lib.ps1'
[17.081s] INFO:colcon.colcon_core.shell:Creating environment descriptor '/home/yu/colcon_ws/src/install/humanoid_interfaces/share/humanoid_interfaces/hook/ld_library_path_lib.dsv'
[17.082s] INFO:colcon.colcon_core.shell:Creating environment hook '/home/yu/colcon_ws/src/install/humanoid_interfaces/share/humanoid_interfaces/hook/ld_library_path_lib.sh'
[17.082s] Level 1:colcon.colcon_core.environment:checking '/home/yu/colcon_ws/src/install/humanoid_interfaces/bin'
[17.082s] Level 1:colcon.colcon_core.environment:checking '/home/yu/colcon_ws/src/install/humanoid_interfaces/lib/pkgconfig/humanoid_interfaces.pc'
[17.082s] Level 1:colcon.colcon_core.environment:checking '/home/yu/colcon_ws/src/install/humanoid_interfaces/lib/python3.10/site-packages'
[17.082s] Level 1:colcon.colcon_core.environment:checking '/home/yu/colcon_ws/src/install/humanoid_interfaces/bin'
[17.082s] INFO:colcon.colcon_core.shell:Creating package script '/home/yu/colcon_ws/src/install/humanoid_interfaces/share/humanoid_interfaces/package.ps1'
[17.083s] INFO:colcon.colcon_core.shell:Creating package descriptor '/home/yu/colcon_ws/src/install/humanoid_interfaces/share/humanoid_interfaces/package.dsv'
[17.083s] INFO:colcon.colcon_core.shell:Creating package script '/home/yu/colcon_ws/src/install/humanoid_interfaces/share/humanoid_interfaces/package.sh'
[17.083s] INFO:colcon.colcon_core.shell:Creating package script '/home/yu/colcon_ws/src/install/humanoid_interfaces/share/humanoid_interfaces/package.bash'
[17.083s] INFO:colcon.colcon_core.shell:Creating package script '/home/yu/colcon_ws/src/install/humanoid_interfaces/share/humanoid_interfaces/package.zsh'
[17.084s] Level 1:colcon.colcon_core.environment:create_file_with_runtime_dependencies(/home/yu/colcon_ws/src/install/humanoid_interfaces/share/colcon-core/packages/humanoid_interfaces)
[17.084s] Level 1:colcon.colcon_core.environment:create_environment_scripts_only(humanoid_interfaces)
[17.084s] Level 1:colcon.colcon_core.environment:checking '/home/yu/colcon_ws/src/install/humanoid_interfaces' for CMake module files
[17.084s] Level 1:colcon.colcon_core.environment:checking '/home/yu/colcon_ws/src/install/humanoid_interfaces' for CMake config files
[17.085s] Level 1:colcon.colcon_core.shell:create_environment_hook('humanoid_interfaces', 'cmake_prefix_path')
[17.085s] INFO:colcon.colcon_core.shell:Creating environment hook '/home/yu/colcon_ws/src/install/humanoid_interfaces/share/humanoid_interfaces/hook/cmake_prefix_path.ps1'
[17.085s] INFO:colcon.colcon_core.shell:Creating environment descriptor '/home/yu/colcon_ws/src/install/humanoid_interfaces/share/humanoid_interfaces/hook/cmake_prefix_path.dsv'
[17.085s] INFO:colcon.colcon_core.shell:Creating environment hook '/home/yu/colcon_ws/src/install/humanoid_interfaces/share/humanoid_interfaces/hook/cmake_prefix_path.sh'
[17.085s] Level 1:colcon.colcon_core.environment:checking '/home/yu/colcon_ws/src/install/humanoid_interfaces/lib'
[17.085s] Level 1:colcon.colcon_core.shell:create_environment_hook('humanoid_interfaces', 'ld_library_path_lib')
[17.086s] INFO:colcon.colcon_core.shell:Creating environment hook '/home/yu/colcon_ws/src/install/humanoid_interfaces/share/humanoid_interfaces/hook/ld_library_path_lib.ps1'
[17.086s] INFO:colcon.colcon_core.shell:Creating environment descriptor '/home/yu/colcon_ws/src/install/humanoid_interfaces/share/humanoid_interfaces/hook/ld_library_path_lib.dsv'
[17.086s] INFO:colcon.colcon_core.shell:Creating environment hook '/home/yu/colcon_ws/src/install/humanoid_interfaces/share/humanoid_interfaces/hook/ld_library_path_lib.sh'
[17.086s] Level 1:colcon.colcon_core.environment:checking '/home/yu/colcon_ws/src/install/humanoid_interfaces/bin'
[17.086s] Level 1:colcon.colcon_core.environment:checking '/home/yu/colcon_ws/src/install/humanoid_interfaces/lib/pkgconfig/humanoid_interfaces.pc'
[17.086s] Level 1:colcon.colcon_core.environment:checking '/home/yu/colcon_ws/src/install/humanoid_interfaces/lib/python3.10/site-packages'
[17.086s] Level 1:colcon.colcon_core.environment:checking '/home/yu/colcon_ws/src/install/humanoid_interfaces/bin'
[17.087s] INFO:colcon.colcon_core.shell:Creating package script '/home/yu/colcon_ws/src/install/humanoid_interfaces/share/humanoid_interfaces/package.ps1'
[17.087s] INFO:colcon.colcon_core.shell:Creating package descriptor '/home/yu/colcon_ws/src/install/humanoid_interfaces/share/humanoid_interfaces/package.dsv'
[17.087s] INFO:colcon.colcon_core.shell:Creating package script '/home/yu/colcon_ws/src/install/humanoid_interfaces/share/humanoid_interfaces/package.sh'
[17.088s] INFO:colcon.colcon_core.shell:Creating package script '/home/yu/colcon_ws/src/install/humanoid_interfaces/share/humanoid_interfaces/package.bash'
[17.088s] INFO:colcon.colcon_core.shell:Creating package script '/home/yu/colcon_ws/src/install/humanoid_interfaces/share/humanoid_interfaces/package.zsh'
[17.088s] Level 1:colcon.colcon_core.environment:create_file_with_runtime_dependencies(/home/yu/colcon_ws/src/install/humanoid_interfaces/share/colcon-core/packages/humanoid_interfaces)
[17.088s] DEBUG:colcon.colcon_parallel_executor.executor.parallel:closing loop
[17.088s] DEBUG:colcon.colcon_parallel_executor.executor.parallel:loop closed
[17.088s] DEBUG:colcon.colcon_parallel_executor.executor.parallel:run_until_complete finished with '0'
[17.088s] DEBUG:colcon.colcon_core.event_reactor:joining thread
[17.091s] INFO:colcon.colcon_core.plugin_system:Skipping extension 'colcon_notification.desktop_notification.terminal_notifier': Not used on non-Darwin systems
[17.091s] INFO:colcon.colcon_core.plugin_system:Skipping extension 'colcon_notification.desktop_notification.win32': Not used on non-Windows systems
[17.091s] INFO:colcon.colcon_notification.desktop_notification:Sending desktop notification using 'notify2'
[17.106s] DEBUG:colcon.colcon_core.event_reactor:joined thread
[17.107s] INFO:colcon.colcon_core.shell:Creating prefix script '/home/yu/colcon_ws/src/install/local_setup.ps1'
[17.108s] INFO:colcon.colcon_core.shell:Creating prefix util module '/home/yu/colcon_ws/src/install/_local_setup_util_ps1.py'
[17.109s] INFO:colcon.colcon_core.shell:Creating prefix chain script '/home/yu/colcon_ws/src/install/setup.ps1'
[17.112s] INFO:colcon.colcon_core.shell:Creating prefix script '/home/yu/colcon_ws/src/install/local_setup.sh'
[17.113s] INFO:colcon.colcon_core.shell:Creating prefix util module '/home/yu/colcon_ws/src/install/_local_setup_util_sh.py'
[17.113s] INFO:colcon.colcon_core.shell:Creating prefix chain script '/home/yu/colcon_ws/src/install/setup.sh'
[17.114s] INFO:colcon.colcon_core.shell:Creating prefix script '/home/yu/colcon_ws/src/install/local_setup.bash'
[17.115s] INFO:colcon.colcon_core.shell:Creating prefix chain script '/home/yu/colcon_ws/src/install/setup.bash'
[17.116s] INFO:colcon.colcon_core.shell:Creating prefix script '/home/yu/colcon_ws/src/install/local_setup.zsh'
[17.116s] INFO:colcon.colcon_core.shell:Creating prefix chain script '/home/yu/colcon_ws/src/install/setup.zsh'
