[0.006s] Invoking command in '/home/yu/colcon_ws/build/dynamixel_rdk_ros': CMAKE_PREFIX_PATH=${CMAKE_PREFIX_PATH}:/home/yu/ros2_ws/install/python_parameter_tutorial:/opt/ros/humble /usr/bin/cmake /home/yu/colcon_ws/src/dynamixel_rdk/dynamixel-RDK/dynamixel_rdk_ros -DCMAKE_INSTALL_PREFIX=/home/yu/colcon_ws/install/dynamixel_rdk_ros
[0.019s] -- Found ament_cmake_auto: 1.3.12 (/opt/ros/humble/share/ament_cmake_auto/cmake)
[0.106s] -- Override CMake install command with custom implementation using symlinks instead of copying resources
[0.180s] -- Found rosidl_generator_c: 3.1.7 (/opt/ros/humble/share/rosidl_generator_c/cmake)
[0.180s] -- Found rosidl_adapter: 3.1.7 (/opt/ros/humble/share/rosidl_adapter/cmake)
[0.180s] -- Found rosidl_generator_cpp: 3.1.7 (/opt/ros/humble/share/rosidl_generator_cpp/cmake)
[0.180s] -- Using all available rosidl_typesupport_c: rosidl_typesupport_fastrtps_c;rosidl_typesupport_introspection_c
[0.186s] -- Using all available rosidl_typesupport_cpp: rosidl_typesupport_fastrtps_cpp;rosidl_typesupport_introspection_cpp
[0.208s] -- Found rmw_implementation_cmake: 6.1.2 (/opt/ros/humble/share/rmw_implementation_cmake/cmake)
[0.208s] -- Found rmw_fastrtps_cpp: 6.2.8 (/opt/ros/humble/share/rmw_fastrtps_cpp/cmake)
[0.291s] -- Using RMW implementation 'rmw_fastrtps_cpp' as default
[0.348s] -- Found rclcpp_lifecycle: 16.0.14 (/opt/ros/humble/share/rclcpp_lifecycle/cmake)
[0.366s] -- Configuring done
[0.374s] -- Generating done
[0.378s] -- Build files have been written to: /home/yu/colcon_ws/build/dynamixel_rdk_ros
[0.388s] Invoked command in '/home/yu/colcon_ws/build/dynamixel_rdk_ros' returned '0': CMAKE_PREFIX_PATH=${CMAKE_PREFIX_PATH}:/home/yu/ros2_ws/install/python_parameter_tutorial:/opt/ros/humble /usr/bin/cmake /home/yu/colcon_ws/src/dynamixel_rdk/dynamixel-RDK/dynamixel_rdk_ros -DCMAKE_INSTALL_PREFIX=/home/yu/colcon_ws/install/dynamixel_rdk_ros
[0.390s] Invoking command in '/home/yu/colcon_ws/build/dynamixel_rdk_ros': CMAKE_PREFIX_PATH=${CMAKE_PREFIX_PATH}:/home/yu/ros2_ws/install/python_parameter_tutorial:/opt/ros/humble /usr/bin/cmake --build /home/yu/colcon_ws/build/dynamixel_rdk_ros -- -j8 -l8
[0.432s] [35m[1mConsolidate compiler generated dependencies of target dynamixel_rdk_node[0m
[0.450s] [100%] Built target dynamixel_rdk_node
[0.468s] Invoked command in '/home/yu/colcon_ws/build/dynamixel_rdk_ros' returned '0': CMAKE_PREFIX_PATH=${CMAKE_PREFIX_PATH}:/home/yu/ros2_ws/install/python_parameter_tutorial:/opt/ros/humble /usr/bin/cmake --build /home/yu/colcon_ws/build/dynamixel_rdk_ros -- -j8 -l8
[0.474s] Invoking command in '/home/yu/colcon_ws/build/dynamixel_rdk_ros': CMAKE_PREFIX_PATH=${CMAKE_PREFIX_PATH}:/home/yu/ros2_ws/install/python_parameter_tutorial:/opt/ros/humble /usr/bin/cmake --install /home/yu/colcon_ws/build/dynamixel_rdk_ros
[0.484s] -- Install configuration: ""
[0.484s] -- Execute custom install script
[0.484s] -- Up-to-date symlink: /home/yu/colcon_ws/install/dynamixel_rdk_ros/share/dynamixel_rdk_ros//config/dynamixel.yaml
[0.484s] -- Up-to-date symlink: /home/yu/colcon_ws/install/dynamixel_rdk_ros/share/dynamixel_rdk_ros//launch/dynamixel_rdk.launch.py
[0.484s] -- Up-to-date symlink: /home/yu/colcon_ws/install/dynamixel_rdk_ros/lib/dynamixel_rdk_ros/dynamixel_rdk_node
[0.486s] -- Up-to-date symlink: /home/yu/colcon_ws/install/dynamixel_rdk_ros/share/ament_index/resource_index/package_run_dependencies/dynamixel_rdk_ros
[0.486s] -- Up-to-date symlink: /home/yu/colcon_ws/install/dynamixel_rdk_ros/share/ament_index/resource_index/parent_prefix_path/dynamixel_rdk_ros
[0.486s] -- Up-to-date symlink: /home/yu/colcon_ws/install/dynamixel_rdk_ros/share/dynamixel_rdk_ros/environment/ament_prefix_path.sh
[0.486s] -- Up-to-date symlink: /home/yu/colcon_ws/install/dynamixel_rdk_ros/share/dynamixel_rdk_ros/environment/ament_prefix_path.dsv
[0.486s] -- Up-to-date symlink: /home/yu/colcon_ws/install/dynamixel_rdk_ros/share/dynamixel_rdk_ros/environment/path.sh
[0.486s] -- Up-to-date symlink: /home/yu/colcon_ws/install/dynamixel_rdk_ros/share/dynamixel_rdk_ros/environment/path.dsv
[0.486s] -- Up-to-date symlink: /home/yu/colcon_ws/install/dynamixel_rdk_ros/share/dynamixel_rdk_ros/local_setup.bash
[0.486s] -- Up-to-date symlink: /home/yu/colcon_ws/install/dynamixel_rdk_ros/share/dynamixel_rdk_ros/local_setup.sh
[0.486s] -- Up-to-date symlink: /home/yu/colcon_ws/install/dynamixel_rdk_ros/share/dynamixel_rdk_ros/local_setup.zsh
[0.486s] -- Up-to-date symlink: /home/yu/colcon_ws/install/dynamixel_rdk_ros/share/dynamixel_rdk_ros/local_setup.dsv
[0.486s] -- Symlinking: /home/yu/colcon_ws/install/dynamixel_rdk_ros/share/dynamixel_rdk_ros/package.dsv
[0.494s] -- Up-to-date symlink: /home/yu/colcon_ws/install/dynamixel_rdk_ros/share/ament_index/resource_index/packages/dynamixel_rdk_ros
[0.494s] -- Up-to-date symlink: /home/yu/colcon_ws/install/dynamixel_rdk_ros/share/dynamixel_rdk_ros/cmake/dynamixel_rdk_rosConfig.cmake
[0.494s] -- Up-to-date symlink: /home/yu/colcon_ws/install/dynamixel_rdk_ros/share/dynamixel_rdk_ros/cmake/dynamixel_rdk_rosConfig-version.cmake
[0.494s] -- Up-to-date symlink: /home/yu/colcon_ws/install/dynamixel_rdk_ros/share/dynamixel_rdk_ros/package.xml
[0.497s] Invoked command in '/home/yu/colcon_ws/build/dynamixel_rdk_ros' returned '0': CMAKE_PREFIX_PATH=${CMAKE_PREFIX_PATH}:/home/yu/ros2_ws/install/python_parameter_tutorial:/opt/ros/humble /usr/bin/cmake --install /home/yu/colcon_ws/build/dynamixel_rdk_ros
