-- Found ament_cmake: 1.3.12 (/opt/ros/humble/share/ament_cmake/cmake)
-- Override CMake install command with custom implementation using symlinks instead of copying resources
-- Found rosidl_default_generators: 1.2.0 (/opt/ros/humble/share/rosidl_default_generators/cmake)
-- Using all available rosidl_typesupport_c: rosidl_typesupport_fastrtps_c;rosidl_typesupport_introspection_c
-- Found rosidl_adapter: 3.1.7 (/opt/ros/humble/share/rosidl_adapter/cmake)
-- Using all available rosidl_typesupport_cpp: rosidl_typesupport_fastrtps_cpp;rosidl_typesupport_introspection_cpp
-- Found std_msgs: 4.9.0 (/opt/ros/humble/share/std_msgs/cmake)
-- Found ament_cmake_ros: 0.10.0 (/opt/ros/humble/share/ament_cmake_ros/cmake)
-- Using all available rosidl_typesupport_c: rosidl_typesupport_fastrtps_c;rosidl_typesupport_introspection_c
-- Using all available rosidl_typesupport_cpp: rosidl_typesupport_fastrtps_cpp;rosidl_typesupport_introspection_cpp
-- Found python_cmake_module: 0.10.0 (/opt/ros/humble/share/python_cmake_module/cmake)
-- Using PYTHON_EXECUTABLE: /usr/bin/python3
-- Using PYTHON_INCLUDE_DIRS: /usr/include/python3.10
-- Using PYTHON_LIBRARIES: /usr/lib/x86_64-linux-gnu/libpython3.10.so
-- Found ament_lint_auto: 0.12.14 (/opt/ros/humble/share/ament_lint_auto/cmake)
-- Added test 'copyright' to check source files copyright and LICENSE
-- Added test 'lint_cmake' to check CMake code style
-- Added test 'xmllint' to check XML markup files
-- Configuring done
-- Generating done
-- Build files have been written to: /home/yu/colcon_ws/build/dynamixel_rdk_msgs
[35m[1mConsolidate compiler generated dependencies of target dynamixel_rdk_msgs__rosidl_generator_c[0m
[ 10%] Built target dynamixel_rdk_msgs__rosidl_generator_c
[ 12%] Built target dynamixel_rdk_msgs__cpp
[ 12%] Built target ament_cmake_python_symlink_dynamixel_rdk_msgs
[35m[1mConsolidate compiler generated dependencies of target dynamixel_rdk_msgs__rosidl_typesupport_introspection_c[0m
[35m[1mConsolidate compiler generated dependencies of target dynamixel_rdk_msgs__rosidl_typesupport_fastrtps_cpp[0m
[35m[1mConsolidate compiler generated dependencies of target dynamixel_rdk_msgs__rosidl_typesupport_c[0m
[35m[1mConsolidate compiler generated dependencies of target dynamixel_rdk_msgs__rosidl_typesupport_fastrtps_c[0m
[35m[1mConsolidate compiler generated dependencies of target dynamixel_rdk_msgs__rosidl_typesupport_cpp[0m
[35m[1mConsolidate compiler generated dependencies of target dynamixel_rdk_msgs__rosidl_typesupport_introspection_cpp[0m
[ 30%] Built target dynamixel_rdk_msgs__rosidl_typesupport_cpp
[ 41%] Built target dynamixel_rdk_msgs__rosidl_typesupport_fastrtps_c
[ 45%] Built target dynamixel_rdk_msgs__rosidl_typesupport_c
[ 67%] Built target dynamixel_rdk_msgs__rosidl_typesupport_fastrtps_cpp
[ 56%] Built target dynamixel_rdk_msgs__rosidl_typesupport_introspection_c
[ 78%] Built target dynamixel_rdk_msgs__rosidl_typesupport_introspection_cpp
[ 78%] Built target dynamixel_rdk_msgs
[ 80%] Built target dynamixel_rdk_msgs__py
[35m[1mConsolidate compiler generated dependencies of target dynamixel_rdk_msgs__rosidl_generator_py[0m
[ 89%] Built target dynamixel_rdk_msgs__rosidl_generator_py
[35m[1mConsolidate compiler generated dependencies of target dynamixel_rdk_msgs__rosidl_typesupport_introspection_c__pyext[0m
[35m[1mConsolidate compiler generated dependencies of target dynamixel_rdk_msgs__rosidl_typesupport_fastrtps_c__pyext[0m
[35m[1mConsolidate compiler generated dependencies of target dynamixel_rdk_msgs__rosidl_typesupport_c__pyext[0m
[ 92%] Built target dynamixel_rdk_msgs__rosidl_typesupport_introspection_c__pyext
[ 96%] Built target dynamixel_rdk_msgs__rosidl_typesupport_fastrtps_c__pyext
[100%] Built target dynamixel_rdk_msgs__rosidl_typesupport_c__pyext
running egg_info
writing dynamixel_rdk_msgs.egg-info/PKG-INFO
writing dependency_links to dynamixel_rdk_msgs.egg-info/dependency_links.txt
writing top-level names to dynamixel_rdk_msgs.egg-info/top_level.txt
reading manifest file 'dynamixel_rdk_msgs.egg-info/SOURCES.txt'
writing manifest file 'dynamixel_rdk_msgs.egg-info/SOURCES.txt'
[100%] Built target ament_cmake_python_build_dynamixel_rdk_msgs_egg
-- Install configuration: ""
-- Execute custom install script
-- Up-to-date symlink: /home/yu/colcon_ws/install/dynamixel_rdk_msgs/share/ament_index/resource_index/rosidl_interfaces/dynamixel_rdk_msgs
-- Up-to-date symlink: /home/yu/colcon_ws/install/dynamixel_rdk_msgs/include/dynamixel_rdk_msgs/dynamixel_rdk_msgs/msg/detail/dynamixel_bulk_read_msgs__functions.h
-- Up-to-date symlink: /home/yu/colcon_ws/install/dynamixel_rdk_msgs/include/dynamixel_rdk_msgs/dynamixel_rdk_msgs/msg/detail/dynamixel_bulk_read_msgs__struct.h
-- Up-to-date symlink: /home/yu/colcon_ws/install/dynamixel_rdk_msgs/include/dynamixel_rdk_msgs/dynamixel_rdk_msgs/msg/detail/dynamixel_bulk_read_msgs__type_support.h
-- Up-to-date symlink: /home/yu/colcon_ws/install/dynamixel_rdk_msgs/include/dynamixel_rdk_msgs/dynamixel_rdk_msgs/msg/detail/dynamixel_control_msgs__functions.h
-- Up-to-date symlink: /home/yu/colcon_ws/install/dynamixel_rdk_msgs/include/dynamixel_rdk_msgs/dynamixel_rdk_msgs/msg/detail/dynamixel_control_msgs__struct.h
-- Up-to-date symlink: /home/yu/colcon_ws/install/dynamixel_rdk_msgs/include/dynamixel_rdk_msgs/dynamixel_rdk_msgs/msg/detail/dynamixel_control_msgs__type_support.h
-- Up-to-date symlink: /home/yu/colcon_ws/install/dynamixel_rdk_msgs/include/dynamixel_rdk_msgs/dynamixel_rdk_msgs/msg/detail/dynamixel_msgs__functions.h
-- Up-to-date symlink: /home/yu/colcon_ws/install/dynamixel_rdk_msgs/include/dynamixel_rdk_msgs/dynamixel_rdk_msgs/msg/detail/dynamixel_msgs__struct.h
-- Up-to-date symlink: /home/yu/colcon_ws/install/dynamixel_rdk_msgs/include/dynamixel_rdk_msgs/dynamixel_rdk_msgs/msg/detail/dynamixel_msgs__type_support.h
-- Up-to-date symlink: /home/yu/colcon_ws/install/dynamixel_rdk_msgs/include/dynamixel_rdk_msgs/dynamixel_rdk_msgs/msg/detail/dynamixel_status_msgs__functions.h
-- Up-to-date symlink: /home/yu/colcon_ws/install/dynamixel_rdk_msgs/include/dynamixel_rdk_msgs/dynamixel_rdk_msgs/msg/detail/dynamixel_status_msgs__struct.h
-- Up-to-date symlink: /home/yu/colcon_ws/install/dynamixel_rdk_msgs/include/dynamixel_rdk_msgs/dynamixel_rdk_msgs/msg/detail/dynamixel_status_msgs__type_support.h
-- Up-to-date symlink: /home/yu/colcon_ws/install/dynamixel_rdk_msgs/include/dynamixel_rdk_msgs/dynamixel_rdk_msgs/msg/dynamixel_bulk_read_msgs.h
-- Up-to-date symlink: /home/yu/colcon_ws/install/dynamixel_rdk_msgs/include/dynamixel_rdk_msgs/dynamixel_rdk_msgs/msg/dynamixel_control_msgs.h
-- Up-to-date symlink: /home/yu/colcon_ws/install/dynamixel_rdk_msgs/include/dynamixel_rdk_msgs/dynamixel_rdk_msgs/msg/dynamixel_msgs.h
-- Up-to-date symlink: /home/yu/colcon_ws/install/dynamixel_rdk_msgs/include/dynamixel_rdk_msgs/dynamixel_rdk_msgs/msg/dynamixel_status_msgs.h
-- Up-to-date symlink: /home/yu/colcon_ws/install/dynamixel_rdk_msgs/include/dynamixel_rdk_msgs/dynamixel_rdk_msgs/msg/rosidl_generator_c__visibility_control.h
-- Up-to-date symlink: /home/yu/colcon_ws/install/dynamixel_rdk_msgs/share/dynamixel_rdk_msgs/environment/library_path.sh
-- Up-to-date symlink: /home/yu/colcon_ws/install/dynamixel_rdk_msgs/share/dynamixel_rdk_msgs/environment/library_path.dsv
-- Up-to-date symlink: /home/yu/colcon_ws/install/dynamixel_rdk_msgs/include/dynamixel_rdk_msgs/dynamixel_rdk_msgs/msg/detail/dynamixel_bulk_read_msgs__rosidl_typesupport_fastrtps_c.h
-- Up-to-date symlink: /home/yu/colcon_ws/install/dynamixel_rdk_msgs/include/dynamixel_rdk_msgs/dynamixel_rdk_msgs/msg/detail/dynamixel_control_msgs__rosidl_typesupport_fastrtps_c.h
-- Up-to-date symlink: /home/yu/colcon_ws/install/dynamixel_rdk_msgs/include/dynamixel_rdk_msgs/dynamixel_rdk_msgs/msg/detail/dynamixel_msgs__rosidl_typesupport_fastrtps_c.h
-- Up-to-date symlink: /home/yu/colcon_ws/install/dynamixel_rdk_msgs/include/dynamixel_rdk_msgs/dynamixel_rdk_msgs/msg/detail/dynamixel_status_msgs__rosidl_typesupport_fastrtps_c.h
-- Up-to-date symlink: /home/yu/colcon_ws/install/dynamixel_rdk_msgs/include/dynamixel_rdk_msgs/dynamixel_rdk_msgs/msg/rosidl_typesupport_fastrtps_c__visibility_control.h
-- Up-to-date symlink: /home/yu/colcon_ws/install/dynamixel_rdk_msgs/include/dynamixel_rdk_msgs/dynamixel_rdk_msgs/msg/detail/dynamixel_bulk_read_msgs__rosidl_typesupport_introspection_c.h
-- Up-to-date symlink: /home/yu/colcon_ws/install/dynamixel_rdk_msgs/include/dynamixel_rdk_msgs/dynamixel_rdk_msgs/msg/detail/dynamixel_control_msgs__rosidl_typesupport_introspection_c.h
-- Up-to-date symlink: /home/yu/colcon_ws/install/dynamixel_rdk_msgs/include/dynamixel_rdk_msgs/dynamixel_rdk_msgs/msg/detail/dynamixel_msgs__rosidl_typesupport_introspection_c.h
-- Up-to-date symlink: /home/yu/colcon_ws/install/dynamixel_rdk_msgs/include/dynamixel_rdk_msgs/dynamixel_rdk_msgs/msg/detail/dynamixel_status_msgs__rosidl_typesupport_introspection_c.h
-- Up-to-date symlink: /home/yu/colcon_ws/install/dynamixel_rdk_msgs/include/dynamixel_rdk_msgs/dynamixel_rdk_msgs/msg/rosidl_typesupport_introspection_c__visibility_control.h
-- Up-to-date symlink: /home/yu/colcon_ws/install/dynamixel_rdk_msgs/include/dynamixel_rdk_msgs/dynamixel_rdk_msgs/msg/detail/dynamixel_bulk_read_msgs__builder.hpp
-- Up-to-date symlink: /home/yu/colcon_ws/install/dynamixel_rdk_msgs/include/dynamixel_rdk_msgs/dynamixel_rdk_msgs/msg/detail/dynamixel_bulk_read_msgs__struct.hpp
-- Up-to-date symlink: /home/yu/colcon_ws/install/dynamixel_rdk_msgs/include/dynamixel_rdk_msgs/dynamixel_rdk_msgs/msg/detail/dynamixel_bulk_read_msgs__traits.hpp
-- Up-to-date symlink: /home/yu/colcon_ws/install/dynamixel_rdk_msgs/include/dynamixel_rdk_msgs/dynamixel_rdk_msgs/msg/detail/dynamixel_bulk_read_msgs__type_support.hpp
-- Up-to-date symlink: /home/yu/colcon_ws/install/dynamixel_rdk_msgs/include/dynamixel_rdk_msgs/dynamixel_rdk_msgs/msg/detail/dynamixel_control_msgs__builder.hpp
-- Up-to-date symlink: /home/yu/colcon_ws/install/dynamixel_rdk_msgs/include/dynamixel_rdk_msgs/dynamixel_rdk_msgs/msg/detail/dynamixel_control_msgs__struct.hpp
-- Up-to-date symlink: /home/yu/colcon_ws/install/dynamixel_rdk_msgs/include/dynamixel_rdk_msgs/dynamixel_rdk_msgs/msg/detail/dynamixel_control_msgs__traits.hpp
-- Up-to-date symlink: /home/yu/colcon_ws/install/dynamixel_rdk_msgs/include/dynamixel_rdk_msgs/dynamixel_rdk_msgs/msg/detail/dynamixel_control_msgs__type_support.hpp
-- Up-to-date symlink: /home/yu/colcon_ws/install/dynamixel_rdk_msgs/include/dynamixel_rdk_msgs/dynamixel_rdk_msgs/msg/detail/dynamixel_msgs__builder.hpp
-- Up-to-date symlink: /home/yu/colcon_ws/install/dynamixel_rdk_msgs/include/dynamixel_rdk_msgs/dynamixel_rdk_msgs/msg/detail/dynamixel_msgs__struct.hpp
-- Up-to-date symlink: /home/yu/colcon_ws/install/dynamixel_rdk_msgs/include/dynamixel_rdk_msgs/dynamixel_rdk_msgs/msg/detail/dynamixel_msgs__traits.hpp
-- Up-to-date symlink: /home/yu/colcon_ws/install/dynamixel_rdk_msgs/include/dynamixel_rdk_msgs/dynamixel_rdk_msgs/msg/detail/dynamixel_msgs__type_support.hpp
-- Up-to-date symlink: /home/yu/colcon_ws/install/dynamixel_rdk_msgs/include/dynamixel_rdk_msgs/dynamixel_rdk_msgs/msg/detail/dynamixel_status_msgs__builder.hpp
-- Up-to-date symlink: /home/yu/colcon_ws/install/dynamixel_rdk_msgs/include/dynamixel_rdk_msgs/dynamixel_rdk_msgs/msg/detail/dynamixel_status_msgs__struct.hpp
-- Up-to-date symlink: /home/yu/colcon_ws/install/dynamixel_rdk_msgs/include/dynamixel_rdk_msgs/dynamixel_rdk_msgs/msg/detail/dynamixel_status_msgs__traits.hpp
-- Up-to-date symlink: /home/yu/colcon_ws/install/dynamixel_rdk_msgs/include/dynamixel_rdk_msgs/dynamixel_rdk_msgs/msg/detail/dynamixel_status_msgs__type_support.hpp
-- Up-to-date symlink: /home/yu/colcon_ws/install/dynamixel_rdk_msgs/include/dynamixel_rdk_msgs/dynamixel_rdk_msgs/msg/dynamixel_bulk_read_msgs.hpp
-- Up-to-date symlink: /home/yu/colcon_ws/install/dynamixel_rdk_msgs/include/dynamixel_rdk_msgs/dynamixel_rdk_msgs/msg/dynamixel_control_msgs.hpp
-- Up-to-date symlink: /home/yu/colcon_ws/install/dynamixel_rdk_msgs/include/dynamixel_rdk_msgs/dynamixel_rdk_msgs/msg/dynamixel_msgs.hpp
-- Up-to-date symlink: /home/yu/colcon_ws/install/dynamixel_rdk_msgs/include/dynamixel_rdk_msgs/dynamixel_rdk_msgs/msg/dynamixel_status_msgs.hpp
-- Up-to-date symlink: /home/yu/colcon_ws/install/dynamixel_rdk_msgs/include/dynamixel_rdk_msgs/dynamixel_rdk_msgs/msg/rosidl_generator_cpp__visibility_control.hpp
-- Up-to-date symlink: /home/yu/colcon_ws/install/dynamixel_rdk_msgs/include/dynamixel_rdk_msgs/dynamixel_rdk_msgs/msg/detail/dynamixel_bulk_read_msgs__rosidl_typesupport_fastrtps_cpp.hpp
-- Up-to-date symlink: /home/yu/colcon_ws/install/dynamixel_rdk_msgs/include/dynamixel_rdk_msgs/dynamixel_rdk_msgs/msg/detail/dynamixel_control_msgs__rosidl_typesupport_fastrtps_cpp.hpp
-- Up-to-date symlink: /home/yu/colcon_ws/install/dynamixel_rdk_msgs/include/dynamixel_rdk_msgs/dynamixel_rdk_msgs/msg/detail/dynamixel_msgs__rosidl_typesupport_fastrtps_cpp.hpp
-- Up-to-date symlink: /home/yu/colcon_ws/install/dynamixel_rdk_msgs/include/dynamixel_rdk_msgs/dynamixel_rdk_msgs/msg/detail/dynamixel_status_msgs__rosidl_typesupport_fastrtps_cpp.hpp
-- Up-to-date symlink: /home/yu/colcon_ws/install/dynamixel_rdk_msgs/include/dynamixel_rdk_msgs/dynamixel_rdk_msgs/msg/rosidl_typesupport_fastrtps_cpp__visibility_control.h
-- Up-to-date symlink: /home/yu/colcon_ws/install/dynamixel_rdk_msgs/include/dynamixel_rdk_msgs/dynamixel_rdk_msgs/msg/detail/dynamixel_bulk_read_msgs__rosidl_typesupport_introspection_cpp.hpp
-- Up-to-date symlink: /home/yu/colcon_ws/install/dynamixel_rdk_msgs/include/dynamixel_rdk_msgs/dynamixel_rdk_msgs/msg/detail/dynamixel_control_msgs__rosidl_typesupport_introspection_cpp.hpp
-- Up-to-date symlink: /home/yu/colcon_ws/install/dynamixel_rdk_msgs/include/dynamixel_rdk_msgs/dynamixel_rdk_msgs/msg/detail/dynamixel_msgs__rosidl_typesupport_introspection_cpp.hpp
-- Up-to-date symlink: /home/yu/colcon_ws/install/dynamixel_rdk_msgs/include/dynamixel_rdk_msgs/dynamixel_rdk_msgs/msg/detail/dynamixel_status_msgs__rosidl_typesupport_introspection_cpp.hpp
-- Up-to-date symlink: /home/yu/colcon_ws/install/dynamixel_rdk_msgs/share/dynamixel_rdk_msgs/environment/pythonpath.sh
-- Up-to-date symlink: /home/yu/colcon_ws/install/dynamixel_rdk_msgs/share/dynamixel_rdk_msgs/environment/pythonpath.dsv
-- Up-to-date symlink: /home/yu/colcon_ws/install/dynamixel_rdk_msgs/local/lib/python3.10/dist-packages/dynamixel_rdk_msgs-0.0.1-py3.10.egg-info/PKG-INFO
-- Up-to-date symlink: /home/yu/colcon_ws/install/dynamixel_rdk_msgs/local/lib/python3.10/dist-packages/dynamixel_rdk_msgs-0.0.1-py3.10.egg-info/SOURCES.txt
-- Up-to-date symlink: /home/yu/colcon_ws/install/dynamixel_rdk_msgs/local/lib/python3.10/dist-packages/dynamixel_rdk_msgs-0.0.1-py3.10.egg-info/dependency_links.txt
-- Up-to-date symlink: /home/yu/colcon_ws/install/dynamixel_rdk_msgs/local/lib/python3.10/dist-packages/dynamixel_rdk_msgs-0.0.1-py3.10.egg-info/top_level.txt
-- Up-to-date symlink: /home/yu/colcon_ws/install/dynamixel_rdk_msgs/local/lib/python3.10/dist-packages/dynamixel_rdk_msgs/__init__.py
-- Up-to-date symlink: /home/yu/colcon_ws/install/dynamixel_rdk_msgs/local/lib/python3.10/dist-packages/dynamixel_rdk_msgs/_dynamixel_rdk_msgs_s.ep.rosidl_typesupport_c.c
-- Up-to-date symlink: /home/yu/colcon_ws/install/dynamixel_rdk_msgs/local/lib/python3.10/dist-packages/dynamixel_rdk_msgs/_dynamixel_rdk_msgs_s.ep.rosidl_typesupport_fastrtps_c.c
-- Up-to-date symlink: /home/yu/colcon_ws/install/dynamixel_rdk_msgs/local/lib/python3.10/dist-packages/dynamixel_rdk_msgs/_dynamixel_rdk_msgs_s.ep.rosidl_typesupport_introspection_c.c
-- Up-to-date symlink: /home/yu/colcon_ws/install/dynamixel_rdk_msgs/local/lib/python3.10/dist-packages/dynamixel_rdk_msgs/dynamixel_rdk_msgs_s__rosidl_typesupport_c.cpython-310-x86_64-linux-gnu.so
-- Up-to-date symlink: /home/yu/colcon_ws/install/dynamixel_rdk_msgs/local/lib/python3.10/dist-packages/dynamixel_rdk_msgs/dynamixel_rdk_msgs_s__rosidl_typesupport_fastrtps_c.cpython-310-x86_64-linux-gnu.so
-- Up-to-date symlink: /home/yu/colcon_ws/install/dynamixel_rdk_msgs/local/lib/python3.10/dist-packages/dynamixel_rdk_msgs/dynamixel_rdk_msgs_s__rosidl_typesupport_introspection_c.cpython-310-x86_64-linux-gnu.so
-- Up-to-date symlink: /home/yu/colcon_ws/install/dynamixel_rdk_msgs/local/lib/python3.10/dist-packages/dynamixel_rdk_msgs/libdynamixel_rdk_msgs__rosidl_generator_py.so
-- Up-to-date symlink: /home/yu/colcon_ws/install/dynamixel_rdk_msgs/local/lib/python3.10/dist-packages/dynamixel_rdk_msgs/msg/__init__.py
-- Up-to-date symlink: /home/yu/colcon_ws/install/dynamixel_rdk_msgs/local/lib/python3.10/dist-packages/dynamixel_rdk_msgs/msg/_dynamixel_bulk_read_msgs.py
-- Up-to-date symlink: /home/yu/colcon_ws/install/dynamixel_rdk_msgs/local/lib/python3.10/dist-packages/dynamixel_rdk_msgs/msg/_dynamixel_bulk_read_msgs_s.c
-- Up-to-date symlink: /home/yu/colcon_ws/install/dynamixel_rdk_msgs/local/lib/python3.10/dist-packages/dynamixel_rdk_msgs/msg/_dynamixel_control_msgs.py
-- Up-to-date symlink: /home/yu/colcon_ws/install/dynamixel_rdk_msgs/local/lib/python3.10/dist-packages/dynamixel_rdk_msgs/msg/_dynamixel_control_msgs_s.c
-- Up-to-date symlink: /home/yu/colcon_ws/install/dynamixel_rdk_msgs/local/lib/python3.10/dist-packages/dynamixel_rdk_msgs/msg/_dynamixel_msgs.py
-- Up-to-date symlink: /home/yu/colcon_ws/install/dynamixel_rdk_msgs/local/lib/python3.10/dist-packages/dynamixel_rdk_msgs/msg/_dynamixel_msgs_s.c
-- Up-to-date symlink: /home/yu/colcon_ws/install/dynamixel_rdk_msgs/local/lib/python3.10/dist-packages/dynamixel_rdk_msgs/msg/_dynamixel_status_msgs.py
-- Up-to-date symlink: /home/yu/colcon_ws/install/dynamixel_rdk_msgs/local/lib/python3.10/dist-packages/dynamixel_rdk_msgs/msg/_dynamixel_status_msgs_s.c
-- Up-to-date symlink: /home/yu/colcon_ws/install/dynamixel_rdk_msgs/local/lib/python3.10/dist-packages/dynamixel_rdk_msgs/dynamixel_rdk_msgs_s__rosidl_typesupport_fastrtps_c.cpython-310-x86_64-linux-gnu.so
-- Up-to-date symlink: /home/yu/colcon_ws/install/dynamixel_rdk_msgs/local/lib/python3.10/dist-packages/dynamixel_rdk_msgs/dynamixel_rdk_msgs_s__rosidl_typesupport_introspection_c.cpython-310-x86_64-linux-gnu.so
-- Up-to-date symlink: /home/yu/colcon_ws/install/dynamixel_rdk_msgs/local/lib/python3.10/dist-packages/dynamixel_rdk_msgs/dynamixel_rdk_msgs_s__rosidl_typesupport_c.cpython-310-x86_64-linux-gnu.so
-- Up-to-date symlink: /home/yu/colcon_ws/install/dynamixel_rdk_msgs/share/dynamixel_rdk_msgs/msg/DynamixelMsgs.idl
-- Up-to-date symlink: /home/yu/colcon_ws/install/dynamixel_rdk_msgs/share/dynamixel_rdk_msgs/msg/DynamixelControlMsgs.idl
-- Up-to-date symlink: /home/yu/colcon_ws/install/dynamixel_rdk_msgs/share/dynamixel_rdk_msgs/msg/DynamixelStatusMsgs.idl
-- Up-to-date symlink: /home/yu/colcon_ws/install/dynamixel_rdk_msgs/share/dynamixel_rdk_msgs/msg/DynamixelBulkReadMsgs.idl
-- Up-to-date symlink: /home/yu/colcon_ws/install/dynamixel_rdk_msgs/share/dynamixel_rdk_msgs/msg/DynamixelMsgs.msg
-- Up-to-date symlink: /home/yu/colcon_ws/install/dynamixel_rdk_msgs/share/dynamixel_rdk_msgs/msg/DynamixelControlMsgs.msg
-- Up-to-date symlink: /home/yu/colcon_ws/install/dynamixel_rdk_msgs/share/dynamixel_rdk_msgs/msg/DynamixelStatusMsgs.msg
-- Up-to-date symlink: /home/yu/colcon_ws/install/dynamixel_rdk_msgs/share/dynamixel_rdk_msgs/msg/DynamixelBulkReadMsgs.msg
-- Up-to-date symlink: /home/yu/colcon_ws/install/dynamixel_rdk_msgs/share/ament_index/resource_index/package_run_dependencies/dynamixel_rdk_msgs
-- Up-to-date symlink: /home/yu/colcon_ws/install/dynamixel_rdk_msgs/share/ament_index/resource_index/parent_prefix_path/dynamixel_rdk_msgs
-- Up-to-date symlink: /home/yu/colcon_ws/install/dynamixel_rdk_msgs/share/dynamixel_rdk_msgs/environment/ament_prefix_path.sh
-- Up-to-date symlink: /home/yu/colcon_ws/install/dynamixel_rdk_msgs/share/dynamixel_rdk_msgs/environment/ament_prefix_path.dsv
-- Up-to-date symlink: /home/yu/colcon_ws/install/dynamixel_rdk_msgs/share/dynamixel_rdk_msgs/environment/path.sh
-- Up-to-date symlink: /home/yu/colcon_ws/install/dynamixel_rdk_msgs/share/dynamixel_rdk_msgs/environment/path.dsv
-- Up-to-date symlink: /home/yu/colcon_ws/install/dynamixel_rdk_msgs/share/dynamixel_rdk_msgs/local_setup.bash
-- Up-to-date symlink: /home/yu/colcon_ws/install/dynamixel_rdk_msgs/share/dynamixel_rdk_msgs/local_setup.sh
-- Up-to-date symlink: /home/yu/colcon_ws/install/dynamixel_rdk_msgs/share/dynamixel_rdk_msgs/local_setup.zsh
-- Up-to-date symlink: /home/yu/colcon_ws/install/dynamixel_rdk_msgs/share/dynamixel_rdk_msgs/local_setup.dsv
-- Symlinking: /home/yu/colcon_ws/install/dynamixel_rdk_msgs/share/dynamixel_rdk_msgs/package.dsv
-- Up-to-date symlink: /home/yu/colcon_ws/install/dynamixel_rdk_msgs/share/ament_index/resource_index/packages/dynamixel_rdk_msgs
-- Up-to-date symlink: /home/yu/colcon_ws/install/dynamixel_rdk_msgs/share/dynamixel_rdk_msgs/cmake/rosidl_cmake-extras.cmake
-- Up-to-date symlink: /home/yu/colcon_ws/install/dynamixel_rdk_msgs/share/dynamixel_rdk_msgs/cmake/ament_cmake_export_dependencies-extras.cmake
-- Up-to-date symlink: /home/yu/colcon_ws/install/dynamixel_rdk_msgs/share/dynamixel_rdk_msgs/cmake/ament_cmake_export_include_directories-extras.cmake
-- Up-to-date symlink: /home/yu/colcon_ws/install/dynamixel_rdk_msgs/share/dynamixel_rdk_msgs/cmake/ament_cmake_export_libraries-extras.cmake
-- Up-to-date symlink: /home/yu/colcon_ws/install/dynamixel_rdk_msgs/share/dynamixel_rdk_msgs/cmake/ament_cmake_export_targets-extras.cmake
-- Up-to-date symlink: /home/yu/colcon_ws/install/dynamixel_rdk_msgs/share/dynamixel_rdk_msgs/cmake/rosidl_cmake_export_typesupport_targets-extras.cmake
-- Up-to-date symlink: /home/yu/colcon_ws/install/dynamixel_rdk_msgs/share/dynamixel_rdk_msgs/cmake/rosidl_cmake_export_typesupport_libraries-extras.cmake
-- Up-to-date symlink: /home/yu/colcon_ws/install/dynamixel_rdk_msgs/share/dynamixel_rdk_msgs/cmake/dynamixel_rdk_msgsConfig.cmake
-- Up-to-date symlink: /home/yu/colcon_ws/install/dynamixel_rdk_msgs/share/dynamixel_rdk_msgs/cmake/dynamixel_rdk_msgsConfig-version.cmake
-- Up-to-date symlink: /home/yu/colcon_ws/install/dynamixel_rdk_msgs/share/dynamixel_rdk_msgs/package.xml
-- Up-to-date: /home/yu/colcon_ws/install/dynamixel_rdk_msgs/lib/libdynamixel_rdk_msgs__rosidl_generator_c.so
-- Up-to-date: /home/yu/colcon_ws/install/dynamixel_rdk_msgs/lib/libdynamixel_rdk_msgs__rosidl_typesupport_fastrtps_c.so
-- Up-to-date: /home/yu/colcon_ws/install/dynamixel_rdk_msgs/lib/libdynamixel_rdk_msgs__rosidl_typesupport_introspection_c.so
-- Up-to-date: /home/yu/colcon_ws/install/dynamixel_rdk_msgs/lib/libdynamixel_rdk_msgs__rosidl_typesupport_c.so
-- Up-to-date: /home/yu/colcon_ws/install/dynamixel_rdk_msgs/lib/libdynamixel_rdk_msgs__rosidl_typesupport_fastrtps_cpp.so
-- Up-to-date: /home/yu/colcon_ws/install/dynamixel_rdk_msgs/lib/libdynamixel_rdk_msgs__rosidl_typesupport_introspection_cpp.so
-- Up-to-date: /home/yu/colcon_ws/install/dynamixel_rdk_msgs/lib/libdynamixel_rdk_msgs__rosidl_typesupport_cpp.so
Listing '/home/yu/colcon_ws/install/dynamixel_rdk_msgs/local/lib/python3.10/dist-packages/dynamixel_rdk_msgs'...
Compiling '/home/yu/colcon_ws/install/dynamixel_rdk_msgs/local/lib/python3.10/dist-packages/dynamixel_rdk_msgs/__init__.py'...
Listing '/home/yu/colcon_ws/install/dynamixel_rdk_msgs/local/lib/python3.10/dist-packages/dynamixel_rdk_msgs/msg'...
-- Up-to-date: /home/yu/colcon_ws/install/dynamixel_rdk_msgs/lib/libdynamixel_rdk_msgs__rosidl_generator_py.so
-- Up-to-date: /home/yu/colcon_ws/install/dynamixel_rdk_msgs/share/dynamixel_rdk_msgs/cmake/export_dynamixel_rdk_msgs__rosidl_generator_cExport.cmake
-- Up-to-date: /home/yu/colcon_ws/install/dynamixel_rdk_msgs/share/dynamixel_rdk_msgs/cmake/export_dynamixel_rdk_msgs__rosidl_generator_cExport-noconfig.cmake
-- Up-to-date: /home/yu/colcon_ws/install/dynamixel_rdk_msgs/share/dynamixel_rdk_msgs/cmake/export_dynamixel_rdk_msgs__rosidl_typesupport_fastrtps_cExport.cmake
-- Up-to-date: /home/yu/colcon_ws/install/dynamixel_rdk_msgs/share/dynamixel_rdk_msgs/cmake/export_dynamixel_rdk_msgs__rosidl_typesupport_fastrtps_cExport-noconfig.cmake
-- Up-to-date: /home/yu/colcon_ws/install/dynamixel_rdk_msgs/share/dynamixel_rdk_msgs/cmake/dynamixel_rdk_msgs__rosidl_typesupport_introspection_cExport.cmake
-- Up-to-date: /home/yu/colcon_ws/install/dynamixel_rdk_msgs/share/dynamixel_rdk_msgs/cmake/dynamixel_rdk_msgs__rosidl_typesupport_introspection_cExport-noconfig.cmake
-- Up-to-date: /home/yu/colcon_ws/install/dynamixel_rdk_msgs/share/dynamixel_rdk_msgs/cmake/dynamixel_rdk_msgs__rosidl_typesupport_cExport.cmake
-- Up-to-date: /home/yu/colcon_ws/install/dynamixel_rdk_msgs/share/dynamixel_rdk_msgs/cmake/dynamixel_rdk_msgs__rosidl_typesupport_cExport-noconfig.cmake
-- Up-to-date: /home/yu/colcon_ws/install/dynamixel_rdk_msgs/share/dynamixel_rdk_msgs/cmake/export_dynamixel_rdk_msgs__rosidl_generator_cppExport.cmake
-- Up-to-date: /home/yu/colcon_ws/install/dynamixel_rdk_msgs/share/dynamixel_rdk_msgs/cmake/export_dynamixel_rdk_msgs__rosidl_typesupport_fastrtps_cppExport.cmake
-- Up-to-date: /home/yu/colcon_ws/install/dynamixel_rdk_msgs/share/dynamixel_rdk_msgs/cmake/export_dynamixel_rdk_msgs__rosidl_typesupport_fastrtps_cppExport-noconfig.cmake
-- Up-to-date: /home/yu/colcon_ws/install/dynamixel_rdk_msgs/share/dynamixel_rdk_msgs/cmake/dynamixel_rdk_msgs__rosidl_typesupport_introspection_cppExport.cmake
-- Up-to-date: /home/yu/colcon_ws/install/dynamixel_rdk_msgs/share/dynamixel_rdk_msgs/cmake/dynamixel_rdk_msgs__rosidl_typesupport_introspection_cppExport-noconfig.cmake
-- Up-to-date: /home/yu/colcon_ws/install/dynamixel_rdk_msgs/share/dynamixel_rdk_msgs/cmake/dynamixel_rdk_msgs__rosidl_typesupport_cppExport.cmake
-- Up-to-date: /home/yu/colcon_ws/install/dynamixel_rdk_msgs/share/dynamixel_rdk_msgs/cmake/dynamixel_rdk_msgs__rosidl_typesupport_cppExport-noconfig.cmake
-- Up-to-date: /home/yu/colcon_ws/install/dynamixel_rdk_msgs/share/dynamixel_rdk_msgs/cmake/export_dynamixel_rdk_msgs__rosidl_generator_pyExport.cmake
-- Up-to-date: /home/yu/colcon_ws/install/dynamixel_rdk_msgs/share/dynamixel_rdk_msgs/cmake/export_dynamixel_rdk_msgs__rosidl_generator_pyExport-noconfig.cmake
