[0.011s] Invoking command in '/home/yu/colcon_ws/build/dynamixel_rdk_msgs': CMAKE_PREFIX_PATH=${CMAKE_PREFIX_PATH}:/home/yu/ros2_ws/install/python_parameter_tutorial:/opt/ros/humble /usr/bin/cmake /home/yu/colcon_ws/src/dynamixel_rdk/dynamixel-RDK/dynamixel_rdk_msgs -DCMAKE_INSTALL_PREFIX=/home/yu/colcon_ws/install/dynamixel_rdk_msgs
[0.018s] -- Found ament_cmake: 1.3.12 (/opt/ros/humble/share/ament_cmake/cmake)
[0.101s] -- Override CMake install command with custom implementation using symlinks instead of copying resources
[0.106s] -- Found rosidl_default_generators: 1.2.0 (/opt/ros/humble/share/rosidl_default_generators/cmake)
[0.107s] -- Using all available rosidl_typesupport_c: rosidl_typesupport_fastrtps_c;rosidl_typesupport_introspection_c
[0.108s] -- Found rosidl_adapter: 3.1.7 (/opt/ros/humble/share/rosidl_adapter/cmake)
[0.135s] -- Using all available rosidl_typesupport_cpp: rosidl_typesupport_fastrtps_cpp;rosidl_typesupport_introspection_cpp
[0.147s] -- Found std_msgs: 4.9.0 (/opt/ros/humble/share/std_msgs/cmake)
[0.358s] -- Found ament_cmake_ros: 0.10.0 (/opt/ros/humble/share/ament_cmake_ros/cmake)
[0.522s] -- Using all available rosidl_typesupport_c: rosidl_typesupport_fastrtps_c;rosidl_typesupport_introspection_c
[0.770s] -- Using all available rosidl_typesupport_cpp: rosidl_typesupport_fastrtps_cpp;rosidl_typesupport_introspection_cpp
[0.797s] -- Found python_cmake_module: 0.10.0 (/opt/ros/humble/share/python_cmake_module/cmake)
[0.815s] -- Using PYTHON_EXECUTABLE: /usr/bin/python3
[0.815s] -- Using PYTHON_INCLUDE_DIRS: /usr/include/python3.10
[0.816s] -- Using PYTHON_LIBRARIES: /usr/lib/x86_64-linux-gnu/libpython3.10.so
[0.838s] -- Found ament_lint_auto: 0.12.14 (/opt/ros/humble/share/ament_lint_auto/cmake)
[0.844s] -- Added test 'copyright' to check source files copyright and LICENSE
[0.844s] -- Added test 'lint_cmake' to check CMake code style
[0.845s] -- Added test 'xmllint' to check XML markup files
[0.846s] -- Configuring done
[0.865s] -- Generating done
[0.869s] -- Build files have been written to: /home/yu/colcon_ws/build/dynamixel_rdk_msgs
[0.876s] Invoked command in '/home/yu/colcon_ws/build/dynamixel_rdk_msgs' returned '0': CMAKE_PREFIX_PATH=${CMAKE_PREFIX_PATH}:/home/yu/ros2_ws/install/python_parameter_tutorial:/opt/ros/humble /usr/bin/cmake /home/yu/colcon_ws/src/dynamixel_rdk/dynamixel-RDK/dynamixel_rdk_msgs -DCMAKE_INSTALL_PREFIX=/home/yu/colcon_ws/install/dynamixel_rdk_msgs
[0.877s] Invoking command in '/home/yu/colcon_ws/build/dynamixel_rdk_msgs': CMAKE_PREFIX_PATH=${CMAKE_PREFIX_PATH}:/home/yu/ros2_ws/install/python_parameter_tutorial:/opt/ros/humble /usr/bin/cmake --build /home/yu/colcon_ws/build/dynamixel_rdk_msgs -- -j8 -l8
[0.908s] [35m[1mConsolidate compiler generated dependencies of target dynamixel_rdk_msgs__rosidl_generator_c[0m
[0.915s] [ 10%] Built target dynamixel_rdk_msgs__rosidl_generator_c
[0.916s] [ 12%] Built target dynamixel_rdk_msgs__cpp
[0.921s] [ 12%] Built target ament_cmake_python_symlink_dynamixel_rdk_msgs
[0.933s] [35m[1mConsolidate compiler generated dependencies of target dynamixel_rdk_msgs__rosidl_typesupport_introspection_c[0m
[0.933s] [35m[1mConsolidate compiler generated dependencies of target dynamixel_rdk_msgs__rosidl_typesupport_fastrtps_cpp[0m
[0.933s] [35m[1mConsolidate compiler generated dependencies of target dynamixel_rdk_msgs__rosidl_typesupport_c[0m
[0.933s] [35m[1mConsolidate compiler generated dependencies of target dynamixel_rdk_msgs__rosidl_typesupport_fastrtps_c[0m
[0.933s] [35m[1mConsolidate compiler generated dependencies of target dynamixel_rdk_msgs__rosidl_typesupport_cpp[0m
[0.936s] [35m[1mConsolidate compiler generated dependencies of target dynamixel_rdk_msgs__rosidl_typesupport_introspection_cpp[0m
[0.946s] [ 30%] Built target dynamixel_rdk_msgs__rosidl_typesupport_cpp
[0.946s] [ 41%] Built target dynamixel_rdk_msgs__rosidl_typesupport_fastrtps_c
[0.947s] [ 45%] Built target dynamixel_rdk_msgs__rosidl_typesupport_c
[0.947s] [ 67%] Built target dynamixel_rdk_msgs__rosidl_typesupport_fastrtps_cpp
[0.948s] [ 56%] Built target dynamixel_rdk_msgs__rosidl_typesupport_introspection_c
[0.950s] [ 78%] Built target dynamixel_rdk_msgs__rosidl_typesupport_introspection_cpp
[0.974s] [ 78%] Built target dynamixel_rdk_msgs
[0.995s] [ 80%] Built target dynamixel_rdk_msgs__py
[1.004s] [35m[1mConsolidate compiler generated dependencies of target dynamixel_rdk_msgs__rosidl_generator_py[0m
[1.017s] [ 89%] Built target dynamixel_rdk_msgs__rosidl_generator_py
[1.041s] [35m[1mConsolidate compiler generated dependencies of target dynamixel_rdk_msgs__rosidl_typesupport_introspection_c__pyext[0m
[1.041s] [35m[1mConsolidate compiler generated dependencies of target dynamixel_rdk_msgs__rosidl_typesupport_fastrtps_c__pyext[0m
[1.042s] [35m[1mConsolidate compiler generated dependencies of target dynamixel_rdk_msgs__rosidl_typesupport_c__pyext[0m
[1.061s] [ 92%] Built target dynamixel_rdk_msgs__rosidl_typesupport_introspection_c__pyext
[1.071s] [ 96%] Built target dynamixel_rdk_msgs__rosidl_typesupport_fastrtps_c__pyext
[1.074s] [100%] Built target dynamixel_rdk_msgs__rosidl_typesupport_c__pyext
[1.213s] running egg_info
[1.216s] writing dynamixel_rdk_msgs.egg-info/PKG-INFO
[1.216s] writing dependency_links to dynamixel_rdk_msgs.egg-info/dependency_links.txt
[1.216s] writing top-level names to dynamixel_rdk_msgs.egg-info/top_level.txt
[1.217s] reading manifest file 'dynamixel_rdk_msgs.egg-info/SOURCES.txt'
[1.218s] writing manifest file 'dynamixel_rdk_msgs.egg-info/SOURCES.txt'
[1.277s] [100%] Built target ament_cmake_python_build_dynamixel_rdk_msgs_egg
[1.304s] Invoked command in '/home/yu/colcon_ws/build/dynamixel_rdk_msgs' returned '0': CMAKE_PREFIX_PATH=${CMAKE_PREFIX_PATH}:/home/yu/ros2_ws/install/python_parameter_tutorial:/opt/ros/humble /usr/bin/cmake --build /home/yu/colcon_ws/build/dynamixel_rdk_msgs -- -j8 -l8
[1.313s] Invoking command in '/home/yu/colcon_ws/build/dynamixel_rdk_msgs': CMAKE_PREFIX_PATH=${CMAKE_PREFIX_PATH}:/home/yu/ros2_ws/install/python_parameter_tutorial:/opt/ros/humble /usr/bin/cmake --install /home/yu/colcon_ws/build/dynamixel_rdk_msgs
[1.322s] -- Install configuration: ""
[1.323s] -- Execute custom install script
[1.323s] -- Up-to-date symlink: /home/yu/colcon_ws/install/dynamixel_rdk_msgs/share/ament_index/resource_index/rosidl_interfaces/dynamixel_rdk_msgs
[1.323s] -- Up-to-date symlink: /home/yu/colcon_ws/install/dynamixel_rdk_msgs/include/dynamixel_rdk_msgs/dynamixel_rdk_msgs/msg/detail/dynamixel_bulk_read_msgs__functions.h
[1.325s] -- Up-to-date symlink: /home/yu/colcon_ws/install/dynamixel_rdk_msgs/include/dynamixel_rdk_msgs/dynamixel_rdk_msgs/msg/detail/dynamixel_bulk_read_msgs__struct.h
[1.328s] -- Up-to-date symlink: /home/yu/colcon_ws/install/dynamixel_rdk_msgs/include/dynamixel_rdk_msgs/dynamixel_rdk_msgs/msg/detail/dynamixel_bulk_read_msgs__type_support.h
[1.328s] -- Up-to-date symlink: /home/yu/colcon_ws/install/dynamixel_rdk_msgs/include/dynamixel_rdk_msgs/dynamixel_rdk_msgs/msg/detail/dynamixel_control_msgs__functions.h
[1.328s] -- Up-to-date symlink: /home/yu/colcon_ws/install/dynamixel_rdk_msgs/include/dynamixel_rdk_msgs/dynamixel_rdk_msgs/msg/detail/dynamixel_control_msgs__struct.h
[1.328s] -- Up-to-date symlink: /home/yu/colcon_ws/install/dynamixel_rdk_msgs/include/dynamixel_rdk_msgs/dynamixel_rdk_msgs/msg/detail/dynamixel_control_msgs__type_support.h
[1.328s] -- Up-to-date symlink: /home/yu/colcon_ws/install/dynamixel_rdk_msgs/include/dynamixel_rdk_msgs/dynamixel_rdk_msgs/msg/detail/dynamixel_msgs__functions.h
[1.328s] -- Up-to-date symlink: /home/yu/colcon_ws/install/dynamixel_rdk_msgs/include/dynamixel_rdk_msgs/dynamixel_rdk_msgs/msg/detail/dynamixel_msgs__struct.h
[1.328s] -- Up-to-date symlink: /home/yu/colcon_ws/install/dynamixel_rdk_msgs/include/dynamixel_rdk_msgs/dynamixel_rdk_msgs/msg/detail/dynamixel_msgs__type_support.h
[1.328s] -- Up-to-date symlink: /home/yu/colcon_ws/install/dynamixel_rdk_msgs/include/dynamixel_rdk_msgs/dynamixel_rdk_msgs/msg/detail/dynamixel_status_msgs__functions.h
[1.328s] -- Up-to-date symlink: /home/yu/colcon_ws/install/dynamixel_rdk_msgs/include/dynamixel_rdk_msgs/dynamixel_rdk_msgs/msg/detail/dynamixel_status_msgs__struct.h
[1.328s] -- Up-to-date symlink: /home/yu/colcon_ws/install/dynamixel_rdk_msgs/include/dynamixel_rdk_msgs/dynamixel_rdk_msgs/msg/detail/dynamixel_status_msgs__type_support.h
[1.329s] -- Up-to-date symlink: /home/yu/colcon_ws/install/dynamixel_rdk_msgs/include/dynamixel_rdk_msgs/dynamixel_rdk_msgs/msg/dynamixel_bulk_read_msgs.h
[1.329s] -- Up-to-date symlink: /home/yu/colcon_ws/install/dynamixel_rdk_msgs/include/dynamixel_rdk_msgs/dynamixel_rdk_msgs/msg/dynamixel_control_msgs.h
[1.329s] -- Up-to-date symlink: /home/yu/colcon_ws/install/dynamixel_rdk_msgs/include/dynamixel_rdk_msgs/dynamixel_rdk_msgs/msg/dynamixel_msgs.h
[1.329s] -- Up-to-date symlink: /home/yu/colcon_ws/install/dynamixel_rdk_msgs/include/dynamixel_rdk_msgs/dynamixel_rdk_msgs/msg/dynamixel_status_msgs.h
[1.329s] -- Up-to-date symlink: /home/yu/colcon_ws/install/dynamixel_rdk_msgs/include/dynamixel_rdk_msgs/dynamixel_rdk_msgs/msg/rosidl_generator_c__visibility_control.h
[1.329s] -- Up-to-date symlink: /home/yu/colcon_ws/install/dynamixel_rdk_msgs/share/dynamixel_rdk_msgs/environment/library_path.sh
[1.329s] -- Up-to-date symlink: /home/yu/colcon_ws/install/dynamixel_rdk_msgs/share/dynamixel_rdk_msgs/environment/library_path.dsv
[1.329s] -- Up-to-date symlink: /home/yu/colcon_ws/install/dynamixel_rdk_msgs/include/dynamixel_rdk_msgs/dynamixel_rdk_msgs/msg/detail/dynamixel_bulk_read_msgs__rosidl_typesupport_fastrtps_c.h
[1.329s] -- Up-to-date symlink: /home/yu/colcon_ws/install/dynamixel_rdk_msgs/include/dynamixel_rdk_msgs/dynamixel_rdk_msgs/msg/detail/dynamixel_control_msgs__rosidl_typesupport_fastrtps_c.h
[1.329s] -- Up-to-date symlink: /home/yu/colcon_ws/install/dynamixel_rdk_msgs/include/dynamixel_rdk_msgs/dynamixel_rdk_msgs/msg/detail/dynamixel_msgs__rosidl_typesupport_fastrtps_c.h
[1.329s] -- Up-to-date symlink: /home/yu/colcon_ws/install/dynamixel_rdk_msgs/include/dynamixel_rdk_msgs/dynamixel_rdk_msgs/msg/detail/dynamixel_status_msgs__rosidl_typesupport_fastrtps_c.h
[1.329s] -- Up-to-date symlink: /home/yu/colcon_ws/install/dynamixel_rdk_msgs/include/dynamixel_rdk_msgs/dynamixel_rdk_msgs/msg/rosidl_typesupport_fastrtps_c__visibility_control.h
[1.329s] -- Up-to-date symlink: /home/yu/colcon_ws/install/dynamixel_rdk_msgs/include/dynamixel_rdk_msgs/dynamixel_rdk_msgs/msg/detail/dynamixel_bulk_read_msgs__rosidl_typesupport_introspection_c.h
[1.329s] -- Up-to-date symlink: /home/yu/colcon_ws/install/dynamixel_rdk_msgs/include/dynamixel_rdk_msgs/dynamixel_rdk_msgs/msg/detail/dynamixel_control_msgs__rosidl_typesupport_introspection_c.h
[1.329s] -- Up-to-date symlink: /home/yu/colcon_ws/install/dynamixel_rdk_msgs/include/dynamixel_rdk_msgs/dynamixel_rdk_msgs/msg/detail/dynamixel_msgs__rosidl_typesupport_introspection_c.h
[1.329s] -- Up-to-date symlink: /home/yu/colcon_ws/install/dynamixel_rdk_msgs/include/dynamixel_rdk_msgs/dynamixel_rdk_msgs/msg/detail/dynamixel_status_msgs__rosidl_typesupport_introspection_c.h
[1.329s] -- Up-to-date symlink: /home/yu/colcon_ws/install/dynamixel_rdk_msgs/include/dynamixel_rdk_msgs/dynamixel_rdk_msgs/msg/rosidl_typesupport_introspection_c__visibility_control.h
[1.329s] -- Up-to-date symlink: /home/yu/colcon_ws/install/dynamixel_rdk_msgs/include/dynamixel_rdk_msgs/dynamixel_rdk_msgs/msg/detail/dynamixel_bulk_read_msgs__builder.hpp
[1.329s] -- Up-to-date symlink: /home/yu/colcon_ws/install/dynamixel_rdk_msgs/include/dynamixel_rdk_msgs/dynamixel_rdk_msgs/msg/detail/dynamixel_bulk_read_msgs__struct.hpp
[1.329s] -- Up-to-date symlink: /home/yu/colcon_ws/install/dynamixel_rdk_msgs/include/dynamixel_rdk_msgs/dynamixel_rdk_msgs/msg/detail/dynamixel_bulk_read_msgs__traits.hpp
[1.329s] -- Up-to-date symlink: /home/yu/colcon_ws/install/dynamixel_rdk_msgs/include/dynamixel_rdk_msgs/dynamixel_rdk_msgs/msg/detail/dynamixel_bulk_read_msgs__type_support.hpp
[1.329s] -- Up-to-date symlink: /home/yu/colcon_ws/install/dynamixel_rdk_msgs/include/dynamixel_rdk_msgs/dynamixel_rdk_msgs/msg/detail/dynamixel_control_msgs__builder.hpp
[1.330s] -- Up-to-date symlink: /home/yu/colcon_ws/install/dynamixel_rdk_msgs/include/dynamixel_rdk_msgs/dynamixel_rdk_msgs/msg/detail/dynamixel_control_msgs__struct.hpp
[1.330s] -- Up-to-date symlink: /home/yu/colcon_ws/install/dynamixel_rdk_msgs/include/dynamixel_rdk_msgs/dynamixel_rdk_msgs/msg/detail/dynamixel_control_msgs__traits.hpp
[1.333s] -- Up-to-date symlink: /home/yu/colcon_ws/install/dynamixel_rdk_msgs/include/dynamixel_rdk_msgs/dynamixel_rdk_msgs/msg/detail/dynamixel_control_msgs__type_support.hpp
[1.333s] -- Up-to-date symlink: /home/yu/colcon_ws/install/dynamixel_rdk_msgs/include/dynamixel_rdk_msgs/dynamixel_rdk_msgs/msg/detail/dynamixel_msgs__builder.hpp
[1.333s] -- Up-to-date symlink: /home/yu/colcon_ws/install/dynamixel_rdk_msgs/include/dynamixel_rdk_msgs/dynamixel_rdk_msgs/msg/detail/dynamixel_msgs__struct.hpp
[1.333s] -- Up-to-date symlink: /home/yu/colcon_ws/install/dynamixel_rdk_msgs/include/dynamixel_rdk_msgs/dynamixel_rdk_msgs/msg/detail/dynamixel_msgs__traits.hpp
[1.333s] -- Up-to-date symlink: /home/yu/colcon_ws/install/dynamixel_rdk_msgs/include/dynamixel_rdk_msgs/dynamixel_rdk_msgs/msg/detail/dynamixel_msgs__type_support.hpp
[1.333s] -- Up-to-date symlink: /home/yu/colcon_ws/install/dynamixel_rdk_msgs/include/dynamixel_rdk_msgs/dynamixel_rdk_msgs/msg/detail/dynamixel_status_msgs__builder.hpp
[1.333s] -- Up-to-date symlink: /home/yu/colcon_ws/install/dynamixel_rdk_msgs/include/dynamixel_rdk_msgs/dynamixel_rdk_msgs/msg/detail/dynamixel_status_msgs__struct.hpp
[1.333s] -- Up-to-date symlink: /home/yu/colcon_ws/install/dynamixel_rdk_msgs/include/dynamixel_rdk_msgs/dynamixel_rdk_msgs/msg/detail/dynamixel_status_msgs__traits.hpp
[1.333s] -- Up-to-date symlink: /home/yu/colcon_ws/install/dynamixel_rdk_msgs/include/dynamixel_rdk_msgs/dynamixel_rdk_msgs/msg/detail/dynamixel_status_msgs__type_support.hpp
[1.333s] -- Up-to-date symlink: /home/yu/colcon_ws/install/dynamixel_rdk_msgs/include/dynamixel_rdk_msgs/dynamixel_rdk_msgs/msg/dynamixel_bulk_read_msgs.hpp
[1.333s] -- Up-to-date symlink: /home/yu/colcon_ws/install/dynamixel_rdk_msgs/include/dynamixel_rdk_msgs/dynamixel_rdk_msgs/msg/dynamixel_control_msgs.hpp
[1.334s] -- Up-to-date symlink: /home/yu/colcon_ws/install/dynamixel_rdk_msgs/include/dynamixel_rdk_msgs/dynamixel_rdk_msgs/msg/dynamixel_msgs.hpp
[1.334s] -- Up-to-date symlink: /home/yu/colcon_ws/install/dynamixel_rdk_msgs/include/dynamixel_rdk_msgs/dynamixel_rdk_msgs/msg/dynamixel_status_msgs.hpp
[1.334s] -- Up-to-date symlink: /home/yu/colcon_ws/install/dynamixel_rdk_msgs/include/dynamixel_rdk_msgs/dynamixel_rdk_msgs/msg/rosidl_generator_cpp__visibility_control.hpp
[1.334s] -- Up-to-date symlink: /home/yu/colcon_ws/install/dynamixel_rdk_msgs/include/dynamixel_rdk_msgs/dynamixel_rdk_msgs/msg/detail/dynamixel_bulk_read_msgs__rosidl_typesupport_fastrtps_cpp.hpp
[1.334s] -- Up-to-date symlink: /home/yu/colcon_ws/install/dynamixel_rdk_msgs/include/dynamixel_rdk_msgs/dynamixel_rdk_msgs/msg/detail/dynamixel_control_msgs__rosidl_typesupport_fastrtps_cpp.hpp
[1.334s] -- Up-to-date symlink: /home/yu/colcon_ws/install/dynamixel_rdk_msgs/include/dynamixel_rdk_msgs/dynamixel_rdk_msgs/msg/detail/dynamixel_msgs__rosidl_typesupport_fastrtps_cpp.hpp
[1.334s] -- Up-to-date symlink: /home/yu/colcon_ws/install/dynamixel_rdk_msgs/include/dynamixel_rdk_msgs/dynamixel_rdk_msgs/msg/detail/dynamixel_status_msgs__rosidl_typesupport_fastrtps_cpp.hpp
[1.334s] -- Up-to-date symlink: /home/yu/colcon_ws/install/dynamixel_rdk_msgs/include/dynamixel_rdk_msgs/dynamixel_rdk_msgs/msg/rosidl_typesupport_fastrtps_cpp__visibility_control.h
[1.334s] -- Up-to-date symlink: /home/yu/colcon_ws/install/dynamixel_rdk_msgs/include/dynamixel_rdk_msgs/dynamixel_rdk_msgs/msg/detail/dynamixel_bulk_read_msgs__rosidl_typesupport_introspection_cpp.hpp
[1.334s] -- Up-to-date symlink: /home/yu/colcon_ws/install/dynamixel_rdk_msgs/include/dynamixel_rdk_msgs/dynamixel_rdk_msgs/msg/detail/dynamixel_control_msgs__rosidl_typesupport_introspection_cpp.hpp
[1.334s] -- Up-to-date symlink: /home/yu/colcon_ws/install/dynamixel_rdk_msgs/include/dynamixel_rdk_msgs/dynamixel_rdk_msgs/msg/detail/dynamixel_msgs__rosidl_typesupport_introspection_cpp.hpp
[1.334s] -- Up-to-date symlink: /home/yu/colcon_ws/install/dynamixel_rdk_msgs/include/dynamixel_rdk_msgs/dynamixel_rdk_msgs/msg/detail/dynamixel_status_msgs__rosidl_typesupport_introspection_cpp.hpp
[1.334s] -- Up-to-date symlink: /home/yu/colcon_ws/install/dynamixel_rdk_msgs/share/dynamixel_rdk_msgs/environment/pythonpath.sh
[1.334s] -- Up-to-date symlink: /home/yu/colcon_ws/install/dynamixel_rdk_msgs/share/dynamixel_rdk_msgs/environment/pythonpath.dsv
[1.334s] -- Up-to-date symlink: /home/yu/colcon_ws/install/dynamixel_rdk_msgs/local/lib/python3.10/dist-packages/dynamixel_rdk_msgs-0.0.1-py3.10.egg-info/PKG-INFO
[1.334s] -- Up-to-date symlink: /home/yu/colcon_ws/install/dynamixel_rdk_msgs/local/lib/python3.10/dist-packages/dynamixel_rdk_msgs-0.0.1-py3.10.egg-info/SOURCES.txt
[1.334s] -- Up-to-date symlink: /home/yu/colcon_ws/install/dynamixel_rdk_msgs/local/lib/python3.10/dist-packages/dynamixel_rdk_msgs-0.0.1-py3.10.egg-info/dependency_links.txt
[1.334s] -- Up-to-date symlink: /home/yu/colcon_ws/install/dynamixel_rdk_msgs/local/lib/python3.10/dist-packages/dynamixel_rdk_msgs-0.0.1-py3.10.egg-info/top_level.txt
[1.334s] -- Up-to-date symlink: /home/yu/colcon_ws/install/dynamixel_rdk_msgs/local/lib/python3.10/dist-packages/dynamixel_rdk_msgs/__init__.py
[1.334s] -- Up-to-date symlink: /home/yu/colcon_ws/install/dynamixel_rdk_msgs/local/lib/python3.10/dist-packages/dynamixel_rdk_msgs/_dynamixel_rdk_msgs_s.ep.rosidl_typesupport_c.c
[1.334s] -- Up-to-date symlink: /home/yu/colcon_ws/install/dynamixel_rdk_msgs/local/lib/python3.10/dist-packages/dynamixel_rdk_msgs/_dynamixel_rdk_msgs_s.ep.rosidl_typesupport_fastrtps_c.c
[1.334s] -- Up-to-date symlink: /home/yu/colcon_ws/install/dynamixel_rdk_msgs/local/lib/python3.10/dist-packages/dynamixel_rdk_msgs/_dynamixel_rdk_msgs_s.ep.rosidl_typesupport_introspection_c.c
[1.334s] -- Up-to-date symlink: /home/yu/colcon_ws/install/dynamixel_rdk_msgs/local/lib/python3.10/dist-packages/dynamixel_rdk_msgs/dynamixel_rdk_msgs_s__rosidl_typesupport_c.cpython-310-x86_64-linux-gnu.so
[1.334s] -- Up-to-date symlink: /home/yu/colcon_ws/install/dynamixel_rdk_msgs/local/lib/python3.10/dist-packages/dynamixel_rdk_msgs/dynamixel_rdk_msgs_s__rosidl_typesupport_fastrtps_c.cpython-310-x86_64-linux-gnu.so
[1.334s] -- Up-to-date symlink: /home/yu/colcon_ws/install/dynamixel_rdk_msgs/local/lib/python3.10/dist-packages/dynamixel_rdk_msgs/dynamixel_rdk_msgs_s__rosidl_typesupport_introspection_c.cpython-310-x86_64-linux-gnu.so
[1.334s] -- Up-to-date symlink: /home/yu/colcon_ws/install/dynamixel_rdk_msgs/local/lib/python3.10/dist-packages/dynamixel_rdk_msgs/libdynamixel_rdk_msgs__rosidl_generator_py.so
[1.334s] -- Up-to-date symlink: /home/yu/colcon_ws/install/dynamixel_rdk_msgs/local/lib/python3.10/dist-packages/dynamixel_rdk_msgs/msg/__init__.py
[1.335s] -- Up-to-date symlink: /home/yu/colcon_ws/install/dynamixel_rdk_msgs/local/lib/python3.10/dist-packages/dynamixel_rdk_msgs/msg/_dynamixel_bulk_read_msgs.py
[1.335s] -- Up-to-date symlink: /home/yu/colcon_ws/install/dynamixel_rdk_msgs/local/lib/python3.10/dist-packages/dynamixel_rdk_msgs/msg/_dynamixel_bulk_read_msgs_s.c
[1.335s] -- Up-to-date symlink: /home/yu/colcon_ws/install/dynamixel_rdk_msgs/local/lib/python3.10/dist-packages/dynamixel_rdk_msgs/msg/_dynamixel_control_msgs.py
[1.335s] -- Up-to-date symlink: /home/yu/colcon_ws/install/dynamixel_rdk_msgs/local/lib/python3.10/dist-packages/dynamixel_rdk_msgs/msg/_dynamixel_control_msgs_s.c
[1.335s] -- Up-to-date symlink: /home/yu/colcon_ws/install/dynamixel_rdk_msgs/local/lib/python3.10/dist-packages/dynamixel_rdk_msgs/msg/_dynamixel_msgs.py
[1.335s] -- Up-to-date symlink: /home/yu/colcon_ws/install/dynamixel_rdk_msgs/local/lib/python3.10/dist-packages/dynamixel_rdk_msgs/msg/_dynamixel_msgs_s.c
[1.335s] -- Up-to-date symlink: /home/yu/colcon_ws/install/dynamixel_rdk_msgs/local/lib/python3.10/dist-packages/dynamixel_rdk_msgs/msg/_dynamixel_status_msgs.py
[1.336s] -- Up-to-date symlink: /home/yu/colcon_ws/install/dynamixel_rdk_msgs/local/lib/python3.10/dist-packages/dynamixel_rdk_msgs/msg/_dynamixel_status_msgs_s.c
[1.336s] -- Up-to-date symlink: /home/yu/colcon_ws/install/dynamixel_rdk_msgs/local/lib/python3.10/dist-packages/dynamixel_rdk_msgs/dynamixel_rdk_msgs_s__rosidl_typesupport_fastrtps_c.cpython-310-x86_64-linux-gnu.so
[1.336s] -- Up-to-date symlink: /home/yu/colcon_ws/install/dynamixel_rdk_msgs/local/lib/python3.10/dist-packages/dynamixel_rdk_msgs/dynamixel_rdk_msgs_s__rosidl_typesupport_introspection_c.cpython-310-x86_64-linux-gnu.so
[1.336s] -- Up-to-date symlink: /home/yu/colcon_ws/install/dynamixel_rdk_msgs/local/lib/python3.10/dist-packages/dynamixel_rdk_msgs/dynamixel_rdk_msgs_s__rosidl_typesupport_c.cpython-310-x86_64-linux-gnu.so
[1.336s] -- Up-to-date symlink: /home/yu/colcon_ws/install/dynamixel_rdk_msgs/share/dynamixel_rdk_msgs/msg/DynamixelMsgs.idl
[1.336s] -- Up-to-date symlink: /home/yu/colcon_ws/install/dynamixel_rdk_msgs/share/dynamixel_rdk_msgs/msg/DynamixelControlMsgs.idl
[1.336s] -- Up-to-date symlink: /home/yu/colcon_ws/install/dynamixel_rdk_msgs/share/dynamixel_rdk_msgs/msg/DynamixelStatusMsgs.idl
[1.336s] -- Up-to-date symlink: /home/yu/colcon_ws/install/dynamixel_rdk_msgs/share/dynamixel_rdk_msgs/msg/DynamixelBulkReadMsgs.idl
[1.336s] -- Up-to-date symlink: /home/yu/colcon_ws/install/dynamixel_rdk_msgs/share/dynamixel_rdk_msgs/msg/DynamixelMsgs.msg
[1.336s] -- Up-to-date symlink: /home/yu/colcon_ws/install/dynamixel_rdk_msgs/share/dynamixel_rdk_msgs/msg/DynamixelControlMsgs.msg
[1.336s] -- Up-to-date symlink: /home/yu/colcon_ws/install/dynamixel_rdk_msgs/share/dynamixel_rdk_msgs/msg/DynamixelStatusMsgs.msg
[1.336s] -- Up-to-date symlink: /home/yu/colcon_ws/install/dynamixel_rdk_msgs/share/dynamixel_rdk_msgs/msg/DynamixelBulkReadMsgs.msg
[1.336s] -- Up-to-date symlink: /home/yu/colcon_ws/install/dynamixel_rdk_msgs/share/ament_index/resource_index/package_run_dependencies/dynamixel_rdk_msgs
[1.336s] -- Up-to-date symlink: /home/yu/colcon_ws/install/dynamixel_rdk_msgs/share/ament_index/resource_index/parent_prefix_path/dynamixel_rdk_msgs
[1.336s] -- Up-to-date symlink: /home/yu/colcon_ws/install/dynamixel_rdk_msgs/share/dynamixel_rdk_msgs/environment/ament_prefix_path.sh
[1.336s] -- Up-to-date symlink: /home/yu/colcon_ws/install/dynamixel_rdk_msgs/share/dynamixel_rdk_msgs/environment/ament_prefix_path.dsv
[1.336s] -- Up-to-date symlink: /home/yu/colcon_ws/install/dynamixel_rdk_msgs/share/dynamixel_rdk_msgs/environment/path.sh
[1.336s] -- Up-to-date symlink: /home/yu/colcon_ws/install/dynamixel_rdk_msgs/share/dynamixel_rdk_msgs/environment/path.dsv
[1.336s] -- Up-to-date symlink: /home/yu/colcon_ws/install/dynamixel_rdk_msgs/share/dynamixel_rdk_msgs/local_setup.bash
[1.337s] -- Up-to-date symlink: /home/yu/colcon_ws/install/dynamixel_rdk_msgs/share/dynamixel_rdk_msgs/local_setup.sh
[1.337s] -- Up-to-date symlink: /home/yu/colcon_ws/install/dynamixel_rdk_msgs/share/dynamixel_rdk_msgs/local_setup.zsh
[1.337s] -- Up-to-date symlink: /home/yu/colcon_ws/install/dynamixel_rdk_msgs/share/dynamixel_rdk_msgs/local_setup.dsv
[1.337s] -- Symlinking: /home/yu/colcon_ws/install/dynamixel_rdk_msgs/share/dynamixel_rdk_msgs/package.dsv
[1.344s] -- Up-to-date symlink: /home/yu/colcon_ws/install/dynamixel_rdk_msgs/share/ament_index/resource_index/packages/dynamixel_rdk_msgs
[1.348s] -- Up-to-date symlink: /home/yu/colcon_ws/install/dynamixel_rdk_msgs/share/dynamixel_rdk_msgs/cmake/rosidl_cmake-extras.cmake
[1.348s] -- Up-to-date symlink: /home/yu/colcon_ws/install/dynamixel_rdk_msgs/share/dynamixel_rdk_msgs/cmake/ament_cmake_export_dependencies-extras.cmake
[1.348s] -- Up-to-date symlink: /home/yu/colcon_ws/install/dynamixel_rdk_msgs/share/dynamixel_rdk_msgs/cmake/ament_cmake_export_include_directories-extras.cmake
[1.348s] -- Up-to-date symlink: /home/yu/colcon_ws/install/dynamixel_rdk_msgs/share/dynamixel_rdk_msgs/cmake/ament_cmake_export_libraries-extras.cmake
[1.348s] -- Up-to-date symlink: /home/yu/colcon_ws/install/dynamixel_rdk_msgs/share/dynamixel_rdk_msgs/cmake/ament_cmake_export_targets-extras.cmake
[1.348s] -- Up-to-date symlink: /home/yu/colcon_ws/install/dynamixel_rdk_msgs/share/dynamixel_rdk_msgs/cmake/rosidl_cmake_export_typesupport_targets-extras.cmake
[1.348s] -- Up-to-date symlink: /home/yu/colcon_ws/install/dynamixel_rdk_msgs/share/dynamixel_rdk_msgs/cmake/rosidl_cmake_export_typesupport_libraries-extras.cmake
[1.348s] -- Up-to-date symlink: /home/yu/colcon_ws/install/dynamixel_rdk_msgs/share/dynamixel_rdk_msgs/cmake/dynamixel_rdk_msgsConfig.cmake
[1.348s] -- Up-to-date symlink: /home/yu/colcon_ws/install/dynamixel_rdk_msgs/share/dynamixel_rdk_msgs/cmake/dynamixel_rdk_msgsConfig-version.cmake
[1.348s] -- Up-to-date symlink: /home/yu/colcon_ws/install/dynamixel_rdk_msgs/share/dynamixel_rdk_msgs/package.xml
[1.349s] -- Up-to-date: /home/yu/colcon_ws/install/dynamixel_rdk_msgs/lib/libdynamixel_rdk_msgs__rosidl_generator_c.so
[1.349s] -- Up-to-date: /home/yu/colcon_ws/install/dynamixel_rdk_msgs/lib/libdynamixel_rdk_msgs__rosidl_typesupport_fastrtps_c.so
[1.349s] -- Up-to-date: /home/yu/colcon_ws/install/dynamixel_rdk_msgs/lib/libdynamixel_rdk_msgs__rosidl_typesupport_introspection_c.so
[1.351s] -- Up-to-date: /home/yu/colcon_ws/install/dynamixel_rdk_msgs/lib/libdynamixel_rdk_msgs__rosidl_typesupport_c.so
[1.351s] -- Up-to-date: /home/yu/colcon_ws/install/dynamixel_rdk_msgs/lib/libdynamixel_rdk_msgs__rosidl_typesupport_fastrtps_cpp.so
[1.351s] -- Up-to-date: /home/yu/colcon_ws/install/dynamixel_rdk_msgs/lib/libdynamixel_rdk_msgs__rosidl_typesupport_introspection_cpp.so
[1.351s] -- Up-to-date: /home/yu/colcon_ws/install/dynamixel_rdk_msgs/lib/libdynamixel_rdk_msgs__rosidl_typesupport_cpp.so
[1.384s] Listing '/home/yu/colcon_ws/install/dynamixel_rdk_msgs/local/lib/python3.10/dist-packages/dynamixel_rdk_msgs'...
[1.385s] Compiling '/home/yu/colcon_ws/install/dynamixel_rdk_msgs/local/lib/python3.10/dist-packages/dynamixel_rdk_msgs/__init__.py'...
[1.385s] Listing '/home/yu/colcon_ws/install/dynamixel_rdk_msgs/local/lib/python3.10/dist-packages/dynamixel_rdk_msgs/msg'...
[1.386s] -- Up-to-date: /home/yu/colcon_ws/install/dynamixel_rdk_msgs/lib/libdynamixel_rdk_msgs__rosidl_generator_py.so
[1.386s] -- Up-to-date: /home/yu/colcon_ws/install/dynamixel_rdk_msgs/share/dynamixel_rdk_msgs/cmake/export_dynamixel_rdk_msgs__rosidl_generator_cExport.cmake
[1.386s] -- Up-to-date: /home/yu/colcon_ws/install/dynamixel_rdk_msgs/share/dynamixel_rdk_msgs/cmake/export_dynamixel_rdk_msgs__rosidl_generator_cExport-noconfig.cmake
[1.386s] -- Up-to-date: /home/yu/colcon_ws/install/dynamixel_rdk_msgs/share/dynamixel_rdk_msgs/cmake/export_dynamixel_rdk_msgs__rosidl_typesupport_fastrtps_cExport.cmake
[1.386s] -- Up-to-date: /home/yu/colcon_ws/install/dynamixel_rdk_msgs/share/dynamixel_rdk_msgs/cmake/export_dynamixel_rdk_msgs__rosidl_typesupport_fastrtps_cExport-noconfig.cmake
[1.386s] -- Up-to-date: /home/yu/colcon_ws/install/dynamixel_rdk_msgs/share/dynamixel_rdk_msgs/cmake/dynamixel_rdk_msgs__rosidl_typesupport_introspection_cExport.cmake
[1.386s] -- Up-to-date: /home/yu/colcon_ws/install/dynamixel_rdk_msgs/share/dynamixel_rdk_msgs/cmake/dynamixel_rdk_msgs__rosidl_typesupport_introspection_cExport-noconfig.cmake
[1.386s] -- Up-to-date: /home/yu/colcon_ws/install/dynamixel_rdk_msgs/share/dynamixel_rdk_msgs/cmake/dynamixel_rdk_msgs__rosidl_typesupport_cExport.cmake
[1.386s] -- Up-to-date: /home/yu/colcon_ws/install/dynamixel_rdk_msgs/share/dynamixel_rdk_msgs/cmake/dynamixel_rdk_msgs__rosidl_typesupport_cExport-noconfig.cmake
[1.386s] -- Up-to-date: /home/yu/colcon_ws/install/dynamixel_rdk_msgs/share/dynamixel_rdk_msgs/cmake/export_dynamixel_rdk_msgs__rosidl_generator_cppExport.cmake
[1.386s] -- Up-to-date: /home/yu/colcon_ws/install/dynamixel_rdk_msgs/share/dynamixel_rdk_msgs/cmake/export_dynamixel_rdk_msgs__rosidl_typesupport_fastrtps_cppExport.cmake
[1.386s] -- Up-to-date: /home/yu/colcon_ws/install/dynamixel_rdk_msgs/share/dynamixel_rdk_msgs/cmake/export_dynamixel_rdk_msgs__rosidl_typesupport_fastrtps_cppExport-noconfig.cmake
[1.386s] -- Up-to-date: /home/yu/colcon_ws/install/dynamixel_rdk_msgs/share/dynamixel_rdk_msgs/cmake/dynamixel_rdk_msgs__rosidl_typesupport_introspection_cppExport.cmake
[1.386s] -- Up-to-date: /home/yu/colcon_ws/install/dynamixel_rdk_msgs/share/dynamixel_rdk_msgs/cmake/dynamixel_rdk_msgs__rosidl_typesupport_introspection_cppExport-noconfig.cmake
[1.387s] -- Up-to-date: /home/yu/colcon_ws/install/dynamixel_rdk_msgs/share/dynamixel_rdk_msgs/cmake/dynamixel_rdk_msgs__rosidl_typesupport_cppExport.cmake
[1.387s] -- Up-to-date: /home/yu/colcon_ws/install/dynamixel_rdk_msgs/share/dynamixel_rdk_msgs/cmake/dynamixel_rdk_msgs__rosidl_typesupport_cppExport-noconfig.cmake
[1.387s] -- Up-to-date: /home/yu/colcon_ws/install/dynamixel_rdk_msgs/share/dynamixel_rdk_msgs/cmake/export_dynamixel_rdk_msgs__rosidl_generator_pyExport.cmake
[1.387s] -- Up-to-date: /home/yu/colcon_ws/install/dynamixel_rdk_msgs/share/dynamixel_rdk_msgs/cmake/export_dynamixel_rdk_msgs__rosidl_generator_pyExport-noconfig.cmake
[1.387s] Invoked command in '/home/yu/colcon_ws/build/dynamixel_rdk_msgs' returned '0': CMAKE_PREFIX_PATH=${CMAKE_PREFIX_PATH}:/home/yu/ros2_ws/install/python_parameter_tutorial:/opt/ros/humble /usr/bin/cmake --install /home/yu/colcon_ws/build/dynamixel_rdk_msgs
