-- Found ament_cmake: 1.3.12 (/opt/ros/humble/share/ament_cmake/cmake)
-- Found rclpy: 3.3.17 (/opt/ros/humble/share/rclpy/cmake)
-- Found rclcpp: 16.0.14 (/opt/ros/humble/share/rclcpp/cmake)
-- Found rosidl_generator_c: 3.1.7 (/opt/ros/humble/share/rosidl_generator_c/cmake)
-- Found rosidl_adapter: 3.1.7 (/opt/ros/humble/share/rosidl_adapter/cmake)
-- Found rosidl_generator_cpp: 3.1.7 (/opt/ros/humble/share/rosidl_generator_cpp/cmake)
-- Using all available rosidl_typesupport_c: rosidl_typesupport_fastrtps_c;rosidl_typesupport_introspection_c
-- Using all available rosidl_typesupport_cpp: rosidl_typesupport_fastrtps_cpp;rosidl_typesupport_introspection_cpp
-- Found rmw_implementation_cmake: 6.1.2 (/opt/ros/humble/share/rmw_implementation_cmake/cmake)
-- Found rmw_fastrtps_cpp: 6.2.8 (/opt/ros/humble/share/rmw_fastrtps_cpp/cmake)
-- Using RMW implementation 'rmw_fastrtps_cpp' as default
-- Found cv_bridge: 3.2.1 (/opt/ros/humble/share/cv_bridge/cmake)
-- Found image_transport: 3.1.12 (/opt/ros/humble/share/image_transport/cmake)
-- Found camera_info_manager: 3.1.12 (/opt/ros/humble/share/camera_info_manager/cmake)
-- Found humanoid_interfaces: 0.0.0 (/home/yu/colcon_ws/install/humanoid_interfaces/share/humanoid_interfaces/cmake)
-- Configuring done
-- Generating done
-- Build files have been written to: /home/yu/colcon_ws/build/robocup_vision25
[ 50%] [32mBuilding CXX object CMakeFiles/image_viewer_node.dir/src/robocup_vision25.cpp.o[0m
[100%] [32m[1mLinking CXX executable image_viewer_node[0m
[100%] Built target image_viewer_node
-- Install configuration: ""
-- Installing: /home/yu/colcon_ws/install/robocup_vision25/lib/robocup_vision25/image_viewer_node
-- Set runtime path of "/home/yu/colcon_ws/install/robocup_vision25/lib/robocup_vision25/image_viewer_node" to ""
-- Up-to-date: /home/yu/colcon_ws/install/robocup_vision25/share/ament_index/resource_index/package_run_dependencies/robocup_vision25
-- Installing: /home/yu/colcon_ws/install/robocup_vision25/share/ament_index/resource_index/parent_prefix_path/robocup_vision25
-- Up-to-date: /home/yu/colcon_ws/install/robocup_vision25/share/robocup_vision25/environment/ament_prefix_path.sh
-- Installing: /home/yu/colcon_ws/install/robocup_vision25/share/robocup_vision25/environment/ament_prefix_path.dsv
-- Up-to-date: /home/yu/colcon_ws/install/robocup_vision25/share/robocup_vision25/environment/path.sh
-- Installing: /home/yu/colcon_ws/install/robocup_vision25/share/robocup_vision25/environment/path.dsv
-- Up-to-date: /home/yu/colcon_ws/install/robocup_vision25/share/robocup_vision25/local_setup.bash
-- Up-to-date: /home/yu/colcon_ws/install/robocup_vision25/share/robocup_vision25/local_setup.sh
-- Up-to-date: /home/yu/colcon_ws/install/robocup_vision25/share/robocup_vision25/local_setup.zsh
-- Installing: /home/yu/colcon_ws/install/robocup_vision25/share/robocup_vision25/local_setup.dsv
-- Installing: /home/yu/colcon_ws/install/robocup_vision25/share/robocup_vision25/package.dsv
-- Up-to-date: /home/yu/colcon_ws/install/robocup_vision25/share/ament_index/resource_index/packages/robocup_vision25
-- Up-to-date: /home/yu/colcon_ws/install/robocup_vision25/share/robocup_vision25/cmake/robocup_vision25Config.cmake
-- Up-to-date: /home/yu/colcon_ws/install/robocup_vision25/share/robocup_vision25/cmake/robocup_vision25Config-version.cmake
-- Up-to-date: /home/yu/colcon_ws/install/robocup_vision25/share/robocup_vision25/package.xml
