[100%] Built target robocup_vision25
-- Install configuration: ""
-- Execute custom install script
-- Up-to-date symlink: /home/yu/colcon_ws/install/robocup_vision25/lib/robocup_vision25/robocup_vision25
-- Up-to-date symlink: /home/yu/colcon_ws/install/robocup_vision25/share/robocup_vision25/launch/robocup_vision25_launch.py
-- Up-to-date symlink: /home/yu/colcon_ws/install/robocup_vision25/share/ament_index/resource_index/package_run_dependencies/robocup_vision25
-- Up-to-date symlink: /home/yu/colcon_ws/install/robocup_vision25/share/ament_index/resource_index/parent_prefix_path/robocup_vision25
-- Up-to-date symlink: /home/yu/colcon_ws/install/robocup_vision25/share/robocup_vision25/environment/ament_prefix_path.sh
-- Up-to-date symlink: /home/yu/colcon_ws/install/robocup_vision25/share/robocup_vision25/environment/ament_prefix_path.dsv
-- Up-to-date symlink: /home/yu/colcon_ws/install/robocup_vision25/share/robocup_vision25/environment/path.sh
-- Up-to-date symlink: /home/yu/colcon_ws/install/robocup_vision25/share/robocup_vision25/environment/path.dsv
-- Up-to-date symlink: /home/yu/colcon_ws/install/robocup_vision25/share/robocup_vision25/local_setup.bash
-- Up-to-date symlink: /home/yu/colcon_ws/install/robocup_vision25/share/robocup_vision25/local_setup.sh
-- Up-to-date symlink: /home/yu/colcon_ws/install/robocup_vision25/share/robocup_vision25/local_setup.zsh
-- Up-to-date symlink: /home/yu/colcon_ws/install/robocup_vision25/share/robocup_vision25/local_setup.dsv
-- Symlinking: /home/yu/colcon_ws/install/robocup_vision25/share/robocup_vision25/package.dsv
-- Up-to-date symlink: /home/yu/colcon_ws/install/robocup_vision25/share/ament_index/resource_index/packages/robocup_vision25
-- Up-to-date symlink: /home/yu/colcon_ws/install/robocup_vision25/share/robocup_vision25/cmake/robocup_vision25Config.cmake
-- Up-to-date symlink: /home/yu/colcon_ws/install/robocup_vision25/share/robocup_vision25/cmake/robocup_vision25Config-version.cmake
-- Up-to-date symlink: /home/yu/colcon_ws/install/robocup_vision25/share/robocup_vision25/package.xml
