-- The C compiler identification is GNU 11.4.0
-- The CXX compiler identification is GNU 11.4.0
-- Detecting C compiler ABI info
-- Detecting C compiler ABI info - done
-- Check for working C compiler: /usr/bin/cc - skipped
-- Detecting C compile features
-- Detecting C compile features - done
-- Detecting CXX compiler ABI info
-- Detecting CXX compiler ABI info - done
-- Check for working CXX compiler: /usr/bin/c++ - skipped
-- Detecting CXX compile features
-- Detecting CXX compile features - done
-- Found ament_cmake: 1.3.12 (/opt/ros/humble/share/ament_cmake/cmake)
-- Found Python3: /usr/bin/python3 (found version "3.10.12") found components: Interpreter 
-- Found rclcpp: 16.0.14 (/opt/ros/humble/share/rclcpp/cmake)
-- Found rosidl_generator_c: 3.1.7 (/opt/ros/humble/share/rosidl_generator_c/cmake)
-- Found rosidl_adapter: 3.1.7 (/opt/ros/humble/share/rosidl_adapter/cmake)
-- Found rosidl_generator_cpp: 3.1.7 (/opt/ros/humble/share/rosidl_generator_cpp/cmake)
-- Using all available rosidl_typesupport_c: rosidl_typesupport_fastrtps_c;rosidl_typesupport_introspection_c
-- Using all available rosidl_typesupport_cpp: rosidl_typesupport_fastrtps_cpp;rosidl_typesupport_introspection_cpp
-- Found rmw_implementation_cmake: 6.1.2 (/opt/ros/humble/share/rmw_implementation_cmake/cmake)
-- Found rmw_fastrtps_cpp: 6.2.8 (/opt/ros/humble/share/rmw_fastrtps_cpp/cmake)
-- Found OpenSSL: /usr/lib/x86_64-linux-gnu/libcrypto.so (found version "3.0.2")  
-- Found FastRTPS: /opt/ros/humble/include  
-- Using RMW implementation 'rmw_fastrtps_cpp' as default
-- Looking for pthread.h
-- Looking for pthread.h - found
-- Performing Test CMAKE_HAVE_LIBC_PTHREAD
-- Performing Test CMAKE_HAVE_LIBC_PTHREAD - Success
-- Found Threads: TRUE  
-- Found sensor_msgs: 4.9.0 (/opt/ros/humble/share/sensor_msgs/cmake)
-- Found humanoid_interfaces: 0.0.0 (/home/yu/colcon_ws/install/humanoid_interfaces/share/humanoid_interfaces/cmake)
-- Found dynamixel_rdk_ros: 0.0.0 (/home/yu/colcon_ws/install/dynamixel_rdk_ros/share/dynamixel_rdk_ros/cmake)
-- Found dynamixel_rdk_msgs: 0.0.1 (/home/yu/colcon_ws/install/dynamixel_rdk_msgs/share/dynamixel_rdk_msgs/cmake)
-- Found rclcpp_lifecycle: 16.0.14 (/opt/ros/humble/share/rclcpp_lifecycle/cmake)
-- Configuring done
-- Generating done
-- Build files have been written to: /home/yu/colcon_ws/build/ik_walk
[ 28%] [32mBuilding CXX object CMakeFiles/ik_walk.dir/src/imu_position_control.cpp.o[0m
[ 28%] [32mBuilding CXX object CMakeFiles/ik_walk.dir/src/pid_control_float.cpp.o[0m
[ 57%] [32mBuilding CXX object CMakeFiles/ik_walk.dir/src/ik_walk.cpp.o[0m
[ 71%] [32mBuilding CXX object CMakeFiles/ik_walk.dir/src/walk_pattern.cpp.o[0m
[ 71%] [32mBuilding CXX object CMakeFiles/ik_walk.dir/src/solve_kinematics.cpp.o[0m
[ 85%] [32mBuilding CXX object CMakeFiles/ik_walk.dir/src/zmp_position_control.cpp.o[0m
[100%] [32m[1mLinking CXX executable ik_walk[0m
[100%] Built target ik_walk
-- Install configuration: ""
-- Installing: /home/yu/colcon_ws/install/ik_walk/lib/ik_walk/ik_walk
-- Set runtime path of "/home/yu/colcon_ws/install/ik_walk/lib/ik_walk/ik_walk" to ""
-- Installing: /home/yu/colcon_ws/install/ik_walk/share/ament_index/resource_index/package_run_dependencies/ik_walk
-- Installing: /home/yu/colcon_ws/install/ik_walk/share/ament_index/resource_index/parent_prefix_path/ik_walk
-- Installing: /home/yu/colcon_ws/install/ik_walk/share/ik_walk/environment/ament_prefix_path.sh
-- Installing: /home/yu/colcon_ws/install/ik_walk/share/ik_walk/environment/ament_prefix_path.dsv
-- Installing: /home/yu/colcon_ws/install/ik_walk/share/ik_walk/environment/path.sh
-- Installing: /home/yu/colcon_ws/install/ik_walk/share/ik_walk/environment/path.dsv
-- Installing: /home/yu/colcon_ws/install/ik_walk/share/ik_walk/local_setup.bash
-- Installing: /home/yu/colcon_ws/install/ik_walk/share/ik_walk/local_setup.sh
-- Installing: /home/yu/colcon_ws/install/ik_walk/share/ik_walk/local_setup.zsh
-- Installing: /home/yu/colcon_ws/install/ik_walk/share/ik_walk/local_setup.dsv
-- Installing: /home/yu/colcon_ws/install/ik_walk/share/ik_walk/package.dsv
-- Installing: /home/yu/colcon_ws/install/ik_walk/share/ament_index/resource_index/packages/ik_walk
-- Installing: /home/yu/colcon_ws/install/ik_walk/share/ik_walk/cmake/ik_walkConfig.cmake
-- Installing: /home/yu/colcon_ws/install/ik_walk/share/ik_walk/cmake/ik_walkConfig-version.cmake
-- Installing: /home/yu/colcon_ws/install/ik_walk/share/ik_walk/package.xml
