[0.014s] Invoking command in '/home/yu/colcon_ws/build/ebimu': CMAKE_PREFIX_PATH=/home/yu/colcon_ws/install/humanoid_interfaces:/home/yu/colcon_ws/install/tune_walk:/home/yu/colcon_ws/install/robocup_vision25:/home/yu/colcon_ws/install/ocam_ros2:/home/yu/colcon_ws/install/ik_walk:/home/yu/colcon_ws/install/ebimu:/home/yu/colcon_ws/install/dynamixel_rdk_ros:/home/yu/colcon_ws/install/dynamixel_rdk_msgs:/home/yu/ros2_ws/install/serial_test:/home/yu/ros2_ws/src/install/serial_test:/home/yu/ros2_ws/install/python_parameter_tutorial:/opt/ros/humble LD_LIBRARY_PATH=/home/yu/colcon_ws/install/humanoid_interfaces/lib:/home/yu/colcon_ws/install/dynamixel_rdk_msgs/lib:/opt/ros/humble/opt/rviz_ogre_vendor/lib:/opt/ros/humble/lib/x86_64-linux-gnu:/opt/ros/humble/lib /usr/bin/cmake --build /home/yu/colcon_ws/build/ebimu -- -j8 -l8
[0.064s] [100%] Built target ebimu
[0.079s] Invoked command in '/home/yu/colcon_ws/build/ebimu' returned '0': CMAKE_PREFIX_PATH=/home/yu/colcon_ws/install/humanoid_interfaces:/home/yu/colcon_ws/install/tune_walk:/home/yu/colcon_ws/install/robocup_vision25:/home/yu/colcon_ws/install/ocam_ros2:/home/yu/colcon_ws/install/ik_walk:/home/yu/colcon_ws/install/ebimu:/home/yu/colcon_ws/install/dynamixel_rdk_ros:/home/yu/colcon_ws/install/dynamixel_rdk_msgs:/home/yu/ros2_ws/install/serial_test:/home/yu/ros2_ws/src/install/serial_test:/home/yu/ros2_ws/install/python_parameter_tutorial:/opt/ros/humble LD_LIBRARY_PATH=/home/yu/colcon_ws/install/humanoid_interfaces/lib:/home/yu/colcon_ws/install/dynamixel_rdk_msgs/lib:/opt/ros/humble/opt/rviz_ogre_vendor/lib:/opt/ros/humble/lib/x86_64-linux-gnu:/opt/ros/humble/lib /usr/bin/cmake --build /home/yu/colcon_ws/build/ebimu -- -j8 -l8
[0.084s] Invoking command in '/home/yu/colcon_ws/build/ebimu': CMAKE_PREFIX_PATH=/home/yu/colcon_ws/install/humanoid_interfaces:/home/yu/colcon_ws/install/tune_walk:/home/yu/colcon_ws/install/robocup_vision25:/home/yu/colcon_ws/install/ocam_ros2:/home/yu/colcon_ws/install/ik_walk:/home/yu/colcon_ws/install/ebimu:/home/yu/colcon_ws/install/dynamixel_rdk_ros:/home/yu/colcon_ws/install/dynamixel_rdk_msgs:/home/yu/ros2_ws/install/serial_test:/home/yu/ros2_ws/src/install/serial_test:/home/yu/ros2_ws/install/python_parameter_tutorial:/opt/ros/humble LD_LIBRARY_PATH=/home/yu/colcon_ws/install/humanoid_interfaces/lib:/home/yu/colcon_ws/install/dynamixel_rdk_msgs/lib:/opt/ros/humble/opt/rviz_ogre_vendor/lib:/opt/ros/humble/lib/x86_64-linux-gnu:/opt/ros/humble/lib /usr/bin/cmake --install /home/yu/colcon_ws/build/ebimu
[0.087s] -- Install configuration: ""
[0.087s] -- Up-to-date: /home/yu/colcon_ws/install/ebimu/lib/ebimu/ebimu
[0.089s] -- Up-to-date: /home/yu/colcon_ws/install/ebimu/share/ebimu//launch
[0.089s] -- Up-to-date: /home/yu/colcon_ws/install/ebimu/share/ebimu//launch/e2box_imu_9dofv4.launch.py
[0.089s] -- Up-to-date: /home/yu/colcon_ws/install/ebimu/lib/ebimu/ebimu
[0.089s] -- Up-to-date: /home/yu/colcon_ws/install/ebimu/share/ament_index/resource_index/package_run_dependencies/ebimu
[0.089s] -- Up-to-date: /home/yu/colcon_ws/install/ebimu/share/ament_index/resource_index/parent_prefix_path/ebimu
[0.089s] -- Up-to-date: /home/yu/colcon_ws/install/ebimu/share/ebimu/environment/ament_prefix_path.sh
[0.090s] -- Up-to-date: /home/yu/colcon_ws/install/ebimu/share/ebimu/environment/ament_prefix_path.dsv
[0.092s] -- Up-to-date: /home/yu/colcon_ws/install/ebimu/share/ebimu/environment/path.sh
[0.093s] -- Up-to-date: /home/yu/colcon_ws/install/ebimu/share/ebimu/environment/path.dsv
[0.093s] -- Up-to-date: /home/yu/colcon_ws/install/ebimu/share/ebimu/local_setup.bash
[0.093s] -- Up-to-date: /home/yu/colcon_ws/install/ebimu/share/ebimu/local_setup.sh
[0.093s] -- Up-to-date: /home/yu/colcon_ws/install/ebimu/share/ebimu/local_setup.zsh
[0.093s] -- Up-to-date: /home/yu/colcon_ws/install/ebimu/share/ebimu/local_setup.dsv
[0.093s] -- Installing: /home/yu/colcon_ws/install/ebimu/share/ebimu/package.dsv
[0.093s] -- Up-to-date: /home/yu/colcon_ws/install/ebimu/share/ament_index/resource_index/packages/ebimu
[0.093s] -- Up-to-date: /home/yu/colcon_ws/install/ebimu/share/ebimu/cmake/ebimuConfig.cmake
[0.093s] -- Up-to-date: /home/yu/colcon_ws/install/ebimu/share/ebimu/cmake/ebimuConfig-version.cmake
[0.094s] -- Up-to-date: /home/yu/colcon_ws/install/ebimu/share/ebimu/package.xml
[0.094s] Invoked command in '/home/yu/colcon_ws/build/ebimu' returned '0': CMAKE_PREFIX_PATH=/home/yu/colcon_ws/install/humanoid_interfaces:/home/yu/colcon_ws/install/tune_walk:/home/yu/colcon_ws/install/robocup_vision25:/home/yu/colcon_ws/install/ocam_ros2:/home/yu/colcon_ws/install/ik_walk:/home/yu/colcon_ws/install/ebimu:/home/yu/colcon_ws/install/dynamixel_rdk_ros:/home/yu/colcon_ws/install/dynamixel_rdk_msgs:/home/yu/ros2_ws/install/serial_test:/home/yu/ros2_ws/src/install/serial_test:/home/yu/ros2_ws/install/python_parameter_tutorial:/opt/ros/humble LD_LIBRARY_PATH=/home/yu/colcon_ws/install/humanoid_interfaces/lib:/home/yu/colcon_ws/install/dynamixel_rdk_msgs/lib:/opt/ros/humble/opt/rviz_ogre_vendor/lib:/opt/ros/humble/lib/x86_64-linux-gnu:/opt/ros/humble/lib /usr/bin/cmake --install /home/yu/colcon_ws/build/ebimu
