[0.015s] Invoking command in '/home/yu/colcon_ws/build/humanoid_interfaces': CMAKE_PREFIX_PATH=${CMAKE_PREFIX_PATH}:/home/yu/ros2_ws/install/python_parameter_tutorial:/opt/ros/humble /usr/bin/cmake --build /home/yu/colcon_ws/build/humanoid_interfaces -- -j8 -l8
[0.052s] [35m[1mConsolidate compiler generated dependencies of target humanoid_interfaces__rosidl_generator_c[0m
[0.056s] [  0%] Built target humanoid_interfaces__cpp
[0.076s] [35m[1mConsolidate compiler generated dependencies of target humanoid_interfaces__rosidl_typesupport_cpp[0m
[0.076s] [ 12%] Built target humanoid_interfaces__rosidl_generator_c
[0.085s] [ 12%] Built target ament_cmake_python_symlink_humanoid_interfaces
[0.085s] [35m[1mConsolidate compiler generated dependencies of target humanoid_interfaces__rosidl_typesupport_fastrtps_cpp[0m
[0.090s] [35m[1mConsolidate compiler generated dependencies of target humanoid_interfaces__rosidl_typesupport_introspection_cpp[0m
[0.095s] [35m[1mConsolidate compiler generated dependencies of target humanoid_interfaces__rosidl_typesupport_introspection_c[0m
[0.096s] [ 24%] Built target humanoid_interfaces__rosidl_typesupport_cpp
[0.102s] [35m[1mConsolidate compiler generated dependencies of target humanoid_interfaces__rosidl_typesupport_fastrtps_c[0m
[0.105s] [35m[1mConsolidate compiler generated dependencies of target humanoid_interfaces__rosidl_typesupport_c[0m
[0.117s] [ 37%] Built target humanoid_interfaces__rosidl_typesupport_introspection_cpp
[0.125s] [ 49%] Built target humanoid_interfaces__rosidl_typesupport_fastrtps_cpp
[0.125s] [ 61%] Built target humanoid_interfaces__rosidl_typesupport_c
[0.126s] [ 74%] Built target humanoid_interfaces__rosidl_typesupport_introspection_c
[0.135s] [ 86%] Built target humanoid_interfaces__rosidl_typesupport_fastrtps_c
[0.157s] [ 86%] Built target humanoid_interfaces
[0.170s] [ 86%] Built target humanoid_interfaces__py
[0.184s] [35m[1mConsolidate compiler generated dependencies of target humanoid_interfaces__rosidl_generator_py[0m
[0.206s] [ 98%] Built target humanoid_interfaces__rosidl_generator_py
[0.213s] [35m[1mConsolidate compiler generated dependencies of target humanoid_interfaces__rosidl_typesupport_fastrtps_c__pyext[0m
[0.216s] [35m[1mConsolidate compiler generated dependencies of target humanoid_interfaces__rosidl_typesupport_introspection_c__pyext[0m
[0.217s] [35m[1mConsolidate compiler generated dependencies of target humanoid_interfaces__rosidl_typesupport_c__pyext[0m
[0.226s] [ 99%] Built target humanoid_interfaces__rosidl_typesupport_fastrtps_c__pyext
[0.226s] [ 99%] Built target humanoid_interfaces__rosidl_typesupport_introspection_c__pyext
[0.226s] [100%] Built target humanoid_interfaces__rosidl_typesupport_c__pyext
[0.277s] running egg_info
[0.277s] writing humanoid_interfaces.egg-info/PKG-INFO
[0.277s] writing dependency_links to humanoid_interfaces.egg-info/dependency_links.txt
[0.279s] writing top-level names to humanoid_interfaces.egg-info/top_level.txt
[0.282s] reading manifest file 'humanoid_interfaces.egg-info/SOURCES.txt'
[0.282s] writing manifest file 'humanoid_interfaces.egg-info/SOURCES.txt'
[0.293s] [100%] Built target ament_cmake_python_build_humanoid_interfaces_egg
[0.302s] Invoked command in '/home/yu/colcon_ws/build/humanoid_interfaces' returned '0': CMAKE_PREFIX_PATH=${CMAKE_PREFIX_PATH}:/home/yu/ros2_ws/install/python_parameter_tutorial:/opt/ros/humble /usr/bin/cmake --build /home/yu/colcon_ws/build/humanoid_interfaces -- -j8 -l8
[0.303s] Invoking command in '/home/yu/colcon_ws/build/humanoid_interfaces': CMAKE_PREFIX_PATH=${CMAKE_PREFIX_PATH}:/home/yu/ros2_ws/install/python_parameter_tutorial:/opt/ros/humble /usr/bin/cmake --install /home/yu/colcon_ws/build/humanoid_interfaces
[0.307s] -- Install configuration: ""
[0.308s] -- Execute custom install script
[0.308s] -- Up-to-date symlink: /home/yu/colcon_ws/install/humanoid_interfaces/share/ament_index/resource_index/rosidl_interfaces/humanoid_interfaces
[0.309s] -- Up-to-date symlink: /home/yu/colcon_ws/install/humanoid_interfaces/include/humanoid_interfaces/humanoid_interfaces/msg/cp_walk.h
[0.309s] -- Up-to-date symlink: /home/yu/colcon_ws/install/humanoid_interfaces/include/humanoid_interfaces/humanoid_interfaces/msg/detail/cp_walk__functions.h
[0.309s] -- Up-to-date symlink: /home/yu/colcon_ws/install/humanoid_interfaces/include/humanoid_interfaces/humanoid_interfaces/msg/detail/cp_walk__struct.h
[0.309s] -- Up-to-date symlink: /home/yu/colcon_ws/install/humanoid_interfaces/include/humanoid_interfaces/humanoid_interfaces/msg/detail/cp_walk__type_support.h
[0.309s] -- Up-to-date symlink: /home/yu/colcon_ws/install/humanoid_interfaces/include/humanoid_interfaces/humanoid_interfaces/msg/detail/gamecontroldata__functions.h
[0.309s] -- Up-to-date symlink: /home/yu/colcon_ws/install/humanoid_interfaces/include/humanoid_interfaces/humanoid_interfaces/msg/detail/gamecontroldata__struct.h
[0.309s] -- Up-to-date symlink: /home/yu/colcon_ws/install/humanoid_interfaces/include/humanoid_interfaces/humanoid_interfaces/msg/detail/gamecontroldata__type_support.h
[0.309s] -- Up-to-date symlink: /home/yu/colcon_ws/install/humanoid_interfaces/include/humanoid_interfaces/humanoid_interfaces/msg/detail/gamecontrolreturndata__functions.h
[0.310s] -- Up-to-date symlink: /home/yu/colcon_ws/install/humanoid_interfaces/include/humanoid_interfaces/humanoid_interfaces/msg/detail/gamecontrolreturndata__struct.h
[0.310s] -- Up-to-date symlink: /home/yu/colcon_ws/install/humanoid_interfaces/include/humanoid_interfaces/humanoid_interfaces/msg/detail/gamecontrolreturndata__type_support.h
[0.310s] -- Up-to-date symlink: /home/yu/colcon_ws/install/humanoid_interfaces/include/humanoid_interfaces/humanoid_interfaces/msg/detail/human_pj_vision__functions.h
[0.310s] -- Up-to-date symlink: /home/yu/colcon_ws/install/humanoid_interfaces/include/humanoid_interfaces/humanoid_interfaces/msg/detail/human_pj_vision__struct.h
[0.310s] -- Up-to-date symlink: /home/yu/colcon_ws/install/humanoid_interfaces/include/humanoid_interfaces/humanoid_interfaces/msg/detail/human_pj_vision__type_support.h
[0.310s] -- Up-to-date symlink: /home/yu/colcon_ws/install/humanoid_interfaces/include/humanoid_interfaces/humanoid_interfaces/msg/detail/ik_angle_sim_msg__functions.h
[0.311s] -- Up-to-date symlink: /home/yu/colcon_ws/install/humanoid_interfaces/include/humanoid_interfaces/humanoid_interfaces/msg/detail/ik_angle_sim_msg__struct.h
[0.311s] -- Up-to-date symlink: /home/yu/colcon_ws/install/humanoid_interfaces/include/humanoid_interfaces/humanoid_interfaces/msg/detail/ik_angle_sim_msg__type_support.h
[0.311s] -- Up-to-date symlink: /home/yu/colcon_ws/install/humanoid_interfaces/include/humanoid_interfaces/humanoid_interfaces/msg/detail/ik_com_msg__functions.h
[0.311s] -- Up-to-date symlink: /home/yu/colcon_ws/install/humanoid_interfaces/include/humanoid_interfaces/humanoid_interfaces/msg/detail/ik_com_msg__struct.h
[0.311s] -- Up-to-date symlink: /home/yu/colcon_ws/install/humanoid_interfaces/include/humanoid_interfaces/humanoid_interfaces/msg/detail/ik_com_msg__type_support.h
[0.311s] -- Up-to-date symlink: /home/yu/colcon_ws/install/humanoid_interfaces/include/humanoid_interfaces/humanoid_interfaces/msg/detail/ik_coord_msg__functions.h
[0.311s] -- Up-to-date symlink: /home/yu/colcon_ws/install/humanoid_interfaces/include/humanoid_interfaces/humanoid_interfaces/msg/detail/ik_coord_msg__struct.h
[0.311s] -- Up-to-date symlink: /home/yu/colcon_ws/install/humanoid_interfaces/include/humanoid_interfaces/humanoid_interfaces/msg/detail/ik_coord_msg__type_support.h
[0.311s] -- Up-to-date symlink: /home/yu/colcon_ws/install/humanoid_interfaces/include/humanoid_interfaces/humanoid_interfaces/msg/detail/ik_end_msg__functions.h
[0.311s] -- Up-to-date symlink: /home/yu/colcon_ws/install/humanoid_interfaces/include/humanoid_interfaces/humanoid_interfaces/msg/detail/ik_end_msg__struct.h
[0.311s] -- Up-to-date symlink: /home/yu/colcon_ws/install/humanoid_interfaces/include/humanoid_interfaces/humanoid_interfaces/msg/detail/ik_end_msg__type_support.h
[0.312s] -- Up-to-date symlink: /home/yu/colcon_ws/install/humanoid_interfaces/include/humanoid_interfaces/humanoid_interfaces/msg/detail/ik_ltc_msg__functions.h
[0.312s] -- Up-to-date symlink: /home/yu/colcon_ws/install/humanoid_interfaces/include/humanoid_interfaces/humanoid_interfaces/msg/detail/ik_ltc_msg__struct.h
[0.312s] -- Up-to-date symlink: /home/yu/colcon_ws/install/humanoid_interfaces/include/humanoid_interfaces/humanoid_interfaces/msg/detail/ik_ltc_msg__type_support.h
[0.312s] -- Up-to-date symlink: /home/yu/colcon_ws/install/humanoid_interfaces/include/humanoid_interfaces/humanoid_interfaces/msg/detail/ik_pattern_msg__functions.h
[0.312s] -- Up-to-date symlink: /home/yu/colcon_ws/install/humanoid_interfaces/include/humanoid_interfaces/humanoid_interfaces/msg/detail/ik_pattern_msg__struct.h
[0.312s] -- Up-to-date symlink: /home/yu/colcon_ws/install/humanoid_interfaces/include/humanoid_interfaces/humanoid_interfaces/msg/detail/ik_pattern_msg__type_support.h
[0.312s] -- Up-to-date symlink: /home/yu/colcon_ws/install/humanoid_interfaces/include/humanoid_interfaces/humanoid_interfaces/msg/detail/imu_msg__functions.h
[0.312s] -- Up-to-date symlink: /home/yu/colcon_ws/install/humanoid_interfaces/include/humanoid_interfaces/humanoid_interfaces/msg/detail/imu_msg__struct.h
[0.312s] -- Up-to-date symlink: /home/yu/colcon_ws/install/humanoid_interfaces/include/humanoid_interfaces/humanoid_interfaces/msg/detail/imu_msg__type_support.h
[0.312s] -- Up-to-date symlink: /home/yu/colcon_ws/install/humanoid_interfaces/include/humanoid_interfaces/humanoid_interfaces/msg/detail/lc_msgs__functions.h
[0.312s] -- Up-to-date symlink: /home/yu/colcon_ws/install/humanoid_interfaces/include/humanoid_interfaces/humanoid_interfaces/msg/detail/lc_msgs__struct.h
[0.313s] -- Up-to-date symlink: /home/yu/colcon_ws/install/humanoid_interfaces/include/humanoid_interfaces/humanoid_interfaces/msg/detail/lc_msgs__type_support.h
[0.313s] -- Up-to-date symlink: /home/yu/colcon_ws/install/humanoid_interfaces/include/humanoid_interfaces/humanoid_interfaces/msg/detail/master2_ik_msg__functions.h
[0.313s] -- Up-to-date symlink: /home/yu/colcon_ws/install/humanoid_interfaces/include/humanoid_interfaces/humanoid_interfaces/msg/detail/master2_ik_msg__struct.h
[0.315s] -- Up-to-date symlink: /home/yu/colcon_ws/install/humanoid_interfaces/include/humanoid_interfaces/humanoid_interfaces/msg/detail/master2_ik_msg__type_support.h
[0.315s] -- Up-to-date symlink: /home/yu/colcon_ws/install/humanoid_interfaces/include/humanoid_interfaces/humanoid_interfaces/msg/detail/master2localization25__functions.h
[0.315s] -- Up-to-date symlink: /home/yu/colcon_ws/install/humanoid_interfaces/include/humanoid_interfaces/humanoid_interfaces/msg/detail/master2localization25__struct.h
[0.315s] -- Up-to-date symlink: /home/yu/colcon_ws/install/humanoid_interfaces/include/humanoid_interfaces/humanoid_interfaces/msg/detail/master2localization25__type_support.h
[0.315s] -- Up-to-date symlink: /home/yu/colcon_ws/install/humanoid_interfaces/include/humanoid_interfaces/humanoid_interfaces/msg/detail/master2udp__functions.h
[0.315s] -- Up-to-date symlink: /home/yu/colcon_ws/install/humanoid_interfaces/include/humanoid_interfaces/humanoid_interfaces/msg/detail/master2udp__struct.h
[0.315s] -- Up-to-date symlink: /home/yu/colcon_ws/install/humanoid_interfaces/include/humanoid_interfaces/humanoid_interfaces/msg/detail/master2udp__type_support.h
[0.315s] -- Up-to-date symlink: /home/yu/colcon_ws/install/humanoid_interfaces/include/humanoid_interfaces/humanoid_interfaces/msg/detail/master2vision25__functions.h
[0.315s] -- Up-to-date symlink: /home/yu/colcon_ws/install/humanoid_interfaces/include/humanoid_interfaces/humanoid_interfaces/msg/detail/master2vision25__struct.h
[0.315s] -- Up-to-date symlink: /home/yu/colcon_ws/install/humanoid_interfaces/include/humanoid_interfaces/humanoid_interfaces/msg/detail/master2vision25__type_support.h
[0.315s] -- Up-to-date symlink: /home/yu/colcon_ws/install/humanoid_interfaces/include/humanoid_interfaces/humanoid_interfaces/msg/detail/motion_operator__functions.h
[0.315s] -- Up-to-date symlink: /home/yu/colcon_ws/install/humanoid_interfaces/include/humanoid_interfaces/humanoid_interfaces/msg/detail/motion_operator__struct.h
[0.315s] -- Up-to-date symlink: /home/yu/colcon_ws/install/humanoid_interfaces/include/humanoid_interfaces/humanoid_interfaces/msg/detail/motion_operator__type_support.h
[0.315s] -- Up-to-date symlink: /home/yu/colcon_ws/install/humanoid_interfaces/include/humanoid_interfaces/humanoid_interfaces/msg/detail/motionend__functions.h
[0.315s] -- Up-to-date symlink: /home/yu/colcon_ws/install/humanoid_interfaces/include/humanoid_interfaces/humanoid_interfaces/msg/detail/motionend__struct.h
[0.315s] -- Up-to-date symlink: /home/yu/colcon_ws/install/humanoid_interfaces/include/humanoid_interfaces/humanoid_interfaces/msg/detail/motionend__type_support.h
[0.315s] -- Up-to-date symlink: /home/yu/colcon_ws/install/humanoid_interfaces/include/humanoid_interfaces/humanoid_interfaces/msg/detail/motionnum__functions.h
[0.315s] -- Up-to-date symlink: /home/yu/colcon_ws/install/humanoid_interfaces/include/humanoid_interfaces/humanoid_interfaces/msg/detail/motionnum__struct.h
[0.315s] -- Up-to-date symlink: /home/yu/colcon_ws/install/humanoid_interfaces/include/humanoid_interfaces/humanoid_interfaces/msg/detail/motionnum__type_support.h
[0.315s] -- Up-to-date symlink: /home/yu/colcon_ws/install/humanoid_interfaces/include/humanoid_interfaces/humanoid_interfaces/msg/detail/motor_msg__functions.h
[0.315s] -- Up-to-date symlink: /home/yu/colcon_ws/install/humanoid_interfaces/include/humanoid_interfaces/humanoid_interfaces/msg/detail/motor_msg__struct.h
[0.315s] -- Up-to-date symlink: /home/yu/colcon_ws/install/humanoid_interfaces/include/humanoid_interfaces/humanoid_interfaces/msg/detail/motor_msg__type_support.h
[0.315s] -- Up-to-date symlink: /home/yu/colcon_ws/install/humanoid_interfaces/include/humanoid_interfaces/humanoid_interfaces/msg/detail/pidtuning__functions.h
[0.315s] -- Up-to-date symlink: /home/yu/colcon_ws/install/humanoid_interfaces/include/humanoid_interfaces/humanoid_interfaces/msg/detail/pidtuning__struct.h
[0.315s] -- Up-to-date symlink: /home/yu/colcon_ws/install/humanoid_interfaces/include/humanoid_interfaces/humanoid_interfaces/msg/detail/pidtuning__type_support.h
[0.315s] -- Up-to-date symlink: /home/yu/colcon_ws/install/humanoid_interfaces/include/humanoid_interfaces/humanoid_interfaces/msg/detail/robocupcontroller__functions.h
[0.315s] -- Up-to-date symlink: /home/yu/colcon_ws/install/humanoid_interfaces/include/humanoid_interfaces/humanoid_interfaces/msg/detail/robocupcontroller__struct.h
[0.315s] -- Up-to-date symlink: /home/yu/colcon_ws/install/humanoid_interfaces/include/humanoid_interfaces/humanoid_interfaces/msg/detail/robocupcontroller__type_support.h
[0.315s] -- Up-to-date symlink: /home/yu/colcon_ws/install/humanoid_interfaces/include/humanoid_interfaces/humanoid_interfaces/msg/detail/robocuplocalization25__functions.h
[0.315s] -- Up-to-date symlink: /home/yu/colcon_ws/install/humanoid_interfaces/include/humanoid_interfaces/humanoid_interfaces/msg/detail/robocuplocalization25__struct.h
[0.316s] -- Up-to-date symlink: /home/yu/colcon_ws/install/humanoid_interfaces/include/humanoid_interfaces/humanoid_interfaces/msg/detail/robocuplocalization25__type_support.h
[0.316s] -- Up-to-date symlink: /home/yu/colcon_ws/install/humanoid_interfaces/include/humanoid_interfaces/humanoid_interfaces/msg/detail/robocupvision25__functions.h
[0.316s] -- Up-to-date symlink: /home/yu/colcon_ws/install/humanoid_interfaces/include/humanoid_interfaces/humanoid_interfaces/msg/detail/robocupvision25__struct.h
[0.316s] -- Up-to-date symlink: /home/yu/colcon_ws/install/humanoid_interfaces/include/humanoid_interfaces/humanoid_interfaces/msg/detail/robocupvision25__type_support.h
[0.316s] -- Up-to-date symlink: /home/yu/colcon_ws/install/humanoid_interfaces/include/humanoid_interfaces/humanoid_interfaces/msg/detail/robocupvision25feature__functions.h
[0.316s] -- Up-to-date symlink: /home/yu/colcon_ws/install/humanoid_interfaces/include/humanoid_interfaces/humanoid_interfaces/msg/detail/robocupvision25feature__struct.h
[0.316s] -- Up-to-date symlink: /home/yu/colcon_ws/install/humanoid_interfaces/include/humanoid_interfaces/humanoid_interfaces/msg/detail/robocupvision25feature__type_support.h
[0.316s] -- Up-to-date symlink: /home/yu/colcon_ws/install/humanoid_interfaces/include/humanoid_interfaces/humanoid_interfaces/msg/detail/tune2_ik_msg__functions.h
[0.316s] -- Up-to-date symlink: /home/yu/colcon_ws/install/humanoid_interfaces/include/humanoid_interfaces/humanoid_interfaces/msg/detail/tune2_ik_msg__struct.h
[0.316s] -- Up-to-date symlink: /home/yu/colcon_ws/install/humanoid_interfaces/include/humanoid_interfaces/humanoid_interfaces/msg/detail/tune2_ik_msg__type_support.h
[0.316s] -- Up-to-date symlink: /home/yu/colcon_ws/install/humanoid_interfaces/include/humanoid_interfaces/humanoid_interfaces/msg/detail/udp2master__functions.h
[0.316s] -- Up-to-date symlink: /home/yu/colcon_ws/install/humanoid_interfaces/include/humanoid_interfaces/humanoid_interfaces/msg/detail/udp2master__struct.h
[0.316s] -- Up-to-date symlink: /home/yu/colcon_ws/install/humanoid_interfaces/include/humanoid_interfaces/humanoid_interfaces/msg/detail/udp2master__type_support.h
[0.316s] -- Up-to-date symlink: /home/yu/colcon_ws/install/humanoid_interfaces/include/humanoid_interfaces/humanoid_interfaces/msg/detail/zmp_msg__functions.h
[0.316s] -- Up-to-date symlink: /home/yu/colcon_ws/install/humanoid_interfaces/include/humanoid_interfaces/humanoid_interfaces/msg/detail/zmp_msg__struct.h
[0.316s] -- Up-to-date symlink: /home/yu/colcon_ws/install/humanoid_interfaces/include/humanoid_interfaces/humanoid_interfaces/msg/detail/zmp_msg__type_support.h
[0.316s] -- Up-to-date symlink: /home/yu/colcon_ws/install/humanoid_interfaces/include/humanoid_interfaces/humanoid_interfaces/msg/gamecontroldata.h
[0.316s] -- Up-to-date symlink: /home/yu/colcon_ws/install/humanoid_interfaces/include/humanoid_interfaces/humanoid_interfaces/msg/gamecontrolreturndata.h
[0.316s] -- Up-to-date symlink: /home/yu/colcon_ws/install/humanoid_interfaces/include/humanoid_interfaces/humanoid_interfaces/msg/human_pj_vision.h
[0.316s] -- Up-to-date symlink: /home/yu/colcon_ws/install/humanoid_interfaces/include/humanoid_interfaces/humanoid_interfaces/msg/ik_angle_sim_msg.h
[0.316s] -- Up-to-date symlink: /home/yu/colcon_ws/install/humanoid_interfaces/include/humanoid_interfaces/humanoid_interfaces/msg/ik_com_msg.h
[0.316s] -- Up-to-date symlink: /home/yu/colcon_ws/install/humanoid_interfaces/include/humanoid_interfaces/humanoid_interfaces/msg/ik_coord_msg.h
[0.316s] -- Up-to-date symlink: /home/yu/colcon_ws/install/humanoid_interfaces/include/humanoid_interfaces/humanoid_interfaces/msg/ik_end_msg.h
[0.316s] -- Up-to-date symlink: /home/yu/colcon_ws/install/humanoid_interfaces/include/humanoid_interfaces/humanoid_interfaces/msg/ik_ltc_msg.h
[0.317s] -- Up-to-date symlink: /home/yu/colcon_ws/install/humanoid_interfaces/include/humanoid_interfaces/humanoid_interfaces/msg/ik_pattern_msg.h
[0.317s] -- Up-to-date symlink: /home/yu/colcon_ws/install/humanoid_interfaces/include/humanoid_interfaces/humanoid_interfaces/msg/imu_msg.h
[0.317s] -- Up-to-date symlink: /home/yu/colcon_ws/install/humanoid_interfaces/include/humanoid_interfaces/humanoid_interfaces/msg/lc_msgs.h
[0.317s] -- Up-to-date symlink: /home/yu/colcon_ws/install/humanoid_interfaces/include/humanoid_interfaces/humanoid_interfaces/msg/master2_ik_msg.h
[0.317s] -- Up-to-date symlink: /home/yu/colcon_ws/install/humanoid_interfaces/include/humanoid_interfaces/humanoid_interfaces/msg/master2localization25.h
[0.317s] -- Up-to-date symlink: /home/yu/colcon_ws/install/humanoid_interfaces/include/humanoid_interfaces/humanoid_interfaces/msg/master2udp.h
[0.317s] -- Up-to-date symlink: /home/yu/colcon_ws/install/humanoid_interfaces/include/humanoid_interfaces/humanoid_interfaces/msg/master2vision25.h
[0.317s] -- Up-to-date symlink: /home/yu/colcon_ws/install/humanoid_interfaces/include/humanoid_interfaces/humanoid_interfaces/msg/motion_operator.h
[0.317s] -- Up-to-date symlink: /home/yu/colcon_ws/install/humanoid_interfaces/include/humanoid_interfaces/humanoid_interfaces/msg/motionend.h
[0.317s] -- Up-to-date symlink: /home/yu/colcon_ws/install/humanoid_interfaces/include/humanoid_interfaces/humanoid_interfaces/msg/motionnum.h
[0.317s] -- Up-to-date symlink: /home/yu/colcon_ws/install/humanoid_interfaces/include/humanoid_interfaces/humanoid_interfaces/msg/motor_msg.h
[0.317s] -- Up-to-date symlink: /home/yu/colcon_ws/install/humanoid_interfaces/include/humanoid_interfaces/humanoid_interfaces/msg/pidtuning.h
[0.317s] -- Up-to-date symlink: /home/yu/colcon_ws/install/humanoid_interfaces/include/humanoid_interfaces/humanoid_interfaces/msg/robocupcontroller.h
[0.317s] -- Up-to-date symlink: /home/yu/colcon_ws/install/humanoid_interfaces/include/humanoid_interfaces/humanoid_interfaces/msg/robocuplocalization25.h
[0.317s] -- Up-to-date symlink: /home/yu/colcon_ws/install/humanoid_interfaces/include/humanoid_interfaces/humanoid_interfaces/msg/robocupvision25.h
[0.317s] -- Up-to-date symlink: /home/yu/colcon_ws/install/humanoid_interfaces/include/humanoid_interfaces/humanoid_interfaces/msg/robocupvision25feature.h
[0.317s] -- Up-to-date symlink: /home/yu/colcon_ws/install/humanoid_interfaces/include/humanoid_interfaces/humanoid_interfaces/msg/rosidl_generator_c__visibility_control.h
[0.317s] -- Up-to-date symlink: /home/yu/colcon_ws/install/humanoid_interfaces/include/humanoid_interfaces/humanoid_interfaces/msg/tune2_ik_msg.h
[0.317s] -- Up-to-date symlink: /home/yu/colcon_ws/install/humanoid_interfaces/include/humanoid_interfaces/humanoid_interfaces/msg/udp2master.h
[0.317s] -- Up-to-date symlink: /home/yu/colcon_ws/install/humanoid_interfaces/include/humanoid_interfaces/humanoid_interfaces/msg/zmp_msg.h
[0.317s] -- Up-to-date symlink: /home/yu/colcon_ws/install/humanoid_interfaces/share/humanoid_interfaces/environment/library_path.sh
[0.317s] -- Up-to-date symlink: /home/yu/colcon_ws/install/humanoid_interfaces/share/humanoid_interfaces/environment/library_path.dsv
[0.317s] -- Up-to-date symlink: /home/yu/colcon_ws/install/humanoid_interfaces/include/humanoid_interfaces/humanoid_interfaces/msg/detail/cp_walk__rosidl_typesupport_fastrtps_c.h
[0.317s] -- Up-to-date symlink: /home/yu/colcon_ws/install/humanoid_interfaces/include/humanoid_interfaces/humanoid_interfaces/msg/detail/gamecontroldata__rosidl_typesupport_fastrtps_c.h
[0.317s] -- Up-to-date symlink: /home/yu/colcon_ws/install/humanoid_interfaces/include/humanoid_interfaces/humanoid_interfaces/msg/detail/gamecontrolreturndata__rosidl_typesupport_fastrtps_c.h
[0.317s] -- Up-to-date symlink: /home/yu/colcon_ws/install/humanoid_interfaces/include/humanoid_interfaces/humanoid_interfaces/msg/detail/human_pj_vision__rosidl_typesupport_fastrtps_c.h
[0.317s] -- Up-to-date symlink: /home/yu/colcon_ws/install/humanoid_interfaces/include/humanoid_interfaces/humanoid_interfaces/msg/detail/ik_angle_sim_msg__rosidl_typesupport_fastrtps_c.h
[0.317s] -- Up-to-date symlink: /home/yu/colcon_ws/install/humanoid_interfaces/include/humanoid_interfaces/humanoid_interfaces/msg/detail/ik_com_msg__rosidl_typesupport_fastrtps_c.h
[0.317s] -- Up-to-date symlink: /home/yu/colcon_ws/install/humanoid_interfaces/include/humanoid_interfaces/humanoid_interfaces/msg/detail/ik_coord_msg__rosidl_typesupport_fastrtps_c.h
[0.317s] -- Up-to-date symlink: /home/yu/colcon_ws/install/humanoid_interfaces/include/humanoid_interfaces/humanoid_interfaces/msg/detail/ik_end_msg__rosidl_typesupport_fastrtps_c.h
[0.317s] -- Up-to-date symlink: /home/yu/colcon_ws/install/humanoid_interfaces/include/humanoid_interfaces/humanoid_interfaces/msg/detail/ik_ltc_msg__rosidl_typesupport_fastrtps_c.h
[0.317s] -- Up-to-date symlink: /home/yu/colcon_ws/install/humanoid_interfaces/include/humanoid_interfaces/humanoid_interfaces/msg/detail/ik_pattern_msg__rosidl_typesupport_fastrtps_c.h
[0.317s] -- Up-to-date symlink: /home/yu/colcon_ws/install/humanoid_interfaces/include/humanoid_interfaces/humanoid_interfaces/msg/detail/imu_msg__rosidl_typesupport_fastrtps_c.h
[0.317s] -- Up-to-date symlink: /home/yu/colcon_ws/install/humanoid_interfaces/include/humanoid_interfaces/humanoid_interfaces/msg/detail/lc_msgs__rosidl_typesupport_fastrtps_c.h
[0.318s] -- Up-to-date symlink: /home/yu/colcon_ws/install/humanoid_interfaces/include/humanoid_interfaces/humanoid_interfaces/msg/detail/master2_ik_msg__rosidl_typesupport_fastrtps_c.h
[0.318s] -- Up-to-date symlink: /home/yu/colcon_ws/install/humanoid_interfaces/include/humanoid_interfaces/humanoid_interfaces/msg/detail/master2localization25__rosidl_typesupport_fastrtps_c.h
[0.318s] -- Up-to-date symlink: /home/yu/colcon_ws/install/humanoid_interfaces/include/humanoid_interfaces/humanoid_interfaces/msg/detail/master2udp__rosidl_typesupport_fastrtps_c.h
[0.318s] -- Up-to-date symlink: /home/yu/colcon_ws/install/humanoid_interfaces/include/humanoid_interfaces/humanoid_interfaces/msg/detail/master2vision25__rosidl_typesupport_fastrtps_c.h
[0.318s] -- Up-to-date symlink: /home/yu/colcon_ws/install/humanoid_interfaces/include/humanoid_interfaces/humanoid_interfaces/msg/detail/motion_operator__rosidl_typesupport_fastrtps_c.h
[0.318s] -- Up-to-date symlink: /home/yu/colcon_ws/install/humanoid_interfaces/include/humanoid_interfaces/humanoid_interfaces/msg/detail/motionend__rosidl_typesupport_fastrtps_c.h
[0.318s] -- Up-to-date symlink: /home/yu/colcon_ws/install/humanoid_interfaces/include/humanoid_interfaces/humanoid_interfaces/msg/detail/motionnum__rosidl_typesupport_fastrtps_c.h
[0.318s] -- Up-to-date symlink: /home/yu/colcon_ws/install/humanoid_interfaces/include/humanoid_interfaces/humanoid_interfaces/msg/detail/motor_msg__rosidl_typesupport_fastrtps_c.h
[0.318s] -- Up-to-date symlink: /home/yu/colcon_ws/install/humanoid_interfaces/include/humanoid_interfaces/humanoid_interfaces/msg/detail/pidtuning__rosidl_typesupport_fastrtps_c.h
[0.318s] -- Up-to-date symlink: /home/yu/colcon_ws/install/humanoid_interfaces/include/humanoid_interfaces/humanoid_interfaces/msg/detail/robocupcontroller__rosidl_typesupport_fastrtps_c.h
[0.318s] -- Up-to-date symlink: /home/yu/colcon_ws/install/humanoid_interfaces/include/humanoid_interfaces/humanoid_interfaces/msg/detail/robocuplocalization25__rosidl_typesupport_fastrtps_c.h
[0.318s] -- Up-to-date symlink: /home/yu/colcon_ws/install/humanoid_interfaces/include/humanoid_interfaces/humanoid_interfaces/msg/detail/robocupvision25__rosidl_typesupport_fastrtps_c.h
[0.318s] -- Up-to-date symlink: /home/yu/colcon_ws/install/humanoid_interfaces/include/humanoid_interfaces/humanoid_interfaces/msg/detail/robocupvision25feature__rosidl_typesupport_fastrtps_c.h
[0.318s] -- Up-to-date symlink: /home/yu/colcon_ws/install/humanoid_interfaces/include/humanoid_interfaces/humanoid_interfaces/msg/detail/tune2_ik_msg__rosidl_typesupport_fastrtps_c.h
[0.318s] -- Up-to-date symlink: /home/yu/colcon_ws/install/humanoid_interfaces/include/humanoid_interfaces/humanoid_interfaces/msg/detail/udp2master__rosidl_typesupport_fastrtps_c.h
[0.318s] -- Up-to-date symlink: /home/yu/colcon_ws/install/humanoid_interfaces/include/humanoid_interfaces/humanoid_interfaces/msg/detail/zmp_msg__rosidl_typesupport_fastrtps_c.h
[0.318s] -- Up-to-date symlink: /home/yu/colcon_ws/install/humanoid_interfaces/include/humanoid_interfaces/humanoid_interfaces/msg/rosidl_typesupport_fastrtps_c__visibility_control.h
[0.318s] -- Up-to-date symlink: /home/yu/colcon_ws/install/humanoid_interfaces/include/humanoid_interfaces/humanoid_interfaces/msg/cp_walk.hpp
[0.318s] -- Up-to-date symlink: /home/yu/colcon_ws/install/humanoid_interfaces/include/humanoid_interfaces/humanoid_interfaces/msg/detail/cp_walk__builder.hpp
[0.318s] -- Up-to-date symlink: /home/yu/colcon_ws/install/humanoid_interfaces/include/humanoid_interfaces/humanoid_interfaces/msg/detail/cp_walk__struct.hpp
[0.318s] -- Up-to-date symlink: /home/yu/colcon_ws/install/humanoid_interfaces/include/humanoid_interfaces/humanoid_interfaces/msg/detail/cp_walk__traits.hpp
[0.318s] -- Up-to-date symlink: /home/yu/colcon_ws/install/humanoid_interfaces/include/humanoid_interfaces/humanoid_interfaces/msg/detail/cp_walk__type_support.hpp
[0.318s] -- Up-to-date symlink: /home/yu/colcon_ws/install/humanoid_interfaces/include/humanoid_interfaces/humanoid_interfaces/msg/detail/gamecontroldata__builder.hpp
[0.318s] -- Up-to-date symlink: /home/yu/colcon_ws/install/humanoid_interfaces/include/humanoid_interfaces/humanoid_interfaces/msg/detail/gamecontroldata__struct.hpp
[0.318s] -- Up-to-date symlink: /home/yu/colcon_ws/install/humanoid_interfaces/include/humanoid_interfaces/humanoid_interfaces/msg/detail/gamecontroldata__traits.hpp
[0.320s] -- Up-to-date symlink: /home/yu/colcon_ws/install/humanoid_interfaces/include/humanoid_interfaces/humanoid_interfaces/msg/detail/gamecontroldata__type_support.hpp
[0.320s] -- Up-to-date symlink: /home/yu/colcon_ws/install/humanoid_interfaces/include/humanoid_interfaces/humanoid_interfaces/msg/detail/gamecontrolreturndata__builder.hpp
[0.320s] -- Up-to-date symlink: /home/yu/colcon_ws/install/humanoid_interfaces/include/humanoid_interfaces/humanoid_interfaces/msg/detail/gamecontrolreturndata__struct.hpp
[0.320s] -- Up-to-date symlink: /home/yu/colcon_ws/install/humanoid_interfaces/include/humanoid_interfaces/humanoid_interfaces/msg/detail/gamecontrolreturndata__traits.hpp
[0.320s] -- Up-to-date symlink: /home/yu/colcon_ws/install/humanoid_interfaces/include/humanoid_interfaces/humanoid_interfaces/msg/detail/gamecontrolreturndata__type_support.hpp
[0.320s] -- Up-to-date symlink: /home/yu/colcon_ws/install/humanoid_interfaces/include/humanoid_interfaces/humanoid_interfaces/msg/detail/human_pj_vision__builder.hpp
[0.320s] -- Up-to-date symlink: /home/yu/colcon_ws/install/humanoid_interfaces/include/humanoid_interfaces/humanoid_interfaces/msg/detail/human_pj_vision__struct.hpp
[0.320s] -- Up-to-date symlink: /home/yu/colcon_ws/install/humanoid_interfaces/include/humanoid_interfaces/humanoid_interfaces/msg/detail/human_pj_vision__traits.hpp
[0.320s] -- Up-to-date symlink: /home/yu/colcon_ws/install/humanoid_interfaces/include/humanoid_interfaces/humanoid_interfaces/msg/detail/human_pj_vision__type_support.hpp
[0.320s] -- Up-to-date symlink: /home/yu/colcon_ws/install/humanoid_interfaces/include/humanoid_interfaces/humanoid_interfaces/msg/detail/ik_angle_sim_msg__builder.hpp
[0.320s] -- Up-to-date symlink: /home/yu/colcon_ws/install/humanoid_interfaces/include/humanoid_interfaces/humanoid_interfaces/msg/detail/ik_angle_sim_msg__struct.hpp
[0.320s] -- Up-to-date symlink: /home/yu/colcon_ws/install/humanoid_interfaces/include/humanoid_interfaces/humanoid_interfaces/msg/detail/ik_angle_sim_msg__traits.hpp
[0.320s] -- Up-to-date symlink: /home/yu/colcon_ws/install/humanoid_interfaces/include/humanoid_interfaces/humanoid_interfaces/msg/detail/ik_angle_sim_msg__type_support.hpp
[0.320s] -- Up-to-date symlink: /home/yu/colcon_ws/install/humanoid_interfaces/include/humanoid_interfaces/humanoid_interfaces/msg/detail/ik_com_msg__builder.hpp
[0.320s] -- Up-to-date symlink: /home/yu/colcon_ws/install/humanoid_interfaces/include/humanoid_interfaces/humanoid_interfaces/msg/detail/ik_com_msg__struct.hpp
[0.320s] -- Up-to-date symlink: /home/yu/colcon_ws/install/humanoid_interfaces/include/humanoid_interfaces/humanoid_interfaces/msg/detail/ik_com_msg__traits.hpp
[0.320s] -- Up-to-date symlink: /home/yu/colcon_ws/install/humanoid_interfaces/include/humanoid_interfaces/humanoid_interfaces/msg/detail/ik_com_msg__type_support.hpp
[0.320s] -- Up-to-date symlink: /home/yu/colcon_ws/install/humanoid_interfaces/include/humanoid_interfaces/humanoid_interfaces/msg/detail/ik_coord_msg__builder.hpp
[0.320s] -- Up-to-date symlink: /home/yu/colcon_ws/install/humanoid_interfaces/include/humanoid_interfaces/humanoid_interfaces/msg/detail/ik_coord_msg__struct.hpp
[0.320s] -- Up-to-date symlink: /home/yu/colcon_ws/install/humanoid_interfaces/include/humanoid_interfaces/humanoid_interfaces/msg/detail/ik_coord_msg__traits.hpp
[0.320s] -- Up-to-date symlink: /home/yu/colcon_ws/install/humanoid_interfaces/include/humanoid_interfaces/humanoid_interfaces/msg/detail/ik_coord_msg__type_support.hpp
[0.320s] -- Up-to-date symlink: /home/yu/colcon_ws/install/humanoid_interfaces/include/humanoid_interfaces/humanoid_interfaces/msg/detail/ik_end_msg__builder.hpp
[0.320s] -- Up-to-date symlink: /home/yu/colcon_ws/install/humanoid_interfaces/include/humanoid_interfaces/humanoid_interfaces/msg/detail/ik_end_msg__struct.hpp
[0.320s] -- Up-to-date symlink: /home/yu/colcon_ws/install/humanoid_interfaces/include/humanoid_interfaces/humanoid_interfaces/msg/detail/ik_end_msg__traits.hpp
[0.320s] -- Up-to-date symlink: /home/yu/colcon_ws/install/humanoid_interfaces/include/humanoid_interfaces/humanoid_interfaces/msg/detail/ik_end_msg__type_support.hpp
[0.320s] -- Up-to-date symlink: /home/yu/colcon_ws/install/humanoid_interfaces/include/humanoid_interfaces/humanoid_interfaces/msg/detail/ik_ltc_msg__builder.hpp
[0.320s] -- Up-to-date symlink: /home/yu/colcon_ws/install/humanoid_interfaces/include/humanoid_interfaces/humanoid_interfaces/msg/detail/ik_ltc_msg__struct.hpp
[0.320s] -- Up-to-date symlink: /home/yu/colcon_ws/install/humanoid_interfaces/include/humanoid_interfaces/humanoid_interfaces/msg/detail/ik_ltc_msg__traits.hpp
[0.320s] -- Up-to-date symlink: /home/yu/colcon_ws/install/humanoid_interfaces/include/humanoid_interfaces/humanoid_interfaces/msg/detail/ik_ltc_msg__type_support.hpp
[0.320s] -- Up-to-date symlink: /home/yu/colcon_ws/install/humanoid_interfaces/include/humanoid_interfaces/humanoid_interfaces/msg/detail/ik_pattern_msg__builder.hpp
[0.320s] -- Up-to-date symlink: /home/yu/colcon_ws/install/humanoid_interfaces/include/humanoid_interfaces/humanoid_interfaces/msg/detail/ik_pattern_msg__struct.hpp
[0.320s] -- Up-to-date symlink: /home/yu/colcon_ws/install/humanoid_interfaces/include/humanoid_interfaces/humanoid_interfaces/msg/detail/ik_pattern_msg__traits.hpp
[0.320s] -- Up-to-date symlink: /home/yu/colcon_ws/install/humanoid_interfaces/include/humanoid_interfaces/humanoid_interfaces/msg/detail/ik_pattern_msg__type_support.hpp
[0.320s] -- Up-to-date symlink: /home/yu/colcon_ws/install/humanoid_interfaces/include/humanoid_interfaces/humanoid_interfaces/msg/detail/imu_msg__builder.hpp
[0.321s] -- Up-to-date symlink: /home/yu/colcon_ws/install/humanoid_interfaces/include/humanoid_interfaces/humanoid_interfaces/msg/detail/imu_msg__struct.hpp
[0.321s] -- Up-to-date symlink: /home/yu/colcon_ws/install/humanoid_interfaces/include/humanoid_interfaces/humanoid_interfaces/msg/detail/imu_msg__traits.hpp
[0.321s] -- Up-to-date symlink: /home/yu/colcon_ws/install/humanoid_interfaces/include/humanoid_interfaces/humanoid_interfaces/msg/detail/imu_msg__type_support.hpp
[0.321s] -- Up-to-date symlink: /home/yu/colcon_ws/install/humanoid_interfaces/include/humanoid_interfaces/humanoid_interfaces/msg/detail/lc_msgs__builder.hpp
[0.321s] -- Up-to-date symlink: /home/yu/colcon_ws/install/humanoid_interfaces/include/humanoid_interfaces/humanoid_interfaces/msg/detail/lc_msgs__struct.hpp
[0.321s] -- Up-to-date symlink: /home/yu/colcon_ws/install/humanoid_interfaces/include/humanoid_interfaces/humanoid_interfaces/msg/detail/lc_msgs__traits.hpp
[0.321s] -- Up-to-date symlink: /home/yu/colcon_ws/install/humanoid_interfaces/include/humanoid_interfaces/humanoid_interfaces/msg/detail/lc_msgs__type_support.hpp
[0.321s] -- Up-to-date symlink: /home/yu/colcon_ws/install/humanoid_interfaces/include/humanoid_interfaces/humanoid_interfaces/msg/detail/master2_ik_msg__builder.hpp
[0.321s] -- Up-to-date symlink: /home/yu/colcon_ws/install/humanoid_interfaces/include/humanoid_interfaces/humanoid_interfaces/msg/detail/master2_ik_msg__struct.hpp
[0.321s] -- Up-to-date symlink: /home/yu/colcon_ws/install/humanoid_interfaces/include/humanoid_interfaces/humanoid_interfaces/msg/detail/master2_ik_msg__traits.hpp
[0.321s] -- Up-to-date symlink: /home/yu/colcon_ws/install/humanoid_interfaces/include/humanoid_interfaces/humanoid_interfaces/msg/detail/master2_ik_msg__type_support.hpp
[0.321s] -- Up-to-date symlink: /home/yu/colcon_ws/install/humanoid_interfaces/include/humanoid_interfaces/humanoid_interfaces/msg/detail/master2localization25__builder.hpp
[0.321s] -- Up-to-date symlink: /home/yu/colcon_ws/install/humanoid_interfaces/include/humanoid_interfaces/humanoid_interfaces/msg/detail/master2localization25__struct.hpp
[0.321s] -- Up-to-date symlink: /home/yu/colcon_ws/install/humanoid_interfaces/include/humanoid_interfaces/humanoid_interfaces/msg/detail/master2localization25__traits.hpp
[0.321s] -- Up-to-date symlink: /home/yu/colcon_ws/install/humanoid_interfaces/include/humanoid_interfaces/humanoid_interfaces/msg/detail/master2localization25__type_support.hpp
[0.321s] -- Up-to-date symlink: /home/yu/colcon_ws/install/humanoid_interfaces/include/humanoid_interfaces/humanoid_interfaces/msg/detail/master2udp__builder.hpp
[0.321s] -- Up-to-date symlink: /home/yu/colcon_ws/install/humanoid_interfaces/include/humanoid_interfaces/humanoid_interfaces/msg/detail/master2udp__struct.hpp
[0.321s] -- Up-to-date symlink: /home/yu/colcon_ws/install/humanoid_interfaces/include/humanoid_interfaces/humanoid_interfaces/msg/detail/master2udp__traits.hpp
[0.321s] -- Up-to-date symlink: /home/yu/colcon_ws/install/humanoid_interfaces/include/humanoid_interfaces/humanoid_interfaces/msg/detail/master2udp__type_support.hpp
[0.321s] -- Up-to-date symlink: /home/yu/colcon_ws/install/humanoid_interfaces/include/humanoid_interfaces/humanoid_interfaces/msg/detail/master2vision25__builder.hpp
[0.321s] -- Up-to-date symlink: /home/yu/colcon_ws/install/humanoid_interfaces/include/humanoid_interfaces/humanoid_interfaces/msg/detail/master2vision25__struct.hpp
[0.321s] -- Up-to-date symlink: /home/yu/colcon_ws/install/humanoid_interfaces/include/humanoid_interfaces/humanoid_interfaces/msg/detail/master2vision25__traits.hpp
[0.321s] -- Up-to-date symlink: /home/yu/colcon_ws/install/humanoid_interfaces/include/humanoid_interfaces/humanoid_interfaces/msg/detail/master2vision25__type_support.hpp
[0.321s] -- Up-to-date symlink: /home/yu/colcon_ws/install/humanoid_interfaces/include/humanoid_interfaces/humanoid_interfaces/msg/detail/motion_operator__builder.hpp
[0.321s] -- Up-to-date symlink: /home/yu/colcon_ws/install/humanoid_interfaces/include/humanoid_interfaces/humanoid_interfaces/msg/detail/motion_operator__struct.hpp
[0.321s] -- Up-to-date symlink: /home/yu/colcon_ws/install/humanoid_interfaces/include/humanoid_interfaces/humanoid_interfaces/msg/detail/motion_operator__traits.hpp
[0.321s] -- Up-to-date symlink: /home/yu/colcon_ws/install/humanoid_interfaces/include/humanoid_interfaces/humanoid_interfaces/msg/detail/motion_operator__type_support.hpp
[0.321s] -- Up-to-date symlink: /home/yu/colcon_ws/install/humanoid_interfaces/include/humanoid_interfaces/humanoid_interfaces/msg/detail/motionend__builder.hpp
[0.321s] -- Up-to-date symlink: /home/yu/colcon_ws/install/humanoid_interfaces/include/humanoid_interfaces/humanoid_interfaces/msg/detail/motionend__struct.hpp
[0.321s] -- Up-to-date symlink: /home/yu/colcon_ws/install/humanoid_interfaces/include/humanoid_interfaces/humanoid_interfaces/msg/detail/motionend__traits.hpp
[0.321s] -- Up-to-date symlink: /home/yu/colcon_ws/install/humanoid_interfaces/include/humanoid_interfaces/humanoid_interfaces/msg/detail/motionend__type_support.hpp
[0.321s] -- Up-to-date symlink: /home/yu/colcon_ws/install/humanoid_interfaces/include/humanoid_interfaces/humanoid_interfaces/msg/detail/motionnum__builder.hpp
[0.322s] -- Up-to-date symlink: /home/yu/colcon_ws/install/humanoid_interfaces/include/humanoid_interfaces/humanoid_interfaces/msg/detail/motionnum__struct.hpp
[0.322s] -- Up-to-date symlink: /home/yu/colcon_ws/install/humanoid_interfaces/include/humanoid_interfaces/humanoid_interfaces/msg/detail/motionnum__traits.hpp
[0.322s] -- Up-to-date symlink: /home/yu/colcon_ws/install/humanoid_interfaces/include/humanoid_interfaces/humanoid_interfaces/msg/detail/motionnum__type_support.hpp
[0.322s] -- Up-to-date symlink: /home/yu/colcon_ws/install/humanoid_interfaces/include/humanoid_interfaces/humanoid_interfaces/msg/detail/motor_msg__builder.hpp
[0.322s] -- Up-to-date symlink: /home/yu/colcon_ws/install/humanoid_interfaces/include/humanoid_interfaces/humanoid_interfaces/msg/detail/motor_msg__struct.hpp
[0.322s] -- Up-to-date symlink: /home/yu/colcon_ws/install/humanoid_interfaces/include/humanoid_interfaces/humanoid_interfaces/msg/detail/motor_msg__traits.hpp
[0.322s] -- Up-to-date symlink: /home/yu/colcon_ws/install/humanoid_interfaces/include/humanoid_interfaces/humanoid_interfaces/msg/detail/motor_msg__type_support.hpp
[0.322s] -- Up-to-date symlink: /home/yu/colcon_ws/install/humanoid_interfaces/include/humanoid_interfaces/humanoid_interfaces/msg/detail/pidtuning__builder.hpp
[0.322s] -- Up-to-date symlink: /home/yu/colcon_ws/install/humanoid_interfaces/include/humanoid_interfaces/humanoid_interfaces/msg/detail/pidtuning__struct.hpp
[0.322s] -- Up-to-date symlink: /home/yu/colcon_ws/install/humanoid_interfaces/include/humanoid_interfaces/humanoid_interfaces/msg/detail/pidtuning__traits.hpp
[0.322s] -- Up-to-date symlink: /home/yu/colcon_ws/install/humanoid_interfaces/include/humanoid_interfaces/humanoid_interfaces/msg/detail/pidtuning__type_support.hpp
[0.322s] -- Up-to-date symlink: /home/yu/colcon_ws/install/humanoid_interfaces/include/humanoid_interfaces/humanoid_interfaces/msg/detail/robocupcontroller__builder.hpp
[0.322s] -- Up-to-date symlink: /home/yu/colcon_ws/install/humanoid_interfaces/include/humanoid_interfaces/humanoid_interfaces/msg/detail/robocupcontroller__struct.hpp
[0.322s] -- Up-to-date symlink: /home/yu/colcon_ws/install/humanoid_interfaces/include/humanoid_interfaces/humanoid_interfaces/msg/detail/robocupcontroller__traits.hpp
[0.322s] -- Up-to-date symlink: /home/yu/colcon_ws/install/humanoid_interfaces/include/humanoid_interfaces/humanoid_interfaces/msg/detail/robocupcontroller__type_support.hpp
[0.322s] -- Up-to-date symlink: /home/yu/colcon_ws/install/humanoid_interfaces/include/humanoid_interfaces/humanoid_interfaces/msg/detail/robocuplocalization25__builder.hpp
[0.322s] -- Up-to-date symlink: /home/yu/colcon_ws/install/humanoid_interfaces/include/humanoid_interfaces/humanoid_interfaces/msg/detail/robocuplocalization25__struct.hpp
[0.322s] -- Up-to-date symlink: /home/yu/colcon_ws/install/humanoid_interfaces/include/humanoid_interfaces/humanoid_interfaces/msg/detail/robocuplocalization25__traits.hpp
[0.322s] -- Up-to-date symlink: /home/yu/colcon_ws/install/humanoid_interfaces/include/humanoid_interfaces/humanoid_interfaces/msg/detail/robocuplocalization25__type_support.hpp
[0.322s] -- Up-to-date symlink: /home/yu/colcon_ws/install/humanoid_interfaces/include/humanoid_interfaces/humanoid_interfaces/msg/detail/robocupvision25__builder.hpp
[0.322s] -- Up-to-date symlink: /home/yu/colcon_ws/install/humanoid_interfaces/include/humanoid_interfaces/humanoid_interfaces/msg/detail/robocupvision25__struct.hpp
[0.322s] -- Up-to-date symlink: /home/yu/colcon_ws/install/humanoid_interfaces/include/humanoid_interfaces/humanoid_interfaces/msg/detail/robocupvision25__traits.hpp
[0.322s] -- Up-to-date symlink: /home/yu/colcon_ws/install/humanoid_interfaces/include/humanoid_interfaces/humanoid_interfaces/msg/detail/robocupvision25__type_support.hpp
[0.322s] -- Up-to-date symlink: /home/yu/colcon_ws/install/humanoid_interfaces/include/humanoid_interfaces/humanoid_interfaces/msg/detail/robocupvision25feature__builder.hpp
[0.322s] -- Up-to-date symlink: /home/yu/colcon_ws/install/humanoid_interfaces/include/humanoid_interfaces/humanoid_interfaces/msg/detail/robocupvision25feature__struct.hpp
[0.322s] -- Up-to-date symlink: /home/yu/colcon_ws/install/humanoid_interfaces/include/humanoid_interfaces/humanoid_interfaces/msg/detail/robocupvision25feature__traits.hpp
[0.322s] -- Up-to-date symlink: /home/yu/colcon_ws/install/humanoid_interfaces/include/humanoid_interfaces/humanoid_interfaces/msg/detail/robocupvision25feature__type_support.hpp
[0.323s] -- Up-to-date symlink: /home/yu/colcon_ws/install/humanoid_interfaces/include/humanoid_interfaces/humanoid_interfaces/msg/detail/tune2_ik_msg__builder.hpp
[0.323s] -- Up-to-date symlink: /home/yu/colcon_ws/install/humanoid_interfaces/include/humanoid_interfaces/humanoid_interfaces/msg/detail/tune2_ik_msg__struct.hpp
[0.323s] -- Up-to-date symlink: /home/yu/colcon_ws/install/humanoid_interfaces/include/humanoid_interfaces/humanoid_interfaces/msg/detail/tune2_ik_msg__traits.hpp
[0.323s] -- Up-to-date symlink: /home/yu/colcon_ws/install/humanoid_interfaces/include/humanoid_interfaces/humanoid_interfaces/msg/detail/tune2_ik_msg__type_support.hpp
[0.323s] -- Up-to-date symlink: /home/yu/colcon_ws/install/humanoid_interfaces/include/humanoid_interfaces/humanoid_interfaces/msg/detail/udp2master__builder.hpp
[0.323s] -- Up-to-date symlink: /home/yu/colcon_ws/install/humanoid_interfaces/include/humanoid_interfaces/humanoid_interfaces/msg/detail/udp2master__struct.hpp
[0.323s] -- Up-to-date symlink: /home/yu/colcon_ws/install/humanoid_interfaces/include/humanoid_interfaces/humanoid_interfaces/msg/detail/udp2master__traits.hpp
[0.324s] -- Up-to-date symlink: /home/yu/colcon_ws/install/humanoid_interfaces/include/humanoid_interfaces/humanoid_interfaces/msg/detail/udp2master__type_support.hpp
[0.324s] -- Up-to-date symlink: /home/yu/colcon_ws/install/humanoid_interfaces/include/humanoid_interfaces/humanoid_interfaces/msg/detail/zmp_msg__builder.hpp
[0.325s] -- Up-to-date symlink: /home/yu/colcon_ws/install/humanoid_interfaces/include/humanoid_interfaces/humanoid_interfaces/msg/detail/zmp_msg__struct.hpp
[0.325s] -- Up-to-date symlink: /home/yu/colcon_ws/install/humanoid_interfaces/include/humanoid_interfaces/humanoid_interfaces/msg/detail/zmp_msg__traits.hpp
[0.325s] -- Up-to-date symlink: /home/yu/colcon_ws/install/humanoid_interfaces/include/humanoid_interfaces/humanoid_interfaces/msg/detail/zmp_msg__type_support.hpp
[0.325s] -- Up-to-date symlink: /home/yu/colcon_ws/install/humanoid_interfaces/include/humanoid_interfaces/humanoid_interfaces/msg/gamecontroldata.hpp
[0.325s] -- Up-to-date symlink: /home/yu/colcon_ws/install/humanoid_interfaces/include/humanoid_interfaces/humanoid_interfaces/msg/gamecontrolreturndata.hpp
[0.325s] -- Up-to-date symlink: /home/yu/colcon_ws/install/humanoid_interfaces/include/humanoid_interfaces/humanoid_interfaces/msg/human_pj_vision.hpp
[0.325s] -- Up-to-date symlink: /home/yu/colcon_ws/install/humanoid_interfaces/include/humanoid_interfaces/humanoid_interfaces/msg/ik_angle_sim_msg.hpp
[0.325s] -- Up-to-date symlink: /home/yu/colcon_ws/install/humanoid_interfaces/include/humanoid_interfaces/humanoid_interfaces/msg/ik_com_msg.hpp
[0.326s] -- Up-to-date symlink: /home/yu/colcon_ws/install/humanoid_interfaces/include/humanoid_interfaces/humanoid_interfaces/msg/ik_coord_msg.hpp
[0.326s] -- Up-to-date symlink: /home/yu/colcon_ws/install/humanoid_interfaces/include/humanoid_interfaces/humanoid_interfaces/msg/ik_end_msg.hpp
[0.326s] -- Up-to-date symlink: /home/yu/colcon_ws/install/humanoid_interfaces/include/humanoid_interfaces/humanoid_interfaces/msg/ik_ltc_msg.hpp
[0.326s] -- Up-to-date symlink: /home/yu/colcon_ws/install/humanoid_interfaces/include/humanoid_interfaces/humanoid_interfaces/msg/ik_pattern_msg.hpp
[0.326s] -- Up-to-date symlink: /home/yu/colcon_ws/install/humanoid_interfaces/include/humanoid_interfaces/humanoid_interfaces/msg/imu_msg.hpp
[0.326s] -- Up-to-date symlink: /home/yu/colcon_ws/install/humanoid_interfaces/include/humanoid_interfaces/humanoid_interfaces/msg/lc_msgs.hpp
[0.326s] -- Up-to-date symlink: /home/yu/colcon_ws/install/humanoid_interfaces/include/humanoid_interfaces/humanoid_interfaces/msg/master2_ik_msg.hpp
[0.326s] -- Up-to-date symlink: /home/yu/colcon_ws/install/humanoid_interfaces/include/humanoid_interfaces/humanoid_interfaces/msg/master2localization25.hpp
[0.326s] -- Up-to-date symlink: /home/yu/colcon_ws/install/humanoid_interfaces/include/humanoid_interfaces/humanoid_interfaces/msg/master2udp.hpp
[0.326s] -- Up-to-date symlink: /home/yu/colcon_ws/install/humanoid_interfaces/include/humanoid_interfaces/humanoid_interfaces/msg/master2vision25.hpp
[0.326s] -- Up-to-date symlink: /home/yu/colcon_ws/install/humanoid_interfaces/include/humanoid_interfaces/humanoid_interfaces/msg/motion_operator.hpp
[0.326s] -- Up-to-date symlink: /home/yu/colcon_ws/install/humanoid_interfaces/include/humanoid_interfaces/humanoid_interfaces/msg/motionend.hpp
[0.326s] -- Up-to-date symlink: /home/yu/colcon_ws/install/humanoid_interfaces/include/humanoid_interfaces/humanoid_interfaces/msg/motionnum.hpp
[0.326s] -- Up-to-date symlink: /home/yu/colcon_ws/install/humanoid_interfaces/include/humanoid_interfaces/humanoid_interfaces/msg/motor_msg.hpp
[0.326s] -- Up-to-date symlink: /home/yu/colcon_ws/install/humanoid_interfaces/include/humanoid_interfaces/humanoid_interfaces/msg/pidtuning.hpp
[0.326s] -- Up-to-date symlink: /home/yu/colcon_ws/install/humanoid_interfaces/include/humanoid_interfaces/humanoid_interfaces/msg/robocupcontroller.hpp
[0.327s] -- Up-to-date symlink: /home/yu/colcon_ws/install/humanoid_interfaces/include/humanoid_interfaces/humanoid_interfaces/msg/robocuplocalization25.hpp
[0.327s] -- Up-to-date symlink: /home/yu/colcon_ws/install/humanoid_interfaces/include/humanoid_interfaces/humanoid_interfaces/msg/robocupvision25.hpp
[0.327s] -- Up-to-date symlink: /home/yu/colcon_ws/install/humanoid_interfaces/include/humanoid_interfaces/humanoid_interfaces/msg/robocupvision25feature.hpp
[0.327s] -- Up-to-date symlink: /home/yu/colcon_ws/install/humanoid_interfaces/include/humanoid_interfaces/humanoid_interfaces/msg/rosidl_generator_cpp__visibility_control.hpp
[0.327s] -- Up-to-date symlink: /home/yu/colcon_ws/install/humanoid_interfaces/include/humanoid_interfaces/humanoid_interfaces/msg/tune2_ik_msg.hpp
[0.327s] -- Up-to-date symlink: /home/yu/colcon_ws/install/humanoid_interfaces/include/humanoid_interfaces/humanoid_interfaces/msg/udp2master.hpp
[0.327s] -- Up-to-date symlink: /home/yu/colcon_ws/install/humanoid_interfaces/include/humanoid_interfaces/humanoid_interfaces/msg/zmp_msg.hpp
[0.327s] -- Up-to-date symlink: /home/yu/colcon_ws/install/humanoid_interfaces/include/humanoid_interfaces/humanoid_interfaces/msg/detail/cp_walk__rosidl_typesupport_fastrtps_cpp.hpp
[0.327s] -- Up-to-date symlink: /home/yu/colcon_ws/install/humanoid_interfaces/include/humanoid_interfaces/humanoid_interfaces/msg/detail/gamecontroldata__rosidl_typesupport_fastrtps_cpp.hpp
[0.327s] -- Up-to-date symlink: /home/yu/colcon_ws/install/humanoid_interfaces/include/humanoid_interfaces/humanoid_interfaces/msg/detail/gamecontrolreturndata__rosidl_typesupport_fastrtps_cpp.hpp
[0.327s] -- Up-to-date symlink: /home/yu/colcon_ws/install/humanoid_interfaces/include/humanoid_interfaces/humanoid_interfaces/msg/detail/human_pj_vision__rosidl_typesupport_fastrtps_cpp.hpp
[0.327s] -- Up-to-date symlink: /home/yu/colcon_ws/install/humanoid_interfaces/include/humanoid_interfaces/humanoid_interfaces/msg/detail/ik_angle_sim_msg__rosidl_typesupport_fastrtps_cpp.hpp
[0.327s] -- Up-to-date symlink: /home/yu/colcon_ws/install/humanoid_interfaces/include/humanoid_interfaces/humanoid_interfaces/msg/detail/ik_com_msg__rosidl_typesupport_fastrtps_cpp.hpp
[0.327s] -- Up-to-date symlink: /home/yu/colcon_ws/install/humanoid_interfaces/include/humanoid_interfaces/humanoid_interfaces/msg/detail/ik_coord_msg__rosidl_typesupport_fastrtps_cpp.hpp
[0.327s] -- Up-to-date symlink: /home/yu/colcon_ws/install/humanoid_interfaces/include/humanoid_interfaces/humanoid_interfaces/msg/detail/ik_end_msg__rosidl_typesupport_fastrtps_cpp.hpp
[0.327s] -- Up-to-date symlink: /home/yu/colcon_ws/install/humanoid_interfaces/include/humanoid_interfaces/humanoid_interfaces/msg/detail/ik_ltc_msg__rosidl_typesupport_fastrtps_cpp.hpp
[0.327s] -- Up-to-date symlink: /home/yu/colcon_ws/install/humanoid_interfaces/include/humanoid_interfaces/humanoid_interfaces/msg/detail/ik_pattern_msg__rosidl_typesupport_fastrtps_cpp.hpp
[0.327s] -- Up-to-date symlink: /home/yu/colcon_ws/install/humanoid_interfaces/include/humanoid_interfaces/humanoid_interfaces/msg/detail/imu_msg__rosidl_typesupport_fastrtps_cpp.hpp
[0.327s] -- Up-to-date symlink: /home/yu/colcon_ws/install/humanoid_interfaces/include/humanoid_interfaces/humanoid_interfaces/msg/detail/lc_msgs__rosidl_typesupport_fastrtps_cpp.hpp
[0.327s] -- Up-to-date symlink: /home/yu/colcon_ws/install/humanoid_interfaces/include/humanoid_interfaces/humanoid_interfaces/msg/detail/master2_ik_msg__rosidl_typesupport_fastrtps_cpp.hpp
[0.327s] -- Up-to-date symlink: /home/yu/colcon_ws/install/humanoid_interfaces/include/humanoid_interfaces/humanoid_interfaces/msg/detail/master2localization25__rosidl_typesupport_fastrtps_cpp.hpp
[0.327s] -- Up-to-date symlink: /home/yu/colcon_ws/install/humanoid_interfaces/include/humanoid_interfaces/humanoid_interfaces/msg/detail/master2udp__rosidl_typesupport_fastrtps_cpp.hpp
[0.328s] -- Up-to-date symlink: /home/yu/colcon_ws/install/humanoid_interfaces/include/humanoid_interfaces/humanoid_interfaces/msg/detail/master2vision25__rosidl_typesupport_fastrtps_cpp.hpp
[0.328s] -- Up-to-date symlink: /home/yu/colcon_ws/install/humanoid_interfaces/include/humanoid_interfaces/humanoid_interfaces/msg/detail/motion_operator__rosidl_typesupport_fastrtps_cpp.hpp
[0.328s] -- Up-to-date symlink: /home/yu/colcon_ws/install/humanoid_interfaces/include/humanoid_interfaces/humanoid_interfaces/msg/detail/motionend__rosidl_typesupport_fastrtps_cpp.hpp
[0.328s] -- Up-to-date symlink: /home/yu/colcon_ws/install/humanoid_interfaces/include/humanoid_interfaces/humanoid_interfaces/msg/detail/motionnum__rosidl_typesupport_fastrtps_cpp.hpp
[0.328s] -- Up-to-date symlink: /home/yu/colcon_ws/install/humanoid_interfaces/include/humanoid_interfaces/humanoid_interfaces/msg/detail/motor_msg__rosidl_typesupport_fastrtps_cpp.hpp
[0.329s] -- Up-to-date symlink: /home/yu/colcon_ws/install/humanoid_interfaces/include/humanoid_interfaces/humanoid_interfaces/msg/detail/pidtuning__rosidl_typesupport_fastrtps_cpp.hpp
[0.329s] -- Up-to-date symlink: /home/yu/colcon_ws/install/humanoid_interfaces/include/humanoid_interfaces/humanoid_interfaces/msg/detail/robocupcontroller__rosidl_typesupport_fastrtps_cpp.hpp
[0.329s] -- Up-to-date symlink: /home/yu/colcon_ws/install/humanoid_interfaces/include/humanoid_interfaces/humanoid_interfaces/msg/detail/robocuplocalization25__rosidl_typesupport_fastrtps_cpp.hpp
[0.329s] -- Up-to-date symlink: /home/yu/colcon_ws/install/humanoid_interfaces/include/humanoid_interfaces/humanoid_interfaces/msg/detail/robocupvision25__rosidl_typesupport_fastrtps_cpp.hpp
[0.329s] -- Up-to-date symlink: /home/yu/colcon_ws/install/humanoid_interfaces/include/humanoid_interfaces/humanoid_interfaces/msg/detail/robocupvision25feature__rosidl_typesupport_fastrtps_cpp.hpp
[0.329s] -- Up-to-date symlink: /home/yu/colcon_ws/install/humanoid_interfaces/include/humanoid_interfaces/humanoid_interfaces/msg/detail/tune2_ik_msg__rosidl_typesupport_fastrtps_cpp.hpp
[0.329s] -- Up-to-date symlink: /home/yu/colcon_ws/install/humanoid_interfaces/include/humanoid_interfaces/humanoid_interfaces/msg/detail/udp2master__rosidl_typesupport_fastrtps_cpp.hpp
[0.330s] -- Up-to-date symlink: /home/yu/colcon_ws/install/humanoid_interfaces/include/humanoid_interfaces/humanoid_interfaces/msg/detail/zmp_msg__rosidl_typesupport_fastrtps_cpp.hpp
[0.330s] -- Up-to-date symlink: /home/yu/colcon_ws/install/humanoid_interfaces/include/humanoid_interfaces/humanoid_interfaces/msg/rosidl_typesupport_fastrtps_cpp__visibility_control.h
[0.330s] -- Up-to-date symlink: /home/yu/colcon_ws/install/humanoid_interfaces/include/humanoid_interfaces/humanoid_interfaces/msg/detail/cp_walk__rosidl_typesupport_introspection_c.h
[0.330s] -- Up-to-date symlink: /home/yu/colcon_ws/install/humanoid_interfaces/include/humanoid_interfaces/humanoid_interfaces/msg/detail/gamecontroldata__rosidl_typesupport_introspection_c.h
[0.330s] -- Up-to-date symlink: /home/yu/colcon_ws/install/humanoid_interfaces/include/humanoid_interfaces/humanoid_interfaces/msg/detail/gamecontrolreturndata__rosidl_typesupport_introspection_c.h
[0.330s] -- Up-to-date symlink: /home/yu/colcon_ws/install/humanoid_interfaces/include/humanoid_interfaces/humanoid_interfaces/msg/detail/human_pj_vision__rosidl_typesupport_introspection_c.h
[0.330s] -- Up-to-date symlink: /home/yu/colcon_ws/install/humanoid_interfaces/include/humanoid_interfaces/humanoid_interfaces/msg/detail/ik_angle_sim_msg__rosidl_typesupport_introspection_c.h
[0.330s] -- Up-to-date symlink: /home/yu/colcon_ws/install/humanoid_interfaces/include/humanoid_interfaces/humanoid_interfaces/msg/detail/ik_com_msg__rosidl_typesupport_introspection_c.h
[0.330s] -- Up-to-date symlink: /home/yu/colcon_ws/install/humanoid_interfaces/include/humanoid_interfaces/humanoid_interfaces/msg/detail/ik_coord_msg__rosidl_typesupport_introspection_c.h
[0.330s] -- Up-to-date symlink: /home/yu/colcon_ws/install/humanoid_interfaces/include/humanoid_interfaces/humanoid_interfaces/msg/detail/ik_end_msg__rosidl_typesupport_introspection_c.h
[0.331s] -- Up-to-date symlink: /home/yu/colcon_ws/install/humanoid_interfaces/include/humanoid_interfaces/humanoid_interfaces/msg/detail/ik_ltc_msg__rosidl_typesupport_introspection_c.h
[0.331s] -- Up-to-date symlink: /home/yu/colcon_ws/install/humanoid_interfaces/include/humanoid_interfaces/humanoid_interfaces/msg/detail/ik_pattern_msg__rosidl_typesupport_introspection_c.h
[0.331s] -- Up-to-date symlink: /home/yu/colcon_ws/install/humanoid_interfaces/include/humanoid_interfaces/humanoid_interfaces/msg/detail/imu_msg__rosidl_typesupport_introspection_c.h
[0.331s] -- Up-to-date symlink: /home/yu/colcon_ws/install/humanoid_interfaces/include/humanoid_interfaces/humanoid_interfaces/msg/detail/lc_msgs__rosidl_typesupport_introspection_c.h
[0.331s] -- Up-to-date symlink: /home/yu/colcon_ws/install/humanoid_interfaces/include/humanoid_interfaces/humanoid_interfaces/msg/detail/master2_ik_msg__rosidl_typesupport_introspection_c.h
[0.331s] -- Up-to-date symlink: /home/yu/colcon_ws/install/humanoid_interfaces/include/humanoid_interfaces/humanoid_interfaces/msg/detail/master2localization25__rosidl_typesupport_introspection_c.h
[0.331s] -- Up-to-date symlink: /home/yu/colcon_ws/install/humanoid_interfaces/include/humanoid_interfaces/humanoid_interfaces/msg/detail/master2udp__rosidl_typesupport_introspection_c.h
[0.331s] -- Up-to-date symlink: /home/yu/colcon_ws/install/humanoid_interfaces/include/humanoid_interfaces/humanoid_interfaces/msg/detail/master2vision25__rosidl_typesupport_introspection_c.h
[0.331s] -- Up-to-date symlink: /home/yu/colcon_ws/install/humanoid_interfaces/include/humanoid_interfaces/humanoid_interfaces/msg/detail/motion_operator__rosidl_typesupport_introspection_c.h
[0.331s] -- Up-to-date symlink: /home/yu/colcon_ws/install/humanoid_interfaces/include/humanoid_interfaces/humanoid_interfaces/msg/detail/motionend__rosidl_typesupport_introspection_c.h
[0.331s] -- Up-to-date symlink: /home/yu/colcon_ws/install/humanoid_interfaces/include/humanoid_interfaces/humanoid_interfaces/msg/detail/motionnum__rosidl_typesupport_introspection_c.h
[0.331s] -- Up-to-date symlink: /home/yu/colcon_ws/install/humanoid_interfaces/include/humanoid_interfaces/humanoid_interfaces/msg/detail/motor_msg__rosidl_typesupport_introspection_c.h
[0.331s] -- Up-to-date symlink: /home/yu/colcon_ws/install/humanoid_interfaces/include/humanoid_interfaces/humanoid_interfaces/msg/detail/pidtuning__rosidl_typesupport_introspection_c.h
[0.332s] -- Up-to-date symlink: /home/yu/colcon_ws/install/humanoid_interfaces/include/humanoid_interfaces/humanoid_interfaces/msg/detail/robocupcontroller__rosidl_typesupport_introspection_c.h
[0.332s] -- Up-to-date symlink: /home/yu/colcon_ws/install/humanoid_interfaces/include/humanoid_interfaces/humanoid_interfaces/msg/detail/robocuplocalization25__rosidl_typesupport_introspection_c.h
[0.332s] -- Up-to-date symlink: /home/yu/colcon_ws/install/humanoid_interfaces/include/humanoid_interfaces/humanoid_interfaces/msg/detail/robocupvision25__rosidl_typesupport_introspection_c.h
[0.332s] -- Up-to-date symlink: /home/yu/colcon_ws/install/humanoid_interfaces/include/humanoid_interfaces/humanoid_interfaces/msg/detail/robocupvision25feature__rosidl_typesupport_introspection_c.h
[0.332s] -- Up-to-date symlink: /home/yu/colcon_ws/install/humanoid_interfaces/include/humanoid_interfaces/humanoid_interfaces/msg/detail/tune2_ik_msg__rosidl_typesupport_introspection_c.h
[0.332s] -- Up-to-date symlink: /home/yu/colcon_ws/install/humanoid_interfaces/include/humanoid_interfaces/humanoid_interfaces/msg/detail/udp2master__rosidl_typesupport_introspection_c.h
[0.332s] -- Up-to-date symlink: /home/yu/colcon_ws/install/humanoid_interfaces/include/humanoid_interfaces/humanoid_interfaces/msg/detail/zmp_msg__rosidl_typesupport_introspection_c.h
[0.333s] -- Up-to-date symlink: /home/yu/colcon_ws/install/humanoid_interfaces/include/humanoid_interfaces/humanoid_interfaces/msg/rosidl_typesupport_introspection_c__visibility_control.h
[0.333s] -- Up-to-date symlink: /home/yu/colcon_ws/install/humanoid_interfaces/include/humanoid_interfaces/humanoid_interfaces/msg/detail/cp_walk__rosidl_typesupport_introspection_cpp.hpp
[0.333s] -- Up-to-date symlink: /home/yu/colcon_ws/install/humanoid_interfaces/include/humanoid_interfaces/humanoid_interfaces/msg/detail/gamecontroldata__rosidl_typesupport_introspection_cpp.hpp
[0.333s] -- Up-to-date symlink: /home/yu/colcon_ws/install/humanoid_interfaces/include/humanoid_interfaces/humanoid_interfaces/msg/detail/gamecontrolreturndata__rosidl_typesupport_introspection_cpp.hpp
[0.333s] -- Up-to-date symlink: /home/yu/colcon_ws/install/humanoid_interfaces/include/humanoid_interfaces/humanoid_interfaces/msg/detail/human_pj_vision__rosidl_typesupport_introspection_cpp.hpp
[0.333s] -- Up-to-date symlink: /home/yu/colcon_ws/install/humanoid_interfaces/include/humanoid_interfaces/humanoid_interfaces/msg/detail/ik_angle_sim_msg__rosidl_typesupport_introspection_cpp.hpp
[0.333s] -- Up-to-date symlink: /home/yu/colcon_ws/install/humanoid_interfaces/include/humanoid_interfaces/humanoid_interfaces/msg/detail/ik_com_msg__rosidl_typesupport_introspection_cpp.hpp
[0.333s] -- Up-to-date symlink: /home/yu/colcon_ws/install/humanoid_interfaces/include/humanoid_interfaces/humanoid_interfaces/msg/detail/ik_coord_msg__rosidl_typesupport_introspection_cpp.hpp
[0.333s] -- Up-to-date symlink: /home/yu/colcon_ws/install/humanoid_interfaces/include/humanoid_interfaces/humanoid_interfaces/msg/detail/ik_end_msg__rosidl_typesupport_introspection_cpp.hpp
[0.333s] -- Up-to-date symlink: /home/yu/colcon_ws/install/humanoid_interfaces/include/humanoid_interfaces/humanoid_interfaces/msg/detail/ik_ltc_msg__rosidl_typesupport_introspection_cpp.hpp
[0.333s] -- Up-to-date symlink: /home/yu/colcon_ws/install/humanoid_interfaces/include/humanoid_interfaces/humanoid_interfaces/msg/detail/ik_pattern_msg__rosidl_typesupport_introspection_cpp.hpp
[0.333s] -- Up-to-date symlink: /home/yu/colcon_ws/install/humanoid_interfaces/include/humanoid_interfaces/humanoid_interfaces/msg/detail/imu_msg__rosidl_typesupport_introspection_cpp.hpp
[0.334s] -- Up-to-date symlink: /home/yu/colcon_ws/install/humanoid_interfaces/include/humanoid_interfaces/humanoid_interfaces/msg/detail/lc_msgs__rosidl_typesupport_introspection_cpp.hpp
[0.334s] -- Up-to-date symlink: /home/yu/colcon_ws/install/humanoid_interfaces/include/humanoid_interfaces/humanoid_interfaces/msg/detail/master2_ik_msg__rosidl_typesupport_introspection_cpp.hpp
[0.334s] -- Up-to-date symlink: /home/yu/colcon_ws/install/humanoid_interfaces/include/humanoid_interfaces/humanoid_interfaces/msg/detail/master2localization25__rosidl_typesupport_introspection_cpp.hpp
[0.334s] -- Up-to-date symlink: /home/yu/colcon_ws/install/humanoid_interfaces/include/humanoid_interfaces/humanoid_interfaces/msg/detail/master2udp__rosidl_typesupport_introspection_cpp.hpp
[0.334s] -- Up-to-date symlink: /home/yu/colcon_ws/install/humanoid_interfaces/include/humanoid_interfaces/humanoid_interfaces/msg/detail/master2vision25__rosidl_typesupport_introspection_cpp.hpp
[0.334s] -- Up-to-date symlink: /home/yu/colcon_ws/install/humanoid_interfaces/include/humanoid_interfaces/humanoid_interfaces/msg/detail/motion_operator__rosidl_typesupport_introspection_cpp.hpp
[0.334s] -- Up-to-date symlink: /home/yu/colcon_ws/install/humanoid_interfaces/include/humanoid_interfaces/humanoid_interfaces/msg/detail/motionend__rosidl_typesupport_introspection_cpp.hpp
[0.334s] -- Up-to-date symlink: /home/yu/colcon_ws/install/humanoid_interfaces/include/humanoid_interfaces/humanoid_interfaces/msg/detail/motionnum__rosidl_typesupport_introspection_cpp.hpp
[0.334s] -- Up-to-date symlink: /home/yu/colcon_ws/install/humanoid_interfaces/include/humanoid_interfaces/humanoid_interfaces/msg/detail/motor_msg__rosidl_typesupport_introspection_cpp.hpp
[0.334s] -- Up-to-date symlink: /home/yu/colcon_ws/install/humanoid_interfaces/include/humanoid_interfaces/humanoid_interfaces/msg/detail/pidtuning__rosidl_typesupport_introspection_cpp.hpp
[0.334s] -- Up-to-date symlink: /home/yu/colcon_ws/install/humanoid_interfaces/include/humanoid_interfaces/humanoid_interfaces/msg/detail/robocupcontroller__rosidl_typesupport_introspection_cpp.hpp
[0.334s] -- Up-to-date symlink: /home/yu/colcon_ws/install/humanoid_interfaces/include/humanoid_interfaces/humanoid_interfaces/msg/detail/robocuplocalization25__rosidl_typesupport_introspection_cpp.hpp
[0.334s] -- Up-to-date symlink: /home/yu/colcon_ws/install/humanoid_interfaces/include/humanoid_interfaces/humanoid_interfaces/msg/detail/robocupvision25__rosidl_typesupport_introspection_cpp.hpp
[0.335s] -- Up-to-date symlink: /home/yu/colcon_ws/install/humanoid_interfaces/include/humanoid_interfaces/humanoid_interfaces/msg/detail/robocupvision25feature__rosidl_typesupport_introspection_cpp.hpp
[0.335s] -- Up-to-date symlink: /home/yu/colcon_ws/install/humanoid_interfaces/include/humanoid_interfaces/humanoid_interfaces/msg/detail/tune2_ik_msg__rosidl_typesupport_introspection_cpp.hpp
[0.335s] -- Up-to-date symlink: /home/yu/colcon_ws/install/humanoid_interfaces/include/humanoid_interfaces/humanoid_interfaces/msg/detail/udp2master__rosidl_typesupport_introspection_cpp.hpp
[0.335s] -- Up-to-date symlink: /home/yu/colcon_ws/install/humanoid_interfaces/include/humanoid_interfaces/humanoid_interfaces/msg/detail/zmp_msg__rosidl_typesupport_introspection_cpp.hpp
[0.335s] -- Up-to-date symlink: /home/yu/colcon_ws/install/humanoid_interfaces/share/humanoid_interfaces/environment/pythonpath.sh
[0.335s] -- Up-to-date symlink: /home/yu/colcon_ws/install/humanoid_interfaces/share/humanoid_interfaces/environment/pythonpath.dsv
[0.335s] -- Up-to-date symlink: /home/yu/colcon_ws/install/humanoid_interfaces/local/lib/python3.10/dist-packages/humanoid_interfaces-0.0.0-py3.10.egg-info/PKG-INFO
[0.335s] -- Up-to-date symlink: /home/yu/colcon_ws/install/humanoid_interfaces/local/lib/python3.10/dist-packages/humanoid_interfaces-0.0.0-py3.10.egg-info/SOURCES.txt
[0.335s] -- Up-to-date symlink: /home/yu/colcon_ws/install/humanoid_interfaces/local/lib/python3.10/dist-packages/humanoid_interfaces-0.0.0-py3.10.egg-info/dependency_links.txt
[0.335s] -- Up-to-date symlink: /home/yu/colcon_ws/install/humanoid_interfaces/local/lib/python3.10/dist-packages/humanoid_interfaces-0.0.0-py3.10.egg-info/top_level.txt
[0.335s] -- Up-to-date symlink: /home/yu/colcon_ws/install/humanoid_interfaces/local/lib/python3.10/dist-packages/humanoid_interfaces/__init__.py
[0.335s] -- Up-to-date symlink: /home/yu/colcon_ws/install/humanoid_interfaces/local/lib/python3.10/dist-packages/humanoid_interfaces/_humanoid_interfaces_s.ep.rosidl_typesupport_c.c
[0.335s] -- Up-to-date symlink: /home/yu/colcon_ws/install/humanoid_interfaces/local/lib/python3.10/dist-packages/humanoid_interfaces/_humanoid_interfaces_s.ep.rosidl_typesupport_fastrtps_c.c
[0.335s] -- Up-to-date symlink: /home/yu/colcon_ws/install/humanoid_interfaces/local/lib/python3.10/dist-packages/humanoid_interfaces/_humanoid_interfaces_s.ep.rosidl_typesupport_introspection_c.c
[0.335s] -- Up-to-date symlink: /home/yu/colcon_ws/install/humanoid_interfaces/local/lib/python3.10/dist-packages/humanoid_interfaces/humanoid_interfaces_s__rosidl_typesupport_c.cpython-310-x86_64-linux-gnu.so
[0.336s] -- Up-to-date symlink: /home/yu/colcon_ws/install/humanoid_interfaces/local/lib/python3.10/dist-packages/humanoid_interfaces/humanoid_interfaces_s__rosidl_typesupport_fastrtps_c.cpython-310-x86_64-linux-gnu.so
[0.336s] -- Up-to-date symlink: /home/yu/colcon_ws/install/humanoid_interfaces/local/lib/python3.10/dist-packages/humanoid_interfaces/humanoid_interfaces_s__rosidl_typesupport_introspection_c.cpython-310-x86_64-linux-gnu.so
[0.336s] -- Up-to-date symlink: /home/yu/colcon_ws/install/humanoid_interfaces/local/lib/python3.10/dist-packages/humanoid_interfaces/libhumanoid_interfaces__rosidl_generator_py.so
[0.336s] -- Up-to-date symlink: /home/yu/colcon_ws/install/humanoid_interfaces/local/lib/python3.10/dist-packages/humanoid_interfaces/msg/__init__.py
[0.336s] -- Up-to-date symlink: /home/yu/colcon_ws/install/humanoid_interfaces/local/lib/python3.10/dist-packages/humanoid_interfaces/msg/_cp_walk.py
[0.336s] -- Up-to-date symlink: /home/yu/colcon_ws/install/humanoid_interfaces/local/lib/python3.10/dist-packages/humanoid_interfaces/msg/_cp_walk_s.c
[0.336s] -- Up-to-date symlink: /home/yu/colcon_ws/install/humanoid_interfaces/local/lib/python3.10/dist-packages/humanoid_interfaces/msg/_gamecontroldata.py
[0.336s] -- Up-to-date symlink: /home/yu/colcon_ws/install/humanoid_interfaces/local/lib/python3.10/dist-packages/humanoid_interfaces/msg/_gamecontroldata_s.c
[0.336s] -- Up-to-date symlink: /home/yu/colcon_ws/install/humanoid_interfaces/local/lib/python3.10/dist-packages/humanoid_interfaces/msg/_gamecontrolreturndata.py
[0.336s] -- Up-to-date symlink: /home/yu/colcon_ws/install/humanoid_interfaces/local/lib/python3.10/dist-packages/humanoid_interfaces/msg/_gamecontrolreturndata_s.c
[0.336s] -- Up-to-date symlink: /home/yu/colcon_ws/install/humanoid_interfaces/local/lib/python3.10/dist-packages/humanoid_interfaces/msg/_human_pj_vision.py
[0.336s] -- Up-to-date symlink: /home/yu/colcon_ws/install/humanoid_interfaces/local/lib/python3.10/dist-packages/humanoid_interfaces/msg/_human_pj_vision_s.c
[0.336s] -- Up-to-date symlink: /home/yu/colcon_ws/install/humanoid_interfaces/local/lib/python3.10/dist-packages/humanoid_interfaces/msg/_ik_angle_sim_msg.py
[0.336s] -- Up-to-date symlink: /home/yu/colcon_ws/install/humanoid_interfaces/local/lib/python3.10/dist-packages/humanoid_interfaces/msg/_ik_angle_sim_msg_s.c
[0.336s] -- Up-to-date symlink: /home/yu/colcon_ws/install/humanoid_interfaces/local/lib/python3.10/dist-packages/humanoid_interfaces/msg/_ik_com_msg.py
[0.336s] -- Up-to-date symlink: /home/yu/colcon_ws/install/humanoid_interfaces/local/lib/python3.10/dist-packages/humanoid_interfaces/msg/_ik_com_msg_s.c
[0.336s] -- Up-to-date symlink: /home/yu/colcon_ws/install/humanoid_interfaces/local/lib/python3.10/dist-packages/humanoid_interfaces/msg/_ik_coord_msg.py
[0.336s] -- Up-to-date symlink: /home/yu/colcon_ws/install/humanoid_interfaces/local/lib/python3.10/dist-packages/humanoid_interfaces/msg/_ik_coord_msg_s.c
[0.336s] -- Up-to-date symlink: /home/yu/colcon_ws/install/humanoid_interfaces/local/lib/python3.10/dist-packages/humanoid_interfaces/msg/_ik_end_msg.py
[0.336s] -- Up-to-date symlink: /home/yu/colcon_ws/install/humanoid_interfaces/local/lib/python3.10/dist-packages/humanoid_interfaces/msg/_ik_end_msg_s.c
[0.336s] -- Up-to-date symlink: /home/yu/colcon_ws/install/humanoid_interfaces/local/lib/python3.10/dist-packages/humanoid_interfaces/msg/_ik_ltc_msg.py
[0.336s] -- Up-to-date symlink: /home/yu/colcon_ws/install/humanoid_interfaces/local/lib/python3.10/dist-packages/humanoid_interfaces/msg/_ik_ltc_msg_s.c
[0.336s] -- Up-to-date symlink: /home/yu/colcon_ws/install/humanoid_interfaces/local/lib/python3.10/dist-packages/humanoid_interfaces/msg/_ik_pattern_msg.py
[0.336s] -- Up-to-date symlink: /home/yu/colcon_ws/install/humanoid_interfaces/local/lib/python3.10/dist-packages/humanoid_interfaces/msg/_ik_pattern_msg_s.c
[0.336s] -- Up-to-date symlink: /home/yu/colcon_ws/install/humanoid_interfaces/local/lib/python3.10/dist-packages/humanoid_interfaces/msg/_imu_msg.py
[0.336s] -- Up-to-date symlink: /home/yu/colcon_ws/install/humanoid_interfaces/local/lib/python3.10/dist-packages/humanoid_interfaces/msg/_imu_msg_s.c
[0.336s] -- Up-to-date symlink: /home/yu/colcon_ws/install/humanoid_interfaces/local/lib/python3.10/dist-packages/humanoid_interfaces/msg/_lc_msgs.py
[0.336s] -- Up-to-date symlink: /home/yu/colcon_ws/install/humanoid_interfaces/local/lib/python3.10/dist-packages/humanoid_interfaces/msg/_lc_msgs_s.c
[0.336s] -- Up-to-date symlink: /home/yu/colcon_ws/install/humanoid_interfaces/local/lib/python3.10/dist-packages/humanoid_interfaces/msg/_master2_ik_msg.py
[0.336s] -- Up-to-date symlink: /home/yu/colcon_ws/install/humanoid_interfaces/local/lib/python3.10/dist-packages/humanoid_interfaces/msg/_master2_ik_msg_s.c
[0.336s] -- Up-to-date symlink: /home/yu/colcon_ws/install/humanoid_interfaces/local/lib/python3.10/dist-packages/humanoid_interfaces/msg/_master2localization25.py
[0.336s] -- Up-to-date symlink: /home/yu/colcon_ws/install/humanoid_interfaces/local/lib/python3.10/dist-packages/humanoid_interfaces/msg/_master2localization25_s.c
[0.336s] -- Up-to-date symlink: /home/yu/colcon_ws/install/humanoid_interfaces/local/lib/python3.10/dist-packages/humanoid_interfaces/msg/_master2udp.py
[0.336s] -- Up-to-date symlink: /home/yu/colcon_ws/install/humanoid_interfaces/local/lib/python3.10/dist-packages/humanoid_interfaces/msg/_master2udp_s.c
[0.336s] -- Up-to-date symlink: /home/yu/colcon_ws/install/humanoid_interfaces/local/lib/python3.10/dist-packages/humanoid_interfaces/msg/_master2vision25.py
[0.336s] -- Up-to-date symlink: /home/yu/colcon_ws/install/humanoid_interfaces/local/lib/python3.10/dist-packages/humanoid_interfaces/msg/_master2vision25_s.c
[0.336s] -- Up-to-date symlink: /home/yu/colcon_ws/install/humanoid_interfaces/local/lib/python3.10/dist-packages/humanoid_interfaces/msg/_motion_operator.py
[0.336s] -- Up-to-date symlink: /home/yu/colcon_ws/install/humanoid_interfaces/local/lib/python3.10/dist-packages/humanoid_interfaces/msg/_motion_operator_s.c
[0.336s] -- Up-to-date symlink: /home/yu/colcon_ws/install/humanoid_interfaces/local/lib/python3.10/dist-packages/humanoid_interfaces/msg/_motionend.py
[0.336s] -- Up-to-date symlink: /home/yu/colcon_ws/install/humanoid_interfaces/local/lib/python3.10/dist-packages/humanoid_interfaces/msg/_motionend_s.c
[0.336s] -- Up-to-date symlink: /home/yu/colcon_ws/install/humanoid_interfaces/local/lib/python3.10/dist-packages/humanoid_interfaces/msg/_motionnum.py
[0.336s] -- Up-to-date symlink: /home/yu/colcon_ws/install/humanoid_interfaces/local/lib/python3.10/dist-packages/humanoid_interfaces/msg/_motionnum_s.c
[0.336s] -- Up-to-date symlink: /home/yu/colcon_ws/install/humanoid_interfaces/local/lib/python3.10/dist-packages/humanoid_interfaces/msg/_motor_msg.py
[0.337s] -- Up-to-date symlink: /home/yu/colcon_ws/install/humanoid_interfaces/local/lib/python3.10/dist-packages/humanoid_interfaces/msg/_motor_msg_s.c
[0.337s] -- Up-to-date symlink: /home/yu/colcon_ws/install/humanoid_interfaces/local/lib/python3.10/dist-packages/humanoid_interfaces/msg/_pidtuning.py
[0.337s] -- Up-to-date symlink: /home/yu/colcon_ws/install/humanoid_interfaces/local/lib/python3.10/dist-packages/humanoid_interfaces/msg/_pidtuning_s.c
[0.337s] -- Up-to-date symlink: /home/yu/colcon_ws/install/humanoid_interfaces/local/lib/python3.10/dist-packages/humanoid_interfaces/msg/_robocupcontroller.py
[0.337s] -- Up-to-date symlink: /home/yu/colcon_ws/install/humanoid_interfaces/local/lib/python3.10/dist-packages/humanoid_interfaces/msg/_robocupcontroller_s.c
[0.337s] -- Up-to-date symlink: /home/yu/colcon_ws/install/humanoid_interfaces/local/lib/python3.10/dist-packages/humanoid_interfaces/msg/_robocuplocalization25.py
[0.337s] -- Up-to-date symlink: /home/yu/colcon_ws/install/humanoid_interfaces/local/lib/python3.10/dist-packages/humanoid_interfaces/msg/_robocuplocalization25_s.c
[0.337s] -- Up-to-date symlink: /home/yu/colcon_ws/install/humanoid_interfaces/local/lib/python3.10/dist-packages/humanoid_interfaces/msg/_robocupvision25.py
[0.337s] -- Up-to-date symlink: /home/yu/colcon_ws/install/humanoid_interfaces/local/lib/python3.10/dist-packages/humanoid_interfaces/msg/_robocupvision25_s.c
[0.337s] -- Up-to-date symlink: /home/yu/colcon_ws/install/humanoid_interfaces/local/lib/python3.10/dist-packages/humanoid_interfaces/msg/_robocupvision25feature.py
[0.337s] -- Up-to-date symlink: /home/yu/colcon_ws/install/humanoid_interfaces/local/lib/python3.10/dist-packages/humanoid_interfaces/msg/_robocupvision25feature_s.c
[0.337s] -- Up-to-date symlink: /home/yu/colcon_ws/install/humanoid_interfaces/local/lib/python3.10/dist-packages/humanoid_interfaces/msg/_tune2_ik_msg.py
[0.337s] -- Up-to-date symlink: /home/yu/colcon_ws/install/humanoid_interfaces/local/lib/python3.10/dist-packages/humanoid_interfaces/msg/_tune2_ik_msg_s.c
[0.337s] -- Up-to-date symlink: /home/yu/colcon_ws/install/humanoid_interfaces/local/lib/python3.10/dist-packages/humanoid_interfaces/msg/_udp2master.py
[0.337s] -- Up-to-date symlink: /home/yu/colcon_ws/install/humanoid_interfaces/local/lib/python3.10/dist-packages/humanoid_interfaces/msg/_udp2master_s.c
[0.337s] -- Up-to-date symlink: /home/yu/colcon_ws/install/humanoid_interfaces/local/lib/python3.10/dist-packages/humanoid_interfaces/msg/_zmp_msg.py
[0.337s] -- Up-to-date symlink: /home/yu/colcon_ws/install/humanoid_interfaces/local/lib/python3.10/dist-packages/humanoid_interfaces/msg/_zmp_msg_s.c
[0.337s] -- Up-to-date symlink: /home/yu/colcon_ws/install/humanoid_interfaces/local/lib/python3.10/dist-packages/humanoid_interfaces/humanoid_interfaces_s__rosidl_typesupport_fastrtps_c.cpython-310-x86_64-linux-gnu.so
[0.337s] -- Up-to-date symlink: /home/yu/colcon_ws/install/humanoid_interfaces/local/lib/python3.10/dist-packages/humanoid_interfaces/humanoid_interfaces_s__rosidl_typesupport_introspection_c.cpython-310-x86_64-linux-gnu.so
[0.337s] -- Up-to-date symlink: /home/yu/colcon_ws/install/humanoid_interfaces/local/lib/python3.10/dist-packages/humanoid_interfaces/humanoid_interfaces_s__rosidl_typesupport_c.cpython-310-x86_64-linux-gnu.so
[0.337s] -- Up-to-date symlink: /home/yu/colcon_ws/install/humanoid_interfaces/share/humanoid_interfaces/msg/IkAngleSimMsg.idl
[0.337s] -- Up-to-date symlink: /home/yu/colcon_ws/install/humanoid_interfaces/share/humanoid_interfaces/msg/IkComMsg.idl
[0.337s] -- Up-to-date symlink: /home/yu/colcon_ws/install/humanoid_interfaces/share/humanoid_interfaces/msg/IkCoordMsg.idl
[0.337s] -- Up-to-date symlink: /home/yu/colcon_ws/install/humanoid_interfaces/share/humanoid_interfaces/msg/IkEndMsg.idl
[0.337s] -- Up-to-date symlink: /home/yu/colcon_ws/install/humanoid_interfaces/share/humanoid_interfaces/msg/IkLTCMsg.idl
[0.337s] -- Up-to-date symlink: /home/yu/colcon_ws/install/humanoid_interfaces/share/humanoid_interfaces/msg/IkPatternMsg.idl
[0.337s] -- Up-to-date symlink: /home/yu/colcon_ws/install/humanoid_interfaces/share/humanoid_interfaces/msg/CPWalk.idl
[0.337s] -- Up-to-date symlink: /home/yu/colcon_ws/install/humanoid_interfaces/share/humanoid_interfaces/msg/LCMsgs.idl
[0.337s] -- Up-to-date symlink: /home/yu/colcon_ws/install/humanoid_interfaces/share/humanoid_interfaces/msg/ImuMsg.idl
[0.338s] -- Up-to-date symlink: /home/yu/colcon_ws/install/humanoid_interfaces/share/humanoid_interfaces/msg/Master2IkMsg.idl
[0.338s] -- Up-to-date symlink: /home/yu/colcon_ws/install/humanoid_interfaces/share/humanoid_interfaces/msg/MotorMsg.idl
[0.338s] -- Up-to-date symlink: /home/yu/colcon_ws/install/humanoid_interfaces/share/humanoid_interfaces/msg/Tune2IkMsg.idl
[0.338s] -- Up-to-date symlink: /home/yu/colcon_ws/install/humanoid_interfaces/share/humanoid_interfaces/msg/ZmpMsg.idl
[0.338s] -- Up-to-date symlink: /home/yu/colcon_ws/install/humanoid_interfaces/share/humanoid_interfaces/msg/Robocupvision25.idl
[0.338s] -- Up-to-date symlink: /home/yu/colcon_ws/install/humanoid_interfaces/share/humanoid_interfaces/msg/Robocupvision25feature.idl
[0.338s] -- Up-to-date symlink: /home/yu/colcon_ws/install/humanoid_interfaces/share/humanoid_interfaces/msg/Master2vision25.idl
[0.338s] -- Up-to-date symlink: /home/yu/colcon_ws/install/humanoid_interfaces/share/humanoid_interfaces/msg/Robocuplocalization25.idl
[0.338s] -- Up-to-date symlink: /home/yu/colcon_ws/install/humanoid_interfaces/share/humanoid_interfaces/msg/Master2localization25.idl
[0.338s] -- Up-to-date symlink: /home/yu/colcon_ws/install/humanoid_interfaces/share/humanoid_interfaces/msg/Motionnum.idl
[0.338s] -- Up-to-date symlink: /home/yu/colcon_ws/install/humanoid_interfaces/share/humanoid_interfaces/msg/Motionend.idl
[0.338s] -- Up-to-date symlink: /home/yu/colcon_ws/install/humanoid_interfaces/share/humanoid_interfaces/msg/Master2udp.idl
[0.338s] -- Up-to-date symlink: /home/yu/colcon_ws/install/humanoid_interfaces/share/humanoid_interfaces/msg/Udp2master.idl
[0.338s] -- Up-to-date symlink: /home/yu/colcon_ws/install/humanoid_interfaces/share/humanoid_interfaces/msg/Gamecontroldata.idl
[0.338s] -- Up-to-date symlink: /home/yu/colcon_ws/install/humanoid_interfaces/share/humanoid_interfaces/msg/Gamecontrolreturndata.idl
[0.338s] -- Up-to-date symlink: /home/yu/colcon_ws/install/humanoid_interfaces/share/humanoid_interfaces/msg/Robocupcontroller.idl
[0.338s] -- Up-to-date symlink: /home/yu/colcon_ws/install/humanoid_interfaces/share/humanoid_interfaces/msg/MotionOperator.idl
[0.338s] -- Up-to-date symlink: /home/yu/colcon_ws/install/humanoid_interfaces/share/humanoid_interfaces/msg/Pidtuning.idl
[0.338s] -- Up-to-date symlink: /home/yu/colcon_ws/install/humanoid_interfaces/share/humanoid_interfaces/msg/HumanPjVision.idl
[0.338s] -- Up-to-date symlink: /home/yu/colcon_ws/install/humanoid_interfaces/share/humanoid_interfaces/msg/IkAngleSimMsg.msg
[0.338s] -- Up-to-date symlink: /home/yu/colcon_ws/install/humanoid_interfaces/share/humanoid_interfaces/msg/IkComMsg.msg
[0.338s] -- Up-to-date symlink: /home/yu/colcon_ws/install/humanoid_interfaces/share/humanoid_interfaces/msg/IkCoordMsg.msg
[0.338s] -- Up-to-date symlink: /home/yu/colcon_ws/install/humanoid_interfaces/share/humanoid_interfaces/msg/IkEndMsg.msg
[0.338s] -- Up-to-date symlink: /home/yu/colcon_ws/install/humanoid_interfaces/share/humanoid_interfaces/msg/IkLTCMsg.msg
[0.338s] -- Up-to-date symlink: /home/yu/colcon_ws/install/humanoid_interfaces/share/humanoid_interfaces/msg/IkPatternMsg.msg
[0.338s] -- Up-to-date symlink: /home/yu/colcon_ws/install/humanoid_interfaces/share/humanoid_interfaces/msg/CPWalk.msg
[0.338s] -- Up-to-date symlink: /home/yu/colcon_ws/install/humanoid_interfaces/share/humanoid_interfaces/msg/LCMsgs.msg
[0.338s] -- Up-to-date symlink: /home/yu/colcon_ws/install/humanoid_interfaces/share/humanoid_interfaces/msg/ImuMsg.msg
[0.338s] -- Up-to-date symlink: /home/yu/colcon_ws/install/humanoid_interfaces/share/humanoid_interfaces/msg/Master2IkMsg.msg
[0.339s] -- Up-to-date symlink: /home/yu/colcon_ws/install/humanoid_interfaces/share/humanoid_interfaces/msg/MotorMsg.msg
[0.340s] -- Up-to-date symlink: /home/yu/colcon_ws/install/humanoid_interfaces/share/humanoid_interfaces/msg/Tune2IkMsg.msg
[0.340s] -- Up-to-date symlink: /home/yu/colcon_ws/install/humanoid_interfaces/share/humanoid_interfaces/msg/ZmpMsg.msg
[0.340s] -- Up-to-date symlink: /home/yu/colcon_ws/install/humanoid_interfaces/share/humanoid_interfaces/msg/Robocupvision25.msg
[0.340s] -- Up-to-date symlink: /home/yu/colcon_ws/install/humanoid_interfaces/share/humanoid_interfaces/msg/Robocupvision25feature.msg
[0.340s] -- Up-to-date symlink: /home/yu/colcon_ws/install/humanoid_interfaces/share/humanoid_interfaces/msg/Master2vision25.msg
[0.340s] -- Up-to-date symlink: /home/yu/colcon_ws/install/humanoid_interfaces/share/humanoid_interfaces/msg/Robocuplocalization25.msg
[0.341s] -- Up-to-date symlink: /home/yu/colcon_ws/install/humanoid_interfaces/share/humanoid_interfaces/msg/Master2localization25.msg
[0.341s] -- Up-to-date symlink: /home/yu/colcon_ws/install/humanoid_interfaces/share/humanoid_interfaces/msg/Motionnum.msg
[0.341s] -- Up-to-date symlink: /home/yu/colcon_ws/install/humanoid_interfaces/share/humanoid_interfaces/msg/Motionend.msg
[0.341s] -- Up-to-date symlink: /home/yu/colcon_ws/install/humanoid_interfaces/share/humanoid_interfaces/msg/Master2udp.msg
[0.341s] -- Up-to-date symlink: /home/yu/colcon_ws/install/humanoid_interfaces/share/humanoid_interfaces/msg/Udp2master.msg
[0.341s] -- Up-to-date symlink: /home/yu/colcon_ws/install/humanoid_interfaces/share/humanoid_interfaces/msg/Gamecontroldata.msg
[0.341s] -- Up-to-date symlink: /home/yu/colcon_ws/install/humanoid_interfaces/share/humanoid_interfaces/msg/Gamecontrolreturndata.msg
[0.341s] -- Up-to-date symlink: /home/yu/colcon_ws/install/humanoid_interfaces/share/humanoid_interfaces/msg/Robocupcontroller.msg
[0.341s] -- Up-to-date symlink: /home/yu/colcon_ws/install/humanoid_interfaces/share/humanoid_interfaces/msg/MotionOperator.msg
[0.342s] -- Up-to-date symlink: /home/yu/colcon_ws/install/humanoid_interfaces/share/humanoid_interfaces/msg/Pidtuning.msg
[0.342s] -- Up-to-date symlink: /home/yu/colcon_ws/install/humanoid_interfaces/share/humanoid_interfaces/msg/HumanPjVision.msg
[0.342s] -- Up-to-date symlink: /home/yu/colcon_ws/install/humanoid_interfaces/share/ament_index/resource_index/package_run_dependencies/humanoid_interfaces
[0.342s] -- Up-to-date symlink: /home/yu/colcon_ws/install/humanoid_interfaces/share/ament_index/resource_index/parent_prefix_path/humanoid_interfaces
[0.342s] -- Up-to-date symlink: /home/yu/colcon_ws/install/humanoid_interfaces/share/humanoid_interfaces/environment/ament_prefix_path.sh
[0.342s] -- Up-to-date symlink: /home/yu/colcon_ws/install/humanoid_interfaces/share/humanoid_interfaces/environment/ament_prefix_path.dsv
[0.342s] -- Up-to-date symlink: /home/yu/colcon_ws/install/humanoid_interfaces/share/humanoid_interfaces/environment/path.sh
[0.342s] -- Up-to-date symlink: /home/yu/colcon_ws/install/humanoid_interfaces/share/humanoid_interfaces/environment/path.dsv
[0.342s] -- Up-to-date symlink: /home/yu/colcon_ws/install/humanoid_interfaces/share/humanoid_interfaces/local_setup.bash
[0.342s] -- Up-to-date symlink: /home/yu/colcon_ws/install/humanoid_interfaces/share/humanoid_interfaces/local_setup.sh
[0.342s] -- Up-to-date symlink: /home/yu/colcon_ws/install/humanoid_interfaces/share/humanoid_interfaces/local_setup.zsh
[0.342s] -- Up-to-date symlink: /home/yu/colcon_ws/install/humanoid_interfaces/share/humanoid_interfaces/local_setup.dsv
[0.342s] -- Symlinking: /home/yu/colcon_ws/install/humanoid_interfaces/share/humanoid_interfaces/package.dsv
[0.342s] -- Up-to-date symlink: /home/yu/colcon_ws/install/humanoid_interfaces/share/ament_index/resource_index/packages/humanoid_interfaces
[0.342s] -- Up-to-date symlink: /home/yu/colcon_ws/install/humanoid_interfaces/share/humanoid_interfaces/cmake/rosidl_cmake-extras.cmake
[0.342s] -- Up-to-date symlink: /home/yu/colcon_ws/install/humanoid_interfaces/share/humanoid_interfaces/cmake/ament_cmake_export_dependencies-extras.cmake
[0.342s] -- Up-to-date symlink: /home/yu/colcon_ws/install/humanoid_interfaces/share/humanoid_interfaces/cmake/ament_cmake_export_include_directories-extras.cmake
[0.342s] -- Up-to-date symlink: /home/yu/colcon_ws/install/humanoid_interfaces/share/humanoid_interfaces/cmake/ament_cmake_export_libraries-extras.cmake
[0.342s] -- Up-to-date symlink: /home/yu/colcon_ws/install/humanoid_interfaces/share/humanoid_interfaces/cmake/ament_cmake_export_targets-extras.cmake
[0.342s] -- Up-to-date symlink: /home/yu/colcon_ws/install/humanoid_interfaces/share/humanoid_interfaces/cmake/rosidl_cmake_export_typesupport_targets-extras.cmake
[0.342s] -- Up-to-date symlink: /home/yu/colcon_ws/install/humanoid_interfaces/share/humanoid_interfaces/cmake/rosidl_cmake_export_typesupport_libraries-extras.cmake
[0.342s] -- Up-to-date symlink: /home/yu/colcon_ws/install/humanoid_interfaces/share/humanoid_interfaces/cmake/humanoid_interfacesConfig.cmake
[0.342s] -- Up-to-date symlink: /home/yu/colcon_ws/install/humanoid_interfaces/share/humanoid_interfaces/cmake/humanoid_interfacesConfig-version.cmake
[0.342s] -- Up-to-date symlink: /home/yu/colcon_ws/install/humanoid_interfaces/share/humanoid_interfaces/package.xml
[0.343s] -- Up-to-date: /home/yu/colcon_ws/install/humanoid_interfaces/lib/libhumanoid_interfaces__rosidl_generator_c.so
[0.343s] -- Up-to-date: /home/yu/colcon_ws/install/humanoid_interfaces/lib/libhumanoid_interfaces__rosidl_typesupport_fastrtps_c.so
[0.343s] -- Up-to-date: /home/yu/colcon_ws/install/humanoid_interfaces/lib/libhumanoid_interfaces__rosidl_typesupport_fastrtps_cpp.so
[0.343s] -- Up-to-date: /home/yu/colcon_ws/install/humanoid_interfaces/lib/libhumanoid_interfaces__rosidl_typesupport_introspection_c.so
[0.343s] -- Up-to-date: /home/yu/colcon_ws/install/humanoid_interfaces/lib/libhumanoid_interfaces__rosidl_typesupport_c.so
[0.343s] -- Up-to-date: /home/yu/colcon_ws/install/humanoid_interfaces/lib/libhumanoid_interfaces__rosidl_typesupport_introspection_cpp.so
[0.343s] -- Up-to-date: /home/yu/colcon_ws/install/humanoid_interfaces/lib/libhumanoid_interfaces__rosidl_typesupport_cpp.so
[0.362s] Listing '/home/yu/colcon_ws/install/humanoid_interfaces/local/lib/python3.10/dist-packages/humanoid_interfaces'...
[0.362s] Compiling '/home/yu/colcon_ws/install/humanoid_interfaces/local/lib/python3.10/dist-packages/humanoid_interfaces/__init__.py'...
[0.362s] Listing '/home/yu/colcon_ws/install/humanoid_interfaces/local/lib/python3.10/dist-packages/humanoid_interfaces/msg'...
[0.364s] -- Up-to-date: /home/yu/colcon_ws/install/humanoid_interfaces/lib/libhumanoid_interfaces__rosidl_generator_py.so
[0.365s] -- Up-to-date: /home/yu/colcon_ws/install/humanoid_interfaces/share/humanoid_interfaces/cmake/export_humanoid_interfaces__rosidl_generator_cExport.cmake
[0.365s] -- Up-to-date: /home/yu/colcon_ws/install/humanoid_interfaces/share/humanoid_interfaces/cmake/export_humanoid_interfaces__rosidl_generator_cExport-noconfig.cmake
[0.365s] -- Up-to-date: /home/yu/colcon_ws/install/humanoid_interfaces/share/humanoid_interfaces/cmake/export_humanoid_interfaces__rosidl_typesupport_fastrtps_cExport.cmake
[0.365s] -- Up-to-date: /home/yu/colcon_ws/install/humanoid_interfaces/share/humanoid_interfaces/cmake/export_humanoid_interfaces__rosidl_typesupport_fastrtps_cExport-noconfig.cmake
[0.365s] -- Up-to-date: /home/yu/colcon_ws/install/humanoid_interfaces/share/humanoid_interfaces/cmake/export_humanoid_interfaces__rosidl_generator_cppExport.cmake
[0.365s] -- Up-to-date: /home/yu/colcon_ws/install/humanoid_interfaces/share/humanoid_interfaces/cmake/export_humanoid_interfaces__rosidl_typesupport_fastrtps_cppExport.cmake
[0.365s] -- Up-to-date: /home/yu/colcon_ws/install/humanoid_interfaces/share/humanoid_interfaces/cmake/export_humanoid_interfaces__rosidl_typesupport_fastrtps_cppExport-noconfig.cmake
[0.365s] -- Up-to-date: /home/yu/colcon_ws/install/humanoid_interfaces/share/humanoid_interfaces/cmake/humanoid_interfaces__rosidl_typesupport_introspection_cExport.cmake
[0.365s] -- Up-to-date: /home/yu/colcon_ws/install/humanoid_interfaces/share/humanoid_interfaces/cmake/humanoid_interfaces__rosidl_typesupport_introspection_cExport-noconfig.cmake
[0.365s] -- Up-to-date: /home/yu/colcon_ws/install/humanoid_interfaces/share/humanoid_interfaces/cmake/humanoid_interfaces__rosidl_typesupport_cExport.cmake
[0.365s] -- Up-to-date: /home/yu/colcon_ws/install/humanoid_interfaces/share/humanoid_interfaces/cmake/humanoid_interfaces__rosidl_typesupport_cExport-noconfig.cmake
[0.365s] -- Up-to-date: /home/yu/colcon_ws/install/humanoid_interfaces/share/humanoid_interfaces/cmake/humanoid_interfaces__rosidl_typesupport_introspection_cppExport.cmake
[0.365s] -- Up-to-date: /home/yu/colcon_ws/install/humanoid_interfaces/share/humanoid_interfaces/cmake/humanoid_interfaces__rosidl_typesupport_introspection_cppExport-noconfig.cmake
[0.365s] -- Up-to-date: /home/yu/colcon_ws/install/humanoid_interfaces/share/humanoid_interfaces/cmake/humanoid_interfaces__rosidl_typesupport_cppExport.cmake
[0.365s] -- Up-to-date: /home/yu/colcon_ws/install/humanoid_interfaces/share/humanoid_interfaces/cmake/humanoid_interfaces__rosidl_typesupport_cppExport-noconfig.cmake
[0.366s] -- Up-to-date: /home/yu/colcon_ws/install/humanoid_interfaces/share/humanoid_interfaces/cmake/export_humanoid_interfaces__rosidl_generator_pyExport.cmake
[0.366s] -- Up-to-date: /home/yu/colcon_ws/install/humanoid_interfaces/share/humanoid_interfaces/cmake/export_humanoid_interfaces__rosidl_generator_pyExport-noconfig.cmake
[0.368s] Invoked command in '/home/yu/colcon_ws/build/humanoid_interfaces' returned '0': CMAKE_PREFIX_PATH=${CMAKE_PREFIX_PATH}:/home/yu/ros2_ws/install/python_parameter_tutorial:/opt/ros/humble /usr/bin/cmake --install /home/yu/colcon_ws/build/humanoid_interfaces
