[0.016s] Invoking command in '/home/yu/colcon_ws/build/ik_walk': CMAKE_PREFIX_PATH=/home/yu/colcon_ws/install/dynamixel_rdk_ros:/home/yu/colcon_ws/install/humanoid_interfaces:/home/yu/colcon_ws/install/dynamixel_rdk_msgs:/home/yu/ros2_ws/install/serial_test:/home/yu/ros2_ws/src/install/serial_test:/home/yu/colcon_ws/install/tune_walk:/home/yu/colcon_ws/install/robocup_vision25:/home/yu/colcon_ws/install/ocam_ros2:/home/yu/colcon_ws/install/master_jo:/home/yu/colcon_ws/install/ik_walk:/home/yu/colcon_ws/install/human_pj_vision:/home/yu/colcon_ws/install/ebimu:/home/yu/ros2_ws/install/python_parameter_tutorial:/opt/ros/humble /usr/bin/cmake --build /home/yu/colcon_ws/build/ik_walk -- -j8 -l8
[0.049s] [100%] Built target ik_walk
[0.061s] Invoked command in '/home/yu/colcon_ws/build/ik_walk' returned '0': CMAKE_PREFIX_PATH=/home/yu/colcon_ws/install/dynamixel_rdk_ros:/home/yu/colcon_ws/install/humanoid_interfaces:/home/yu/colcon_ws/install/dynamixel_rdk_msgs:/home/yu/ros2_ws/install/serial_test:/home/yu/ros2_ws/src/install/serial_test:/home/yu/colcon_ws/install/tune_walk:/home/yu/colcon_ws/install/robocup_vision25:/home/yu/colcon_ws/install/ocam_ros2:/home/yu/colcon_ws/install/master_jo:/home/yu/colcon_ws/install/ik_walk:/home/yu/colcon_ws/install/human_pj_vision:/home/yu/colcon_ws/install/ebimu:/home/yu/ros2_ws/install/python_parameter_tutorial:/opt/ros/humble /usr/bin/cmake --build /home/yu/colcon_ws/build/ik_walk -- -j8 -l8
[0.062s] Invoking command in '/home/yu/colcon_ws/build/ik_walk': CMAKE_PREFIX_PATH=/home/yu/colcon_ws/install/dynamixel_rdk_ros:/home/yu/colcon_ws/install/humanoid_interfaces:/home/yu/colcon_ws/install/dynamixel_rdk_msgs:/home/yu/ros2_ws/install/serial_test:/home/yu/ros2_ws/src/install/serial_test:/home/yu/colcon_ws/install/tune_walk:/home/yu/colcon_ws/install/robocup_vision25:/home/yu/colcon_ws/install/ocam_ros2:/home/yu/colcon_ws/install/master_jo:/home/yu/colcon_ws/install/ik_walk:/home/yu/colcon_ws/install/human_pj_vision:/home/yu/colcon_ws/install/ebimu:/home/yu/ros2_ws/install/python_parameter_tutorial:/opt/ros/humble /usr/bin/cmake --install /home/yu/colcon_ws/build/ik_walk
[0.069s] -- Install configuration: ""
[0.069s] -- Up-to-date: /home/yu/colcon_ws/install/ik_walk/lib/ik_walk/ik_walk
[0.069s] -- Up-to-date: /home/yu/colcon_ws/install/ik_walk/share/ament_index/resource_index/package_run_dependencies/ik_walk
[0.069s] -- Up-to-date: /home/yu/colcon_ws/install/ik_walk/share/ament_index/resource_index/parent_prefix_path/ik_walk
[0.069s] -- Up-to-date: /home/yu/colcon_ws/install/ik_walk/share/ik_walk/environment/ament_prefix_path.sh
[0.069s] -- Up-to-date: /home/yu/colcon_ws/install/ik_walk/share/ik_walk/environment/ament_prefix_path.dsv
[0.069s] -- Up-to-date: /home/yu/colcon_ws/install/ik_walk/share/ik_walk/environment/path.sh
[0.069s] -- Up-to-date: /home/yu/colcon_ws/install/ik_walk/share/ik_walk/environment/path.dsv
[0.069s] -- Up-to-date: /home/yu/colcon_ws/install/ik_walk/share/ik_walk/local_setup.bash
[0.069s] -- Up-to-date: /home/yu/colcon_ws/install/ik_walk/share/ik_walk/local_setup.sh
[0.069s] -- Up-to-date: /home/yu/colcon_ws/install/ik_walk/share/ik_walk/local_setup.zsh
[0.069s] -- Up-to-date: /home/yu/colcon_ws/install/ik_walk/share/ik_walk/local_setup.dsv
[0.069s] -- Installing: /home/yu/colcon_ws/install/ik_walk/share/ik_walk/package.dsv
[0.069s] -- Up-to-date: /home/yu/colcon_ws/install/ik_walk/share/ament_index/resource_index/packages/ik_walk
[0.069s] -- Up-to-date: /home/yu/colcon_ws/install/ik_walk/share/ik_walk/cmake/ik_walkConfig.cmake
[0.069s] -- Up-to-date: /home/yu/colcon_ws/install/ik_walk/share/ik_walk/cmake/ik_walkConfig-version.cmake
[0.069s] -- Up-to-date: /home/yu/colcon_ws/install/ik_walk/share/ik_walk/package.xml
[0.071s] Invoked command in '/home/yu/colcon_ws/build/ik_walk' returned '0': CMAKE_PREFIX_PATH=/home/yu/colcon_ws/install/dynamixel_rdk_ros:/home/yu/colcon_ws/install/humanoid_interfaces:/home/yu/colcon_ws/install/dynamixel_rdk_msgs:/home/yu/ros2_ws/install/serial_test:/home/yu/ros2_ws/src/install/serial_test:/home/yu/colcon_ws/install/tune_walk:/home/yu/colcon_ws/install/robocup_vision25:/home/yu/colcon_ws/install/ocam_ros2:/home/yu/colcon_ws/install/master_jo:/home/yu/colcon_ws/install/ik_walk:/home/yu/colcon_ws/install/human_pj_vision:/home/yu/colcon_ws/install/ebimu:/home/yu/ros2_ws/install/python_parameter_tutorial:/opt/ros/humble /usr/bin/cmake --install /home/yu/colcon_ws/build/ik_walk
