[100%] Built target ocam_ros2
-- Install configuration: ""
-- Up-to-date: /home/yu/colcon_ws/install/ocam_ros2/lib/ocam_ros2/ocam_ros2
-- Up-to-date: /home/yu/colcon_ws/install/ocam_ros2/share/ocam_ros2/config/camera.yaml
-- Up-to-date: /home/yu/colcon_ws/install/ocam_ros2/share/ocam_ros2/launch
-- Up-to-date: /home/yu/colcon_ws/install/ocam_ros2/share/ocam_ros2/launch/ocam_ros.launch.py
-- Up-to-date: /home/yu/colcon_ws/install/ocam_ros2/share/ament_index/resource_index/package_run_dependencies/ocam_ros2
-- Up-to-date: /home/yu/colcon_ws/install/ocam_ros2/share/ament_index/resource_index/parent_prefix_path/ocam_ros2
-- Up-to-date: /home/yu/colcon_ws/install/ocam_ros2/share/ocam_ros2/environment/ament_prefix_path.sh
-- Up-to-date: /home/yu/colcon_ws/install/ocam_ros2/share/ocam_ros2/environment/ament_prefix_path.dsv
-- Up-to-date: /home/yu/colcon_ws/install/ocam_ros2/share/ocam_ros2/environment/path.sh
-- Up-to-date: /home/yu/colcon_ws/install/ocam_ros2/share/ocam_ros2/environment/path.dsv
-- Up-to-date: /home/yu/colcon_ws/install/ocam_ros2/share/ocam_ros2/local_setup.bash
-- Up-to-date: /home/yu/colcon_ws/install/ocam_ros2/share/ocam_ros2/local_setup.sh
-- Up-to-date: /home/yu/colcon_ws/install/ocam_ros2/share/ocam_ros2/local_setup.zsh
-- Up-to-date: /home/yu/colcon_ws/install/ocam_ros2/share/ocam_ros2/local_setup.dsv
-- Installing: /home/yu/colcon_ws/install/ocam_ros2/share/ocam_ros2/package.dsv
-- Up-to-date: /home/yu/colcon_ws/install/ocam_ros2/share/ament_index/resource_index/packages/ocam_ros2
-- Up-to-date: /home/yu/colcon_ws/install/ocam_ros2/share/ocam_ros2/cmake/ocam_ros2Config.cmake
-- Up-to-date: /home/yu/colcon_ws/install/ocam_ros2/share/ocam_ros2/cmake/ocam_ros2Config-version.cmake
-- Up-to-date: /home/yu/colcon_ws/install/ocam_ros2/share/ocam_ros2/package.xml
